[INFO] [1758695924.122390481] [rosbag2_recorder]: Press SPACE for pausing/resuming
[INFO] [1758695924.127263932] [rosbag2_recorder]: Listening for topics...
[INFO] [1758695924.127280783] [rosbag2_recorder]: Event publisher thread: Starting
[INFO] [1758695924.127328343] [rosbag2_recorder]: Recording...
[INFO] [1758695924.127373924] [rosbag2_recorder]: use_sim_time set, waiting for /clock before starting recording...
[INFO] [1758695924.127409554] [rosbag2_recorder]: Sim time /clock found, starting recording.
[INFO] [1758695924.133212335] [rosbag2_recorder]: Subscribed to topic '/amcl_pose'
[INFO] [1758695924.135306147] [rosbag2_recorder]: Subscribed to topic '/map'
[INFO] [1758695924.136619861] [rosbag2_recorder]: Subscribed to topic '/system/cpu_usage'
[INFO] [1758695924.137477170] [rosbag2_recorder]: Subscribed to topic '/gazebo/real_time_factor'
[INFO] [1758695924.139328380] [rosbag2_recorder]: Subscribed to topic '/scenario_status'
[INFO] [1758695924.143482173] [rosbag2_recorder]: Subscribed to topic '/tf'
[INFO] [1758695924.144109120] [rosbag2_recorder]: Subscribed to topic '/system/memory_usage'
[INFO] [1758695924.144954179] [rosbag2_recorder]: Subscribed to topic '/tf_static'
[INFO] [1758695924.249017545] [rosbag2_recorder]: Subscribed to topic '/local_costmap/costmap'
[INFO] [1758695924.253120089] [rosbag2_recorder]: Subscribed to topic '/scenario_execution/snapshots'
[INFO] [1758695924.353216313] [rosbag2_recorder]: All requested topics are subscribed. Stopping discovery...
[INFO] [1758696012.292024824] [rosbag2_recorder]: Pausing recording.
[INFO] [1758696012.292076474] [rosbag2_cpp]: Writing remaining messages from cache to the bag. It may take a while
[INFO] [1758696012.298666558] [rosbag2_recorder]: Event publisher thread: Exiting
[INFO] [1758696012.298719598] [rosbag2_recorder]: Recording stopped
