[INFO] [1758695914.298163508] [rviz2]: Stereo is NOT SUPPORTED
[INFO] [1758695914.298297869] [rviz2]: OpenGl version: 4.5 (GLSL 4.5)
[INFO] [1758695914.339650872] [rviz2]: Stereo is NOT SUPPORTED
[INFO] [1758695914.520894528] [rviz]: Subscribing to: /mobile_base/sensors/bumper_pointcloud

[INFO] [1758695914.522655417] [rviz]: Subscribing to: /mobile_base/sensors/bumper_pointcloud

[INFO] [1758695914.535413630] [rviz]: Subscribing to: /local_costmap/voxel_marked_cloud

[INFO] [1758695914.557158608] [rviz]: Subscribing to: /global_costmap/voxel_marked_cloud

[INFO] [1758695914.591179794] [rviz]: Subscribing to: /mobile_base/sensors/bumper_pointcloud

[INFO] [1758695914.594846322] [rviz]: Subscribing to: /local_costmap/voxel_marked_cloud

[INFO] [1758695914.602779205] [rviz]: Subscribing to: /global_costmap/voxel_marked_cloud

[INFO] [1758695914.643423020] [nav2_rviz_selector_node]: Trying to load plugins...
[INFO] [1758695914.689891367] [nav2_rviz_docking_panel_node]: Loading dock plugins
[INFO] [1758695914.810201075] [rviz2]: Stereo is NOT SUPPORTED
[INFO] [1758695914.899264127] [rviz2]: Trying to create a map of size 291 x 291 using 1 swatches
[ERROR] [1758695914.926532243] [rviz2]: rviz/glsl120/indexed_8bit_image.vert
rviz/glsl120/indexed_8bit_image.frag
 GLSL link result : 
active samplers with a different type refer to the same texture image unit
[INFO] [1758695921.927604638] [rviz]: Message Filter dropping message: frame 'rplidar_link' at time 0.006 for reason 'discarding message because the queue is full'
[INFO] [1758695921.991749363] [rviz]: Message Filter dropping message: frame 'rplidar_link' at time 0.102 for reason 'discarding message because the queue is full'
[INFO] [1758695922.088318539] [rviz]: Message Filter dropping message: frame 'rplidar_link' at time 0.201 for reason 'discarding message because the queue is full'
[INFO] [1758695922.544881753] [rviz2]: Trying to create a map of size 60 x 60 using 1 swatches
[INFO] [1758695923.053115121] [rviz2]: Trying to create a map of size 291 x 291 using 1 swatches
[INFO] [1758695930.710496151] [rviz]: Message Filter dropping message: frame 'odom' at time 0.180 for reason 'the timestamp on the message is earlier than all the data in the transform cache'
[INFO] [1758695930.805535007] [rviz]: Message Filter dropping message: frame 'odom' at time 0.288 for reason 'the timestamp on the message is earlier than all the data in the transform cache'
[INFO] [1758695931.104166047] [rviz]: Message Filter dropping message: frame 'odom' at time 0.504 for reason 'the timestamp on the message is earlier than all the data in the transform cache'
[INFO] [1758695931.104296499] [rviz]: Message Filter dropping message: frame 'odom' at time 0.516 for reason 'the timestamp on the message is earlier than all the data in the transform cache'
[INFO] [1758695931.217808621] [rviz]: Message Filter dropping message: frame 'odom' at time 0.684 for reason 'the timestamp on the message is earlier than all the data in the transform cache'
[INFO] [1758695931.627374117] [rviz]: Message Filter dropping message: frame 'odom' at time 0.900 for reason 'the timestamp on the message is earlier than all the data in the transform cache'
[INFO] [1758695931.711063563] [rviz]: Message Filter dropping message: frame 'odom' at time 1.080 for reason 'the timestamp on the message is earlier than all the data in the transform cache'
[INFO] [1758695931.711210825] [rviz]: Message Filter dropping message: frame 'odom' at time 1.080 for reason 'the timestamp on the message is earlier than all the data in the transform cache'
[INFO] [1758695931.711252575] [rviz]: Message Filter dropping message: frame 'odom' at time 1.080 for reason 'the timestamp on the message is earlier than all the data in the transform cache'
[INFO] [1758695931.711292386] [rviz]: Message Filter dropping message: frame 'odom' at time 1.098 for reason 'the timestamp on the message is earlier than all the data in the transform cache'
[INFO] [1758695931.859163491] [rviz]: Message Filter dropping message: frame 'rplidar_link' at time 0.300 for reason 'the timestamp on the message is earlier than all the data in the transform cache'
[INFO] [1758695931.931378446] [rviz]: Message Filter dropping message: frame 'rplidar_link' at time 0.402 for reason 'the timestamp on the message is earlier than all the data in the transform cache'
[INFO] [1758695932.039490591] [rviz]: Message Filter dropping message: frame 'rplidar_link' at time 0.501 for reason 'the timestamp on the message is earlier than all the data in the transform cache'
[INFO] [1758695932.149334185] [rviz]: Message Filter dropping message: frame 'rplidar_link' at time 0.600 for reason 'the timestamp on the message is earlier than all the data in the transform cache'
[INFO] [1758695932.258710894] [rviz]: Message Filter dropping message: frame 'rplidar_link' at time 0.702 for reason 'the timestamp on the message is earlier than all the data in the transform cache'
[INFO] [1758695932.367373755] [rviz]: Message Filter dropping message: frame 'rplidar_link' at time 0.801 for reason 'the timestamp on the message is earlier than all the data in the transform cache'
[INFO] [1758695932.439496909] [rviz]: Message Filter dropping message: frame 'rplidar_link' at time 0.900 for reason 'the timestamp on the message is earlier than all the data in the transform cache'
[INFO] [1758695932.547684945] [rviz]: Message Filter dropping message: frame 'rplidar_link' at time 1.002 for reason 'the timestamp on the message is earlier than all the data in the transform cache'
[INFO] [1758695932.725488349] [rviz]: Message Filter dropping message: frame 'rplidar_link' at time 1.101 for reason 'the timestamp on the message is earlier than all the data in the transform cache'
[INFO] [1758696007.722022003] [rclcpp]: signal_handler(signum=2)
