[INFO] [1758704852.620559542] [nav2_container]: Load Library: /opt/ros/jazzy/lib/libcontroller_server_core.so
[INFO] [1758704852.694925734] [nav2_container]: Found class: rclcpp_components::NodeFactoryTemplate<nav2_controller::ControllerServer>
[INFO] [1758704852.694993254] [nav2_container]: Instantiate class: rclcpp_components::NodeFactoryTemplate<nav2_controller::ControllerServer>
[INFO] [1758704852.724320502] [controller_server]: 
	controller_server lifecycle node launched. 
	Waiting on external lifecycle transitions to activate
	See https://design.ros2.org/articles/node_lifecycle.html for more information.
[INFO] [1758704852.747917029] [controller_server]: Creating controller server
[INFO] [1758704852.806626466] [local_costmap.local_costmap]: 
	local_costmap lifecycle node launched. 
	Waiting on external lifecycle transitions to activate
	See https://design.ros2.org/articles/node_lifecycle.html for more information.
[INFO] [1758704852.809579027] [local_costmap.local_costmap]: Creating Costmap
[INFO] [1758704852.812755978] [nav2_container]: Load Library: /opt/ros/jazzy/lib/libmap_server_core.so
[INFO] [1758704852.828977703] [nav2_container]: Found class: rclcpp_components::NodeFactoryTemplate<nav2_map_server::CostmapFilterInfoServer>
[INFO] [1758704852.829096193] [nav2_container]: Found class: rclcpp_components::NodeFactoryTemplate<nav2_map_server::MapSaver>
[INFO] [1758704852.829117183] [nav2_container]: Found class: rclcpp_components::NodeFactoryTemplate<nav2_map_server::MapServer>
[INFO] [1758704852.829129303] [nav2_container]: Instantiate class: rclcpp_components::NodeFactoryTemplate<nav2_map_server::MapServer>
[INFO] [1758704852.845335758] [map_server]: 
	map_server lifecycle node launched. 
	Waiting on external lifecycle transitions to activate
	See https://design.ros2.org/articles/node_lifecycle.html for more information.
[INFO] [1758704852.845443188] [map_server]: Creating
[INFO] [1758704852.847062748] [nav2_container]: Load Library: /opt/ros/jazzy/lib/libsmoother_server_core.so
[INFO] [1758704852.850485639] [nav2_container]: Found class: rclcpp_components::NodeFactoryTemplate<nav2_smoother::SmootherServer>
[INFO] [1758704852.850515619] [nav2_container]: Instantiate class: rclcpp_components::NodeFactoryTemplate<nav2_smoother::SmootherServer>
[INFO] [1758704852.912096117] [smoother_server]: 
	smoother_server lifecycle node launched. 
	Waiting on external lifecycle transitions to activate
	See https://design.ros2.org/articles/node_lifecycle.html for more information.
[INFO] [1758704852.923067940] [smoother_server]: Creating smoother server
[INFO] [1758704852.928282942] [nav2_container]: Load Library: /opt/ros/jazzy/lib/libamcl_core.so
[INFO] [1758704852.939740215] [nav2_container]: Found class: rclcpp_components::NodeFactoryTemplate<nav2_amcl::AmclNode>
[INFO] [1758704852.939806925] [nav2_container]: Instantiate class: rclcpp_components::NodeFactoryTemplate<nav2_amcl::AmclNode>
[INFO] [1758704852.958469420] [amcl]: 
	amcl lifecycle node launched. 
	Waiting on external lifecycle transitions to activate
	See https://design.ros2.org/articles/node_lifecycle.html for more information.
[INFO] [1758704852.960471141] [amcl]: Creating
[INFO] [1758704852.964614542] [nav2_container]: Load Library: /opt/ros/jazzy/lib/libplanner_server_core.so
[INFO] [1758704852.965822813] [nav2_container]: Found class: rclcpp_components::NodeFactoryTemplate<nav2_planner::PlannerServer>
[INFO] [1758704852.965841763] [nav2_container]: Instantiate class: rclcpp_components::NodeFactoryTemplate<nav2_planner::PlannerServer>
[INFO] [1758704853.000783903] [planner_server]: 
	planner_server lifecycle node launched. 
	Waiting on external lifecycle transitions to activate
	See https://design.ros2.org/articles/node_lifecycle.html for more information.
[INFO] [1758704853.007953045] [planner_server]: Creating
[INFO] [1758704853.016880627] [global_costmap.global_costmap]: 
	global_costmap lifecycle node launched. 
	Waiting on external lifecycle transitions to activate
	See https://design.ros2.org/articles/node_lifecycle.html for more information.
[INFO] [1758704853.018785648] [global_costmap.global_costmap]: Creating Costmap
[INFO] [1758704853.022669379] [nav2_container]: Load Library: /opt/ros/jazzy/lib/libnav2_lifecycle_manager_core.so
[INFO] [1758704853.025132140] [nav2_container]: Found class: rclcpp_components::NodeFactoryTemplate<nav2_lifecycle_manager::LifecycleManager>
[INFO] [1758704853.025169700] [nav2_container]: Instantiate class: rclcpp_components::NodeFactoryTemplate<nav2_lifecycle_manager::LifecycleManager>
[INFO] [1758704853.035431933] [lifecycle_manager_localization]: Creating
[INFO] [1758704853.042431325] [lifecycle_manager_localization]: [34m[1mCreating and initializing lifecycle service clients[0m[0m
[INFO] [1758704853.042978615] [nav2_container]: Load Library: /opt/ros/jazzy/lib/libbehavior_server_core.so
[INFO] [1758704853.044209205] [nav2_container]: Found class: rclcpp_components::NodeFactoryTemplate<behavior_server::BehaviorServer>
[INFO] [1758704853.044249855] [nav2_container]: Instantiate class: rclcpp_components::NodeFactoryTemplate<behavior_server::BehaviorServer>
[INFO] [1758704853.047287556] [lifecycle_manager_localization]: [34m[1mStarting managed nodes bringup...[0m[0m
[INFO] [1758704853.047335566] [lifecycle_manager_localization]: [34m[1mConfiguring map_server[0m[0m
[INFO] [1758704853.047639996] [map_server]: Configuring
[INFO] [1758704853.047745366] [map_io]: Loading yaml file: /config/maps/hallways.yaml
[INFO] [1758704853.048347606] [map_io]: resolution: 0.05
[INFO] [1758704853.048367836] [map_io]: origin[0]: -1.75
[INFO] [1758704853.048373936] [map_io]: origin[1]: -8.75
[INFO] [1758704853.048378476] [map_io]: origin[2]: 0
[INFO] [1758704853.048383286] [map_io]: free_thresh: 0.196
[INFO] [1758704853.048387756] [map_io]: occupied_thresh: 0.65
[INFO] [1758704853.048396376] [map_io]: mode: trinary
[INFO] [1758704853.048402256] [map_io]: negate: 0
[INFO] [1758704853.048698427] [map_io]: Loading image_file: /config/maps/hallways.pgm
[INFO] [1758704853.053228818] [map_io]: Read map /config/maps/hallways.pgm: 192 X 350 map @ 0.05 m/cell
[INFO] [1758704853.054798838] [behavior_server]: 
	behavior_server lifecycle node launched. 
	Waiting on external lifecycle transitions to activate
	See https://design.ros2.org/articles/node_lifecycle.html for more information.
[INFO] [1758704853.057506379] [lifecycle_manager_localization]: [34m[1mConfiguring amcl[0m[0m
[INFO] [1758704853.057773049] [amcl]: Configuring
[INFO] [1758704853.058061159] [amcl]: initTransforms
[INFO] [1758704853.098694411] [amcl]: initPubSub
[INFO] [1758704853.100023331] [amcl]: Subscribed to map topic.
[INFO] [1758704853.102320122] [nav2_container]: Load Library: /opt/ros/jazzy/lib/libbt_navigator_core.so
[INFO] [1758704853.103511822] [nav2_container]: Found class: rclcpp_components::NodeFactoryTemplate<nav2_bt_navigator::BtNavigator>
[INFO] [1758704853.103530672] [nav2_container]: Instantiate class: rclcpp_components::NodeFactoryTemplate<nav2_bt_navigator::BtNavigator>
[INFO] [1758704853.104770003] [lifecycle_manager_localization]: [34m[1mActivating map_server[0m[0m
[INFO] [1758704853.104949523] [map_server]: Activating
[INFO] [1758704853.105237443] [map_server]: Creating bond (map_server) to lifecycle manager.
[INFO] [1758704853.106127113] [amcl]: Received a 192 X 350 map @ 0.050 m/pix
[INFO] [1758704853.117068426] [bt_navigator]: 
	bt_navigator lifecycle node launched. 
	Waiting on external lifecycle transitions to activate
	See https://design.ros2.org/articles/node_lifecycle.html for more information.
[INFO] [1758704853.122299488] [bt_navigator]: Creating
[INFO] [1758704853.130489300] [nav2_container]: Load Library: /opt/ros/jazzy/lib/libwaypoint_follower_core.so
[INFO] [1758704853.132453501] [nav2_container]: Found class: rclcpp_components::NodeFactoryTemplate<nav2_waypoint_follower::WaypointFollower>
[INFO] [1758704853.132484411] [nav2_container]: Instantiate class: rclcpp_components::NodeFactoryTemplate<nav2_waypoint_follower::WaypointFollower>
[INFO] [1758704853.142729504] [waypoint_follower]: 
	waypoint_follower lifecycle node launched. 
	Waiting on external lifecycle transitions to activate
	See https://design.ros2.org/articles/node_lifecycle.html for more information.
[INFO] [1758704853.146001745] [waypoint_follower]: Creating
[INFO] [1758704853.151553476] [nav2_container]: Load Library: /opt/ros/jazzy/lib/libvelocity_smoother_core.so
[INFO] [1758704853.153125617] [nav2_container]: Found class: rclcpp_components::NodeFactoryTemplate<nav2_velocity_smoother::VelocitySmoother>
[INFO] [1758704853.153164027] [nav2_container]: Instantiate class: rclcpp_components::NodeFactoryTemplate<nav2_velocity_smoother::VelocitySmoother>
[INFO] [1758704853.163371240] [velocity_smoother]: 
	velocity_smoother lifecycle node launched. 
	Waiting on external lifecycle transitions to activate
	See https://design.ros2.org/articles/node_lifecycle.html for more information.
[INFO] [1758704853.196724059] [nav2_container]: Load Library: /opt/ros/jazzy/lib/libcollision_monitor_core.so
[INFO] [1758704853.202456561] [nav2_container]: Found class: rclcpp_components::NodeFactoryTemplate<nav2_collision_monitor::CollisionMonitor>
[INFO] [1758704853.202496881] [nav2_container]: Instantiate class: rclcpp_components::NodeFactoryTemplate<nav2_collision_monitor::CollisionMonitor>
[INFO] [1758704853.211242864] [lifecycle_manager_localization]: Server map_server connected with bond.
[INFO] [1758704853.211286874] [lifecycle_manager_localization]: [34m[1mActivating amcl[0m[0m
[INFO] [1758704853.212046024] [amcl]: Activating
[INFO] [1758704853.212095504] [amcl]: Creating bond (amcl) to lifecycle manager.
[INFO] [1758704853.212552574] [collision_monitor]: 
	collision_monitor lifecycle node launched. 
	Waiting on external lifecycle transitions to activate
	See https://design.ros2.org/articles/node_lifecycle.html for more information.
[INFO] [1758704853.217516395] [nav2_container]: Load Library: /opt/ros/jazzy/lib/libopennav_docking_core.so
[INFO] [1758704853.220335186] [nav2_container]: Found class: rclcpp_components::NodeFactoryTemplate<opennav_docking::DockingServer>
[INFO] [1758704853.220363226] [nav2_container]: Instantiate class: rclcpp_components::NodeFactoryTemplate<opennav_docking::DockingServer>
[INFO] [1758704853.229900629] [docking_server]: 
	docking_server lifecycle node launched. 
	Waiting on external lifecycle transitions to activate
	See https://design.ros2.org/articles/node_lifecycle.html for more information.
[INFO] [1758704853.229968789] [docking_server]: Creating docking_server
[INFO] [1758704853.234917621] [nav2_container]: Found class: rclcpp_components::NodeFactoryTemplate<nav2_lifecycle_manager::LifecycleManager>
[INFO] [1758704853.234950471] [nav2_container]: Instantiate class: rclcpp_components::NodeFactoryTemplate<nav2_lifecycle_manager::LifecycleManager>
[INFO] [1758704853.247385644] [lifecycle_manager_navigation]: Creating
[INFO] [1758704853.250067355] [lifecycle_manager_navigation]: [34m[1mCreating and initializing lifecycle service clients[0m[0m
[INFO] [1758704853.264920299] [lifecycle_manager_navigation]: [34m[1mStarting managed nodes bringup...[0m[0m
[INFO] [1758704853.265021339] [lifecycle_manager_navigation]: [34m[1mConfiguring controller_server[0m[0m
[INFO] [1758704853.265443749] [controller_server]: Configuring controller interface
[INFO] [1758704853.265489729] [controller_server]: getting progress checker plugins..
[INFO] [1758704853.265953609] [controller_server]: getting goal checker plugins..
[INFO] [1758704853.266199760] [controller_server]: Controller frequency set to 20.0000Hz
[INFO] [1758704853.266302740] [local_costmap.local_costmap]: Configuring
[INFO] [1758704853.272510921] [local_costmap.local_costmap]: Using plugin "voxel_layer"
[INFO] [1758704853.292124507] [local_costmap.local_costmap]: Subscribed to Topics: scan
[INFO] [1758704853.303590120] [local_costmap.local_costmap]: Initialized plugin "voxel_layer"
[INFO] [1758704853.303622640] [local_costmap.local_costmap]: Using plugin "inflation_layer"
[INFO] [1758704853.306139991] [local_costmap.local_costmap]: Initialized plugin "inflation_layer"
[INFO] [1758704853.313854113] [lifecycle_manager_localization]: Server amcl connected with bond.
[INFO] [1758704853.313947593] [lifecycle_manager_localization]: [34m[1mManaged nodes are active[0m[0m
[INFO] [1758704853.313974053] [lifecycle_manager_localization]: [34m[1mCreating bond timer...[0m[0m
[INFO] [1758704853.318412015] [controller_server]: Created progress_checker : progress_checker of type nav2_controller::SimpleProgressChecker
[INFO] [1758704853.320268715] [controller_server]: Controller Server has progress_checker  progress checkers available.
[INFO] [1758704853.321822226] [controller_server]: Created goal checker : general_goal_checker of type nav2_controller::SimpleGoalChecker
[INFO] [1758704853.323224096] [controller_server]: Controller Server has general_goal_checker  goal checkers available.
[INFO] [1758704853.325324457] [controller_server]: Created controller : FollowPath of type nav2_mppi_controller::MPPIController
[INFO] [1758704853.328559598] [controller_server]: Controller period is equal to model dt. Control sequence shifting is ON
[INFO] [1758704853.332734789] [controller_server]: ConstraintCritic instantiated with 1 power and 4.000000 weight.
[INFO] [1758704853.332760789] [controller_server]: Critic loaded : mppi::critics::ConstraintCritic
[INFO] [1758704853.334768819] [controller_server]: InflationCostCritic instantiated with 1 power and 300.000000 / 0.015000 weights. Critic will collision check based on circular cost.
[INFO] [1758704853.334789059] [controller_server]: Critic loaded : mppi::critics::CostCritic
[INFO] [1758704853.336268390] [controller_server]: GoalCritic instantiated with 1 power and 5.000000 weight.
[INFO] [1758704853.336293510] [controller_server]: Critic loaded : mppi::critics::GoalCritic
[INFO] [1758704853.337315170] [controller_server]: GoalAngleCritic instantiated with 1 power, 3.000000 weight, and 0.500000 angular threshold.
[INFO] [1758704853.337336200] [controller_server]: Critic loaded : mppi::critics::GoalAngleCritic
[INFO] [1758704853.339740651] [controller_server]: ReferenceTrajectoryCritic instantiated with 1 power and 14.000000 weight
[INFO] [1758704853.339766201] [controller_server]: Critic loaded : mppi::critics::PathAlignCritic
[INFO] [1758704853.341062161] [controller_server]: Critic loaded : mppi::critics::PathFollowCritic
[INFO] [1758704853.343808282] [controller_server]: PathAngleCritic instantiated with 1 power and 2.000000 weight. Mode set to: Forward Preference
[INFO] [1758704853.343829622] [controller_server]: Critic loaded : mppi::critics::PathAngleCritic
[INFO] [1758704853.345174832] [controller_server]: PreferForwardCritic instantiated with 1 power and 5.000000 weight.
[INFO] [1758704853.345195212] [controller_server]: Critic loaded : mppi::critics::PreferForwardCritic
[INFO] [1758704853.348730214] [controller_server]: Optimizer reset
[INFO] [1758704853.352788725] [MPPIController]: Configured MPPI Controller: FollowPath
[INFO] [1758704853.352803435] [controller_server]: Controller Server has FollowPath  controllers available.
[INFO] [1758704853.357911086] [lifecycle_manager_navigation]: [34m[1mConfiguring smoother_server[0m[0m
[INFO] [1758704853.358118276] [smoother_server]: Configuring smoother server
[INFO] [1758704853.363216938] [smoother_server]: Created smoother : simple_smoother of type nav2_smoother::SimpleSmoother
[INFO] [1758704853.363924948] [smoother_server]: Smoother Server has simple_smoother  smoothers available.
[INFO] [1758704853.366324739] [lifecycle_manager_navigation]: [34m[1mConfiguring planner_server[0m[0m
[INFO] [1758704853.366546889] [planner_server]: Configuring
[INFO] [1758704853.366582519] [global_costmap.global_costmap]: Configuring
[INFO] [1758704853.369434430] [global_costmap.global_costmap]: Using plugin "static_layer"
[INFO] [1758704853.370702310] [global_costmap.global_costmap]: Subscribing to the map topic (/map) with transient local durability
[INFO] [1758704853.371032790] [global_costmap.global_costmap]: Initialized plugin "static_layer"
[INFO] [1758704853.371050000] [global_costmap.global_costmap]: Using plugin "obstacle_layer"
[INFO] [1758704853.371989600] [global_costmap.global_costmap]: Subscribed to Topics: scan
[INFO] [1758704853.375328691] [global_costmap.global_costmap]: Initialized plugin "obstacle_layer"
[INFO] [1758704853.375351131] [global_costmap.global_costmap]: Using plugin "inflation_layer"
[INFO] [1758704853.376562542] [global_costmap.global_costmap]: Initialized plugin "inflation_layer"
[INFO] [1758704853.385145034] [global_costmap.global_costmap]: StaticLayer: Resizing costmap to 192 X 350 at 0.050000 m/pix
[INFO] [1758704853.387526635] [planner_server]: Created global planner plugin GridBased of type nav2_navfn_planner::NavfnPlanner
[INFO] [1758704853.387576085] [planner_server]: Configuring plugin GridBased of type NavfnPlanner
[INFO] [1758704853.388653185] [planner_server]: Planner Server has GridBased  planners available.
[INFO] [1758704853.394669407] [lifecycle_manager_navigation]: [34m[1mConfiguring behavior_server[0m[0m
[INFO] [1758704853.394804857] [behavior_server]: Configuring
[INFO] [1758704853.398887538] [behavior_server]: Creating behavior plugin spin of type nav2_behaviors::Spin
[INFO] [1758704853.401730699] [behavior_server]: Creating behavior plugin backup of type nav2_behaviors::BackUp
[INFO] [1758704853.402695939] [behavior_server]: Creating behavior plugin drive_on_heading of type nav2_behaviors::DriveOnHeading
[INFO] [1758704853.403731479] [behavior_server]: Creating behavior plugin assisted_teleop of type nav2_behaviors::AssistedTeleop
[INFO] [1758704853.405434470] [behavior_server]: Creating behavior plugin wait of type nav2_behaviors::Wait
[INFO] [1758704853.408099571] [behavior_server]: Configuring spin
[INFO] [1758704853.413203642] [behavior_server]: Configuring backup
[INFO] [1758704853.416182893] [behavior_server]: Configuring drive_on_heading
[INFO] [1758704853.419302984] [behavior_server]: Configuring assisted_teleop
[INFO] [1758704853.423332735] [behavior_server]: Configuring wait
[INFO] [1758704853.427226046] [lifecycle_manager_navigation]: [34m[1mConfiguring velocity_smoother[0m[0m
[INFO] [1758704853.427434326] [velocity_smoother]: Configuring velocity smoother
[INFO] [1758704853.430492097] [lifecycle_manager_navigation]: [34m[1mConfiguring collision_monitor[0m[0m
[INFO] [1758704853.430629987] [collision_monitor]: Configuring
[WARN] [1758704853.433194118] [amcl]: New subscription discovered on topic '/particle_cloud', requesting incompatible QoS. No messages will be sent to it. Last incompatible policy: RELIABILITY_QOS_POLICY
[INFO] [1758704853.434362668] [collision_monitor]: [scan]: Creating Scan
[INFO] [1758704853.436565209] [collision_monitor]: [FootprintApproach]: Creating Polygon
[INFO] [1758704853.437218239] [collision_monitor]: [FootprintApproach]: Polygon points are not defined. Using dynamic subscription instead.
[INFO] [1758704853.439744980] [collision_monitor]: [FootprintApproach]: Making footprint subscriber on /local_costmap/published_footprint topic
[INFO] [1758704853.442988011] [lifecycle_manager_navigation]: [34m[1mConfiguring bt_navigator[0m[0m
[INFO] [1758704853.443826381] [bt_navigator]: Configuring
[INFO] [1758704853.449899813] [bt_navigator]: Creating navigator id navigate_to_pose of type nav2_bt_navigator::NavigateToPoseNavigator
[INFO] [1758704853.532733077] [bt_navigator]: Creating navigator id navigate_through_poses of type nav2_bt_navigator::NavigateThroughPosesNavigator
[INFO] [1758704853.551639582] [lifecycle_manager_navigation]: [34m[1mConfiguring waypoint_follower[0m[0m
[INFO] [1758704853.551997323] [waypoint_follower]: Configuring
[INFO] [1758704853.591155084] [waypoint_follower]: Created waypoint_task_executor : wait_at_waypoint of type nav2_waypoint_follower::WaitAtWaypoint
[INFO] [1758704853.592608614] [lifecycle_manager_navigation]: [34m[1mConfiguring docking_server[0m[0m
[INFO] [1758704853.592739414] [docking_server]: Configuring docking_server
[INFO] [1758704853.592790214] [docking_server]: Controller frequency set to 50.0000Hz
[INFO] [1758704853.610954730] [docking_server]: Created charging dock plugin simple_charging_dock of type opennav_docking::SimpleChargingDock
[WARN] [1758704853.614754521] [docking_server]: Dock database filepath nor dock parameters set. Docking actions can only be executed specifying the dock pose via the action request. Or update the dock database via the reload_database service.
[INFO] [1758704853.614795671] [docking_server]: Docking Server has 1 dock types and 0 dock instances available.
[INFO] [1758704853.615917441] [lifecycle_manager_navigation]: [34m[1mActivating controller_server[0m[0m
[INFO] [1758704853.616522811] [controller_server]: Activating
[INFO] [1758704853.616561241] [local_costmap.local_costmap]: Activating
[INFO] [1758704853.616575761] [local_costmap.local_costmap]: Checking transform
[INFO] [1758704853.616625891] [local_costmap.local_costmap]: Timed out waiting for transform from base_link to odom to become available, tf error: Invalid frame ID "odom" passed to canTransform argument target_frame - frame does not exist
[INFO] [1758704854.116726746] [local_costmap.local_costmap]: Timed out waiting for transform from base_link to odom to become available, tf error: Invalid frame ID "odom" passed to canTransform argument target_frame - frame does not exist
[INFO] [1758704854.616715331] [local_costmap.local_costmap]: Timed out waiting for transform from base_link to odom to become available, tf error: Invalid frame ID "odom" passed to canTransform argument target_frame - frame does not exist
[INFO] [1758704855.116683856] [local_costmap.local_costmap]: Timed out waiting for transform from base_link to odom to become available, tf error: Invalid frame ID "odom" passed to canTransform argument target_frame - frame does not exist
[INFO] [1758704855.616688431] [local_costmap.local_costmap]: Timed out waiting for transform from base_link to odom to become available, tf error: Invalid frame ID "odom" passed to canTransform argument target_frame - frame does not exist
[INFO] [1758704855.772711046] [amcl]: initialPoseReceived
[INFO] [1758704855.772857516] [amcl]: Setting pose (0.006000): 4.008 4.778 0.580
[INFO] [1758704856.116660866] [local_costmap.local_costmap]: Timed out waiting for transform from base_link to odom to become available, tf error: Invalid frame ID "odom" passed to canTransform argument target_frame - frame does not exist
[INFO] [1758704856.616684661] [local_costmap.local_costmap]: Timed out waiting for transform from base_link to odom to become available, tf error: Invalid frame ID "odom" passed to canTransform argument target_frame - frame does not exist
[INFO] [1758704857.116674966] [local_costmap.local_costmap]: Timed out waiting for transform from base_link to odom to become available, tf error: Invalid frame ID "odom" passed to canTransform argument target_frame - frame does not exist
[INFO] [1758704857.616656661] [local_costmap.local_costmap]: Timed out waiting for transform from base_link to odom to become available, tf error: Invalid frame ID "odom" passed to canTransform argument target_frame - frame does not exist
[INFO] [1758704858.117112695] [local_costmap.local_costmap]: Timed out waiting for transform from base_link to odom to become available, tf error: Invalid frame ID "odom" passed to canTransform argument target_frame - frame does not exist
[INFO] [1758704858.616664520] [local_costmap.local_costmap]: Timed out waiting for transform from base_link to odom to become available, tf error: Invalid frame ID "odom" passed to canTransform argument target_frame - frame does not exist
[INFO] [1758704859.116732055] [local_costmap.local_costmap]: Timed out waiting for transform from base_link to odom to become available, tf error: Invalid frame ID "odom" passed to canTransform argument target_frame - frame does not exist
[INFO] [1758704859.617446690] [local_costmap.local_costmap]: start
[WARN] [1758704859.818924708] [controller_server]: Parameter controller_server.verbose not found
[INFO] [1758704859.822438169] [controller_server]: Optimizer reset
[INFO] [1758704859.823425610] [MPPIController]: Activated MPPI Controller: FollowPath
[INFO] [1758704859.823487710] [controller_server]: Creating bond (controller_server) to lifecycle manager.
[INFO] [1758704859.926764719] [lifecycle_manager_navigation]: Server controller_server connected with bond.
[INFO] [1758704859.926829709] [lifecycle_manager_navigation]: [34m[1mActivating smoother_server[0m[0m
[INFO] [1758704859.927274370] [smoother_server]: Activating
[INFO] [1758704859.927319660] [smoother_server]: Creating bond (smoother_server) to lifecycle manager.
[INFO] [1758704860.030058619] [lifecycle_manager_navigation]: Server smoother_server connected with bond.
[INFO] [1758704860.030170999] [lifecycle_manager_navigation]: [34m[1mActivating planner_server[0m[0m
[INFO] [1758704860.030711429] [planner_server]: Activating
[INFO] [1758704860.030769209] [global_costmap.global_costmap]: Activating
[INFO] [1758704860.030781799] [global_costmap.global_costmap]: Checking transform
[INFO] [1758704860.030809179] [global_costmap.global_costmap]: Timed out waiting for transform from base_link to map to become available, tf error: Could not find a connection between 'map' and 'base_link' because they are not part of the same tree.Tf has two or more unconnected trees.
[INFO] [1758704860.040100962] [amcl]: createLaserObject
[INFO] [1758704860.530874984] [global_costmap.global_costmap]: Timed out waiting for transform from base_link to map to become available, tf error: Lookup would require extrapolation into the past.  Requested time 0.648000 but the earliest data is at time 1.102000, when looking up transform from frame [base_link] to frame [map]
[INFO] [1758704860.940197213] [amcl]: Message Filter dropping message: frame 'rplidar_link' at time 0.006 for reason 'the timestamp on the message is earlier than all the data in the transform cache'
[INFO] [1758704861.031265729] [global_costmap.global_costmap]: Timed out waiting for transform from base_link to map to become available, tf error: Lookup would require extrapolation into the past.  Requested time 1.080000 but the earliest data is at time 1.102000, when looking up transform from frame [base_link] to frame [map]
[INFO] [1758704861.530882823] [global_costmap.global_costmap]: Timed out waiting for transform from base_link to map to become available, tf error: Lookup would require extrapolation into the past.  Requested time 1.080000 but the earliest data is at time 1.102000, when looking up transform from frame [base_link] to frame [map]
[INFO] [1758704862.030936378] [global_costmap.global_costmap]: Timed out waiting for transform from base_link to map to become available, tf error: Lookup would require extrapolation into the past.  Requested time 1.080000 but the earliest data is at time 1.102000, when looking up transform from frame [base_link] to frame [map]
[INFO] [1758704862.531070243] [global_costmap.global_costmap]: start
[INFO] [1758704863.582478276] [planner_server]: Activating plugin GridBased of type NavfnPlanner
[INFO] [1758704863.584361457] [planner_server]: Creating bond (planner_server) to lifecycle manager.
[INFO] [1758704863.687270387] [lifecycle_manager_navigation]: Server planner_server connected with bond.
[INFO] [1758704863.687400217] [lifecycle_manager_navigation]: [34m[1mActivating behavior_server[0m[0m
[INFO] [1758704863.689407097] [behavior_server]: Activating
[INFO] [1758704863.689461227] [behavior_server]: Activating spin
[INFO] [1758704863.689532547] [behavior_server]: Activating backup
[INFO] [1758704863.689554107] [behavior_server]: Activating drive_on_heading
[INFO] [1758704863.689577847] [behavior_server]: Activating assisted_teleop
[INFO] [1758704863.689600857] [behavior_server]: Activating wait
[INFO] [1758704863.689637077] [behavior_server]: Creating bond (behavior_server) to lifecycle manager.
[INFO] [1758704863.792880317] [lifecycle_manager_navigation]: Server behavior_server connected with bond.
[INFO] [1758704863.792977037] [lifecycle_manager_navigation]: [34m[1mActivating velocity_smoother[0m[0m
[INFO] [1758704863.794204558] [velocity_smoother]: Activating
[INFO] [1758704863.794418068] [velocity_smoother]: Creating bond (velocity_smoother) to lifecycle manager.
[INFO] [1758704863.902030359] [lifecycle_manager_navigation]: Server velocity_smoother connected with bond.
[INFO] [1758704863.902335509] [lifecycle_manager_navigation]: [34m[1mActivating collision_monitor[0m[0m
[INFO] [1758704863.903382129] [collision_monitor]: Activating
[INFO] [1758704863.903591379] [collision_monitor]: Creating bond (collision_monitor) to lifecycle manager.
[INFO] [1758704864.008370210] [lifecycle_manager_navigation]: Server collision_monitor connected with bond.
[INFO] [1758704864.008536730] [lifecycle_manager_navigation]: [34m[1mActivating bt_navigator[0m[0m
[INFO] [1758704864.009171470] [bt_navigator]: Activating
[INFO] [1758704864.049760761] [bt_navigator]: Creating bond (bt_navigator) to lifecycle manager.
[INFO] [1758704864.152308291] [lifecycle_manager_navigation]: Server bt_navigator connected with bond.
[INFO] [1758704864.152431111] [lifecycle_manager_navigation]: [34m[1mActivating waypoint_follower[0m[0m
[INFO] [1758704864.155453572] [waypoint_follower]: Activating
[INFO] [1758704864.155574532] [waypoint_follower]: Creating bond (waypoint_follower) to lifecycle manager.
[INFO] [1758704864.262751853] [lifecycle_manager_navigation]: Server waypoint_follower connected with bond.
[INFO] [1758704864.262925283] [lifecycle_manager_navigation]: [34m[1mActivating docking_server[0m[0m
[INFO] [1758704864.264894144] [docking_server]: Activating docking_server
[INFO] [1758704864.275420077] [docking_server]: Creating bond (docking_server) to lifecycle manager.
[INFO] [1758704864.379196537] [lifecycle_manager_navigation]: Server docking_server connected with bond.
[INFO] [1758704864.379314177] [lifecycle_manager_navigation]: [34m[1mManaged nodes are active[0m[0m
[INFO] [1758704864.379334247] [lifecycle_manager_navigation]: [34m[1mCreating bond timer...[0m[0m
[INFO] [1758704865.172311916] [bt_navigator]: Begin navigating from current location through 1 poses to (5.29, -5.01)
[WARN] [1758704865.174641606] [planner_server]: GridBased plugin failed to plan from (4.01, 4.78) to (5.29, -5.01): "Failed to create plan with tolerance of: 0.500000"
[WARN] [1758704865.174722776] [planner_server]: [compute_path_through_poses] [ActionServer] Aborting handle.
[WARN] [1758704865.202633094] [bt_navigator]: [navigate_through_poses] [ActionServer] Aborting handle.
[ERROR] [1758704865.203099875] [bt_navigator]: Goal failed
[INFO] [1758704865.280444117] [rclcpp]: signal_handler(signum=2)
[INFO] [1758704865.280614717] [controller_server]: Running Nav2 LifecycleNode rcl preshutdown (controller_server)
[INFO] [1758704865.281159467] [controller_server]: Deactivating
[INFO] [1758704865.281240257] [MPPIController]: Deactivated MPPI Controller: FollowPath
[INFO] [1758704865.281266137] [local_costmap.local_costmap]: Deactivating
[INFO] [1758704865.418041807] [controller_server]: Destroying bond (controller_server) to lifecycle manager.
[INFO] [1758704865.430217040] [controller_server]: Cleaning up
[INFO] [1758704865.434980532] [MPPIController]: Cleaned up MPPI Controller: FollowPath
[INFO] [1758704865.435579982] [local_costmap.local_costmap]: Cleaning up
[INFO] [1758704865.474207063] [controller_server]: Destroying bond (controller_server) to lifecycle manager.
[INFO] [1758704865.474290223] [map_server]: Running Nav2 LifecycleNode rcl preshutdown (map_server)
[INFO] [1758704865.474332143] [map_server]: Deactivating
[INFO] [1758704865.474356243] [map_server]: Destroying bond (map_server) to lifecycle manager.
[INFO] [1758704865.485124406] [map_server]: Cleaning up
[INFO] [1758704865.485276766] [map_server]: Destroying bond (map_server) to lifecycle manager.
[INFO] [1758704865.485301026] [smoother_server]: Running Nav2 LifecycleNode rcl preshutdown (smoother_server)
[INFO] [1758704865.485337466] [smoother_server]: Deactivating
[INFO] [1758704865.485392596] [smoother_server]: Destroying bond (smoother_server) to lifecycle manager.
[INFO] [1758704865.496583779] [smoother_server]: Cleaning up
[INFO] [1758704865.514163614] [lifecycle_manager_localization]: [34m[1mHave not received a heartbeat from map_server.[0m[0m
[ERROR] [1758704865.514349824] [lifecycle_manager_localization]: CRITICAL FAILURE: SERVER map_server IS DOWN after not receiving a heartbeat for 4000 ms. Shutting down related nodes.
[INFO] [1758704865.514710505] [lifecycle_manager_localization]: [34m[1mTerminating bond timer...[0m[0m
[INFO] [1758704865.514733475] [lifecycle_manager_localization]: [34m[1mResetting managed nodes...[0m[0m
[INFO] [1758704865.514746015] [lifecycle_manager_localization]: [34m[1mDeactivating amcl[0m[0m
[INFO] [1758704865.514811035] [smoother_server]: Destroying bond (smoother_server) to lifecycle manager.
[INFO] [1758704865.514984325] [amcl]: Running Nav2 LifecycleNode rcl preshutdown (amcl)
[INFO] [1758704865.515038305] [amcl]: Deactivating
[INFO] [1758704865.515078955] [amcl]: Destroying bond (amcl) to lifecycle manager.
[WARN] [1758704865.515771965] [rcl_lifecycle]: No transition matching 4 found for current state deactivating
[ERROR] [1758704865.515803585] [amcl]: Unable to start transition 4 from current state deactivating: Transition is not registered., at ./src/rcl_lifecycle.c:355
[ERROR] [1758704865.516322415] [lifecycle_manager_localization]: Failed to change state for node: amcl
[INFO] [1758704865.516350235] [lifecycle_manager_localization]: [34m[1mDeactivating map_server[0m[0m
[WARN] [1758704865.516509505] [rcl_lifecycle]: No transition matching 4 found for current state unconfigured
[ERROR] [1758704865.516529955] [map_server]: Unable to start transition 4 from current state unconfigured: Transition is not registered., at ./src/rcl_lifecycle.c:355
[ERROR] [1758704865.516813415] [lifecycle_manager_localization]: Failed to change state for node: map_server
[INFO] [1758704865.516826815] [lifecycle_manager_localization]: [34m[1mCleaning up amcl[0m[0m
[WARN] [1758704865.516898315] [rcl_lifecycle]: No transition matching 2 found for current state deactivating
[ERROR] [1758704865.516914435] [amcl]: Unable to start transition 2 from current state deactivating: Transition is not registered., at ./src/rcl_lifecycle.c:355
[ERROR] [1758704865.517130255] [lifecycle_manager_localization]: Failed to change state for node: amcl
[INFO] [1758704865.517161815] [lifecycle_manager_localization]: [34m[1mCleaning up map_server[0m[0m
[WARN] [1758704865.517281575] [rcl_lifecycle]: No transition matching 2 found for current state unconfigured
[ERROR] [1758704865.517299215] [map_server]: Unable to start transition 2 from current state unconfigured: Transition is not registered., at ./src/rcl_lifecycle.c:355
[INFO] [1758704865.517492235] [lifecycle_manager_localization]: [34m[1mManaged nodes have been reset[0m[0m
[INFO] [1758704865.526537118] [amcl]: Cleaning up
[INFO] [1758704865.554944176] [amcl]: Destroying bond (amcl) to lifecycle manager.
[INFO] [1758704865.555103816] [planner_server]: Running Nav2 LifecycleNode rcl preshutdown (planner_server)
[INFO] [1758704865.555239786] [planner_server]: Deactivating
[INFO] [1758704865.555371726] [global_costmap.global_costmap]: Deactivating
[INFO] [1758704865.579464083] [lifecycle_manager_navigation]: [34m[1mHave not received a heartbeat from controller_server.[0m[0m
[ERROR] [1758704865.579554123] [lifecycle_manager_navigation]: CRITICAL FAILURE: SERVER controller_server IS DOWN after not receiving a heartbeat for 4000 ms. Shutting down related nodes.
[INFO] [1758704865.579620043] [lifecycle_manager_navigation]: [34m[1mTerminating bond timer...[0m[0m
[INFO] [1758704865.579634423] [lifecycle_manager_navigation]: [34m[1mResetting managed nodes...[0m[0m
[INFO] [1758704865.579645233] [lifecycle_manager_navigation]: [34m[1mDeactivating docking_server[0m[0m
[INFO] [1758704865.591497137] [docking_server]: Deactivating docking_server
[INFO] [1758704865.616213234] [docking_server]: Destroying bond (docking_server) to lifecycle manager.
[INFO] [1758704865.729794277] [lifecycle_manager_navigation]: [34m[1mDeactivating waypoint_follower[0m[0m
[INFO] [1758704865.730217197] [waypoint_follower]: Deactivating
[INFO] [1758704865.730292217] [waypoint_follower]: Destroying bond (waypoint_follower) to lifecycle manager.
[INFO] [1758704865.843059489] [lifecycle_manager_navigation]: [34m[1mDeactivating bt_navigator[0m[0m
[INFO] [1758704865.843680070] [bt_navigator]: Deactivating
[INFO] [1758704865.843727360] [bt_navigator]: Destroying bond (bt_navigator) to lifecycle manager.
[INFO] [1758704865.956321282] [lifecycle_manager_navigation]: [34m[1mDeactivating collision_monitor[0m[0m
[INFO] [1758704866.531338428] [planner_server]: Deactivating plugin GridBased of type NavfnPlanner
[INFO] [1758704866.531396188] [planner_server]: Destroying bond (planner_server) to lifecycle manager.
[INFO] [1758704866.538617590] [lifecycle_manager_localization]: [34m[1mSuccessfully re-established connections from server respawns, starting back up.[0m[0m
[INFO] [1758704866.538660430] [lifecycle_manager_localization]: [34m[1mStarting managed nodes bringup...[0m[0m
[INFO] [1758704866.538680220] [lifecycle_manager_localization]: [34m[1mConfiguring map_server[0m[0m
[INFO] [1758704866.538773870] [map_server]: Configuring
[INFO] [1758704866.538804000] [map_io]: Loading yaml file: /config/maps/hallways.yaml
[INFO] [1758704866.538940740] [map_io]: resolution: 0.05
[INFO] [1758704866.538945690] [map_io]: origin[0]: -1.75
[INFO] [1758704866.538948370] [map_io]: origin[1]: -8.75
[INFO] [1758704866.538950830] [map_io]: origin[2]: 0
[INFO] [1758704866.538953400] [map_io]: free_thresh: 0.196
[INFO] [1758704866.538955770] [map_io]: occupied_thresh: 0.65
[INFO] [1758704866.538958040] [map_io]: mode: trinary
[INFO] [1758704866.538960600] [map_io]: negate: 0
[INFO] [1758704866.538969600] [map_io]: Loading image_file: /config/maps/hallways.pgm
[INFO] [1758704866.540224521] [map_io]: Read map /config/maps/hallways.pgm: 192 X 350 map @ 0.05 m/cell
[INFO] [1758704866.541348101] [lifecycle_manager_localization]: [34m[1mConfiguring amcl[0m[0m
[INFO] [1758704866.541455471] [amcl]: Configuring
[INFO] [1758704866.541572311] [amcl]: initTransforms
[INFO] [1758704866.541592111] [planner_server]: Cleaning up
[INFO] [1758704866.549003143] [amcl]: initPubSub
[INFO] [1758704866.549941073] [amcl]: Subscribed to map topic.
[INFO] [1758704866.551069954] [lifecycle_manager_localization]: [34m[1mActivating map_server[0m[0m
[INFO] [1758704866.551179354] [map_server]: Activating
[INFO] [1758704866.551271474] [map_server]: Creating bond (map_server) to lifecycle manager.
[INFO] [1758704866.551302824] [amcl]: Received a 192 X 350 map @ 0.050 m/pix
[INFO] [1758704866.559223536] [global_costmap.global_costmap]: Cleaning up
[INFO] [1758704866.567303518] [planner_server]: Cleaning up plugin GridBased of type NavfnPlanner
[INFO] [1758704866.571317430] [planner_server]: Destroying plugin GridBased of type NavfnPlanner
[INFO] [1758704866.585903714] [planner_server]: Destroying bond (planner_server) to lifecycle manager.
[INFO] [1758704866.585988274] [lifecycle_manager_localization]: Running Nav2 LifecycleManager rcl preshutdown (lifecycle_manager_localization)
[INFO] [1758704866.652963823] [lifecycle_manager_localization]: Server map_server connected with bond.
[INFO] [1758704866.653030023] [lifecycle_manager_localization]: [34m[1mActivating amcl[0m[0m
[INFO] [1758704866.653421613] [amcl]: Activating
[INFO] [1758704866.653473823] [amcl]: Creating bond (amcl) to lifecycle manager.
[INFO] [1758704866.756344983] [lifecycle_manager_localization]: Server amcl connected with bond.
[INFO] [1758704866.756594643] [lifecycle_manager_localization]: [34m[1mManaged nodes are active[0m[0m
[INFO] [1758704866.756676073] [lifecycle_manager_localization]: [34m[1mCreating bond timer...[0m[0m
[INFO] [1758704866.791390013] [behavior_server]: Running Nav2 LifecycleNode rcl preshutdown (behavior_server)
[INFO] [1758704866.791545643] [behavior_server]: Deactivating
[INFO] [1758704866.791629583] [behavior_server]: Destroying bond (behavior_server) to lifecycle manager.
[INFO] [1758704866.801946376] [behavior_server]: Cleaning up
[INFO] [1758704866.809759488] [behavior_server]: Destroying bond (behavior_server) to lifecycle manager.
[INFO] [1758704866.809786238] [bt_navigator]: Running Nav2 LifecycleNode rcl preshutdown (bt_navigator)
[INFO] [1758704866.809805178] [bt_navigator]: Cleaning up
[INFO] [1758704866.919650950] [bt_navigator]: Completed Cleaning up
[INFO] [1758704866.919794090] [bt_navigator]: Destroying bond (bt_navigator) to lifecycle manager.
[INFO] [1758704866.919826700] [waypoint_follower]: Running Nav2 LifecycleNode rcl preshutdown (waypoint_follower)
[INFO] [1758704866.919876860] [waypoint_follower]: Cleaning up
[INFO] [1758704866.923317591] [waypoint_follower]: Destroying bond (waypoint_follower) to lifecycle manager.
[INFO] [1758704866.923361431] [velocity_smoother]: Running Nav2 LifecycleNode rcl preshutdown (velocity_smoother)
[INFO] [1758704866.923392861] [velocity_smoother]: Deactivating
[INFO] [1758704866.923487091] [velocity_smoother]: Destroying bond (velocity_smoother) to lifecycle manager.
[INFO] [1758704866.933730444] [velocity_smoother]: Cleaning up
[INFO] [1758704866.933777594] [velocity_smoother]: Destroying bond (velocity_smoother) to lifecycle manager.
[INFO] [1758704866.933788514] [collision_monitor]: Running Nav2 LifecycleNode rcl preshutdown (collision_monitor)
[INFO] [1758704866.933805604] [collision_monitor]: Deactivating
[INFO] [1758704866.933838564] [collision_monitor]: Destroying bond (collision_monitor) to lifecycle manager.
[INFO] [1758704867.035034653] [collision_monitor]: Cleaning up
[INFO] [1758704867.037223254] [collision_monitor]: [FootprintApproach]: Destroying Polygon
[INFO] [1758704867.041494925] [collision_monitor]: Destroying bond (collision_monitor) to lifecycle manager.
[INFO] [1758704867.041535415] [docking_server]: Running Nav2 LifecycleNode rcl preshutdown (docking_server)
[INFO] [1758704867.041564515] [docking_server]: Cleaning up docking_server
[INFO] [1758704867.059256810] [docking_server]: Destroying bond (docking_server) to lifecycle manager.
[INFO] [1758704867.059303740] [lifecycle_manager_navigation]: Running Nav2 LifecycleManager rcl preshutdown (lifecycle_manager_navigation)
[INFO] [1758704867.316771475] [rclcpp]: signal_handler(signum=2)
