1758723841.6132588 [INFO] [launch]: All log files can be found below /out/logs/2025-09-24-14-24-01-612204-job-circle-generated-p1-o4-box-sd000n000-2-hdljc-61
1758723841.6134262 [INFO] [launch]: Default logging verbosity is set to INFO
1758723843.1560309 [INFO] [xacro-1]: process started with pid [176]
1758723843.1563914 [INFO] [parameter_bridge-2]: process started with pid [177]
1758723843.1564746 [INFO] [image_bridge-3]: process started with pid [178]
1758723843.1565390 [INFO] [image_bridge-4]: process started with pid [179]
1758723843.1565924 [INFO] [create-5]: process started with pid [180]
1758723843.1566525 [INFO] [gz-6]: process started with pid [181]
1758723843.1567116 [INFO] [robot_state_publisher-7]: process started with pid [182]
1758723843.1567652 [INFO] [rviz2-8]: process started with pid [183]
1758723843.1568239 [INFO] [component_container_isolated-9]: process started with pid [184]
1758723843.1568816 [INFO] [gazebo_tf_publisher_node-10]: process started with pid [185]
1758723843.1569355 [INFO] [scenario_status_node-11]: process started with pid [186]
1758723843.1569943 [INFO] [gazebo_stats_publisher-12]: process started with pid [189]
1758723843.1570528 [INFO] [sys_stats_publisher-13]: process started with pid [192]
1758723843.1571083 [INFO] [laserscan_modification-14]: process started with pid [193]
1758723843.1571724 [INFO] [parameter_bridge-15]: process started with pid [194]
1758723843.1572249 [INFO] [create-16]: process started with pid [195]
1758723843.1572773 [INFO] [static_transform_publisher-17]: process started with pid [197]
1758723843.1573255 [INFO] [static_transform_publisher-18]: process started with pid [199]
1758723843.3042557 [static_transform_publisher-18] [INFO] [1758723843.303220692] [static_camera_transform_2]: Spinning until stopped - publishing transform
1758723843.3044457 [static_transform_publisher-18] translation: ('0.000000', '0.000000', '0.000000')
1758723843.3044853 [static_transform_publisher-18] rotation: ('-0.500000', '0.499602', '-0.500000', '0.500398')
1758723843.3045199 [static_transform_publisher-18] from 'static_camera' to 'static_camera_optical_frame'
1758723843.3123190 [static_transform_publisher-17] [INFO] [1758723843.311146099] [static_camera_transform]: Spinning until stopped - publishing transform
1758723843.3124852 [static_transform_publisher-17] translation: ('5.505000', '5.785000', '16.384608')
1758723843.3125374 [static_transform_publisher-17] rotation: ('-0.499602', '0.500000', '0.500000', '0.500398')
1758723843.3125792 [static_transform_publisher-17] from '/map' to 'static_camera'
1758723843.4207108 [INFO] [launch_ros.actions.load_composable_nodes]: Loaded node '/controller_server' in container '/nav2_container'
1758723843.4546518 [INFO] [xacro-1]: process has finished cleanly [pid 176]
1758723843.5046031 [INFO] [launch_ros.actions.load_composable_nodes]: Loaded node '/map_server' in container '/nav2_container'
1758723843.5284936 [INFO] [launch_ros.actions.load_composable_nodes]: Loaded node '/amcl' in container '/nav2_container'
1758723843.5630925 [INFO] [launch_ros.actions.load_composable_nodes]: Loaded node '/smoother_server' in container '/nav2_container'
1758723843.6105218 [INFO] [launch_ros.actions.load_composable_nodes]: Loaded node '/lifecycle_manager_localization' in container '/nav2_container'
1758723843.6687238 [INFO] [launch_ros.actions.load_composable_nodes]: Loaded node '/planner_server' in container '/nav2_container'
1758723843.7202744 [INFO] [launch_ros.actions.load_composable_nodes]: Loaded node '/behavior_server' in container '/nav2_container'
1758723843.7555566 [INFO] [launch_ros.actions.load_composable_nodes]: Loaded node '/bt_navigator' in container '/nav2_container'
1758723843.7778106 [INFO] [launch_ros.actions.load_composable_nodes]: Loaded node '/waypoint_follower' in container '/nav2_container'
1758723843.8184154 [INFO] [launch_ros.actions.load_composable_nodes]: Loaded node '/velocity_smoother' in container '/nav2_container'
1758723843.8563073 [INFO] [launch_ros.actions.load_composable_nodes]: Loaded node '/collision_monitor' in container '/nav2_container'
1758723843.8832681 [INFO] [launch_ros.actions.load_composable_nodes]: Loaded node '/docking_server' in container '/nav2_container'
1758723843.9202363 [INFO] [launch_ros.actions.load_composable_nodes]: Loaded node '/lifecycle_manager_navigation' in container '/nav2_container'
1758723844.4503202 [INFO] [create-16]: process has finished cleanly [pid 195]
1758723844.4549203 [INFO] [create-5]: process has finished cleanly [pid 180]
1758723939.9960210 [WARNING] [launch]: user interrupted with ctrl-c (SIGINT)
1758723942.0083940 [INFO] [parameter_bridge-15]: process has finished cleanly [pid 194]
1758723942.0084836 [INFO] [parameter_bridge-2]: process has finished cleanly [pid 177]
1758723942.0085423 [ERROR] [rviz2-8]: process has died [pid 183, exit code -6, cmd '/opt/ros/jazzy/lib/rviz2/rviz2 -d /config/common/view.rviz --ros-args --params-file /tmp/launch_params_9_4dr762'].
1758723942.0085878 [INFO] [gz-6]: process has finished cleanly [pid 181]
1758723942.0086308 [INFO] [gazebo_stats_publisher-12]: process has finished cleanly [pid 189]
1758723942.0086739 [INFO] [static_transform_publisher-18]: process has finished cleanly [pid 199]
1758723942.0087185 [INFO] [static_transform_publisher-17]: process has finished cleanly [pid 197]
1758723942.0087588 [INFO] [image_bridge-4]: process has finished cleanly [pid 179]
1758723942.0087969 [INFO] [image_bridge-3]: process has finished cleanly [pid 178]
1758723942.0088544 [ERROR] [scenario_status_node-11]: process has died [pid 186, exit code 1, cmd '/ws/install/scenario_status/lib/scenario_status/scenario_status_node --ros-args -r __node:=scenario_status'].
1758723942.0089161 [ERROR] [sys_stats_publisher-13]: process has died [pid 192, exit code 1, cmd '/ws/install/sys_stats_publisher/lib/sys_stats_publisher/sys_stats_publisher --ros-args -r __node:=sys_stats_publisher'].
1758723942.0089669 [INFO] [robot_state_publisher-7]: process has finished cleanly [pid 182]
1758723942.0090148 [INFO] [gazebo_tf_publisher_node-10]: process has finished cleanly [pid 185]
1758723942.0090797 [ERROR] [laserscan_modification-14]: process has died [pid 193, exit code 1, cmd '/ws/install/message_modification/lib/message_modification/laserscan_modification --ros-args -r __node:=laserscan_modification --params-file /tmp/launch_params_8dnzapp9 -r /in:=/scan_sim -r /out:=/scan'].
1758723942.0094461 [static_transform_publisher-18] [INFO] [1758723939.995635350] [rclcpp]: signal_handler(signum=2)
1758723942.0095618 [static_transform_publisher-17] [INFO] [1758723939.995634980] [rclcpp]: signal_handler(signum=2)
1758723942.0220754 [INFO] [component_container_isolated-9]: sending signal 'SIGINT' to process[component_container_isolated-9]
1758723942.0303311 [gazebo_tf_publisher_node-10] [INFO] [1758723939.995653310] [rclcpp]: signal_handler(signum=2)
1758723942.0360765 [ERROR] [launch]: Caught exception in launch (see debug for traceback): Cannot shutdown a ROS adapter that is not running
