[INFO] [1758736521.265536356] [rosbag2_recorder]: Press SPACE for pausing/resuming
[INFO] [1758736521.271769714] [rosbag2_recorder]: Listening for topics...
[INFO] [1758736521.271789843] [rosbag2_recorder]: Event publisher thread: Starting
[INFO] [1758736521.271901795] [rosbag2_recorder]: Recording...
[INFO] [1758736521.271998468] [rosbag2_recorder]: use_sim_time set, waiting for /clock before starting recording...
[INFO] [1758736521.282179273] [rosbag2_recorder]: Sim time /clock found, starting recording.
[INFO] [1758736521.290316950] [rosbag2_recorder]: Subscribed to topic '/amcl_pose'
[INFO] [1758736521.292645209] [rosbag2_recorder]: Subscribed to topic '/map'
[INFO] [1758736521.293609952] [rosbag2_recorder]: Subscribed to topic '/system/cpu_usage'
[INFO] [1758736521.294180662] [rosbag2_recorder]: Subscribed to topic '/gazebo/real_time_factor'
[INFO] [1758736521.294765102] [rosbag2_recorder]: Subscribed to topic '/local_costmap/costmap'
[INFO] [1758736521.299184296] [rosbag2_recorder]: Subscribed to topic '/scenario_execution/snapshots'
[INFO] [1758736521.300745228] [rosbag2_recorder]: Subscribed to topic '/scenario_status'
[INFO] [1758736521.304337589] [rosbag2_recorder]: Subscribed to topic '/tf'
[INFO] [1758736521.305086707] [rosbag2_recorder]: Subscribed to topic '/system/memory_usage'
[INFO] [1758736521.305859324] [rosbag2_recorder]: Subscribed to topic '/tf_static'
[INFO] [1758736521.405943203] [rosbag2_recorder]: All requested topics are subscribed. Stopping discovery...
[INFO] [1758736526.252516053] [rosbag2_recorder]: Pausing recording.
[INFO] [1758736526.252571679] [rosbag2_cpp]: Writing remaining messages from cache to the bag. It may take a while
[INFO] [1758736526.257993464] [rosbag2_recorder]: Event publisher thread: Exiting
[INFO] [1758736526.258029301] [rosbag2_recorder]: Recording stopped
