[INFO] [1758736510.292608246] [rviz2]: Stereo is NOT SUPPORTED
[INFO] [1758736510.293121290] [rviz2]: OpenGl version: 4.5 (GLSL 4.5)
[INFO] [1758736510.343987230] [rviz2]: Stereo is NOT SUPPORTED
[INFO] [1758736510.548997272] [rviz]: Subscribing to: /mobile_base/sensors/bumper_pointcloud

[INFO] [1758736510.549621819] [rviz]: Subscribing to: /mobile_base/sensors/bumper_pointcloud

[INFO] [1758736510.557772754] [rviz]: Subscribing to: /local_costmap/voxel_marked_cloud

[INFO] [1758736510.595048955] [rviz]: Subscribing to: /global_costmap/voxel_marked_cloud

[INFO] [1758736510.644722257] [rviz]: Subscribing to: /mobile_base/sensors/bumper_pointcloud

[INFO] [1758736510.648987882] [rviz]: Subscribing to: /local_costmap/voxel_marked_cloud

[INFO] [1758736510.658148608] [rviz]: Subscribing to: /global_costmap/voxel_marked_cloud

[INFO] [1758736510.723682962] [nav2_rviz_selector_node]: Trying to load plugins...
[INFO] [1758736510.790259155] [nav2_rviz_docking_panel_node]: Loading dock plugins
[INFO] [1758736510.969706406] [rviz2]: Stereo is NOT SUPPORTED
[INFO] [1758736511.111010276] [rviz2]: Trying to create a map of size 192 x 350 using 1 swatches
[ERROR] [1758736511.121576024] [rviz2]: rviz/glsl120/indexed_8bit_image.vert
rviz/glsl120/indexed_8bit_image.frag
 GLSL link result : 
active samplers with a different type refer to the same texture image unit
[INFO] [1758736518.927514402] [rviz]: Message Filter dropping message: frame 'rplidar_link' at time 0.006 for reason 'discarding message because the queue is full'
[INFO] [1758736518.992385751] [rviz]: Message Filter dropping message: frame 'odom' at time 0.180 for reason 'discarding message because the queue is full'
[INFO] [1758736519.024077486] [rviz]: Message Filter dropping message: frame 'rplidar_link' at time 0.102 for reason 'discarding message because the queue is full'
[INFO] [1758736519.120461503] [rviz]: Message Filter dropping message: frame 'rplidar_link' at time 0.201 for reason 'discarding message because the queue is full'
[INFO] [1758736519.616568533] [rviz2]: Trying to create a map of size 60 x 60 using 1 swatches
[INFO] [1758736520.220608509] [rviz2]: Trying to create a map of size 192 x 350 using 1 swatches
[INFO] [1758736521.713364626] [rclcpp]: signal_handler(signum=2)
