[INFO] [1758735119.254340047] [nav2_container]: Load Library: /opt/ros/jazzy/lib/libamcl_core.so
[INFO] [1758735119.276973945] [nav2_container]: Found class: rclcpp_components::NodeFactoryTemplate<nav2_amcl::AmclNode>
[INFO] [1758735119.277030462] [nav2_container]: Instantiate class: rclcpp_components::NodeFactoryTemplate<nav2_amcl::AmclNode>
[INFO] [1758735119.293676746] [amcl]: 
	amcl lifecycle node launched. 
	Waiting on external lifecycle transitions to activate
	See https://design.ros2.org/articles/node_lifecycle.html for more information.
[INFO] [1758735119.297223419] [amcl]: Creating
[INFO] [1758735119.356620040] [nav2_container]: Load Library: /opt/ros/jazzy/lib/libmap_server_core.so
[INFO] [1758735119.374065988] [nav2_container]: Found class: rclcpp_components::NodeFactoryTemplate<nav2_map_server::CostmapFilterInfoServer>
[INFO] [1758735119.374104586] [nav2_container]: Found class: rclcpp_components::NodeFactoryTemplate<nav2_map_server::MapSaver>
[INFO] [1758735119.374111146] [nav2_container]: Found class: rclcpp_components::NodeFactoryTemplate<nav2_map_server::MapServer>
[INFO] [1758735119.374116756] [nav2_container]: Instantiate class: rclcpp_components::NodeFactoryTemplate<nav2_map_server::MapServer>
[INFO] [1758735119.382830990] [map_server]: 
	map_server lifecycle node launched. 
	Waiting on external lifecycle transitions to activate
	See https://design.ros2.org/articles/node_lifecycle.html for more information.
[INFO] [1758735119.382908687] [map_server]: Creating
[INFO] [1758735119.383958531] [nav2_container]: Load Library: /opt/ros/jazzy/lib/libcontroller_server_core.so
[INFO] [1758735119.394300403] [nav2_container]: Found class: rclcpp_components::NodeFactoryTemplate<nav2_controller::ControllerServer>
[INFO] [1758735119.394353840] [nav2_container]: Instantiate class: rclcpp_components::NodeFactoryTemplate<nav2_controller::ControllerServer>
[INFO] [1758735119.402865654] [controller_server]: 
	controller_server lifecycle node launched. 
	Waiting on external lifecycle transitions to activate
	See https://design.ros2.org/articles/node_lifecycle.html for more information.
[INFO] [1758735119.416776048] [controller_server]: Creating controller server
[INFO] [1758735119.459938658] [local_costmap.local_costmap]: 
	local_costmap lifecycle node launched. 
	Waiting on external lifecycle transitions to activate
	See https://design.ros2.org/articles/node_lifecycle.html for more information.
[INFO] [1758735119.461471970] [local_costmap.local_costmap]: Creating Costmap
[INFO] [1758735119.463516070] [nav2_container]: Load Library: /opt/ros/jazzy/lib/libnav2_lifecycle_manager_core.so
[INFO] [1758735119.464866490] [nav2_container]: Found class: rclcpp_components::NodeFactoryTemplate<nav2_lifecycle_manager::LifecycleManager>
[INFO] [1758735119.464884849] [nav2_container]: Instantiate class: rclcpp_components::NodeFactoryTemplate<nav2_lifecycle_manager::LifecycleManager>
[INFO] [1758735119.470685352] [lifecycle_manager_localization]: Creating
[INFO] [1758735119.475242331] [lifecycle_manager_localization]: [34m[1mCreating and initializing lifecycle service clients[0m[0m
[INFO] [1758735119.475530068] [nav2_container]: Load Library: /opt/ros/jazzy/lib/libsmoother_server_core.so
[INFO] [1758735119.477269791] [nav2_container]: Found class: rclcpp_components::NodeFactoryTemplate<nav2_smoother::SmootherServer>
[INFO] [1758735119.477286140] [nav2_container]: Instantiate class: rclcpp_components::NodeFactoryTemplate<nav2_smoother::SmootherServer>
[INFO] [1758735119.479608337] [lifecycle_manager_localization]: [34m[1mStarting managed nodes bringup...[0m[0m
[INFO] [1758735119.479651546] [lifecycle_manager_localization]: [34m[1mConfiguring map_server[0m[0m
[INFO] [1758735119.480081127] [map_server]: Configuring
[INFO] [1758735119.480188152] [map_io]: Loading yaml file: /config/maps/rooms.yaml
[INFO] [1758735119.480521877] [map_io]: resolution: 0.05
[INFO] [1758735119.480537986] [map_io]: origin[0]: -13.25
[INFO] [1758735119.480543116] [map_io]: origin[1]: -1.3
[INFO] [1758735119.480547856] [map_io]: origin[2]: 0
[INFO] [1758735119.480552466] [map_io]: free_thresh: 0.196
[INFO] [1758735119.480594374] [map_io]: occupied_thresh: 0.65
[INFO] [1758735119.480602414] [map_io]: mode: trinary
[INFO] [1758735119.480608113] [map_io]: negate: 0
[INFO] [1758735119.480898140] [map_io]: Loading image_file: /config/maps/rooms.pgm
[INFO] [1758735119.483162680] [map_io]: Read map /config/maps/rooms.pgm: 343 X 273 map @ 0.05 m/cell
[INFO] [1758735119.486511822] [lifecycle_manager_localization]: [34m[1mConfiguring amcl[0m[0m
[INFO] [1758735119.486650376] [amcl]: Configuring
[INFO] [1758735119.486846557] [amcl]: initTransforms
[INFO] [1758735119.487231510] [smoother_server]: 
	smoother_server lifecycle node launched. 
	Waiting on external lifecycle transitions to activate
	See https://design.ros2.org/articles/node_lifecycle.html for more information.
[INFO] [1758735119.493017004] [smoother_server]: Creating smoother server
[INFO] [1758735119.494243010] [amcl]: initPubSub
[INFO] [1758735119.495478355] [amcl]: Subscribed to map topic.
[INFO] [1758735119.496784787] [nav2_container]: Load Library: /opt/ros/jazzy/lib/libplanner_server_core.so
[INFO] [1758735119.497799632] [nav2_container]: Found class: rclcpp_components::NodeFactoryTemplate<nav2_planner::PlannerServer>
[INFO] [1758735119.497815672] [nav2_container]: Instantiate class: rclcpp_components::NodeFactoryTemplate<nav2_planner::PlannerServer>
[INFO] [1758735119.498164116] [lifecycle_manager_localization]: [34m[1mActivating map_server[0m[0m
[INFO] [1758735119.498338519] [map_server]: Activating
[INFO] [1758735119.498473953] [map_server]: Creating bond (map_server) to lifecycle manager.
[INFO] [1758735119.498560329] [amcl]: Received a 343 X 273 map @ 0.050 m/pix
[INFO] [1758735119.557377706] [planner_server]: 
	planner_server lifecycle node launched. 
	Waiting on external lifecycle transitions to activate
	See https://design.ros2.org/articles/node_lifecycle.html for more information.
[INFO] [1758735119.563079323] [planner_server]: Creating
[INFO] [1758735119.571126467] [global_costmap.global_costmap]: 
	global_costmap lifecycle node launched. 
	Waiting on external lifecycle transitions to activate
	See https://design.ros2.org/articles/node_lifecycle.html for more information.
[INFO] [1758735119.572596752] [global_costmap.global_costmap]: Creating Costmap
[INFO] [1758735119.577369101] [nav2_container]: Load Library: /opt/ros/jazzy/lib/libbehavior_server_core.so
[INFO] [1758735119.578981200] [nav2_container]: Found class: rclcpp_components::NodeFactoryTemplate<behavior_server::BehaviorServer>
[INFO] [1758735119.579024458] [nav2_container]: Instantiate class: rclcpp_components::NodeFactoryTemplate<behavior_server::BehaviorServer>
[INFO] [1758735119.586668179] [behavior_server]: 
	behavior_server lifecycle node launched. 
	Waiting on external lifecycle transitions to activate
	See https://design.ros2.org/articles/node_lifecycle.html for more information.
[INFO] [1758735119.593098485] [nav2_container]: Load Library: /opt/ros/jazzy/lib/libbt_navigator_core.so
[INFO] [1758735119.594042523] [nav2_container]: Found class: rclcpp_components::NodeFactoryTemplate<nav2_bt_navigator::BtNavigator>
[INFO] [1758735119.594060982] [nav2_container]: Instantiate class: rclcpp_components::NodeFactoryTemplate<nav2_bt_navigator::BtNavigator>
[INFO] [1758735119.603009236] [bt_navigator]: 
	bt_navigator lifecycle node launched. 
	Waiting on external lifecycle transitions to activate
	See https://design.ros2.org/articles/node_lifecycle.html for more information.
[INFO] [1758735119.603052364] [lifecycle_manager_localization]: Server map_server connected with bond.
[INFO] [1758735119.603081483] [lifecycle_manager_localization]: [34m[1mActivating amcl[0m[0m
[INFO] [1758735119.603411089] [amcl]: Activating
[INFO] [1758735119.603473106] [amcl]: Creating bond (amcl) to lifecycle manager.
[INFO] [1758735119.607296377] [bt_navigator]: Creating
[INFO] [1758735119.656944389] [nav2_container]: Load Library: /opt/ros/jazzy/lib/libwaypoint_follower_core.so
[INFO] [1758735119.659468578] [nav2_container]: Found class: rclcpp_components::NodeFactoryTemplate<nav2_waypoint_follower::WaypointFollower>
[INFO] [1758735119.659526855] [nav2_container]: Instantiate class: rclcpp_components::NodeFactoryTemplate<nav2_waypoint_follower::WaypointFollower>
[INFO] [1758735119.667406426] [waypoint_follower]: 
	waypoint_follower lifecycle node launched. 
	Waiting on external lifecycle transitions to activate
	See https://design.ros2.org/articles/node_lifecycle.html for more information.
[INFO] [1758735119.669166638] [waypoint_follower]: Creating
[INFO] [1758735119.672891613] [nav2_container]: Load Library: /opt/ros/jazzy/lib/libvelocity_smoother_core.so
[INFO] [1758735119.674667525] [nav2_container]: Found class: rclcpp_components::NodeFactoryTemplate<nav2_velocity_smoother::VelocitySmoother>
[INFO] [1758735119.674696454] [nav2_container]: Instantiate class: rclcpp_components::NodeFactoryTemplate<nav2_velocity_smoother::VelocitySmoother>
[INFO] [1758735119.682723569] [velocity_smoother]: 
	velocity_smoother lifecycle node launched. 
	Waiting on external lifecycle transitions to activate
	See https://design.ros2.org/articles/node_lifecycle.html for more information.
[INFO] [1758735119.685346782] [nav2_container]: Load Library: /opt/ros/jazzy/lib/libcollision_monitor_core.so
[INFO] [1758735119.688097881] [nav2_container]: Found class: rclcpp_components::NodeFactoryTemplate<nav2_collision_monitor::CollisionMonitor>
[INFO] [1758735119.688112780] [nav2_container]: Instantiate class: rclcpp_components::NodeFactoryTemplate<nav2_collision_monitor::CollisionMonitor>
[INFO] [1758735119.696470890] [collision_monitor]: 
	collision_monitor lifecycle node launched. 
	Waiting on external lifecycle transitions to activate
	See https://design.ros2.org/articles/node_lifecycle.html for more information.
[INFO] [1758735119.699637560] [nav2_container]: Load Library: /opt/ros/jazzy/lib/libopennav_docking_core.so
[INFO] [1758735119.701193591] [nav2_container]: Found class: rclcpp_components::NodeFactoryTemplate<opennav_docking::DockingServer>
[INFO] [1758735119.701208130] [nav2_container]: Instantiate class: rclcpp_components::NodeFactoryTemplate<opennav_docking::DockingServer>
[INFO] [1758735119.707587188] [docking_server]: 
	docking_server lifecycle node launched. 
	Waiting on external lifecycle transitions to activate
	See https://design.ros2.org/articles/node_lifecycle.html for more information.
[INFO] [1758735119.707632096] [docking_server]: Creating docking_server
[INFO] [1758735119.752250092] [lifecycle_manager_localization]: Server amcl connected with bond.
[INFO] [1758735119.752361807] [lifecycle_manager_localization]: [34m[1mManaged nodes are active[0m[0m
[INFO] [1758735119.752405055] [lifecycle_manager_localization]: [34m[1mCreating bond timer...[0m[0m
[INFO] [1758735119.756434546] [nav2_container]: Found class: rclcpp_components::NodeFactoryTemplate<nav2_lifecycle_manager::LifecycleManager>
[INFO] [1758735119.756463635] [nav2_container]: Instantiate class: rclcpp_components::NodeFactoryTemplate<nav2_lifecycle_manager::LifecycleManager>
[INFO] [1758735119.762094396] [lifecycle_manager_navigation]: Creating
[INFO] [1758735119.763293423] [lifecycle_manager_navigation]: [34m[1mCreating and initializing lifecycle service clients[0m[0m
[INFO] [1758735119.769349215] [lifecycle_manager_navigation]: [34m[1mStarting managed nodes bringup...[0m[0m
[INFO] [1758735119.769381213] [lifecycle_manager_navigation]: [34m[1mConfiguring controller_server[0m[0m
[INFO] [1758735119.769494958] [controller_server]: Configuring controller interface
[INFO] [1758735119.769522177] [controller_server]: getting progress checker plugins..
[INFO] [1758735119.769996286] [controller_server]: getting goal checker plugins..
[INFO] [1758735119.770154459] [controller_server]: Controller frequency set to 20.0000Hz
[INFO] [1758735119.770212047] [local_costmap.local_costmap]: Configuring
[INFO] [1758735119.773099919] [local_costmap.local_costmap]: Using plugin "voxel_layer"
[INFO] [1758735119.778389185] [local_costmap.local_costmap]: Subscribed to Topics: scan
[INFO] [1758735119.781877800] [local_costmap.local_costmap]: Initialized plugin "voxel_layer"
[INFO] [1758735119.781915499] [local_costmap.local_costmap]: Using plugin "inflation_layer"
[INFO] [1758735119.782511222] [local_costmap.local_costmap]: Initialized plugin "inflation_layer"
[INFO] [1758735119.788309846] [controller_server]: Created progress_checker : progress_checker of type nav2_controller::SimpleProgressChecker
[INFO] [1758735119.788575164] [controller_server]: Controller Server has progress_checker  progress checkers available.
[INFO] [1758735119.789113160] [controller_server]: Created goal checker : general_goal_checker of type nav2_controller::SimpleGoalChecker
[INFO] [1758735119.789434186] [controller_server]: Controller Server has general_goal_checker  goal checkers available.
[INFO] [1758735119.790867132] [controller_server]: Created controller : FollowPath of type nav2_mppi_controller::MPPIController
[INFO] [1758735119.792640434] [controller_server]: Controller period is equal to model dt. Control sequence shifting is ON
[INFO] [1758735119.794883485] [controller_server]: ConstraintCritic instantiated with 1 power and 4.000000 weight.
[INFO] [1758735119.794903554] [controller_server]: Critic loaded : mppi::critics::ConstraintCritic
[INFO] [1758735119.795783495] [controller_server]: InflationCostCritic instantiated with 1 power and 300.000000 / 0.015000 weights. Critic will collision check based on circular cost.
[INFO] [1758735119.795804924] [controller_server]: Critic loaded : mppi::critics::CostCritic
[INFO] [1758735119.796445806] [controller_server]: GoalCritic instantiated with 1 power and 5.000000 weight.
[INFO] [1758735119.796461835] [controller_server]: Critic loaded : mppi::critics::GoalCritic
[INFO] [1758735119.796887606] [controller_server]: GoalAngleCritic instantiated with 1 power, 3.000000 weight, and 0.500000 angular threshold.
[INFO] [1758735119.796907525] [controller_server]: Critic loaded : mppi::critics::GoalAngleCritic
[INFO] [1758735119.797697230] [controller_server]: ReferenceTrajectoryCritic instantiated with 1 power and 14.000000 weight
[INFO] [1758735119.797714499] [controller_server]: Critic loaded : mppi::critics::PathAlignCritic
[INFO] [1758735119.798176099] [controller_server]: Critic loaded : mppi::critics::PathFollowCritic
[INFO] [1758735119.798822180] [controller_server]: PathAngleCritic instantiated with 1 power and 2.000000 weight. Mode set to: Forward Preference
[INFO] [1758735119.798843540] [controller_server]: Critic loaded : mppi::critics::PathAngleCritic
[INFO] [1758735119.799180075] [controller_server]: PreferForwardCritic instantiated with 1 power and 5.000000 weight.
[INFO] [1758735119.799198434] [controller_server]: Critic loaded : mppi::critics::PreferForwardCritic
[INFO] [1758735119.801749621] [controller_server]: Optimizer reset
[INFO] [1758735119.803959313] [MPPIController]: Configured MPPI Controller: FollowPath
[INFO] [1758735119.803975052] [controller_server]: Controller Server has FollowPath  controllers available.
[INFO] [1758735119.808020823] [lifecycle_manager_navigation]: [34m[1mConfiguring smoother_server[0m[0m
[INFO] [1758735119.808174047] [smoother_server]: Configuring smoother server
[INFO] [1758735119.812476476] [smoother_server]: Created smoother : simple_smoother of type nav2_smoother::SimpleSmoother
[INFO] [1758735119.812753034] [smoother_server]: Smoother Server has simple_smoother  smoothers available.
[INFO] [1758735119.853305899] [lifecycle_manager_navigation]: [34m[1mConfiguring planner_server[0m[0m
[INFO] [1758735119.853468442] [planner_server]: Configuring
[INFO] [1758735119.853507760] [global_costmap.global_costmap]: Configuring
[INFO] [1758735119.855922034] [global_costmap.global_costmap]: Using plugin "static_layer"
[INFO] [1758735119.856897860] [global_costmap.global_costmap]: Subscribing to the map topic (/map) with transient local durability
[INFO] [1758735119.857153909] [global_costmap.global_costmap]: Initialized plugin "static_layer"
[INFO] [1758735119.857164638] [global_costmap.global_costmap]: Using plugin "obstacle_layer"
[INFO] [1758735119.857563231] [global_costmap.global_costmap]: Subscribed to Topics: scan
[INFO] [1758735119.859098083] [global_costmap.global_costmap]: Initialized plugin "obstacle_layer"
[INFO] [1758735119.859114772] [global_costmap.global_costmap]: Using plugin "inflation_layer"
[INFO] [1758735119.859712206] [global_costmap.global_costmap]: Initialized plugin "inflation_layer"
[INFO] [1758735119.865893482] [global_costmap.global_costmap]: StaticLayer: Resizing costmap to 343 X 273 at 0.050000 m/pix
[INFO] [1758735119.867514340] [planner_server]: Created global planner plugin GridBased of type nav2_navfn_planner::NavfnPlanner
[INFO] [1758735119.867542109] [planner_server]: Configuring plugin GridBased of type NavfnPlanner
[INFO] [1758735119.868278027] [planner_server]: Planner Server has GridBased  planners available.
[INFO] [1758735119.873006397] [lifecycle_manager_navigation]: [34m[1mConfiguring behavior_server[0m[0m
[INFO] [1758735119.873126962] [behavior_server]: Configuring
[INFO] [1758735119.875787454] [behavior_server]: Creating behavior plugin spin of type nav2_behaviors::Spin
[INFO] [1758735119.877291978] [behavior_server]: Creating behavior plugin backup of type nav2_behaviors::BackUp
[INFO] [1758735119.878240506] [behavior_server]: Creating behavior plugin drive_on_heading of type nav2_behaviors::DriveOnHeading
[INFO] [1758735119.879220802] [behavior_server]: Creating behavior plugin assisted_teleop of type nav2_behaviors::AssistedTeleop
[INFO] [1758735119.880755964] [behavior_server]: Creating behavior plugin wait of type nav2_behaviors::Wait
[INFO] [1758735119.882214110] [behavior_server]: Configuring spin
[INFO] [1758735119.884575815] [behavior_server]: Configuring backup
[INFO] [1758735119.886319228] [behavior_server]: Configuring drive_on_heading
[INFO] [1758735119.887876509] [behavior_server]: Configuring assisted_teleop
[INFO] [1758735119.890266193] [behavior_server]: Configuring wait
[INFO] [1758735119.892148810] [lifecycle_manager_navigation]: [34m[1mConfiguring velocity_smoother[0m[0m
[INFO] [1758735119.892319513] [velocity_smoother]: Configuring velocity smoother
[INFO] [1758735119.894664479] [lifecycle_manager_navigation]: [34m[1mConfiguring collision_monitor[0m[0m
[INFO] [1758735119.894770364] [collision_monitor]: Configuring
[INFO] [1758735119.897838988] [collision_monitor]: [scan]: Creating Scan
[INFO] [1758735119.898513939] [collision_monitor]: [FootprintApproach]: Creating Polygon
[INFO] [1758735119.898706490] [collision_monitor]: [FootprintApproach]: Polygon points are not defined. Using dynamic subscription instead.
[INFO] [1758735119.899711915] [collision_monitor]: [FootprintApproach]: Making footprint subscriber on /local_costmap/published_footprint topic
[INFO] [1758735119.901404971] [lifecycle_manager_navigation]: [34m[1mConfiguring bt_navigator[0m[0m
[INFO] [1758735119.901515326] [bt_navigator]: Configuring
[INFO] [1758735119.903652221] [bt_navigator]: Creating navigator id navigate_to_pose of type nav2_bt_navigator::NavigateToPoseNavigator
[WARN] [1758735119.962295196] [amcl]: New subscription discovered on topic '/particle_cloud', requesting incompatible QoS. No messages will be sent to it. Last incompatible policy: RELIABILITY_QOS_POLICY
[INFO] [1758735119.994338618] [bt_navigator]: Creating navigator id navigate_through_poses of type nav2_bt_navigator::NavigateThroughPosesNavigator
[INFO] [1758735120.008516140] [lifecycle_manager_navigation]: [34m[1mConfiguring waypoint_follower[0m[0m
[INFO] [1758735120.008682693] [waypoint_follower]: Configuring
[INFO] [1758735120.015604846] [waypoint_follower]: Created waypoint_task_executor : wait_at_waypoint of type nav2_waypoint_follower::WaitAtWaypoint
[INFO] [1758735120.016093924] [lifecycle_manager_navigation]: [34m[1mConfiguring docking_server[0m[0m
[INFO] [1758735120.016198580] [docking_server]: Configuring docking_server
[INFO] [1758735120.016237468] [docking_server]: Controller frequency set to 50.0000Hz
[INFO] [1758735120.053283387] [docking_server]: Created charging dock plugin simple_charging_dock of type opennav_docking::SimpleChargingDock
[WARN] [1758735120.059500071] [docking_server]: Dock database filepath nor dock parameters set. Docking actions can only be executed specifying the dock pose via the action request. Or update the dock database via the reload_database service.
[INFO] [1758735120.059560478] [docking_server]: Docking Server has 1 dock types and 0 dock instances available.
[INFO] [1758735120.060820253] [lifecycle_manager_navigation]: [34m[1mActivating controller_server[0m[0m
[INFO] [1758735120.060959996] [controller_server]: Activating
[INFO] [1758735120.060985275] [local_costmap.local_costmap]: Activating
[INFO] [1758735120.060995455] [local_costmap.local_costmap]: Checking transform
[INFO] [1758735120.061023624] [local_costmap.local_costmap]: Timed out waiting for transform from base_link to odom to become available, tf error: Invalid frame ID "odom" passed to canTransform argument target_frame - frame does not exist
[INFO] [1758735120.561080477] [local_costmap.local_costmap]: Timed out waiting for transform from base_link to odom to become available, tf error: Invalid frame ID "odom" passed to canTransform argument target_frame - frame does not exist
[INFO] [1758735121.061084780] [local_costmap.local_costmap]: Timed out waiting for transform from base_link to odom to become available, tf error: Invalid frame ID "odom" passed to canTransform argument target_frame - frame does not exist
[INFO] [1758735121.561091181] [local_costmap.local_costmap]: Timed out waiting for transform from base_link to odom to become available, tf error: Invalid frame ID "odom" passed to canTransform argument target_frame - frame does not exist
[INFO] [1758735122.061075599] [local_costmap.local_costmap]: Timed out waiting for transform from base_link to odom to become available, tf error: Invalid frame ID "odom" passed to canTransform argument target_frame - frame does not exist
[INFO] [1758735122.067241475] [amcl]: initialPoseReceived
[INFO] [1758735122.067572900] [amcl]: Setting pose (0.006000): -0.598 0.970 2.046
[INFO] [1758735122.561089583] [local_costmap.local_costmap]: Timed out waiting for transform from base_link to odom to become available, tf error: Invalid frame ID "odom" passed to canTransform argument target_frame - frame does not exist
[INFO] [1758735123.061097744] [local_costmap.local_costmap]: Timed out waiting for transform from base_link to odom to become available, tf error: Invalid frame ID "odom" passed to canTransform argument target_frame - frame does not exist
[INFO] [1758735123.561084413] [local_costmap.local_costmap]: Timed out waiting for transform from base_link to odom to become available, tf error: Invalid frame ID "odom" passed to canTransform argument target_frame - frame does not exist
[INFO] [1758735124.061328577] [local_costmap.local_costmap]: Timed out waiting for transform from base_link to odom to become available, tf error: Invalid frame ID "odom" passed to canTransform argument target_frame - frame does not exist
[INFO] [1758735124.561094110] [local_costmap.local_costmap]: Timed out waiting for transform from base_link to odom to become available, tf error: Invalid frame ID "odom" passed to canTransform argument target_frame - frame does not exist
[INFO] [1758735125.061182666] [local_costmap.local_costmap]: start
[INFO] [1758735125.100185838] [amcl]: createLaserObject
[WARN] [1758735125.312177290] [controller_server]: Parameter controller_server.verbose not found
[INFO] [1758735125.317424787] [controller_server]: Optimizer reset
[INFO] [1758735125.317941383] [MPPIController]: Activated MPPI Controller: FollowPath
[INFO] [1758735125.318029210] [controller_server]: Creating bond (controller_server) to lifecycle manager.
[INFO] [1758735125.421156073] [lifecycle_manager_navigation]: Server controller_server connected with bond.
[INFO] [1758735125.421202861] [lifecycle_manager_navigation]: [34m[1mActivating smoother_server[0m[0m
[INFO] [1758735125.421564455] [smoother_server]: Activating
[INFO] [1758735125.421606193] [smoother_server]: Creating bond (smoother_server) to lifecycle manager.
[INFO] [1758735125.523397407] [lifecycle_manager_navigation]: Server smoother_server connected with bond.
[INFO] [1758735125.523483313] [lifecycle_manager_navigation]: [34m[1mActivating planner_server[0m[0m
[INFO] [1758735125.523932063] [planner_server]: Activating
[INFO] [1758735125.523973711] [global_costmap.global_costmap]: Activating
[INFO] [1758735125.523983011] [global_costmap.global_costmap]: Checking transform
[INFO] [1758735125.524006040] [global_costmap.global_costmap]: Timed out waiting for transform from base_link to map to become available, tf error: Lookup would require extrapolation into the past.  Requested time 0.612000 but the earliest data is at time 1.102000, when looking up transform from frame [base_link] to frame [map]
[INFO] [1758735125.921715506] [amcl]: Message Filter dropping message: frame 'rplidar_link' at time 0.006 for reason 'the timestamp on the message is earlier than all the data in the transform cache'
[INFO] [1758735126.024065663] [global_costmap.global_costmap]: Timed out waiting for transform from base_link to map to become available, tf error: Lookup would require extrapolation into the past.  Requested time 1.080000 but the earliest data is at time 1.102000, when looking up transform from frame [base_link] to frame [map]
[INFO] [1758735126.524082293] [global_costmap.global_costmap]: Timed out waiting for transform from base_link to map to become available, tf error: Lookup would require extrapolation into the past.  Requested time 1.080000 but the earliest data is at time 1.102000, when looking up transform from frame [base_link] to frame [map]
[INFO] [1758735127.024147380] [global_costmap.global_costmap]: start
[INFO] [1758735128.074814704] [planner_server]: Activating plugin GridBased of type NavfnPlanner
[INFO] [1758735128.075592739] [planner_server]: Creating bond (planner_server) to lifecycle manager.
[INFO] [1758735128.177556269] [lifecycle_manager_navigation]: Server planner_server connected with bond.
[INFO] [1758735128.177593098] [lifecycle_manager_navigation]: [34m[1mActivating behavior_server[0m[0m
[INFO] [1758735128.177857726] [behavior_server]: Activating
[INFO] [1758735128.177872075] [behavior_server]: Activating spin
[INFO] [1758735128.177891874] [behavior_server]: Activating backup
[INFO] [1758735128.177901634] [behavior_server]: Activating drive_on_heading
[INFO] [1758735128.177910363] [behavior_server]: Activating assisted_teleop
[INFO] [1758735128.177919893] [behavior_server]: Activating wait
[INFO] [1758735128.177932552] [behavior_server]: Creating bond (behavior_server) to lifecycle manager.
[INFO] [1758735128.280688437] [lifecycle_manager_navigation]: Server behavior_server connected with bond.
[INFO] [1758735128.280723736] [lifecycle_manager_navigation]: [34m[1mActivating velocity_smoother[0m[0m
[INFO] [1758735128.280978054] [velocity_smoother]: Activating
[INFO] [1758735128.281041631] [velocity_smoother]: Creating bond (velocity_smoother) to lifecycle manager.
[INFO] [1758735128.383014061] [lifecycle_manager_navigation]: Server velocity_smoother connected with bond.
[INFO] [1758735128.383120826] [lifecycle_manager_navigation]: [34m[1mActivating collision_monitor[0m[0m
[INFO] [1758735128.383584686] [collision_monitor]: Activating
[INFO] [1758735128.383686381] [collision_monitor]: Creating bond (collision_monitor) to lifecycle manager.
[INFO] [1758735128.485998476] [lifecycle_manager_navigation]: Server collision_monitor connected with bond.
[INFO] [1758735128.486049263] [lifecycle_manager_navigation]: [34m[1mActivating bt_navigator[0m[0m
[INFO] [1758735128.486361209] [bt_navigator]: Activating
[INFO] [1758735128.519415141] [bt_navigator]: Creating bond (bt_navigator) to lifecycle manager.
[INFO] [1758735128.622127168] [lifecycle_manager_navigation]: Server bt_navigator connected with bond.
[INFO] [1758735128.622173696] [lifecycle_manager_navigation]: [34m[1mActivating waypoint_follower[0m[0m
[INFO] [1758735128.622466483] [waypoint_follower]: Activating
[INFO] [1758735128.622513991] [waypoint_follower]: Creating bond (waypoint_follower) to lifecycle manager.
[INFO] [1758735128.725102293] [lifecycle_manager_navigation]: Server waypoint_follower connected with bond.
[INFO] [1758735128.725166850] [lifecycle_manager_navigation]: [34m[1mActivating docking_server[0m[0m
[INFO] [1758735128.725517694] [docking_server]: Activating docking_server
[INFO] [1758735128.731647460] [docking_server]: Creating bond (docking_server) to lifecycle manager.
[INFO] [1758735128.834301669] [lifecycle_manager_navigation]: Server docking_server connected with bond.
[INFO] [1758735128.834369906] [lifecycle_manager_navigation]: [34m[1mManaged nodes are active[0m[0m
[INFO] [1758735128.835242097] [lifecycle_manager_navigation]: [34m[1mCreating bond timer...[0m[0m
[INFO] [1758735129.566928087] [bt_navigator]: Begin navigating from current location through 1 poses to (-6.17, 7.62)
[INFO] [1758735129.588460433] [controller_server]: Received a goal, begin computing control effort.
[WARN] [1758735129.588543379] [controller_server]: No goal checker was specified in parameter 'current_goal_checker'. Server will use only plugin loaded general_goal_checker . This warning will appear once.
[WARN] [1758735129.588559988] [controller_server]: No progress checker was specified in parameter 'current_progress_checker'. Server will use only plugin loaded progress_checker . This warning will appear once.
[INFO] [1758735132.638838970] [controller_server]: Passing new path to controller.
[INFO] [1758735135.688771995] [controller_server]: Passing new path to controller.
[INFO] [1758735138.688761927] [controller_server]: Passing new path to controller.
[INFO] [1758735141.688765947] [controller_server]: Passing new path to controller.
[INFO] [1758735144.738787678] [controller_server]: Passing new path to controller.
[INFO] [1758735147.738777803] [controller_server]: Passing new path to controller.
[INFO] [1758735150.788763192] [controller_server]: Passing new path to controller.
[INFO] [1758735153.838761784] [controller_server]: Passing new path to controller.
[INFO] [1758735156.602503153] [controller_server]: Reached the goal!
[INFO] [1758735156.604956860] [controller_server]: Optimizer reset
[INFO] [1758735156.627528259] [bt_navigator]: Goal succeeded
[INFO] [1758735156.669905674] [rclcpp]: signal_handler(signum=2)
[INFO] [1758735156.670272417] [amcl]: Running Nav2 LifecycleNode rcl preshutdown (amcl)
[INFO] [1758735156.670416891] [amcl]: Deactivating
[INFO] [1758735156.670458109] [amcl]: Destroying bond (amcl) to lifecycle manager.
[INFO] [1758735156.680908527] [amcl]: Cleaning up
[INFO] [1758735156.752523114] [lifecycle_manager_localization]: [34m[1mHave not received a heartbeat from amcl.[0m[0m
[ERROR] [1758735156.752615310] [lifecycle_manager_localization]: CRITICAL FAILURE: SERVER amcl IS DOWN after not receiving a heartbeat for 4000 ms. Shutting down related nodes.
[INFO] [1758735156.752705796] [lifecycle_manager_localization]: [34m[1mTerminating bond timer...[0m[0m
[INFO] [1758735156.752719035] [lifecycle_manager_localization]: [34m[1mResetting managed nodes...[0m[0m
[INFO] [1758735156.752726315] [lifecycle_manager_localization]: [34m[1mDeactivating amcl[0m[0m
[WARN] [1758735156.757619359] [rcl_lifecycle]: No transition matching 4 found for current state cleaningup
[ERROR] [1758735156.757669727] [amcl]: Unable to start transition 4 from current state cleaningup: Transition is not registered., at ./src/rcl_lifecycle.c:355
[ERROR] [1758735156.759211586] [lifecycle_manager_localization]: Failed to change state for node: amcl
[INFO] [1758735156.759265523] [lifecycle_manager_localization]: [34m[1mDeactivating map_server[0m[0m
[INFO] [1758735156.759570729] [map_server]: Deactivating
[INFO] [1758735156.759660235] [map_server]: Destroying bond (map_server) to lifecycle manager.
[INFO] [1758735156.772985210] [amcl]: Destroying bond (amcl) to lifecycle manager.
[INFO] [1758735156.773057177] [map_server]: Running Nav2 LifecycleNode rcl preshutdown (map_server)
[INFO] [1758735156.773075536] [map_server]: Destroying bond (map_server) to lifecycle manager.
[INFO] [1758735156.773087416] [controller_server]: Running Nav2 LifecycleNode rcl preshutdown (controller_server)
[INFO] [1758735156.773120134] [controller_server]: Deactivating
[INFO] [1758735156.773173322] [MPPIController]: Deactivated MPPI Controller: FollowPath
[INFO] [1758735156.773202900] [local_costmap.local_costmap]: Deactivating
[INFO] [1758735156.861606533] [controller_server]: Destroying bond (controller_server) to lifecycle manager.
[INFO] [1758735156.872077380] [controller_server]: Cleaning up
[INFO] [1758735156.875314381] [MPPIController]: Cleaned up MPPI Controller: FollowPath
[INFO] [1758735156.875521152] [lifecycle_manager_localization]: [34m[1mCleaning up amcl[0m[0m
[INFO] [1758735156.876887108] [local_costmap.local_costmap]: Cleaning up
[WARN] [1758735156.881649729] [rcl_lifecycle]: No transition matching 2 found for current state unconfigured
[ERROR] [1758735156.881685887] [amcl]: Unable to start transition 2 from current state unconfigured: Transition is not registered., at ./src/rcl_lifecycle.c:355
[INFO] [1758735156.882707960] [lifecycle_manager_localization]: [34m[1mCleaning up map_server[0m[0m
[INFO] [1758735156.882951989] [map_server]: Cleaning up
[INFO] [1758735156.892706469] [lifecycle_manager_localization]: [34m[1mManaged nodes have been reset[0m[0m
[INFO] [1758735156.967596175] [controller_server]: Destroying bond (controller_server) to lifecycle manager.
[INFO] [1758735156.967632393] [lifecycle_manager_localization]: Running Nav2 LifecycleManager rcl preshutdown (lifecycle_manager_localization)
[INFO] [1758735156.977881321] [smoother_server]: Running Nav2 LifecycleNode rcl preshutdown (smoother_server)
[INFO] [1758735156.978006355] [smoother_server]: Deactivating
[INFO] [1758735156.978078632] [smoother_server]: Destroying bond (smoother_server) to lifecycle manager.
[INFO] [1758735156.988317819] [smoother_server]: Cleaning up
[INFO] [1758735157.001254493] [smoother_server]: Destroying bond (smoother_server) to lifecycle manager.
[INFO] [1758735157.001282541] [planner_server]: Running Nav2 LifecycleNode rcl preshutdown (planner_server)
[INFO] [1758735157.001299151] [planner_server]: Deactivating
[INFO] [1758735157.001331399] [global_costmap.global_costmap]: Deactivating
[INFO] [1758735157.024363466] [planner_server]: Deactivating plugin GridBased of type NavfnPlanner
[INFO] [1758735157.024425273] [planner_server]: Destroying bond (planner_server) to lifecycle manager.
[INFO] [1758735157.034593354] [planner_server]: Cleaning up
[INFO] [1758735157.035340779] [lifecycle_manager_navigation]: [34m[1mHave not received a heartbeat from controller_server.[0m[0m
[ERROR] [1758735157.035361228] [lifecycle_manager_navigation]: CRITICAL FAILURE: SERVER controller_server IS DOWN after not receiving a heartbeat for 4000 ms. Shutting down related nodes.
[INFO] [1758735157.035412176] [lifecycle_manager_navigation]: [34m[1mTerminating bond timer...[0m[0m
[INFO] [1758735157.035419065] [lifecycle_manager_navigation]: [34m[1mResetting managed nodes...[0m[0m
[INFO] [1758735157.035424465] [lifecycle_manager_navigation]: [34m[1mDeactivating docking_server[0m[0m
[INFO] [1758735157.035641865] [docking_server]: Deactivating docking_server
[INFO] [1758735157.050399994] [global_costmap.global_costmap]: Cleaning up
[INFO] [1758735157.051685255] [docking_server]: Destroying bond (docking_server) to lifecycle manager.
[INFO] [1758735157.059196758] [planner_server]: Cleaning up plugin GridBased of type NavfnPlanner
[INFO] [1758735157.059286754] [planner_server]: Destroying plugin GridBased of type NavfnPlanner
[INFO] [1758735157.086120695] [planner_server]: Destroying bond (planner_server) to lifecycle manager.
[INFO] [1758735157.086156753] [behavior_server]: Running Nav2 LifecycleNode rcl preshutdown (behavior_server)
[INFO] [1758735157.086173912] [behavior_server]: Deactivating
[INFO] [1758735157.086204121] [behavior_server]: Destroying bond (behavior_server) to lifecycle manager.
[INFO] [1758735157.096401020] [behavior_server]: Cleaning up
[INFO] [1758735157.103479953] [behavior_server]: Destroying bond (behavior_server) to lifecycle manager.
[INFO] [1758735157.103542300] [bt_navigator]: Running Nav2 LifecycleNode rcl preshutdown (bt_navigator)
[INFO] [1758735157.103587118] [bt_navigator]: Deactivating
[INFO] [1758735157.103664285] [bt_navigator]: Destroying bond (bt_navigator) to lifecycle manager.
[INFO] [1758735157.113958830] [bt_navigator]: Cleaning up
[INFO] [1758735157.165263661] [lifecycle_manager_navigation]: [34m[1mDeactivating waypoint_follower[0m[0m
[INFO] [1758735157.165444703] [waypoint_follower]: Deactivating
[INFO] [1758735157.165496710] [waypoint_follower]: Destroying bond (waypoint_follower) to lifecycle manager.
[INFO] [1758735157.246127558] [bt_navigator]: Completed Cleaning up
[INFO] [1758735157.246187845] [bt_navigator]: Destroying bond (bt_navigator) to lifecycle manager.
[INFO] [1758735157.246196604] [waypoint_follower]: Running Nav2 LifecycleNode rcl preshutdown (waypoint_follower)
[INFO] [1758735157.246207694] [waypoint_follower]: Destroying bond (waypoint_follower) to lifecycle manager.
[INFO] [1758735157.246214064] [velocity_smoother]: Running Nav2 LifecycleNode rcl preshutdown (velocity_smoother)
[INFO] [1758735157.246236903] [velocity_smoother]: Deactivating
[INFO] [1758735157.246282540] [velocity_smoother]: Destroying bond (velocity_smoother) to lifecycle manager.
[INFO] [1758735157.256457411] [velocity_smoother]: Cleaning up
[INFO] [1758735157.256493719] [velocity_smoother]: Destroying bond (velocity_smoother) to lifecycle manager.
[INFO] [1758735157.256504899] [collision_monitor]: Running Nav2 LifecycleNode rcl preshutdown (collision_monitor)
[INFO] [1758735157.256522158] [collision_monitor]: Deactivating
[INFO] [1758735157.256556056] [collision_monitor]: Destroying bond (collision_monitor) to lifecycle manager.
[INFO] [1758735157.277422363] [lifecycle_manager_navigation]: [34m[1mDeactivating bt_navigator[0m[0m
[WARN] [1758735157.295812144] [rcl_lifecycle]: No transition matching 4 found for current state unconfigured
[ERROR] [1758735157.295839133] [bt_navigator]: Unable to start transition 4 from current state unconfigured: Transition is not registered., at ./src/rcl_lifecycle.c:355
[ERROR] [1758735157.296368198] [lifecycle_manager_navigation]: Failed to change state for node: bt_navigator
