[INFO] [1758735129.202084482] [rosbag2_recorder]: Press SPACE for pausing/resuming
[INFO] [1758735129.206875947] [rosbag2_recorder]: Listening for topics...
[INFO] [1758735129.206885207] [rosbag2_recorder]: Event publisher thread: Starting
[INFO] [1758735129.206935584] [rosbag2_recorder]: Recording...
[INFO] [1758735129.206979212] [rosbag2_recorder]: use_sim_time set, waiting for /clock before starting recording...
[INFO] [1758735129.207042680] [rosbag2_recorder]: Sim time /clock found, starting recording.
[INFO] [1758735129.213172265] [rosbag2_recorder]: Subscribed to topic '/amcl_pose'
[INFO] [1758735129.215365587] [rosbag2_recorder]: Subscribed to topic '/map'
[INFO] [1758735129.216643130] [rosbag2_recorder]: Subscribed to topic '/system/cpu_usage'
[INFO] [1758735129.218032868] [rosbag2_recorder]: Subscribed to topic '/gazebo/real_time_factor'
[INFO] [1758735129.219461643] [rosbag2_recorder]: Subscribed to topic '/scenario_status'
[INFO] [1758735129.222447390] [rosbag2_recorder]: Subscribed to topic '/tf'
[INFO] [1758735129.222923329] [rosbag2_recorder]: Subscribed to topic '/system/memory_usage'
[INFO] [1758735129.223676565] [rosbag2_recorder]: Subscribed to topic '/tf_static'
[INFO] [1758735129.328812578] [rosbag2_recorder]: Subscribed to topic '/local_costmap/costmap'
[INFO] [1758735129.333812764] [rosbag2_recorder]: Subscribed to topic '/scenario_execution/snapshots'
[INFO] [1758735129.433900013] [rosbag2_recorder]: All requested topics are subscribed. Stopping discovery...
[INFO] [1758735156.671547259] [rosbag2_recorder]: Pausing recording.
[INFO] [1758735156.671627025] [rosbag2_cpp]: Writing remaining messages from cache to the bag. It may take a while
[INFO] [1758735156.687174008] [rosbag2_recorder]: Event publisher thread: Exiting
[INFO] [1758735156.688243259] [rosbag2_recorder]: Recording stopped
