[INFO] [1758735119.600212110] [rviz2]: Stereo is NOT SUPPORTED
[INFO] [1758735119.600386102] [rviz2]: OpenGl version: 4.5 (GLSL 4.5)
[INFO] [1758735119.683848119] [rviz2]: Stereo is NOT SUPPORTED
[INFO] [1758735119.888071461] [rviz]: Subscribing to: /mobile_base/sensors/bumper_pointcloud

[INFO] [1758735119.888543510] [rviz]: Subscribing to: /mobile_base/sensors/bumper_pointcloud

[INFO] [1758735119.900532369] [rviz]: Subscribing to: /global_costmap/voxel_marked_cloud

[INFO] [1758735119.908130593] [rviz]: Subscribing to: /local_costmap/voxel_marked_cloud

[INFO] [1758735119.983102125] [rviz]: Subscribing to: /mobile_base/sensors/bumper_pointcloud

[INFO] [1758735119.987668943] [rviz]: Subscribing to: /global_costmap/voxel_marked_cloud

[INFO] [1758735119.990953748] [rviz]: Subscribing to: /local_costmap/voxel_marked_cloud

[INFO] [1758735120.026082822] [nav2_rviz_selector_node]: Trying to load plugins...
[INFO] [1758735120.075054622] [nav2_rviz_docking_panel_node]: Loading dock plugins
[INFO] [1758735120.188234727] [rviz2]: Stereo is NOT SUPPORTED
[INFO] [1758735120.255126223] [rviz2]: Trying to create a map of size 343 x 273 using 1 swatches
[ERROR] [1758735120.285038198] [rviz2]: rviz/glsl120/indexed_8bit_image.vert
rviz/glsl120/indexed_8bit_image.frag
 GLSL link result : 
active samplers with a different type refer to the same texture image unit
[INFO] [1758735126.748297429] [rviz]: Message Filter dropping message: frame 'rplidar_link' at time 0.006 for reason 'discarding message because the queue is full'
[INFO] [1758735126.812076134] [rviz]: Message Filter dropping message: frame 'rplidar_link' at time 0.102 for reason 'discarding message because the queue is full'
[INFO] [1758735126.908279121] [rviz]: Message Filter dropping message: frame 'rplidar_link' at time 0.201 for reason 'discarding message because the queue is full'
[INFO] [1758735127.298913817] [rviz2]: Trying to create a map of size 60 x 60 using 1 swatches
[INFO] [1758735128.039962513] [rviz2]: Trying to create a map of size 343 x 273 using 1 swatches
[INFO] [1758735135.590646508] [rviz]: Message Filter dropping message: frame 'odom' at time 0.360 for reason 'the timestamp on the message is earlier than all the data in the transform cache'
[INFO] [1758735135.801220066] [rviz]: Message Filter dropping message: frame 'odom' at time 0.540 for reason 'the timestamp on the message is earlier than all the data in the transform cache'
[INFO] [1758735135.801306942] [rviz]: Message Filter dropping message: frame 'odom' at time 0.558 for reason 'the timestamp on the message is earlier than all the data in the transform cache'
[INFO] [1758735136.001144224] [rviz]: Message Filter dropping message: frame 'odom' at time 0.756 for reason 'the timestamp on the message is earlier than all the data in the transform cache'
[INFO] [1758735136.287066261] [rviz]: Message Filter dropping message: frame 'odom' at time 0.936 for reason 'the timestamp on the message is earlier than all the data in the transform cache'
[INFO] [1758735136.345240045] [rviz]: Message Filter dropping message: frame 'odom' at time 1.080 for reason 'the timestamp on the message is earlier than all the data in the transform cache'
[INFO] [1758735136.345314182] [rviz]: Message Filter dropping message: frame 'odom' at time 1.080 for reason 'the timestamp on the message is earlier than all the data in the transform cache'
[INFO] [1758735136.345345401] [rviz]: Message Filter dropping message: frame 'odom' at time 1.080 for reason 'the timestamp on the message is earlier than all the data in the transform cache'
[INFO] [1758735136.345363170] [rviz]: Message Filter dropping message: frame 'odom' at time 1.080 for reason 'the timestamp on the message is earlier than all the data in the transform cache'
[INFO] [1758735136.457846494] [rviz]: Message Filter dropping message: frame 'odom' at time 1.101 for reason 'the timestamp on the message is earlier than all the data in the transform cache'
[INFO] [1758735136.515293021] [rviz]: Message Filter dropping message: frame 'rplidar_link' at time 0.300 for reason 'the timestamp on the message is earlier than all the data in the transform cache'
[INFO] [1758735136.586319006] [rviz]: Message Filter dropping message: frame 'rplidar_link' at time 0.402 for reason 'the timestamp on the message is earlier than all the data in the transform cache'
[INFO] [1758735136.695497629] [rviz]: Message Filter dropping message: frame 'rplidar_link' at time 0.501 for reason 'the timestamp on the message is earlier than all the data in the transform cache'
[INFO] [1758735136.804037961] [rviz]: Message Filter dropping message: frame 'rplidar_link' at time 0.600 for reason 'the timestamp on the message is earlier than all the data in the transform cache'
[INFO] [1758735136.915593797] [rviz]: Message Filter dropping message: frame 'rplidar_link' at time 0.702 for reason 'the timestamp on the message is earlier than all the data in the transform cache'
[INFO] [1758735137.022456073] [rviz]: Message Filter dropping message: frame 'rplidar_link' at time 0.801 for reason 'the timestamp on the message is earlier than all the data in the transform cache'
[INFO] [1758735137.093907785] [rviz]: Message Filter dropping message: frame 'rplidar_link' at time 0.900 for reason 'the timestamp on the message is earlier than all the data in the transform cache'
[INFO] [1758735137.203482385] [rviz]: Message Filter dropping message: frame 'rplidar_link' at time 1.002 for reason 'the timestamp on the message is earlier than all the data in the transform cache'
[INFO] [1758735137.358104719] [rviz]: Message Filter dropping message: frame 'rplidar_link' at time 1.101 for reason 'the timestamp on the message is earlier than all the data in the transform cache'
[INFO] [1758735156.669904944] [rclcpp]: signal_handler(signum=2)
