1758736508.0434787 [INFO] [launch]: All log files can be found below /out/logs/2025-09-24-17-55-08-042276-job-hallways-generated-2542-p2-o4-box-sd010n005-2-bdnk7-61
1758736508.0436161 [INFO] [launch]: Default logging verbosity is set to INFO
1758736509.6543360 [INFO] [xacro-1]: process started with pid [178]
1758736509.6553197 [INFO] [parameter_bridge-2]: process started with pid [179]
1758736509.6565528 [INFO] [image_bridge-3]: process started with pid [180]
1758736509.6566927 [INFO] [image_bridge-4]: process started with pid [181]
1758736509.6567807 [INFO] [create-5]: process started with pid [182]
1758736509.6568491 [INFO] [gz-6]: process started with pid [183]
1758736509.6569128 [INFO] [robot_state_publisher-7]: process started with pid [184]
1758736509.6569753 [INFO] [rviz2-8]: process started with pid [185]
1758736509.6570504 [INFO] [component_container_isolated-9]: process started with pid [186]
1758736509.6571176 [INFO] [gazebo_tf_publisher_node-10]: process started with pid [187]
1758736509.6571982 [INFO] [scenario_status_node-11]: process started with pid [188]
1758736509.6572616 [INFO] [gazebo_stats_publisher-12]: process started with pid [189]
1758736509.6573243 [INFO] [sys_stats_publisher-13]: process started with pid [190]
1758736509.6573884 [INFO] [laserscan_modification-14]: process started with pid [195]
1758736509.6574476 [INFO] [parameter_bridge-15]: process started with pid [196]
1758736509.6575067 [INFO] [create-16]: process started with pid [197]
1758736509.6591849 [INFO] [static_transform_publisher-17]: process started with pid [198]
1758736509.6592937 [INFO] [static_transform_publisher-18]: process started with pid [204]
1758736509.7160754 [static_transform_publisher-17] [INFO] [1758736509.714622666] [static_camera_transform]: Spinning until stopped - publishing transform
1758736509.7163794 [static_transform_publisher-17] translation: ('3.050000', '0.000000', '19.706573')
1758736509.7164960 [static_transform_publisher-17] rotation: ('-0.499602', '0.500000', '0.500000', '0.500398')
1758736509.7165544 [static_transform_publisher-17] from '/map' to 'static_camera'
1758736509.7822449 [static_transform_publisher-18] [INFO] [1758736509.770155193] [static_camera_transform_2]: Spinning until stopped - publishing transform
1758736509.7825129 [static_transform_publisher-18] translation: ('0.000000', '0.000000', '0.000000')
1758736509.7826407 [static_transform_publisher-18] rotation: ('-0.500000', '0.499602', '-0.500000', '0.500398')
1758736509.7826970 [static_transform_publisher-18] from 'static_camera' to 'static_camera_optical_frame'
1758736509.9094136 [INFO] [launch_ros.actions.load_composable_nodes]: Loaded node '/controller_server' in container '/nav2_container'
1758736509.9852347 [INFO] [launch_ros.actions.load_composable_nodes]: Loaded node '/map_server' in container '/nav2_container'
1758736509.9899809 [INFO] [xacro-1]: process has finished cleanly [pid 178]
1758736510.0032887 [INFO] [launch_ros.actions.load_composable_nodes]: Loaded node '/amcl' in container '/nav2_container'
1758736510.0225587 [INFO] [launch_ros.actions.load_composable_nodes]: Loaded node '/smoother_server' in container '/nav2_container'
1758736510.0428040 [INFO] [launch_ros.actions.load_composable_nodes]: Loaded node '/lifecycle_manager_localization' in container '/nav2_container'
1758736510.1293898 [INFO] [launch_ros.actions.load_composable_nodes]: Loaded node '/planner_server' in container '/nav2_container'
1758736510.1956527 [INFO] [launch_ros.actions.load_composable_nodes]: Loaded node '/behavior_server' in container '/nav2_container'
1758736510.2231894 [INFO] [launch_ros.actions.load_composable_nodes]: Loaded node '/bt_navigator' in container '/nav2_container'
1758736510.2474036 [INFO] [launch_ros.actions.load_composable_nodes]: Loaded node '/waypoint_follower' in container '/nav2_container'
1758736510.2913516 [INFO] [launch_ros.actions.load_composable_nodes]: Loaded node '/velocity_smoother' in container '/nav2_container'
1758736510.3223743 [INFO] [launch_ros.actions.load_composable_nodes]: Loaded node '/collision_monitor' in container '/nav2_container'
1758736510.3456528 [INFO] [launch_ros.actions.load_composable_nodes]: Loaded node '/docking_server' in container '/nav2_container'
1758736510.3862486 [INFO] [launch_ros.actions.load_composable_nodes]: Loaded node '/lifecycle_manager_navigation' in container '/nav2_container'
1758736510.9526210 [INFO] [create-5]: process has finished cleanly [pid 182]
1758736510.9685950 [INFO] [create-16]: process has finished cleanly [pid 197]
1758736521.7138329 [WARNING] [launch]: user interrupted with ctrl-c (SIGINT)
1758736523.4288120 [static_transform_publisher-18] [INFO] [1758736521.713351227] [rclcpp]: signal_handler(signum=2)
1758736523.4290614 [INFO] [parameter_bridge-2]: process has finished cleanly [pid 179]
1758736523.4291472 [INFO] [parameter_bridge-15]: process has finished cleanly [pid 196]
1758736523.4292035 [INFO] [gz-6]: process has finished cleanly [pid 183]
1758736523.4292603 [ERROR] [rviz2-8]: process has died [pid 185, exit code -6, cmd '/opt/ros/jazzy/lib/rviz2/rviz2 -d /config/common/view.rviz --ros-args --params-file /tmp/launch_params__cx80l8p'].
1758736523.4293046 [INFO] [static_transform_publisher-17]: process has finished cleanly [pid 198]
1758736523.4293442 [INFO] [static_transform_publisher-18]: process has finished cleanly [pid 204]
1758736523.4293828 [INFO] [gazebo_stats_publisher-12]: process has finished cleanly [pid 189]
1758736523.4294207 [INFO] [image_bridge-3]: process has finished cleanly [pid 180]
1758736523.4294572 [INFO] [image_bridge-4]: process has finished cleanly [pid 181]
1758736523.4295008 [ERROR] [sys_stats_publisher-13]: process has died [pid 190, exit code 1, cmd '/ws/install/sys_stats_publisher/lib/sys_stats_publisher/sys_stats_publisher --ros-args -r __node:=sys_stats_publisher'].
1758736523.4295399 [INFO] [robot_state_publisher-7]: process has finished cleanly [pid 184]
1758736523.4295824 [ERROR] [laserscan_modification-14]: process has died [pid 195, exit code 1, cmd '/ws/install/message_modification/lib/message_modification/laserscan_modification --ros-args -r __node:=laserscan_modification --params-file /tmp/launch_params_ytiyz6xw -r /in:=/scan_sim -r /out:=/scan'].
1758736523.4296222 [INFO] [gazebo_tf_publisher_node-10]: process has finished cleanly [pid 187]
1758736523.4296594 [INFO] [scenario_status_node-11]: process has finished cleanly [pid 188]
1758736523.4298120 [static_transform_publisher-17] [INFO] [1758736521.713350877] [rclcpp]: signal_handler(signum=2)
1758736523.4409485 [INFO] [component_container_isolated-9]: sending signal 'SIGINT' to process[component_container_isolated-9]
1758736523.4514937 [gazebo_tf_publisher_node-10] [INFO] [1758736521.713390234] [rclcpp]: signal_handler(signum=2)
1758736523.4556077 [ERROR] [launch]: Caught exception in launch (see debug for traceback): Cannot shutdown a ROS adapter that is not running
1758736523.7381568 [ERROR] [component_container_isolated-9]: process has died [pid 186, exit code -6, cmd '/opt/ros/jazzy/lib/rclcpp_components/component_container_isolated --ros-args --log-level info --ros-args -r __node:=nav2_container --params-file /tmp/launch_params_9z8xzs24 --params-file /tmp/launch_params_kbc83d2w -r /tf:=tf -r /tf_static:=tf_static'].
