[INFO] [1758692741.851525032] [nav2_container]: Load Library: /opt/ros/jazzy/lib/libcontroller_server_core.so
[INFO] [1758692741.930527021] [nav2_container]: Found class: rclcpp_components::NodeFactoryTemplate<nav2_controller::ControllerServer>
[INFO] [1758692741.930586207] [nav2_container]: Instantiate class: rclcpp_components::NodeFactoryTemplate<nav2_controller::ControllerServer>
[INFO] [1758692741.954701783] [controller_server]: 
	controller_server lifecycle node launched. 
	Waiting on external lifecycle transitions to activate
	See https://design.ros2.org/articles/node_lifecycle.html for more information.
[INFO] [1758692742.018521988] [controller_server]: Creating controller server
[INFO] [1758692742.039270036] [local_costmap.local_costmap]: 
	local_costmap lifecycle node launched. 
	Waiting on external lifecycle transitions to activate
	See https://design.ros2.org/articles/node_lifecycle.html for more information.
[INFO] [1758692742.041426167] [local_costmap.local_costmap]: Creating Costmap
[INFO] [1758692742.043973843] [nav2_container]: Load Library: /opt/ros/jazzy/lib/libmap_server_core.so
[INFO] [1758692742.066008525] [nav2_container]: Found class: rclcpp_components::NodeFactoryTemplate<nav2_map_server::CostmapFilterInfoServer>
[INFO] [1758692742.069216779] [nav2_container]: Found class: rclcpp_components::NodeFactoryTemplate<nav2_map_server::MapSaver>
[INFO] [1758692742.069230391] [nav2_container]: Found class: rclcpp_components::NodeFactoryTemplate<nav2_map_server::MapServer>
[INFO] [1758692742.069238291] [nav2_container]: Instantiate class: rclcpp_components::NodeFactoryTemplate<nav2_map_server::MapServer>
[INFO] [1758692742.087331204] [map_server]: 
	map_server lifecycle node launched. 
	Waiting on external lifecycle transitions to activate
	See https://design.ros2.org/articles/node_lifecycle.html for more information.
[INFO] [1758692742.087418182] [map_server]: Creating
[INFO] [1758692742.090909322] [nav2_container]: Load Library: /opt/ros/jazzy/lib/libamcl_core.so
[INFO] [1758692742.111637188] [nav2_container]: Found class: rclcpp_components::NodeFactoryTemplate<nav2_amcl::AmclNode>
[INFO] [1758692742.111689723] [nav2_container]: Instantiate class: rclcpp_components::NodeFactoryTemplate<nav2_amcl::AmclNode>
[INFO] [1758692742.123647782] [amcl]: 
	amcl lifecycle node launched. 
	Waiting on external lifecycle transitions to activate
	See https://design.ros2.org/articles/node_lifecycle.html for more information.
[INFO] [1758692742.125359574] [amcl]: Creating
[INFO] [1758692742.132722956] [nav2_container]: Load Library: /opt/ros/jazzy/lib/libsmoother_server_core.so
[INFO] [1758692742.134509435] [nav2_container]: Found class: rclcpp_components::NodeFactoryTemplate<nav2_smoother::SmootherServer>
[INFO] [1758692742.134525546] [nav2_container]: Instantiate class: rclcpp_components::NodeFactoryTemplate<nav2_smoother::SmootherServer>
[INFO] [1758692742.151934979] [smoother_server]: 
	smoother_server lifecycle node launched. 
	Waiting on external lifecycle transitions to activate
	See https://design.ros2.org/articles/node_lifecycle.html for more information.
[INFO] [1758692742.158339206] [smoother_server]: Creating smoother server
[INFO] [1758692742.160144816] [nav2_container]: Load Library: /opt/ros/jazzy/lib/libnav2_lifecycle_manager_core.so
[INFO] [1758692742.161902222] [nav2_container]: Found class: rclcpp_components::NodeFactoryTemplate<nav2_lifecycle_manager::LifecycleManager>
[INFO] [1758692742.161925534] [nav2_container]: Instantiate class: rclcpp_components::NodeFactoryTemplate<nav2_lifecycle_manager::LifecycleManager>
[INFO] [1758692742.175719496] [lifecycle_manager_localization]: Creating
[INFO] [1758692742.183889450] [nav2_container]: Load Library: /opt/ros/jazzy/lib/libplanner_server_core.so
[INFO] [1758692742.183959376] [lifecycle_manager_localization]: [34m[1mCreating and initializing lifecycle service clients[0m[0m
[INFO] [1758692742.185246640] [nav2_container]: Found class: rclcpp_components::NodeFactoryTemplate<nav2_planner::PlannerServer>
[INFO] [1758692742.185275112] [nav2_container]: Instantiate class: rclcpp_components::NodeFactoryTemplate<nav2_planner::PlannerServer>
[INFO] [1758692742.212879558] [lifecycle_manager_localization]: [34m[1mStarting managed nodes bringup...[0m[0m
[INFO] [1758692742.212938843] [lifecycle_manager_localization]: [34m[1mConfiguring map_server[0m[0m
[INFO] [1758692742.213184975] [map_server]: Configuring
[INFO] [1758692742.213279804] [map_io]: Loading yaml file: /config/maps/rooms.yaml
[INFO] [1758692742.213567499] [map_io]: resolution: 0.05
[INFO] [1758692742.213583951] [map_io]: origin[0]: -13.25
[INFO] [1758692742.213588261] [map_io]: origin[1]: -1.3
[INFO] [1758692742.213591971] [map_io]: origin[2]: 0
[INFO] [1758692742.213596262] [map_io]: free_thresh: 0.196
[INFO] [1758692742.213600402] [map_io]: occupied_thresh: 0.65
[INFO] [1758692742.213606933] [map_io]: mode: trinary
[INFO] [1758692742.213612293] [map_io]: negate: 0
[INFO] [1758692742.214516383] [map_io]: Loading image_file: /config/maps/rooms.pgm
[INFO] [1758692742.217523870] [map_io]: Read map /config/maps/rooms.pgm: 343 X 273 map @ 0.05 m/cell
[INFO] [1758692742.222324265] [lifecycle_manager_localization]: [34m[1mConfiguring amcl[0m[0m
[INFO] [1758692742.222608770] [amcl]: Configuring
[INFO] [1758692742.222734921] [amcl]: initTransforms
[INFO] [1758692742.222796197] [planner_server]: 
	planner_server lifecycle node launched. 
	Waiting on external lifecycle transitions to activate
	See https://design.ros2.org/articles/node_lifecycle.html for more information.
[INFO] [1758692742.228911759] [planner_server]: Creating
[INFO] [1758692742.230641312] [amcl]: initPubSub
[INFO] [1758692742.232212141] [amcl]: Subscribed to map topic.
[INFO] [1758692742.237067861] [lifecycle_manager_localization]: [34m[1mActivating map_server[0m[0m
[INFO] [1758692742.237291191] [map_server]: Activating
[INFO] [1758692742.238215253] [amcl]: Received a 343 X 273 map @ 0.050 m/pix
[INFO] [1758692742.238393509] [map_server]: Creating bond (map_server) to lifecycle manager.
[INFO] [1758692742.238469166] [global_costmap.global_costmap]: 
	global_costmap lifecycle node launched. 
	Waiting on external lifecycle transitions to activate
	See https://design.ros2.org/articles/node_lifecycle.html for more information.
[INFO] [1758692742.251731731] [global_costmap.global_costmap]: Creating Costmap
[INFO] [1758692742.258742782] [nav2_container]: Load Library: /opt/ros/jazzy/lib/libbehavior_server_core.so
[INFO] [1758692742.259865211] [nav2_container]: Found class: rclcpp_components::NodeFactoryTemplate<behavior_server::BehaviorServer>
[INFO] [1758692742.259899734] [nav2_container]: Instantiate class: rclcpp_components::NodeFactoryTemplate<behavior_server::BehaviorServer>
[INFO] [1758692742.272614451] [behavior_server]: 
	behavior_server lifecycle node launched. 
	Waiting on external lifecycle transitions to activate
	See https://design.ros2.org/articles/node_lifecycle.html for more information.
[INFO] [1758692742.288315972] [nav2_container]: Load Library: /opt/ros/jazzy/lib/libbt_navigator_core.so
[INFO] [1758692742.289462824] [nav2_container]: Found class: rclcpp_components::NodeFactoryTemplate<nav2_bt_navigator::BtNavigator>
[INFO] [1758692742.289488476] [nav2_container]: Instantiate class: rclcpp_components::NodeFactoryTemplate<nav2_bt_navigator::BtNavigator>
[INFO] [1758692742.325051587] [bt_navigator]: 
	bt_navigator lifecycle node launched. 
	Waiting on external lifecycle transitions to activate
	See https://design.ros2.org/articles/node_lifecycle.html for more information.
[INFO] [1758692742.329741923] [bt_navigator]: Creating
[INFO] [1758692742.332504187] [nav2_container]: Load Library: /opt/ros/jazzy/lib/libwaypoint_follower_core.so
[INFO] [1758692742.334664149] [nav2_container]: Found class: rclcpp_components::NodeFactoryTemplate<nav2_waypoint_follower::WaypointFollower>
[INFO] [1758692742.334686461] [nav2_container]: Instantiate class: rclcpp_components::NodeFactoryTemplate<nav2_waypoint_follower::WaypointFollower>
[INFO] [1758692742.342483341] [lifecycle_manager_localization]: Server map_server connected with bond.
[INFO] [1758692742.342514554] [lifecycle_manager_localization]: [34m[1mActivating amcl[0m[0m
[INFO] [1758692742.342774527] [amcl]: Activating
[INFO] [1758692742.342809060] [amcl]: Creating bond (amcl) to lifecycle manager.
[INFO] [1758692742.343416504] [waypoint_follower]: 
	waypoint_follower lifecycle node launched. 
	Waiting on external lifecycle transitions to activate
	See https://design.ros2.org/articles/node_lifecycle.html for more information.
[INFO] [1758692742.345424362] [waypoint_follower]: Creating
[INFO] [1758692742.351288862] [nav2_container]: Load Library: /opt/ros/jazzy/lib/libvelocity_smoother_core.so
[INFO] [1758692742.352389079] [nav2_container]: Found class: rclcpp_components::NodeFactoryTemplate<nav2_velocity_smoother::VelocitySmoother>
[INFO] [1758692742.352409591] [nav2_container]: Instantiate class: rclcpp_components::NodeFactoryTemplate<nav2_velocity_smoother::VelocitySmoother>
[INFO] [1758692742.367636790] [velocity_smoother]: 
	velocity_smoother lifecycle node launched. 
	Waiting on external lifecycle transitions to activate
	See https://design.ros2.org/articles/node_lifecycle.html for more information.
[INFO] [1758692742.374813826] [nav2_container]: Load Library: /opt/ros/jazzy/lib/libcollision_monitor_core.so
[INFO] [1758692742.379231067] [nav2_container]: Found class: rclcpp_components::NodeFactoryTemplate<nav2_collision_monitor::CollisionMonitor>
[INFO] [1758692742.379263960] [nav2_container]: Instantiate class: rclcpp_components::NodeFactoryTemplate<nav2_collision_monitor::CollisionMonitor>
[INFO] [1758692742.389461394] [collision_monitor]: 
	collision_monitor lifecycle node launched. 
	Waiting on external lifecycle transitions to activate
	See https://design.ros2.org/articles/node_lifecycle.html for more information.
[INFO] [1758692742.398628156] [nav2_container]: Load Library: /opt/ros/jazzy/lib/libopennav_docking_core.so
[INFO] [1758692742.401005227] [nav2_container]: Found class: rclcpp_components::NodeFactoryTemplate<opennav_docking::DockingServer>
[INFO] [1758692742.401042220] [nav2_container]: Instantiate class: rclcpp_components::NodeFactoryTemplate<opennav_docking::DockingServer>
[INFO] [1758692742.414680548] [docking_server]: 
	docking_server lifecycle node launched. 
	Waiting on external lifecycle transitions to activate
	See https://design.ros2.org/articles/node_lifecycle.html for more information.
[INFO] [1758692742.414753235] [docking_server]: Creating docking_server
[INFO] [1758692742.424804515] [nav2_container]: Found class: rclcpp_components::NodeFactoryTemplate<nav2_lifecycle_manager::LifecycleManager>
[INFO] [1758692742.424843889] [nav2_container]: Instantiate class: rclcpp_components::NodeFactoryTemplate<nav2_lifecycle_manager::LifecycleManager>
[INFO] [1758692742.434252992] [lifecycle_manager_navigation]: Creating
[INFO] [1758692742.435931541] [lifecycle_manager_navigation]: [34m[1mCreating and initializing lifecycle service clients[0m[0m
[INFO] [1758692742.444211075] [lifecycle_manager_navigation]: [34m[1mStarting managed nodes bringup...[0m[0m
[INFO] [1758692742.444242387] [lifecycle_manager_navigation]: [34m[1mConfiguring controller_server[0m[0m
[INFO] [1758692742.444401381] [controller_server]: Configuring controller interface
[INFO] [1758692742.444428044] [controller_server]: getting progress checker plugins..
[INFO] [1758692742.445198562] [controller_server]: getting goal checker plugins..
[INFO] [1758692742.446320161] [lifecycle_manager_localization]: Server amcl connected with bond.
[INFO] [1758692742.446368076] [lifecycle_manager_localization]: [34m[1mManaged nodes are active[0m[0m
[INFO] [1758692742.446407519] [lifecycle_manager_localization]: [34m[1mCreating bond timer...[0m[0m
[INFO] [1758692742.446419110] [controller_server]: Controller frequency set to 20.0000Hz
[INFO] [1758692742.446531710] [local_costmap.local_costmap]: Configuring
[INFO] [1758692742.451505211] [local_costmap.local_costmap]: Using plugin "voxel_layer"
[INFO] [1758692742.457667307] [local_costmap.local_costmap]: Subscribed to Topics: scan
[INFO] [1758692742.470683300] [local_costmap.local_costmap]: Initialized plugin "voxel_layer"
[INFO] [1758692742.470732895] [local_costmap.local_costmap]: Using plugin "inflation_layer"
[INFO] [1758692742.471391963] [local_costmap.local_costmap]: Initialized plugin "inflation_layer"
[INFO] [1758692742.482276457] [controller_server]: Created progress_checker : progress_checker of type nav2_controller::SimpleProgressChecker
[INFO] [1758692742.483464933] [controller_server]: Controller Server has progress_checker  progress checkers available.
[INFO] [1758692742.484508715] [controller_server]: Created goal checker : general_goal_checker of type nav2_controller::SimpleGoalChecker
[INFO] [1758692742.485338179] [controller_server]: Controller Server has general_goal_checker  goal checkers available.
[INFO] [1758692742.487044660] [controller_server]: Created controller : FollowPath of type nav2_mppi_controller::MPPIController
[INFO] [1758692742.496323242] [controller_server]: Controller period is equal to model dt. Control sequence shifting is ON
[INFO] [1758692742.500557147] [controller_server]: ConstraintCritic instantiated with 1 power and 4.000000 weight.
[INFO] [1758692742.500616142] [controller_server]: Critic loaded : mppi::critics::ConstraintCritic
[INFO] [1758692742.503081791] [controller_server]: InflationCostCritic instantiated with 1 power and 300.000000 / 0.015000 weights. Critic will collision check based on circular cost.
[INFO] [1758692742.503116374] [controller_server]: Critic loaded : mppi::critics::CostCritic
[INFO] [1758692742.504105851] [controller_server]: GoalCritic instantiated with 1 power and 5.000000 weight.
[INFO] [1758692742.504123863] [controller_server]: Critic loaded : mppi::critics::GoalCritic
[INFO] [1758692742.504677422] [controller_server]: GoalAngleCritic instantiated with 1 power, 3.000000 weight, and 0.500000 angular threshold.
[INFO] [1758692742.504695624] [controller_server]: Critic loaded : mppi::critics::GoalAngleCritic
[INFO] [1758692742.507614902] [controller_server]: ReferenceTrajectoryCritic instantiated with 1 power and 14.000000 weight
[INFO] [1758692742.507659236] [controller_server]: Critic loaded : mppi::critics::PathAlignCritic
[INFO] [1758692742.508524593] [controller_server]: Critic loaded : mppi::critics::PathFollowCritic
[INFO] [1758692742.510798644] [controller_server]: PathAngleCritic instantiated with 1 power and 2.000000 weight. Mode set to: Forward Preference
[INFO] [1758692742.510832367] [controller_server]: Critic loaded : mppi::critics::PathAngleCritic
[INFO] [1758692742.511570843] [controller_server]: PreferForwardCritic instantiated with 1 power and 5.000000 weight.
[INFO] [1758692742.511594815] [controller_server]: Critic loaded : mppi::critics::PreferForwardCritic
[INFO] [1758692742.515597500] [controller_server]: Optimizer reset
[INFO] [1758692742.519382845] [MPPIController]: Configured MPPI Controller: FollowPath
[INFO] [1758692742.519402377] [controller_server]: Controller Server has FollowPath  controllers available.
[INFO] [1758692742.524414441] [lifecycle_manager_navigation]: [34m[1mConfiguring smoother_server[0m[0m
[INFO] [1758692742.524614179] [smoother_server]: Configuring smoother server
[INFO] [1758692742.531054929] [smoother_server]: Created smoother : simple_smoother of type nav2_smoother::SimpleSmoother
[INFO] [1758692742.531899204] [smoother_server]: Smoother Server has simple_smoother  smoothers available.
[INFO] [1758692742.535441768] [lifecycle_manager_navigation]: [34m[1mConfiguring planner_server[0m[0m
[INFO] [1758692742.535658267] [planner_server]: Configuring
[INFO] [1758692742.535708682] [global_costmap.global_costmap]: Configuring
[INFO] [1758692742.540366344] [global_costmap.global_costmap]: Using plugin "static_layer"
[INFO] [1758692742.542650447] [global_costmap.global_costmap]: Subscribing to the map topic (/map) with transient local durability
[INFO] [1758692742.543521294] [global_costmap.global_costmap]: Initialized plugin "static_layer"
[INFO] [1758692742.543539635] [global_costmap.global_costmap]: Using plugin "obstacle_layer"
[INFO] [1758692742.545054580] [global_costmap.global_costmap]: Subscribed to Topics: scan
[INFO] [1758692742.550358710] [global_costmap.global_costmap]: Initialized plugin "obstacle_layer"
[INFO] [1758692742.550380301] [global_costmap.global_costmap]: Using plugin "inflation_layer"
[INFO] [1758692742.551651224] [global_costmap.global_costmap]: Initialized plugin "inflation_layer"
[INFO] [1758692742.559348476] [global_costmap.global_costmap]: StaticLayer: Resizing costmap to 343 X 273 at 0.050000 m/pix
[INFO] [1758692742.560250476] [planner_server]: Created global planner plugin GridBased of type nav2_navfn_planner::NavfnPlanner
[INFO] [1758692742.560287429] [planner_server]: Configuring plugin GridBased of type NavfnPlanner
[INFO] [1758692742.561532390] [planner_server]: Planner Server has GridBased  planners available.
[WARN] [1758692742.567656022] [amcl]: New subscription discovered on topic '/particle_cloud', requesting incompatible QoS. No messages will be sent to it. Last incompatible policy: RELIABILITY_QOS_POLICY
[INFO] [1758692742.567886253] [lifecycle_manager_navigation]: [34m[1mConfiguring behavior_server[0m[0m
[INFO] [1758692742.568196510] [behavior_server]: Configuring
[INFO] [1758692742.572887296] [behavior_server]: Creating behavior plugin spin of type nav2_behaviors::Spin
[INFO] [1758692742.575839627] [behavior_server]: Creating behavior plugin backup of type nav2_behaviors::BackUp
[INFO] [1758692742.578264552] [behavior_server]: Creating behavior plugin drive_on_heading of type nav2_behaviors::DriveOnHeading
[INFO] [1758692742.580785955] [behavior_server]: Creating behavior plugin assisted_teleop of type nav2_behaviors::AssistedTeleop
[INFO] [1758692742.583763589] [behavior_server]: Creating behavior plugin wait of type nav2_behaviors::Wait
[INFO] [1758692742.587506211] [behavior_server]: Configuring spin
[INFO] [1758692742.594411023] [behavior_server]: Configuring backup
[INFO] [1758692742.598490104] [behavior_server]: Configuring drive_on_heading
[INFO] [1758692742.602741791] [behavior_server]: Configuring assisted_teleop
[INFO] [1758692742.607980585] [behavior_server]: Configuring wait
[INFO] [1758692742.611881251] [lifecycle_manager_navigation]: [34m[1mConfiguring velocity_smoother[0m[0m
[INFO] [1758692742.612112831] [velocity_smoother]: Configuring velocity smoother
[INFO] [1758692742.617063460] [lifecycle_manager_navigation]: [34m[1mConfiguring collision_monitor[0m[0m
[INFO] [1758692742.617276899] [collision_monitor]: Configuring
[INFO] [1758692742.623321784] [collision_monitor]: [scan]: Creating Scan
[INFO] [1758692742.625310890] [collision_monitor]: [FootprintApproach]: Creating Polygon
[INFO] [1758692742.625572184] [collision_monitor]: [FootprintApproach]: Polygon points are not defined. Using dynamic subscription instead.
[INFO] [1758692742.627741016] [collision_monitor]: [FootprintApproach]: Making footprint subscriber on /local_costmap/published_footprint topic
[INFO] [1758692742.630572697] [lifecycle_manager_navigation]: [34m[1mConfiguring bt_navigator[0m[0m
[INFO] [1758692742.630702088] [bt_navigator]: Configuring
[INFO] [1758692742.633216481] [bt_navigator]: Creating navigator id navigate_to_pose of type nav2_bt_navigator::NavigateToPoseNavigator
[INFO] [1758692742.729698379] [bt_navigator]: Creating navigator id navigate_through_poses of type nav2_bt_navigator::NavigateThroughPosesNavigator
[INFO] [1758692742.744676616] [lifecycle_manager_navigation]: [34m[1mConfiguring waypoint_follower[0m[0m
[INFO] [1758692742.744823069] [waypoint_follower]: Configuring
[INFO] [1758692742.759219985] [waypoint_follower]: Created waypoint_task_executor : wait_at_waypoint of type nav2_waypoint_follower::WaitAtWaypoint
[INFO] [1758692742.760171219] [lifecycle_manager_navigation]: [34m[1mConfiguring docking_server[0m[0m
[INFO] [1758692742.760393629] [docking_server]: Configuring docking_server
[INFO] [1758692742.760455685] [docking_server]: Controller frequency set to 50.0000Hz
[INFO] [1758692742.780883384] [docking_server]: Created charging dock plugin simple_charging_dock of type opennav_docking::SimpleChargingDock
[WARN] [1758692742.785605993] [docking_server]: Dock database filepath nor dock parameters set. Docking actions can only be executed specifying the dock pose via the action request. Or update the dock database via the reload_database service.
[INFO] [1758692742.785662458] [docking_server]: Docking Server has 1 dock types and 0 dock instances available.
[INFO] [1758692742.787391991] [lifecycle_manager_navigation]: [34m[1mActivating controller_server[0m[0m
[INFO] [1758692742.787625762] [controller_server]: Activating
[INFO] [1758692742.787668196] [local_costmap.local_costmap]: Activating
[INFO] [1758692742.787706769] [local_costmap.local_costmap]: Checking transform
[INFO] [1758692742.787768204] [local_costmap.local_costmap]: Timed out waiting for transform from base_link to odom to become available, tf error: Invalid frame ID "odom" passed to canTransform argument target_frame - frame does not exist
[INFO] [1758692743.287798588] [local_costmap.local_costmap]: Timed out waiting for transform from base_link to odom to become available, tf error: Invalid frame ID "odom" passed to canTransform argument target_frame - frame does not exist
[INFO] [1758692743.787799479] [local_costmap.local_costmap]: Timed out waiting for transform from base_link to odom to become available, tf error: Invalid frame ID "odom" passed to canTransform argument target_frame - frame does not exist
[INFO] [1758692744.287809531] [local_costmap.local_costmap]: Timed out waiting for transform from base_link to odom to become available, tf error: Invalid frame ID "odom" passed to canTransform argument target_frame - frame does not exist
[INFO] [1758692744.736113762] [amcl]: initialPoseReceived
[INFO] [1758692744.736300308] [amcl]: Setting pose (0.006000): -0.598 0.970 2.046
[INFO] [1758692744.787816993] [local_costmap.local_costmap]: Timed out waiting for transform from base_link to odom to become available, tf error: Invalid frame ID "odom" passed to canTransform argument target_frame - frame does not exist
[INFO] [1758692745.287837976] [local_costmap.local_costmap]: Timed out waiting for transform from base_link to odom to become available, tf error: Invalid frame ID "odom" passed to canTransform argument target_frame - frame does not exist
[INFO] [1758692745.787830586] [local_costmap.local_costmap]: Timed out waiting for transform from base_link to odom to become available, tf error: Invalid frame ID "odom" passed to canTransform argument target_frame - frame does not exist
[INFO] [1758692746.287807026] [local_costmap.local_costmap]: Timed out waiting for transform from base_link to odom to become available, tf error: Invalid frame ID "odom" passed to canTransform argument target_frame - frame does not exist
[INFO] [1758692746.787803077] [local_costmap.local_costmap]: Timed out waiting for transform from base_link to odom to become available, tf error: Invalid frame ID "odom" passed to canTransform argument target_frame - frame does not exist
[INFO] [1758692747.287800378] [local_costmap.local_costmap]: Timed out waiting for transform from base_link to odom to become available, tf error: Invalid frame ID "odom" passed to canTransform argument target_frame - frame does not exist
[INFO] [1758692747.787967724] [local_costmap.local_costmap]: start
[INFO] [1758692747.913203610] [amcl]: createLaserObject
[WARN] [1758692747.989124267] [controller_server]: Parameter controller_server.verbose not found
[INFO] [1758692747.991983660] [controller_server]: Optimizer reset
[INFO] [1758692747.992476254] [MPPIController]: Activated MPPI Controller: FollowPath
[INFO] [1758692747.992521518] [controller_server]: Creating bond (controller_server) to lifecycle manager.
[INFO] [1758692748.095401653] [lifecycle_manager_navigation]: Server controller_server connected with bond.
[INFO] [1758692748.095504492] [lifecycle_manager_navigation]: [34m[1mActivating smoother_server[0m[0m
[INFO] [1758692748.095995726] [smoother_server]: Activating
[INFO] [1758692748.096051801] [smoother_server]: Creating bond (smoother_server) to lifecycle manager.
[INFO] [1758692748.197879953] [lifecycle_manager_navigation]: Server smoother_server connected with bond.
[INFO] [1758692748.197918287] [lifecycle_manager_navigation]: [34m[1mActivating planner_server[0m[0m
[INFO] [1758692748.198182600] [planner_server]: Activating
[INFO] [1758692748.198219013] [global_costmap.global_costmap]: Activating
[INFO] [1758692748.198227574] [global_costmap.global_costmap]: Checking transform
[INFO] [1758692748.198253216] [global_costmap.global_costmap]: Timed out waiting for transform from base_link to map to become available, tf error: Lookup would require extrapolation into the past.  Requested time 0.468000 but the earliest data is at time 1.102000, when looking up transform from frame [base_link] to frame [map]
[INFO] [1758692748.698305392] [global_costmap.global_costmap]: Timed out waiting for transform from base_link to map to become available, tf error: Lookup would require extrapolation into the past.  Requested time 0.936000 but the earliest data is at time 1.102000, when looking up transform from frame [base_link] to frame [map]
[INFO] [1758692748.743999521] [amcl]: Message Filter dropping message: frame 'rplidar_link' at time 0.006 for reason 'the timestamp on the message is earlier than all the data in the transform cache'
[INFO] [1758692749.198319235] [global_costmap.global_costmap]: Timed out waiting for transform from base_link to map to become available, tf error: Lookup would require extrapolation into the past.  Requested time 1.080000 but the earliest data is at time 1.102000, when looking up transform from frame [base_link] to frame [map]
[INFO] [1758692749.698324427] [global_costmap.global_costmap]: Timed out waiting for transform from base_link to map to become available, tf error: Lookup would require extrapolation into the past.  Requested time 1.080000 but the earliest data is at time 1.102000, when looking up transform from frame [base_link] to frame [map]
[INFO] [1758692750.198408996] [global_costmap.global_costmap]: start
[INFO] [1758692751.249752539] [planner_server]: Activating plugin GridBased of type NavfnPlanner
[INFO] [1758692751.251216479] [planner_server]: Creating bond (planner_server) to lifecycle manager.
[INFO] [1758692751.357068528] [lifecycle_manager_navigation]: Server planner_server connected with bond.
[INFO] [1758692751.357185468] [lifecycle_manager_navigation]: [34m[1mActivating behavior_server[0m[0m
[INFO] [1758692751.357864778] [behavior_server]: Activating
[INFO] [1758692751.357906052] [behavior_server]: Activating spin
[INFO] [1758692751.357954996] [behavior_server]: Activating backup
[INFO] [1758692751.357968767] [behavior_server]: Activating drive_on_heading
[INFO] [1758692751.357986079] [behavior_server]: Activating assisted_teleop
[INFO] [1758692751.358096999] [behavior_server]: Activating wait
[INFO] [1758692751.358126441] [behavior_server]: Creating bond (behavior_server) to lifecycle manager.
[INFO] [1758692751.471291778] [lifecycle_manager_navigation]: Server behavior_server connected with bond.
[INFO] [1758692751.471459083] [lifecycle_manager_navigation]: [34m[1mActivating velocity_smoother[0m[0m
[INFO] [1758692751.472319859] [velocity_smoother]: Activating
[INFO] [1758692751.472474723] [velocity_smoother]: Creating bond (velocity_smoother) to lifecycle manager.
[INFO] [1758692751.577859201] [lifecycle_manager_navigation]: Server velocity_smoother connected with bond.
[INFO] [1758692751.578000303] [lifecycle_manager_navigation]: [34m[1mActivating collision_monitor[0m[0m
[INFO] [1758692751.578907153] [collision_monitor]: Activating
[INFO] [1758692751.580001010] [collision_monitor]: Creating bond (collision_monitor) to lifecycle manager.
[INFO] [1758692751.684198893] [lifecycle_manager_navigation]: Server collision_monitor connected with bond.
[INFO] [1758692751.684267079] [lifecycle_manager_navigation]: [34m[1mActivating bt_navigator[0m[0m
[INFO] [1758692751.685105693] [bt_navigator]: Activating
[INFO] [1758692751.750827126] [bt_navigator]: Creating bond (bt_navigator) to lifecycle manager.
[INFO] [1758692751.856769823] [lifecycle_manager_navigation]: Server bt_navigator connected with bond.
[INFO] [1758692751.856855491] [lifecycle_manager_navigation]: [34m[1mActivating waypoint_follower[0m[0m
[INFO] [1758692751.859172676] [waypoint_follower]: Activating
[INFO] [1758692751.859362453] [waypoint_follower]: Creating bond (waypoint_follower) to lifecycle manager.
[INFO] [1758692751.964190531] [lifecycle_manager_navigation]: Server waypoint_follower connected with bond.
[INFO] [1758692751.964850849] [lifecycle_manager_navigation]: [34m[1mActivating docking_server[0m[0m
[INFO] [1758692751.965633169] [docking_server]: Activating docking_server
[INFO] [1758692751.986518449] [docking_server]: Creating bond (docking_server) to lifecycle manager.
[INFO] [1758692752.090816911] [lifecycle_manager_navigation]: Server docking_server connected with bond.
[INFO] [1758692752.090946302] [lifecycle_manager_navigation]: [34m[1mManaged nodes are active[0m[0m
[INFO] [1758692752.091002277] [lifecycle_manager_navigation]: [34m[1mCreating bond timer...[0m[0m
[INFO] [1758692752.836330066] [bt_navigator]: Begin navigating from current location through 1 poses to (-6.17, 7.62)
[INFO] [1758692752.858536513] [controller_server]: Received a goal, begin computing control effort.
[WARN] [1758692752.858674926] [controller_server]: No goal checker was specified in parameter 'current_goal_checker'. Server will use only plugin loaded general_goal_checker . This warning will appear once.
[WARN] [1758692752.858708779] [controller_server]: No progress checker was specified in parameter 'current_progress_checker'. Server will use only plugin loaded progress_checker . This warning will appear once.
[INFO] [1758692755.909182003] [controller_server]: Passing new path to controller.
[INFO] [1758692758.959028114] [controller_server]: Passing new path to controller.
[INFO] [1758692761.959015500] [controller_server]: Passing new path to controller.
[WARN] [1758692763.013567149] [controller_server]: Control loop missed its desired rate of 20.0000 Hz. Current loop rate is 22.2222 Hz.
[INFO] [1758692765.009014947] [controller_server]: Passing new path to controller.
[INFO] [1758692768.009573596] [controller_server]: Passing new path to controller.
[INFO] [1758692771.059012757] [controller_server]: Passing new path to controller.
[INFO] [1758692774.108984597] [controller_server]: Passing new path to controller.
[INFO] [1758692777.109473383] [controller_server]: Passing new path to controller.
[INFO] [1758692780.159128587] [controller_server]: Passing new path to controller.
[INFO] [1758692783.158994499] [controller_server]: Passing new path to controller.
[INFO] [1758692786.211271317] [controller_server]: Passing new path to controller.
[INFO] [1758692789.208979271] [controller_server]: Passing new path to controller.
[INFO] [1758692790.115945267] [controller_server]: Reached the goal!
[INFO] [1758692790.117345091] [controller_server]: Optimizer reset
[INFO] [1758692790.136822037] [bt_navigator]: Goal succeeded
[INFO] [1758692790.237580965] [rclcpp]: signal_handler(signum=2)
[INFO] [1758692790.237661172] [controller_server]: Running Nav2 LifecycleNode rcl preshutdown (controller_server)
[INFO] [1758692790.237801475] [controller_server]: Deactivating
[INFO] [1758692790.237861440] [MPPIController]: Deactivated MPPI Controller: FollowPath
[INFO] [1758692790.237884242] [local_costmap.local_costmap]: Deactivating
[INFO] [1758692790.388178920] [controller_server]: Destroying bond (controller_server) to lifecycle manager.
[INFO] [1758692790.398373103] [controller_server]: Cleaning up
[INFO] [1758692790.400058032] [MPPIController]: Cleaned up MPPI Controller: FollowPath
[INFO] [1758692790.400505312] [local_costmap.local_costmap]: Cleaning up
[INFO] [1758692790.436455277] [controller_server]: Destroying bond (controller_server) to lifecycle manager.
[INFO] [1758692790.436488230] [map_server]: Running Nav2 LifecycleNode rcl preshutdown (map_server)
[INFO] [1758692790.436507002] [map_server]: Deactivating
[INFO] [1758692790.436518063] [map_server]: Destroying bond (map_server) to lifecycle manager.
[INFO] [1758692790.446517369] [lifecycle_manager_localization]: [34m[1mHave not received a heartbeat from map_server.[0m[0m
[ERROR] [1758692790.446563233] [lifecycle_manager_localization]: CRITICAL FAILURE: SERVER map_server IS DOWN after not receiving a heartbeat for 4000 ms. Shutting down related nodes.
[INFO] [1758692790.446628049] [lifecycle_manager_localization]: [34m[1mTerminating bond timer...[0m[0m
[INFO] [1758692790.446646380] [lifecycle_manager_localization]: [34m[1mResetting managed nodes...[0m[0m
[INFO] [1758692790.446652891] [lifecycle_manager_localization]: [34m[1mDeactivating amcl[0m[0m
[INFO] [1758692790.446763281] [map_server]: Cleaning up
[INFO] [1758692790.446815305] [map_server]: Destroying bond (map_server) to lifecycle manager.
[INFO] [1758692790.446827406] [amcl]: Running Nav2 LifecycleNode rcl preshutdown (amcl)
[INFO] [1758692790.446846518] [amcl]: Deactivating
[INFO] [1758692790.446872410] [amcl]: Destroying bond (amcl) to lifecycle manager.
[WARN] [1758692790.447119182] [rcl_lifecycle]: No transition matching 4 found for current state deactivating
[ERROR] [1758692790.447151825] [amcl]: Unable to start transition 4 from current state deactivating: Transition is not registered., at ./src/rcl_lifecycle.c:355
[ERROR] [1758692790.447585353] [lifecycle_manager_localization]: Failed to change state for node: amcl
[INFO] [1758692790.447608736] [lifecycle_manager_localization]: [34m[1mDeactivating map_server[0m[0m
[WARN] [1758692790.454151065] [rcl_lifecycle]: No transition matching 4 found for current state unconfigured
[ERROR] [1758692790.454172547] [map_server]: Unable to start transition 4 from current state unconfigured: Transition is not registered., at ./src/rcl_lifecycle.c:355
[ERROR] [1758692790.454432880] [lifecycle_manager_localization]: Failed to change state for node: map_server
[INFO] [1758692790.454462583] [lifecycle_manager_localization]: [34m[1mCleaning up amcl[0m[0m
[WARN] [1758692790.454567952] [rcl_lifecycle]: No transition matching 2 found for current state deactivating
[ERROR] [1758692790.454576763] [amcl]: Unable to start transition 2 from current state deactivating: Transition is not registered., at ./src/rcl_lifecycle.c:355
[ERROR] [1758692790.454731987] [lifecycle_manager_localization]: Failed to change state for node: amcl
[INFO] [1758692790.454755779] [lifecycle_manager_localization]: [34m[1mCleaning up map_server[0m[0m
[WARN] [1758692790.454860248] [rcl_lifecycle]: No transition matching 2 found for current state unconfigured
[ERROR] [1758692790.454874109] [map_server]: Unable to start transition 2 from current state unconfigured: Transition is not registered., at ./src/rcl_lifecycle.c:355
[INFO] [1758692790.454997930] [lifecycle_manager_localization]: [34m[1mManaged nodes have been reset[0m[0m
[INFO] [1758692790.457039591] [amcl]: Cleaning up
[INFO] [1758692790.469683352] [amcl]: Destroying bond (amcl) to lifecycle manager.
[INFO] [1758692790.469719515] [smoother_server]: Running Nav2 LifecycleNode rcl preshutdown (smoother_server)
[INFO] [1758692790.469745407] [smoother_server]: Deactivating
[INFO] [1758692790.469769329] [smoother_server]: Destroying bond (smoother_server) to lifecycle manager.
[INFO] [1758692790.480015027] [smoother_server]: Cleaning up
[INFO] [1758692790.491161365] [lifecycle_manager_navigation]: [34m[1mHave not received a heartbeat from controller_server.[0m[0m
[ERROR] [1758692790.491218770] [lifecycle_manager_navigation]: CRITICAL FAILURE: SERVER controller_server IS DOWN after not receiving a heartbeat for 4000 ms. Shutting down related nodes.
[INFO] [1758692790.491291156] [lifecycle_manager_navigation]: [34m[1mTerminating bond timer...[0m[0m
[INFO] [1758692790.491307738] [lifecycle_manager_navigation]: [34m[1mResetting managed nodes...[0m[0m
[INFO] [1758692790.491320149] [lifecycle_manager_navigation]: [34m[1mDeactivating docking_server[0m[0m
[INFO] [1758692790.492234680] [docking_server]: Deactivating docking_server
[INFO] [1758692790.494809578] [smoother_server]: Destroying bond (smoother_server) to lifecycle manager.
[INFO] [1758692790.494843321] [lifecycle_manager_localization]: Running Nav2 LifecycleManager rcl preshutdown (lifecycle_manager_localization)
[INFO] [1758692790.505338231] [planner_server]: Running Nav2 LifecycleNode rcl preshutdown (planner_server)
[INFO] [1758692790.505481634] [planner_server]: Deactivating
[INFO] [1758692790.505577732] [global_costmap.global_costmap]: Deactivating
[INFO] [1758692790.509185912] [docking_server]: Destroying bond (docking_server) to lifecycle manager.
[INFO] [1758692790.621450510] [lifecycle_manager_navigation]: [34m[1mDeactivating waypoint_follower[0m[0m
[INFO] [1758692790.621679500] [waypoint_follower]: Deactivating
[INFO] [1758692790.621728164] [waypoint_follower]: Destroying bond (waypoint_follower) to lifecycle manager.
[INFO] [1758692790.733785083] [lifecycle_manager_navigation]: [34m[1mDeactivating bt_navigator[0m[0m
[INFO] [1758692790.734017184] [bt_navigator]: Deactivating
[INFO] [1758692790.734054947] [bt_navigator]: Destroying bond (bt_navigator) to lifecycle manager.
[INFO] [1758692790.846334466] [lifecycle_manager_navigation]: [34m[1mDeactivating collision_monitor[0m[0m
[INFO] [1758692791.198605971] [planner_server]: Deactivating plugin GridBased of type NavfnPlanner
[INFO] [1758692791.198673257] [planner_server]: Destroying bond (planner_server) to lifecycle manager.
[INFO] [1758692791.208861500] [planner_server]: Cleaning up
[INFO] [1758692791.226121319] [global_costmap.global_costmap]: Cleaning up
[INFO] [1758692791.230604836] [planner_server]: Cleaning up plugin GridBased of type NavfnPlanner
[INFO] [1758692791.230761860] [planner_server]: Destroying plugin GridBased of type NavfnPlanner
[INFO] [1758692791.256445366] [planner_server]: Destroying bond (planner_server) to lifecycle manager.
[INFO] [1758692791.256468478] [behavior_server]: Running Nav2 LifecycleNode rcl preshutdown (behavior_server)
[INFO] [1758692791.256483820] [behavior_server]: Deactivating
[INFO] [1758692791.256508472] [behavior_server]: Destroying bond (behavior_server) to lifecycle manager.
[INFO] [1758692791.266648640] [behavior_server]: Cleaning up
[INFO] [1758692791.274146865] [behavior_server]: Destroying bond (behavior_server) to lifecycle manager.
[INFO] [1758692791.274168557] [bt_navigator]: Running Nav2 LifecycleNode rcl preshutdown (bt_navigator)
[INFO] [1758692791.274184698] [bt_navigator]: Cleaning up
[INFO] [1758692791.392545466] [bt_navigator]: Completed Cleaning up
[INFO] [1758692791.392587340] [bt_navigator]: Destroying bond (bt_navigator) to lifecycle manager.
[INFO] [1758692791.392596410] [waypoint_follower]: Running Nav2 LifecycleNode rcl preshutdown (waypoint_follower)
[INFO] [1758692791.392614402] [waypoint_follower]: Cleaning up
[INFO] [1758692791.396360474] [waypoint_follower]: Destroying bond (waypoint_follower) to lifecycle manager.
[INFO] [1758692791.396374505] [velocity_smoother]: Running Nav2 LifecycleNode rcl preshutdown (velocity_smoother)
[INFO] [1758692791.396388977] [velocity_smoother]: Deactivating
[INFO] [1758692791.396409958] [velocity_smoother]: Destroying bond (velocity_smoother) to lifecycle manager.
[INFO] [1758692791.406552357] [velocity_smoother]: Cleaning up
[INFO] [1758692791.406580530] [velocity_smoother]: Destroying bond (velocity_smoother) to lifecycle manager.
[INFO] [1758692791.406589070] [collision_monitor]: Running Nav2 LifecycleNode rcl preshutdown (collision_monitor)
[INFO] [1758692791.406605632] [collision_monitor]: Deactivating
[INFO] [1758692791.406635794] [collision_monitor]: Destroying bond (collision_monitor) to lifecycle manager.
[INFO] [175