1758710328.8749633 [INFO] [launch]: All log files can be found below /out/logs/2025-09-24-10-38-48-873844-job-large-room-generated-7060-p1-o4-box-sd000n000-1-r9kh8-61
1758710328.8751192 [INFO] [launch]: Default logging verbosity is set to INFO
1758710330.4544499 [INFO] [xacro-1]: process started with pid [179]
1758710330.4548604 [INFO] [parameter_bridge-2]: process started with pid [180]
1758710330.4550278 [INFO] [image_bridge-3]: process started with pid [181]
1758710330.4551129 [INFO] [image_bridge-4]: process started with pid [182]
1758710330.4552038 [INFO] [create-5]: process started with pid [183]
1758710330.4552641 [INFO] [gz-6]: process started with pid [184]
1758710330.4553237 [INFO] [robot_state_publisher-7]: process started with pid [185]
1758710330.4553819 [INFO] [rviz2-8]: process started with pid [186]
1758710330.4554515 [INFO] [component_container_isolated-9]: process started with pid [187]
1758710330.4555163 [INFO] [gazebo_tf_publisher_node-10]: process started with pid [188]
1758710330.4555750 [INFO] [scenario_status_node-11]: process started with pid [189]
1758710330.4556308 [INFO] [gazebo_stats_publisher-12]: process started with pid [190]
1758710330.4556909 [INFO] [sys_stats_publisher-13]: process started with pid [191]
1758710330.4557436 [INFO] [laserscan_modification-14]: process started with pid [192]
1758710330.4557986 [INFO] [parameter_bridge-15]: process started with pid [193]
1758710330.4559703 [INFO] [create-16]: process started with pid [194]
1758710330.4560366 [INFO] [static_transform_publisher-17]: process started with pid [195]
1758710330.4560945 [INFO] [static_transform_publisher-18]: process started with pid [198]
1758710330.5706103 [static_transform_publisher-18] [INFO] [1758710330.568805517] [static_camera_transform_2]: Spinning until stopped - publishing transform
1758710330.5714638 [static_transform_publisher-18] translation: ('0.000000', '0.000000', '0.000000')
1758710330.5715823 [static_transform_publisher-18] rotation: ('-0.500000', '0.499602', '-0.500000', '0.500398')
1758710330.5716281 [static_transform_publisher-18] from 'static_camera' to 'static_camera_optical_frame'
1758710330.6152661 [static_transform_publisher-17] [INFO] [1758710330.609592220] [static_camera_transform]: Spinning until stopped - publishing transform
1758710330.6155653 [static_transform_publisher-17] translation: ('0.000000', '0.000000', '9.571764')
1758710330.6156192 [static_transform_publisher-17] rotation: ('-0.499602', '0.500000', '0.500000', '0.500398')
1758710330.6156669 [static_transform_publisher-17] from '/map' to 'static_camera'
1758710330.7167711 [INFO] [launch_ros.actions.load_composable_nodes]: Loaded node '/controller_server' in container '/nav2_container'
1758710330.7616775 [INFO] [launch_ros.actions.load_composable_nodes]: Loaded node '/map_server' in container '/nav2_container'
1758710330.8171773 [INFO] [launch_ros.actions.load_composable_nodes]: Loaded node '/amcl' in container '/nav2_container'
1758710330.8315883 [INFO] [xacro-1]: process has finished cleanly [pid 179]
1758710330.8327539 [INFO] [launch_ros.actions.load_composable_nodes]: Loaded node '/smoother_server' in container '/nav2_container'
1758710330.8709440 [INFO] [launch_ros.actions.load_composable_nodes]: Loaded node '/lifecycle_manager_localization' in container '/nav2_container'
1758710330.9547555 [INFO] [launch_ros.actions.load_composable_nodes]: Loaded node '/planner_server' in container '/nav2_container'
1758710331.0089748 [INFO] [launch_ros.actions.load_composable_nodes]: Loaded node '/behavior_server' in container '/nav2_container'
1758710331.0323138 [INFO] [launch_ros.actions.load_composable_nodes]: Loaded node '/bt_navigator' in container '/nav2_container'
1758710331.0571320 [INFO] [launch_ros.actions.load_composable_nodes]: Loaded node '/waypoint_follower' in container '/nav2_container'
1758710331.0828311 [INFO] [launch_ros.actions.load_composable_nodes]: Loaded node '/velocity_smoother' in container '/nav2_container'
1758710331.1354473 [INFO] [launch_ros.actions.load_composable_nodes]: Loaded node '/collision_monitor' in container '/nav2_container'
1758710331.1686430 [INFO] [launch_ros.actions.load_composable_nodes]: Loaded node '/docking_server' in container '/nav2_container'
1758710331.2112069 [INFO] [launch_ros.actions.load_composable_nodes]: Loaded node '/lifecycle_manager_navigation' in container '/nav2_container'
1758710331.7550552 [INFO] [create-5]: process has finished cleanly [pid 183]
1758710331.7664814 [INFO] [create-16]: process has finished cleanly [pid 194]
1758710410.8585346 [WARNING] [launch]: user interrupted with ctrl-c (SIGINT)
1758710412.2972329 [static_transform_publisher-18] [INFO] [1758710410.857652119] [rclcpp]: signal_handler(signum=2)
1758710412.2974696 [INFO] [parameter_bridge-2]: process has finished cleanly [pid 180]
1758710412.2975545 [INFO] [parameter_bridge-15]: process has finished cleanly [pid 193]
1758710412.2976198 [ERROR] [gazebo_tf_publisher_node-10]: process has died [pid 188, exit code -6, cmd '/ws/install/gazebo_tf_publisher/lib/gazebo_tf_publisher/gazebo_tf_publisher_node --ros-args -r __node:=gazebo_tf_publisher --params-file /tmp/launch_params_44ijc3s9 --params-file /tmp/launch_params_de334yjn'].
1758710412.2976685 [INFO] [gz-6]: process has finished cleanly [pid 184]
1758710412.2977164 [ERROR] [rviz2-8]: process has died [pid 186, exit code -6, cmd '/opt/ros/jazzy/lib/rviz2/rviz2 -d /config/common/view.rviz --ros-args --params-file /tmp/launch_params_osbmeljf'].
1758710412.2977588 [INFO] [static_transform_publisher-18]: process has finished cleanly [pid 198]
1758710412.2977984 [INFO] [static_transform_publisher-17]: process has finished cleanly [pid 195]
1758710412.2978365 [INFO] [gazebo_stats_publisher-12]: process has finished cleanly [pid 190]
1758710412.2978733 [INFO] [image_bridge-3]: process has finished cleanly [pid 181]
1758710412.2979102 [INFO] [image_bridge-4]: process has finished cleanly [pid 182]
1758710412.2979538 [ERROR] [sys_stats_publisher-13]: process has died [pid 191, exit code 1, cmd '/ws/install/sys_stats_publisher/lib/sys_stats_publisher/sys_stats_publisher --ros-args -r __node:=sys_stats_publisher'].
1758710412.2979927 [INFO] [scenario_status_node-11]: process has finished cleanly [pid 189]
1758710412.2980306 [INFO] [robot_state_publisher-7]: process has finished cleanly [pid 185]
1758710412.2980704 [ERROR] [laserscan_modification-14]: process has died [pid 192, exit code 1, cmd '/ws/install/message_modification/lib/message_modification/laserscan_modification --ros-args -r __node:=laserscan_modification --params-file /tmp/launch_params_nc694kjl -r /in:=/scan_sim -r /out:=/scan'].
1758710412.2984917 [gazebo_tf_publisher_node-10] [INFO] [1758710410.857704899] [rclcpp]: signal_handler(signum=2)
1758710412.3080258 [INFO] [component_container_isolated-9]: sending signal 'SIGINT' to process[component_container_isolated-9]
1758710412.3182132 [static_transform_publisher-17] [INFO] [1758710410.859266550] [rclcpp]: signal_handler(signum=2)
1758710412.3188739 [gazebo_tf_publisher_node-10] free(): invalid pointer
1758710412.3236678 [ERROR] [launch]: Caught exception in launch (see debug for traceback): Cannot shutdown a ROS adapter that is not running
1758710417.3007784 [ERROR] [component_container_isolated-9]: process[component_container_isolated-9] failed to terminate '5' seconds after receiving 'SIGINT', escalating to 'SIGTERM'
1758710417.3021877 [INFO] [component_container_isolated-9]: sending signal 'SIGTERM' to process[component_container_isolated-9]
