[INFO] [1758730829.776638103] [nav2_container]: Load Library: /opt/ros/jazzy/lib/libmap_server_core.so
[INFO] [1758730829.799893820] [nav2_container]: Found class: rclcpp_components::NodeFactoryTemplate<nav2_map_server::CostmapFilterInfoServer>
[INFO] [1758730829.799933807] [nav2_container]: Found class: rclcpp_components::NodeFactoryTemplate<nav2_map_server::MapSaver>
[INFO] [1758730829.799941380] [nav2_container]: Found class: rclcpp_components::NodeFactoryTemplate<nav2_map_server::MapServer>
[INFO] [1758730829.799947465] [nav2_container]: Instantiate class: rclcpp_components::NodeFactoryTemplate<nav2_map_server::MapServer>
[INFO] [1758730829.832013479] [map_server]: 
	map_server lifecycle node launched. 
	Waiting on external lifecycle transitions to activate
	See https://design.ros2.org/articles/node_lifecycle.html for more information.
[INFO] [1758730829.832102464] [map_server]: Creating
[INFO] [1758730829.833125878] [nav2_container]: Load Library: /opt/ros/jazzy/lib/libamcl_core.so
[INFO] [1758730829.878330307] [nav2_container]: Found class: rclcpp_components::NodeFactoryTemplate<nav2_amcl::AmclNode>
[INFO] [1758730829.878373041] [nav2_container]: Instantiate class: rclcpp_components::NodeFactoryTemplate<nav2_amcl::AmclNode>
[INFO] [1758730829.885449875] [amcl]: 
	amcl lifecycle node launched. 
	Waiting on external lifecycle transitions to activate
	See https://design.ros2.org/articles/node_lifecycle.html for more information.
[INFO] [1758730829.887096601] [amcl]: Creating
[INFO] [1758730829.893310115] [nav2_container]: Load Library: /opt/ros/jazzy/lib/libcontroller_server_core.so
[INFO] [1758730829.903298106] [nav2_container]: Found class: rclcpp_components::NodeFactoryTemplate<nav2_controller::ControllerServer>
[INFO] [1758730829.903349912] [nav2_container]: Instantiate class: rclcpp_components::NodeFactoryTemplate<nav2_controller::ControllerServer>
[INFO] [1758730829.931006406] [controller_server]: 
	controller_server lifecycle node launched. 
	Waiting on external lifecycle transitions to activate
	See https://design.ros2.org/articles/node_lifecycle.html for more information.
[INFO] [1758730829.985258132] [controller_server]: Creating controller server
[INFO] [1758730829.992980729] [local_costmap.local_costmap]: 
	local_costmap lifecycle node launched. 
	Waiting on external lifecycle transitions to activate
	See https://design.ros2.org/articles/node_lifecycle.html for more information.
[INFO] [1758730829.994252993] [local_costmap.local_costmap]: Creating Costmap
[INFO] [1758730829.996626975] [nav2_container]: Load Library: /opt/ros/jazzy/lib/libnav2_lifecycle_manager_core.so
[INFO] [1758730829.998222925] [nav2_container]: Found class: rclcpp_components::NodeFactoryTemplate<nav2_lifecycle_manager::LifecycleManager>
[INFO] [1758730829.998243767] [nav2_container]: Instantiate class: rclcpp_components::NodeFactoryTemplate<nav2_lifecycle_manager::LifecycleManager>
[INFO] [1758730830.004096690] [lifecycle_manager_localization]: Creating
[INFO] [1758730830.008201175] [lifecycle_manager_localization]: [34m[1mCreating and initializing lifecycle service clients[0m[0m
[INFO] [1758730830.008665084] [nav2_container]: Load Library: /opt/ros/jazzy/lib/libsmoother_server_core.so
[INFO] [1758730830.010292086] [nav2_container]: Found class: rclcpp_components::NodeFactoryTemplate<nav2_smoother::SmootherServer>
[INFO] [1758730830.010311570] [nav2_container]: Instantiate class: rclcpp_components::NodeFactoryTemplate<nav2_smoother::SmootherServer>
[INFO] [1758730830.011163180] [lifecycle_manager_localization]: [34m[1mStarting managed nodes bringup...[0m[0m
[INFO] [1758730830.011219573] [lifecycle_manager_localization]: [34m[1mConfiguring map_server[0m[0m
[INFO] [1758730830.011672261] [map_server]: Configuring
[INFO] [1758730830.011756552] [map_io]: Loading yaml file: /config/maps/hallways.yaml
[INFO] [1758730830.012080965] [map_io]: resolution: 0.05
[INFO] [1758730830.012099800] [map_io]: origin[0]: -1.75
[INFO] [1758730830.012104546] [map_io]: origin[1]: -8.75
[INFO] [1758730830.012108482] [map_io]: origin[2]: 0
[INFO] [1758730830.012112559] [map_io]: free_thresh: 0.196
[INFO] [1758730830.012153645] [map_io]: occupied_thresh: 0.65
[INFO] [1758730830.012163098] [map_io]: mode: trinary
[INFO] [1758730830.012168593] [map_io]: negate: 0
[INFO] [1758730830.012694980] [map_io]: Loading image_file: /config/maps/hallways.pgm
[INFO] [1758730830.014281246] [map_io]: Read map /config/maps/hallways.pgm: 192 X 350 map @ 0.05 m/cell
[INFO] [1758730830.016792731] [smoother_server]: 
	smoother_server lifecycle node launched. 
	Waiting on external lifecycle transitions to activate
	See https://design.ros2.org/articles/node_lifecycle.html for more information.
[INFO] [1758730830.017264163] [lifecycle_manager_localization]: [34m[1mConfiguring amcl[0m[0m
[INFO] [1758730830.017410653] [amcl]: Configuring
[INFO] [1758730830.017513189] [amcl]: initTransforms
[INFO] [1758730830.022601175] [smoother_server]: Creating smoother server
[INFO] [1758730830.023659475] [amcl]: initPubSub
[INFO] [1758730830.024544667] [amcl]: Subscribed to map topic.
[INFO] [1758730830.030155334] [lifecycle_manager_localization]: [34m[1mActivating map_server[0m[0m
[INFO] [1758730830.030311636] [map_server]: Activating
[INFO] [1758730830.030453359] [map_server]: Creating bond (map_server) to lifecycle manager.
[INFO] [1758730830.030576917] [amcl]: Received a 192 X 350 map @ 0.050 m/pix
[INFO] [1758730830.077912558] [nav2_container]: Load Library: /opt/ros/jazzy/lib/libplanner_server_core.so
[INFO] [1758730830.079000613] [nav2_container]: Found class: rclcpp_components::NodeFactoryTemplate<nav2_planner::PlannerServer>
[INFO] [1758730830.079024293] [nav2_container]: Instantiate class: rclcpp_components::NodeFactoryTemplate<nav2_planner::PlannerServer>
[INFO] [1758730830.085933872] [planner_server]: 
	planner_server lifecycle node launched. 
	Waiting on external lifecycle transitions to activate
	See https://design.ros2.org/articles/node_lifecycle.html for more information.
[INFO] [1758730830.089810055] [planner_server]: Creating
[INFO] [1758730830.098484033] [global_costmap.global_costmap]: 
	global_costmap lifecycle node launched. 
	Waiting on external lifecycle transitions to activate
	See https://design.ros2.org/articles/node_lifecycle.html for more information.
[INFO] [1758730830.099827089] [global_costmap.global_costmap]: Creating Costmap
[INFO] [1758730830.104910529] [nav2_container]: Load Library: /opt/ros/jazzy/lib/libbehavior_server_core.so
[INFO] [1758730830.106316603] [nav2_container]: Found class: rclcpp_components::NodeFactoryTemplate<behavior_server::BehaviorServer>
[INFO] [1758730830.106341183] [nav2_container]: Instantiate class: rclcpp_components::NodeFactoryTemplate<behavior_server::BehaviorServer>
[INFO] [1758730830.114981479] [behavior_server]: 
	behavior_server lifecycle node launched. 
	Waiting on external lifecycle transitions to activate
	See https://design.ros2.org/articles/node_lifecycle.html for more information.
[INFO] [1758730830.124575321] [nav2_container]: Load Library: /opt/ros/jazzy/lib/libbt_navigator_core.so
[INFO] [1758730830.129554916] [nav2_container]: Found class: rclcpp_components::NodeFactoryTemplate<nav2_bt_navigator::BtNavigator>
[INFO] [1758730830.129616406] [nav2_container]: Instantiate class: rclcpp_components::NodeFactoryTemplate<nav2_bt_navigator::BtNavigator>
[INFO] [1758730830.182801127] [bt_navigator]: 
	bt_navigator lifecycle node launched. 
	Waiting on external lifecycle transitions to activate
	See https://design.ros2.org/articles/node_lifecycle.html for more information.
[INFO] [1758730830.187477612] [lifecycle_manager_localization]: Server map_server connected with bond.
[INFO] [1758730830.187516220] [lifecycle_manager_localization]: [34m[1mActivating amcl[0m[0m
[INFO] [1758730830.187530159] [bt_navigator]: Creating
[INFO] [1758730830.187753195] [amcl]: Activating
[INFO] [1758730830.187788066] [amcl]: Creating bond (amcl) to lifecycle manager.
[INFO] [1758730830.191980899] [nav2_container]: Load Library: /opt/ros/jazzy/lib/libwaypoint_follower_core.so
[INFO] [1758730830.193858215] [nav2_container]: Found class: rclcpp_components::NodeFactoryTemplate<nav2_waypoint_follower::WaypointFollower>
[INFO] [1758730830.193903508] [nav2_container]: Instantiate class: rclcpp_components::NodeFactoryTemplate<nav2_waypoint_follower::WaypointFollower>
[INFO] [1758730830.200470149] [waypoint_follower]: 
	waypoint_follower lifecycle node launched. 
	Waiting on external lifecycle transitions to activate
	See https://design.ros2.org/articles/node_lifecycle.html for more information.
[INFO] [1758730830.202232420] [waypoint_follower]: Creating
[INFO] [1758730830.206628316] [nav2_container]: Load Library: /opt/ros/jazzy/lib/libvelocity_smoother_core.so
[INFO] [1758730830.208109098] [nav2_container]: Found class: rclcpp_components::NodeFactoryTemplate<nav2_velocity_smoother::VelocitySmoother>
[INFO] [1758730830.208153142] [nav2_container]: Instantiate class: rclcpp_components::NodeFactoryTemplate<nav2_velocity_smoother::VelocitySmoother>
[INFO] [1758730830.217847042] [velocity_smoother]: 
	velocity_smoother lifecycle node launched. 
	Waiting on external lifecycle transitions to activate
	See https://design.ros2.org/articles/node_lifecycle.html for more information.
[INFO] [1758730830.220746098] [nav2_container]: Load Library: /opt/ros/jazzy/lib/libcollision_monitor_core.so
[INFO] [1758730830.224626278] [nav2_container]: Found class: rclcpp_components::NodeFactoryTemplate<nav2_collision_monitor::CollisionMonitor>
[INFO] [1758730830.224678595] [nav2_container]: Instantiate class: rclcpp_components::NodeFactoryTemplate<nav2_collision_monitor::CollisionMonitor>
[INFO] [1758730830.235644378] [collision_monitor]: 
	collision_monitor lifecycle node launched. 
	Waiting on external lifecycle transitions to activate
	See https://design.ros2.org/articles/node_lifecycle.html for more information.
[INFO] [1758730830.280546979] [nav2_container]: Load Library: /opt/ros/jazzy/lib/libopennav_docking_core.so
[INFO] [1758730830.283397215] [nav2_container]: Found class: rclcpp_components::NodeFactoryTemplate<opennav_docking::DockingServer>
[INFO] [1758730830.283449842] [nav2_container]: Instantiate class: rclcpp_components::NodeFactoryTemplate<opennav_docking::DockingServer>
[INFO] [1758730830.290008679] [lifecycle_manager_localization]: Server amcl connected with bond.
[INFO] [1758730830.290047158] [lifecycle_manager_localization]: [34m[1mManaged nodes are active[0m[0m
[INFO] [1758730830.290069070] [lifecycle_manager_localization]: [34m[1mCreating bond timer...[0m[0m
[INFO] [1758730830.292955966] [docking_server]: 
	docking_server lifecycle node launched. 
	Waiting on external lifecycle transitions to activate
	See https://design.ros2.org/articles/node_lifecycle.html for more information.
[INFO] [1758730830.293017126] [docking_server]: Creating docking_server
[INFO] [1758730830.296372827] [nav2_container]: Found class: rclcpp_components::NodeFactoryTemplate<nav2_lifecycle_manager::LifecycleManager>
[INFO] [1758730830.296390592] [nav2_container]: Instantiate class: rclcpp_components::NodeFactoryTemplate<nav2_lifecycle_manager::LifecycleManager>
[INFO] [1758730830.302818047] [lifecycle_manager_navigation]: Creating
[INFO] [1758730830.304291756] [lifecycle_manager_navigation]: [34m[1mCreating and initializing lifecycle service clients[0m[0m
[INFO] [1758730830.311982842] [lifecycle_manager_navigation]: [34m[1mStarting managed nodes bringup...[0m[0m
[INFO] [1758730830.312014486] [lifecycle_manager_navigation]: [34m[1mConfiguring controller_server[0m[0m
[INFO] [1758730830.312185455] [controller_server]: Configuring controller interface
[INFO] [1758730830.312223284] [controller_server]: getting progress checker plugins..
[INFO] [1758730830.312452186] [controller_server]: getting goal checker plugins..
[INFO] [1758730830.312962357] [controller_server]: Controller frequency set to 20.0000Hz
[INFO] [1758730830.313056109] [local_costmap.local_costmap]: Configuring
[INFO] [1758730830.316411610] [local_costmap.local_costmap]: Using plugin "voxel_layer"
[INFO] [1758730830.320360733] [local_costmap.local_costmap]: Subscribed to Topics: scan
[INFO] [1758730830.323638209] [local_costmap.local_costmap]: Initialized plugin "voxel_layer"
[INFO] [1758730830.323670272] [local_costmap.local_costmap]: Using plugin "inflation_layer"
[INFO] [1758730830.324456586] [local_costmap.local_costmap]: Initialized plugin "inflation_layer"
[INFO] [1758730830.330623445] [controller_server]: Created progress_checker : progress_checker of type nav2_controller::SimpleProgressChecker
[INFO] [1758730830.330893553] [controller_server]: Controller Server has progress_checker  progress checkers available.
[INFO] [1758730830.331566590] [controller_server]: Created goal checker : general_goal_checker of type nav2_controller::SimpleGoalChecker
[INFO] [1758730830.331861987] [controller_server]: Controller Server has general_goal_checker  goal checkers available.
[INFO] [1758730830.333599978] [controller_server]: Created controller : FollowPath of type nav2_mppi_controller::MPPIController
[INFO] [1758730830.335812978] [controller_server]: Controller period is equal to model dt. Control sequence shifting is ON
[INFO] [1758730830.338779299] [controller_server]: ConstraintCritic instantiated with 1 power and 4.000000 weight.
[INFO] [1758730830.338801611] [controller_server]: Critic loaded : mppi::critics::ConstraintCritic
[INFO] [1758730830.340008789] [controller_server]: InflationCostCritic instantiated with 1 power and 300.000000 / 0.015000 weights. Critic will collision check based on circular cost.
[INFO] [1758730830.340027174] [controller_server]: Critic loaded : mppi::critics::CostCritic
[INFO] [1758730830.340427025] [controller_server]: GoalCritic instantiated with 1 power and 5.000000 weight.
[INFO] [1758730830.340443831] [controller_server]: Critic loaded : mppi::critics::GoalCritic
[INFO] [1758730830.340718585] [controller_server]: GoalAngleCritic instantiated with 1 power, 3.000000 weight, and 0.500000 angular threshold.
[INFO] [1758730830.340737709] [controller_server]: Critic loaded : mppi::critics::GoalAngleCritic
[INFO] [1758730830.341322209] [controller_server]: ReferenceTrajectoryCritic instantiated with 1 power and 14.000000 weight
[INFO] [1758730830.341339904] [controller_server]: Critic loaded : mppi::critics::PathAlignCritic
[INFO] [1758730830.341679515] [controller_server]: Critic loaded : mppi::critics::PathFollowCritic
[INFO] [1758730830.376497177] [controller_server]: PathAngleCritic instantiated with 1 power and 2.000000 weight. Mode set to: Forward Preference
[INFO] [1758730830.376538773] [controller_server]: Critic loaded : mppi::critics::PathAngleCritic
[INFO] [1758730830.377069627] [controller_server]: PreferForwardCritic instantiated with 1 power and 5.000000 weight.
[INFO] [1758730830.377094117] [controller_server]: Critic loaded : mppi::critics::PreferForwardCritic
[INFO] [1758730830.380407512] [controller_server]: Optimizer reset
[INFO] [1758730830.383607131] [MPPIController]: Configured MPPI Controller: FollowPath
[INFO] [1758730830.383631172] [controller_server]: Controller Server has FollowPath  controllers available.
[INFO] [1758730830.389087036] [lifecycle_manager_navigation]: [34m[1mConfiguring smoother_server[0m[0m
[INFO] [1758730830.389273313] [smoother_server]: Configuring smoother server
[INFO] [1758730830.393942514] [smoother_server]: Created smoother : simple_smoother of type nav2_smoother::SimpleSmoother
[INFO] [1758730830.394964433] [smoother_server]: Smoother Server has simple_smoother  smoothers available.
[INFO] [1758730830.401345806] [lifecycle_manager_navigation]: [34m[1mConfiguring planner_server[0m[0m
[INFO] [1758730830.401472312] [planner_server]: Configuring
[INFO] [1758730830.401507024] [global_costmap.global_costmap]: Configuring
[INFO] [1758730830.405534852] [global_costmap.global_costmap]: Using plugin "static_layer"
[INFO] [1758730830.406993523] [global_costmap.global_costmap]: Subscribing to the map topic (/map) with transient local durability
[INFO] [1758730830.407304038] [global_costmap.global_costmap]: Initialized plugin "static_layer"
[INFO] [1758730830.407319715] [global_costmap.global_costmap]: Using plugin "obstacle_layer"
[INFO] [1758730830.408626710] [global_costmap.global_costmap]: Subscribed to Topics: scan
[INFO] [1758730830.411375380] [global_costmap.global_costmap]: Initialized plugin "obstacle_layer"
[INFO] [1758730830.411405595] [global_costmap.global_costmap]: Using plugin "inflation_layer"
[INFO] [1758730830.412457340] [global_costmap.global_costmap]: Initialized plugin "inflation_layer"
[INFO] [1758730830.418881059] [global_costmap.global_costmap]: StaticLayer: Resizing costmap to 192 X 350 at 0.050000 m/pix
[INFO] [1758730830.419798624] [planner_server]: Created global planner plugin GridBased of type nav2_navfn_planner::NavfnPlanner
[INFO] [1758730830.419827101] [planner_server]: Configuring plugin GridBased of type NavfnPlanner
[INFO] [1758730830.420540414] [planner_server]: Planner Server has GridBased  planners available.
[INFO] [1758730830.424381686] [lifecycle_manager_navigation]: [34m[1mConfiguring behavior_server[0m[0m
[INFO] [1758730830.424489667] [behavior_server]: Configuring
[INFO] [1758730830.427653326] [behavior_server]: Creating behavior plugin spin of type nav2_behaviors::Spin
[INFO] [1758730830.428916248] [behavior_server]: Creating behavior plugin backup of type nav2_behaviors::BackUp
[INFO] [1758730830.430842584] [behavior_server]: Creating behavior plugin drive_on_heading of type nav2_behaviors::DriveOnHeading
[INFO] [1758730830.432037661] [behavior_server]: Creating behavior plugin assisted_teleop of type nav2_behaviors::AssistedTeleop
[INFO] [1758730830.434192450] [behavior_server]: Creating behavior plugin wait of type nav2_behaviors::Wait
[INFO] [1758730830.436472834] [behavior_server]: Configuring spin
[INFO] [1758730830.442327671] [behavior_server]: Configuring backup
[INFO] [1758730830.445796528] [behavior_server]: Configuring drive_on_heading
[INFO] [1758730830.447894104] [behavior_server]: Configuring assisted_teleop
[INFO] [1758730830.451192822] [behavior_server]: Configuring wait
[INFO] [1758730830.454443739] [lifecycle_manager_navigation]: [34m[1mConfiguring velocity_smoother[0m[0m
[INFO] [1758730830.454624000] [velocity_smoother]: Configuring velocity smoother
[INFO] [1758730830.457925086] [lifecycle_manager_navigation]: [34m[1mConfiguring collision_monitor[0m[0m
[INFO] [1758730830.458094337] [collision_monitor]: Configuring
[INFO] [1758730830.463546164] [collision_monitor]: [scan]: Creating Scan
[INFO] [1758730830.464179404] [collision_monitor]: [FootprintApproach]: Creating Polygon
[INFO] [1758730830.464336974] [collision_monitor]: [FootprintApproach]: Polygon points are not defined. Using dynamic subscription instead.
[INFO] [1758730830.477233241] [collision_monitor]: [FootprintApproach]: Making footprint subscriber on /local_costmap/published_footprint topic
[INFO] [1758730830.481417660] [lifecycle_manager_navigation]: [34m[1mConfiguring bt_navigator[0m[0m
[INFO] [1758730830.481608503] [bt_navigator]: Configuring
[INFO] [1758730830.484166960] [bt_navigator]: Creating navigator id navigate_to_pose of type nav2_bt_navigator::NavigateToPoseNavigator
[WARN] [1758730830.512980799] [amcl]: New subscription discovered on topic '/particle_cloud', requesting incompatible QoS. No messages will be sent to it. Last incompatible policy: RELIABILITY_QOS_POLICY
[INFO] [1758730830.538215700] [bt_navigator]: Creating navigator id navigate_through_poses of type nav2_bt_navigator::NavigateThroughPosesNavigator
[INFO] [1758730830.557670294] [lifecycle_manager_navigation]: [34m[1mConfiguring waypoint_follower[0m[0m
[INFO] [1758730830.557818233] [waypoint_follower]: Configuring
[INFO] [1758730830.580513912] [waypoint_follower]: Created waypoint_task_executor : wait_at_waypoint of type nav2_waypoint_follower::WaitAtWaypoint
[INFO] [1758730830.582173877] [lifecycle_manager_navigation]: [34m[1mConfiguring docking_server[0m[0m
[INFO] [1758730830.582413170] [docking_server]: Configuring docking_server
[INFO] [1758730830.582491446] [docking_server]: Controller frequency set to 50.0000Hz
[INFO] [1758730830.599738605] [docking_server]: Created charging dock plugin simple_charging_dock of type opennav_docking::SimpleChargingDock
[WARN] [1758730830.604608311] [docking_server]: Dock database filepath nor dock parameters set. Docking actions can only be executed specifying the dock pose via the action request. Or update the dock database via the reload_database service.
[INFO] [1758730830.604649907] [docking_server]: Docking Server has 1 dock types and 0 dock instances available.
[INFO] [1758730830.605735485] [lifecycle_manager_navigation]: [34m[1mActivating controller_server[0m[0m
[INFO] [1758730830.605921142] [controller_server]: Activating
[INFO] [1758730830.606026965] [local_costmap.local_costmap]: Activating
[INFO] [1758730830.606053303] [local_costmap.local_costmap]: Checking transform
[INFO] [1758730830.606102803] [local_costmap.local_costmap]: Timed out waiting for transform from base_link to odom to become available, tf error: Invalid frame ID "odom" passed to canTransform argument target_frame - frame does not exist
[INFO] [1758730831.106197963] [local_costmap.local_costmap]: Timed out waiting for transform from base_link to odom to become available, tf error: Invalid frame ID "odom" passed to canTransform argument target_frame - frame does not exist
[INFO] [1758730831.606193935] [local_costmap.local_costmap]: Timed out waiting for transform from base_link to odom to become available, tf error: Invalid frame ID "odom" passed to canTransform argument target_frame - frame does not exist
[INFO] [1758730832.106178136] [local_costmap.local_costmap]: Timed out waiting for transform from base_link to odom to become available, tf error: Invalid frame ID "odom" passed to canTransform argument target_frame - frame does not exist
[INFO] [1758730832.606162662] [local_costmap.local_costmap]: Timed out waiting for transform from base_link to odom to become available, tf error: Invalid frame ID "odom" passed to canTransform argument target_frame - frame does not exist
[INFO] [1758730832.651191766] [amcl]: initialPoseReceived
[INFO] [1758730832.651343219] [amcl]: Setting pose (0.006000): 4.008 4.778 0.580
[INFO] [1758730833.106160913] [local_costmap.local_costmap]: Timed out waiting for transform from base_link to odom to become available, tf error: Invalid frame ID "odom" passed to canTransform argument target_frame - frame does not exist
[INFO] [1758730833.606352599] [local_costmap.local_costmap]: Timed out waiting for transform from base_link to odom to become available, tf error: Invalid frame ID "odom" passed to canTransform argument target_frame - frame does not exist
[INFO] [1758730834.106160830] [local_costmap.local_costmap]: Timed out waiting for transform from base_link to odom to become available, tf error: Invalid frame ID "odom" passed to canTransform argument target_frame - frame does not exist
[INFO] [1758730834.606154635] [local_costmap.local_costmap]: Timed out waiting for transform from base_link to odom to become available, tf error: Invalid frame ID "odom" passed to canTransform argument target_frame - frame does not exist
[INFO] [1758730835.106163005] [local_costmap.local_costmap]: Timed out waiting for transform from base_link to odom to become available, tf error: Invalid frame ID "odom" passed to canTransform argument target_frame - frame does not exist
[INFO] [1758730835.606256371] [local_costmap.local_costmap]: start
[WARN] [1758730835.807086411] [controller_server]: Parameter controller_server.verbose not found
[INFO] [1758730835.809116111] [controller_server]: Optimizer reset
[INFO] [1758730835.809416247] [MPPIController]: Activated MPPI Controller: FollowPath
[INFO] [1758730835.809440150] [controller_server]: Creating bond (controller_server) to lifecycle manager.
[INFO] [1758730835.912286693] [lifecycle_manager_navigation]: Server controller_server connected with bond.
[INFO] [1758730835.912336887] [lifecycle_manager_navigation]: [34m[1mActivating smoother_server[0m[0m
[INFO] [1758730835.912627999] [smoother_server]: Activating
[INFO] [1758730835.912661376] [smoother_server]: Creating bond (smoother_server) to lifecycle manager.
[INFO] [1758730836.012749787] [amcl]: createLaserObject
[INFO] [1758730836.014444699] [lifecycle_manager_navigation]: Server smoother_server connected with bond.
[INFO] [1758730836.014477087] [lifecycle_manager_navigation]: [34m[1mActivating planner_server[0m[0m
[INFO] [1758730836.014724105] [planner_server]: Activating
[INFO] [1758730836.014787351] [global_costmap.global_costmap]: Activating
[INFO] [1758730836.014800342] [global_costmap.global_costmap]: Checking transform
[INFO] [1758730836.014821238] [global_costmap.global_costmap]: Timed out waiting for transform from base_link to map to become available, tf error: Could not find a connection between 'map' and 'base_link' because they are not part of the same tree.Tf has two or more unconnected trees.
[INFO] [1758730836.514892167] [global_costmap.global_costmap]: Timed out waiting for transform from base_link to map to become available, tf error: Lookup would require extrapolation into the past.  Requested time 0.684000 but the earliest data is at time 1.102000, when looking up transform from frame [base_link] to frame [map]
[INFO] [1758730836.837857588] [amcl]: Message Filter dropping message: frame 'rplidar_link' at time 0.006 for reason 'the timestamp on the message is earlier than all the data in the transform cache'
[INFO] [1758730837.014915051] [global_costmap.global_costmap]: Timed out waiting for transform from base_link to map to become available, tf error: Lookup would require extrapolation into the past.  Requested time 1.080000 but the earliest data is at time 1.102000, when looking up transform from frame [base_link] to frame [map]
[INFO] [1758730837.514883729] [global_costmap.global_costmap]: Timed out waiting for transform from base_link to map to become available, tf error: Lookup would require extrapolation into the past.  Requested time 1.080000 but the earliest data is at time 1.102000, when looking up transform from frame [base_link] to frame [map]
[INFO] [1758730838.015109030] [global_costmap.global_costmap]: start
[INFO] [1758730839.066249268] [planner_server]: Activating plugin GridBased of type NavfnPlanner
[INFO] [1758730839.067299507] [planner_server]: Creating bond (planner_server) to lifecycle manager.
[INFO] [1758730839.169880767] [lifecycle_manager_navigation]: Server planner_server connected with bond.
[INFO] [1758730839.169931485] [lifecycle_manager_navigation]: [34m[1mActivating behavior_server[0m[0m
[INFO] [1758730839.170295372] [behavior_server]: Activating
[INFO] [1758730839.170327092] [behavior_server]: Activating spin
[INFO] [1758730839.170354814] [behavior_server]: Activating backup
[INFO] [1758730839.170368875] [behavior_server]: Activating drive_on_heading
[INFO] [1758730839.170382106] [behavior_server]: Activating assisted_teleop
[INFO] [1758730839.170395178] [behavior_server]: Activating wait
[INFO] [1758730839.170416465] [behavior_server]: Creating bond (behavior_server) to lifecycle manager.
[INFO] [1758730839.272824635] [lifecycle_manager_navigation]: Server behavior_server connected with bond.
[INFO] [1758730839.272921253] [lifecycle_manager_navigation]: [34m[1mActivating velocity_smoother[0m[0m
[INFO] [1758730839.273479966] [velocity_smoother]: Activating
[INFO] [1758730839.273609633] [velocity_smoother]: Creating bond (velocity_smoother) to lifecycle manager.
[INFO] [1758730839.376298035] [lifecycle_manager_navigation]: Server velocity_smoother connected with bond.
[INFO] [1758730839.376355318] [lifecycle_manager_navigation]: [34m[1mActivating collision_monitor[0m[0m
[INFO] [1758730839.376678702] [collision_monitor]: Activating
[INFO] [1758730839.376799514] [collision_monitor]: Creating bond (collision_monitor) to lifecycle manager.
[INFO] [1758730839.479169600] [lifecycle_manager_navigation]: Server collision_monitor connected with bond.
[INFO] [1758730839.479269306] [lifecycle_manager_navigation]: [34m[1mActivating bt_navigator[0m[0m
[INFO] [1758730839.480252267] [bt_navigator]: Activating
[INFO] [1758730839.508544607] [bt_navigator]: Creating bond (bt_navigator) to lifecycle manager.
[INFO] [1758730839.614549348] [lifecycle_manager_navigation]: Server bt_navigator connected with bond.
[INFO] [1758730839.614655900] [lifecycle_manager_navigation]: [34m[1mActivating waypoint_follower[0m[0m
[INFO] [1758730839.615346989] [waypoint_follower]: Activating
[INFO] [1758730839.615417463] [waypoint_follower]: Creating bond (waypoint_follower) to lifecycle manager.
[INFO] [1758730839.717850568] [lifecycle_manager_navigation]: Server waypoint_follower connected with bond.
[INFO] [1758730839.717923951] [lifecycle_manager_navigation]: [34m[1mActivating docking_server[0m[0m
[INFO] [1758730839.718409401] [docking_server]: Activating docking_server
[INFO] [1758730839.725047237] [docking_server]: Creating bond (docking_server) to lifecycle manager.
[INFO] [1758730839.828373660] [lifecycle_manager_navigation]: Server docking_server connected with bond.
[INFO] [1758730839.828671470] [lifecycle_manager_navigation]: [34m[1mManaged nodes are active[0m[0m
[INFO] [1758730839.828703779] [lifecycle_manager_navigation]: [34m[1mCreating bond timer...[0m[0m
[INFO] [1758730840.651210650] [bt_navigator]: Begin navigating from current location through 1 poses to (5.29, -5.01)
[WARN] [1758730840.653078288] [planner_server]: GridBased plugin failed to plan from (4.01, 4.78) to (5.29, -5.01): "Failed to create plan with tolerance of: 0.500000"
[WARN] [1758730840.653111807] [planner_server]: [compute_path_through_poses] [ActionServer] Aborting handle.
[WARN] [1758730840.681610198] [bt_navigator]: [navigate_through_poses] [ActionServer] Aborting handle.
[ERROR] [1758730840.681856464] [bt_navigator]: Goal failed
[INFO] [1758730840.754802493] [rclcpp]: signal_handler(signum=2)
[INFO] [1758730840.754999170] [map_server]: Running Nav2 LifecycleNode rcl preshutdown (map_server)
[INFO] [1758730840.755207711] [map_server]: Deactivating
[INFO] [1758730840.755268723] [map_server]: Destroying bond (map_server) to lifecycle manager.
[INFO] [1758730840.765842844] [map_server]: Cleaning up
[INFO] [1758730840.765957593] [map_server]: Destroying bond (map_server) to lifecycle manager.
[INFO] [1758730840.765978810] [amcl]: Running Nav2 LifecycleNode rcl preshutdown (amcl)
[INFO] [1758730840.766019684] [amcl]: Deactivating
[INFO] [1758730840.766143487] [amcl]: Destroying bond (amcl) to lifecycle manager.
[INFO] [1758730840.776645564] [amcl]: Cleaning up
[INFO] [1758730840.789810004] [amcl]: Destroying bond (amcl) to lifecycle manager.
[INFO] [1758730840.789860742] [controller_server]: Running Nav2 LifecycleNode rcl preshutdown (controller_server)
[INFO] [1758730840.789904985] [controller_server]: Deactivating
[INFO] [1758730840.789945539] [MPPIController]: Deactivated MPPI Controller: FollowPath
[INFO] [1758730840.789982047] [local_costmap.local_costmap]: Deactivating
[INFO] [1758730840.806642922] [controller_server]: Destroying bond (controller_server) to lifecycle manager.
[INFO] [1758730840.817064388] [controller_server]: Cleaning up
[INFO] [1758730840.828811510] [lifecycle_manager_navigation]: [34m[1mHave not received a heartbeat from controller_server.[0m[0m
[ERROR] [1758730840.828863078] [lifecycle_manager_navigation]: CRITICAL FAILURE: SERVER controller_server IS DOWN after not receiving a heartbeat for 4000 ms. Shutting down related nodes.
[INFO] [1758730840.828943188] [lifecycle_manager_navigation]: [34m[1mTerminating bond timer...[0m[0m
[INFO] [1758730840.828957159] [lifecycle_manager_navigation]: [34m[1mResetting managed nodes...[0m[0m
[INFO] [1758730840.828971051] [lifecycle_manager_navigation]: [34m[1mDeactivating docking_server[0m[0m
[INFO] [1758730840.829060965] [MPPIController]: Cleaned up MPPI Controller: FollowPath
[INFO] [1758730840.829407539] [docking_server]: Deactivating docking_server
[INFO] [1758730840.829612492] [local_costmap.local_costmap]: Cleaning up
[INFO] [1758730840.845719201] [docking_server]: Destroying bond (docking_server) to lifecycle manager.
[INFO] [1758730840.878252591] [controller_server]: Destroying bond (controller_server) to lifecycle manager.
[INFO] [1758730840.878315982] [lifecycle_manager_localization]: Running Nav2 LifecycleManager rcl preshutdown (lifecycle_manager_localization)
[INFO] [1758730840.878333251] [lifecycle_manager_localization]: [34m[1mTerminating bond timer...[0m[0m
[INFO] [1758730840.907940282] [smoother_server]: Running Nav2 LifecycleNode rcl preshutdown (smoother_server)
[INFO] [1758730840.908099413] [smoother_server]: Deactivating
[INFO] [1758730840.908200790] [smoother_server]: Destroying bond (smoother_server) to lifecycle manager.
[INFO] [1758730840.918649809] [smoother_server]: Cleaning up
[INFO] [1758730840.930729314] [smoother_server]: Destroying bond (smoother_server) to lifecycle manager.
[INFO] [1758730840.930794704] [planner_server]: Running Nav2 LifecycleNode rcl preshutdown (planner_server)
[INFO] [1758730840.930844653] [planner_server]: Deactivating
[INFO] [1758730840.930929710] [global_costmap.global_costmap]: Deactivating
[INFO] [1758730840.958521124] [lifecycle_manager_navigation]: [34m[1mDeactivating waypoint_follower[0m[0m
[INFO] [1758730840.958995659] [waypoint_follower]: Deactivating
[INFO] [1758730840.959055602] [waypoint_follower]: Destroying bond (waypoint_follower) to lifecycle manager.
[INFO] [1758730841.015673572] [planner_server]: Deactivating plugin GridBased of type NavfnPlanner
[INFO] [1758730841.015720383] [planner_server]: Destroying bond (planner_server) to lifecycle manager.
[INFO] [1758730841.025914991] [planner_server]: Cleaning up
[INFO] [1758730841.041463488] [global_costmap.global_costmap]: Cleaning up
[INFO] [1758730841.048276614] [planner_server]: Cleaning up plugin GridBased of type NavfnPlanner
[INFO] [1758730841.049292939] [planner_server]: Destroying plugin GridBased of type NavfnPlanner
[INFO] [1758730841.071152105] [lifecycle_manager_navigation]: [34m[1mDeactivating bt_navigator[0m[0m
[INFO] [1758730841.071403123] [bt_navigator]: Deactivating
[INFO] [1758730841.071446577] [bt_navigator]: Destroying bond (bt_navigator) to lifecycle manager.
[INFO] [1758730841.075651111] [planner_server]: Destroying bond (planner_server) to lifecycle manager.
[INFO] [1758730841.075687699] [behavior_server]: Running Nav2 LifecycleNode rcl preshutdown (behavior_server)
[INFO] [1758730841.075734391] [behavior_server]: Deactivating
[INFO] [1758730841.075847722] [behavior_server]: Destroying bond (behavior_server) to lifecycle manager.
[INFO] [1758730841.086130168] [behavior_server]: Cleaning up
[INFO] [1758730841.091943138] [behavior_server]: Destroying bond (behavior_server) to lifecycle manager.
[INFO] [1758730841.092011307] [bt_navigator]: Running Nav2 LifecycleNode rcl preshutdown (bt_navigator)
[INFO] [1758730841.092043298] [bt_navigator]: Destroying bond (bt_navigator) to lifecycle manager.
[INFO] [1758730841.092053612] [waypoint_follower]: Running Nav2 LifecycleNode rcl preshutdown (waypoint_follower)
[INFO] [1758730841.092087191] [waypoint_follower]: Cleaning up
[INFO] [1758730841.099789188] [waypoint_follower]: Destroying bond (waypoint_follower) to lifecycle manager.
[INFO] [1758730841.099818930] [velocity_smoother]: Running Nav2 LifecycleNode rcl preshutdown (velocity_smoother)
[INFO] [1758730841.099838628] [velocity_smoother]: Deactivating
[INFO] [1758730841.099864323] [velocity_smoother]: Destroying bond (velocity_smoother) to lifecycle manager.
[INFO] [1758730841.110077750] [velocity_smoother]: Cleaning up
[INFO] [1758730841.110109560] [velocity_smoother]: Destroying bond (velocity_smoother) to lifecycle manager.
[INFO] [1758730841.110118555] [collision_monitor]: Running Nav2 LifecycleNode rcl preshutdown (collision_monitor)
[INFO] [1758730841.110148857] [collision_monitor]: Deactivating
[INFO] [1758730841.110205482] [collision_monitor]: Destroying bond (collision_monitor) to lifecycle manager.
[INFO] [1758730841.184817363] [lifecycle_manager_navigation]: [34m[1mDeactivating collision_monitor[0m[0m
[INFO] [1758730841.231102132] [collision_monitor]: Cleaning up
[INFO] [1758730841.235071389] [collision_monitor]: [FootprintApproach]: Destroying Polygon
[INFO] [1758730841.243089775] [collision_monitor]: Destroying bond (collision_monitor) to lifecycle manager.
[INFO] [1758730841.243208363] [docking_server]: Running Nav2 LifecycleNode rcl preshutdown (docking_server)
[INFO] [1758730841.243250678] [docking_server]: Cleaning up docking_server
[INFO] [1758730841.258576429] [docking_server]: Destroying bond (docking_server) to lifecycle manager.
[INFO] [1758730841.258676429] [lifecycle_manager_navigation]: Running Nav2 LifecycleManager rcl preshutdown (lifecycle_manager_navigation)
[INFO] [1758730842.353864134] [rclcpp]: signal_handler(signum=2)
