[INFO] [1758730840.236996163] [rosbag2_recorder]: Press SPACE for pausing/resuming
[INFO] [1758730840.241839180] [rosbag2_recorder]: Listening for topics...
[INFO] [1758730840.241853361] [rosbag2_recorder]: Event publisher thread: Starting
[INFO] [1758730840.241936669] [rosbag2_recorder]: use_sim_time set, waiting for /clock before starting recording...
[INFO] [1758730840.241897484] [rosbag2_recorder]: Recording...
[INFO] [1758730840.241967580] [rosbag2_recorder]: Sim time /clock found, starting recording.
[INFO] [1758730840.250923758] [rosbag2_recorder]: Subscribed to topic '/amcl_pose'
[INFO] [1758730840.252876583] [rosbag2_recorder]: Subscribed to topic '/map'
[INFO] [1758730840.253949476] [rosbag2_recorder]: Subscribed to topic '/system/cpu_usage'
[INFO] [1758730840.254618000] [rosbag2_recorder]: Subscribed to topic '/gazebo/real_time_factor'
[INFO] [1758730840.255978533] [rosbag2_recorder]: Subscribed to topic '/scenario_status'
[INFO] [1758730840.259123347] [rosbag2_recorder]: Subscribed to topic '/tf'
[INFO] [1758730840.259615381] [rosbag2_recorder]: Subscribed to topic '/system/memory_usage'
[INFO] [1758730840.260392987] [rosbag2_recorder]: Subscribed to topic '/tf_static'
[INFO] [1758730840.366682382] [rosbag2_recorder]: Subscribed to topic '/local_costmap/costmap'
[INFO] [1758730840.370473443] [rosbag2_recorder]: Subscribed to topic '/scenario_execution/snapshots'
[INFO] [1758730840.470583013] [rosbag2_recorder]: All requested topics are subscribed. Stopping discovery...
[INFO] [1758730845.284303890] [rosbag2_recorder]: Pausing recording.
[INFO] [1758730845.284349516] [rosbag2_cpp]: Writing remaining messages from cache to the bag. It may take a while
[INFO] [1758730845.288210517] [rosbag2_recorder]: Event publisher thread: Exiting
[INFO] [1758730845.288246058] [rosbag2_recorder]: Recording stopped
