[INFO] [1758730830.219720941] [rviz2]: Stereo is NOT SUPPORTED
[INFO] [1758730830.219801455] [rviz2]: OpenGl version: 4.5 (GLSL 4.5)
[INFO] [1758730830.298973239] [rviz2]: Stereo is NOT SUPPORTED
[INFO] [1758730830.476572934] [rviz]: Subscribing to: /mobile_base/sensors/bumper_pointcloud

[INFO] [1758730830.477605415] [rviz]: Subscribing to: /mobile_base/sensors/bumper_pointcloud

[INFO] [1758730830.490339665] [rviz]: Subscribing to: /global_costmap/voxel_marked_cloud

[INFO] [1758730830.519413660] [rviz]: Subscribing to: /local_costmap/voxel_marked_cloud

[INFO] [1758730830.532442797] [rviz]: Subscribing to: /mobile_base/sensors/bumper_pointcloud

[INFO] [1758730830.534254887] [rviz]: Subscribing to: /global_costmap/voxel_marked_cloud

[INFO] [1758730830.542770006] [rviz]: Subscribing to: /local_costmap/voxel_marked_cloud

[INFO] [1758730830.601471710] [nav2_rviz_selector_node]: Trying to load plugins...
[INFO] [1758730830.632845005] [nav2_rviz_docking_panel_node]: Loading dock plugins
[INFO] [1758730830.753836684] [rviz2]: Stereo is NOT SUPPORTED
[INFO] [1758730830.836052315] [rviz2]: Trying to create a map of size 192 x 350 using 1 swatches
[ERROR] [1758730830.867666891] [rviz2]: rviz/glsl120/indexed_8bit_image.vert
rviz/glsl120/indexed_8bit_image.frag
 GLSL link result : 
active samplers with a different type refer to the same texture image unit
[INFO] [1758730837.808266153] [rviz]: Message Filter dropping message: frame 'odom' at time 0.180 for reason 'discarding message because the queue is full'
[INFO] [1758730837.904333387] [rviz]: Message Filter dropping message: frame 'rplidar_link' at time 0.006 for reason 'discarding message because the queue is full'
[INFO] [1758730838.000097177] [rviz]: Message Filter dropping message: frame 'rplidar_link' at time 0.102 for reason 'discarding message because the queue is full'
[INFO] [1758730838.032103261] [rviz]: Message Filter dropping message: frame 'odom' at time 0.180 for reason 'discarding message because the queue is full'
[INFO] [1758730838.063745955] [rviz]: Message Filter dropping message: frame 'rplidar_link' at time 0.201 for reason 'discarding message because the queue is full'
[INFO] [1758730838.430851095] [rviz2]: Trying to create a map of size 60 x 60 using 1 swatches
[INFO] [1758730839.037366816] [rviz2]: Trying to create a map of size 192 x 350 using 1 swatches
[INFO] [1758730840.754783465] [rclcpp]: signal_handler(signum=2)
