[INFO] [1758715672.123517811] [nav2_container]: Load Library: /opt/ros/jazzy/lib/libamcl_core.so
[INFO] [1758715672.168755004] [nav2_container]: Found class: rclcpp_components::NodeFactoryTemplate<nav2_amcl::AmclNode>
[INFO] [1758715672.168804494] [nav2_container]: Instantiate class: rclcpp_components::NodeFactoryTemplate<nav2_amcl::AmclNode>
[INFO] [1758715672.176844194] [amcl]: 
	amcl lifecycle node launched. 
	Waiting on external lifecycle transitions to activate
	See https://design.ros2.org/articles/node_lifecycle.html for more information.
[INFO] [1758715672.178332644] [amcl]: Creating
[INFO] [1758715672.182184695] [nav2_container]: Load Library: /opt/ros/jazzy/lib/libcontroller_server_core.so
[INFO] [1758715672.208951206] [nav2_container]: Found class: rclcpp_components::NodeFactoryTemplate<nav2_controller::ControllerServer>
[INFO] [1758715672.209011346] [nav2_container]: Instantiate class: rclcpp_components::NodeFactoryTemplate<nav2_controller::ControllerServer>
[INFO] [1758715672.218984207] [controller_server]: 
	controller_server lifecycle node launched. 
	Waiting on external lifecycle transitions to activate
	See https://design.ros2.org/articles/node_lifecycle.html for more information.
[INFO] [1758715672.307890352] [controller_server]: Creating controller server
[INFO] [1758715672.325131603] [local_costmap.local_costmap]: 
	local_costmap lifecycle node launched. 
	Waiting on external lifecycle transitions to activate
	See https://design.ros2.org/articles/node_lifecycle.html for more information.
[INFO] [1758715672.328452143] [local_costmap.local_costmap]: Creating Costmap
[INFO] [1758715672.330940373] [nav2_container]: Load Library: /opt/ros/jazzy/lib/libnav2_lifecycle_manager_core.so
[INFO] [1758715672.368373465] [nav2_container]: Found class: rclcpp_components::NodeFactoryTemplate<nav2_lifecycle_manager::LifecycleManager>
[INFO] [1758715672.368697455] [nav2_container]: Instantiate class: rclcpp_components::NodeFactoryTemplate<nav2_lifecycle_manager::LifecycleManager>
[INFO] [1758715672.377764856] [lifecycle_manager_localization]: Creating
[INFO] [1758715672.388415116] [nav2_container]: Load Library: /opt/ros/jazzy/lib/libmap_server_core.so
[INFO] [1758715672.401442877] [lifecycle_manager_localization]: [34m[1mCreating and initializing lifecycle service clients[0m[0m
[INFO] [1758715672.416774678] [nav2_container]: Found class: rclcpp_components::NodeFactoryTemplate<nav2_map_server::CostmapFilterInfoServer>
[INFO] [1758715672.417906788] [nav2_container]: Found class: rclcpp_components::NodeFactoryTemplate<nav2_map_server::MapSaver>
[INFO] [1758715672.417932938] [nav2_container]: Found class: rclcpp_components::NodeFactoryTemplate<nav2_map_server::MapServer>
[INFO] [1758715672.417942248] [nav2_container]: Instantiate class: rclcpp_components::NodeFactoryTemplate<nav2_map_server::MapServer>
[INFO] [1758715672.436476939] [map_server]: 
	map_server lifecycle node launched. 
	Waiting on external lifecycle transitions to activate
	See https://design.ros2.org/articles/node_lifecycle.html for more information.
[INFO] [1758715672.436570549] [map_server]: Creating
[INFO] [1758715672.438159209] [nav2_container]: Load Library: /opt/ros/jazzy/lib/libsmoother_server_core.so
[INFO] [1758715672.467822501] [nav2_container]: Found class: rclcpp_components::NodeFactoryTemplate<nav2_smoother::SmootherServer>
[INFO] [1758715672.467903501] [lifecycle_manager_localization]: [34m[1mStarting managed nodes bringup...[0m[0m
[INFO] [1758715672.467934881] [nav2_container]: Instantiate class: rclcpp_components::NodeFactoryTemplate<nav2_smoother::SmootherServer>
[INFO] [1758715672.467991401] [lifecycle_manager_localization]: [34m[1mConfiguring map_server[0m[0m
[INFO] [1758715672.470682011] [map_server]: Configuring
[INFO] [1758715672.470777871] [map_io]: Loading yaml file: /config/maps/large_room.yaml
[INFO] [1758715672.471111611] [map_io]: resolution: 0.05
[INFO] [1758715672.471124991] [map_io]: origin[0]: -4.25
[INFO] [1758715672.471128691] [map_io]: origin[1]: -4.25
[INFO] [1758715672.471132771] [map_io]: origin[2]: 0
[INFO] [1758715672.471159501] [map_io]: free_thresh: 0.196
[INFO] [1758715672.471191711] [map_io]: occupied_thresh: 0.65
[INFO] [1758715672.471200151] [map_io]: mode: trinary
[INFO] [1758715672.471205411] [map_io]: negate: 0
[INFO] [1758715672.471499681] [map_io]: Loading image_file: /config/maps/large_room.pgm
[INFO] [1758715672.473408871] [map_io]: Read map /config/maps/large_room.pgm: 170 X 170 map @ 0.05 m/cell
[INFO] [1758715672.482413722] [lifecycle_manager_localization]: [34m[1mConfiguring amcl[0m[0m
[INFO] [1758715672.482928012] [amcl]: Configuring
[INFO] [1758715672.483059962] [smoother_server]: 
	smoother_server lifecycle node launched. 
	Waiting on external lifecycle transitions to activate
	See https://design.ros2.org/articles/node_lifecycle.html for more information.
[INFO] [1758715672.483248072] [amcl]: initTransforms
[INFO] [1758715672.490500282] [smoother_server]: Creating smoother server
[INFO] [1758715672.506645543] [nav2_container]: Load Library: /opt/ros/jazzy/lib/libplanner_server_core.so
[INFO] [1758715672.510608764] [nav2_container]: Found class: rclcpp_components::NodeFactoryTemplate<nav2_planner::PlannerServer>
[INFO] [1758715672.510653104] [nav2_container]: Instantiate class: rclcpp_components::NodeFactoryTemplate<nav2_planner::PlannerServer>
[INFO] [1758715672.515330194] [amcl]: initPubSub
[INFO] [1758715672.518173474] [amcl]: Subscribed to map topic.
[INFO] [1758715672.524685934] [lifecycle_manager_localization]: [34m[1mActivating map_server[0m[0m
[INFO] [1758715672.524960424] [map_server]: Activating
[INFO] [1758715672.525112694] [map_server]: Creating bond (map_server) to lifecycle manager.
[INFO] [1758715672.525370304] [amcl]: Received a 170 X 170 map @ 0.050 m/pix
[INFO] [1758715672.531456065] [planner_server]: 
	planner_server lifecycle node launched. 
	Waiting on external lifecycle transitions to activate
	See https://design.ros2.org/articles/node_lifecycle.html for more information.
[INFO] [1758715672.539587355] [planner_server]: Creating
[INFO] [1758715672.579370538] [global_costmap.global_costmap]: 
	global_costmap lifecycle node launched. 
	Waiting on external lifecycle transitions to activate
	See https://design.ros2.org/articles/node_lifecycle.html for more information.
[INFO] [1758715672.580962808] [global_costmap.global_costmap]: Creating Costmap
[INFO] [1758715672.587651288] [nav2_container]: Load Library: /opt/ros/jazzy/lib/libbehavior_server_core.so
[INFO] [1758715672.589413548] [nav2_container]: Found class: rclcpp_components::NodeFactoryTemplate<behavior_server::BehaviorServer>
[INFO] [1758715672.589448548] [nav2_container]: Instantiate class: rclcpp_components::NodeFactoryTemplate<behavior_server::BehaviorServer>
[INFO] [1758715672.607343919] [behavior_server]: 
	behavior_server lifecycle node launched. 
	Waiting on external lifecycle transitions to activate
	See https://design.ros2.org/articles/node_lifecycle.html for more information.
[INFO] [1758715672.624251360] [nav2_container]: Load Library: /opt/ros/jazzy/lib/libbt_navigator_core.so
[INFO] [1758715672.625914050] [nav2_container]: Found class: rclcpp_components::NodeFactoryTemplate<nav2_bt_navigator::BtNavigator>
[INFO] [1758715672.625939940] [nav2_container]: Instantiate class: rclcpp_components::NodeFactoryTemplate<nav2_bt_navigator::BtNavigator>
[INFO] [1758715672.633820541] [lifecycle_manager_localization]: Server map_server connected with bond.
[INFO] [1758715672.633861421] [lifecycle_manager_localization]: [34m[1mActivating amcl[0m[0m
[INFO] [1758715672.634130951] [amcl]: Activating
[INFO] [1758715672.634190771] [amcl]: Creating bond (amcl) to lifecycle manager.
[INFO] [1758715672.635477671] [bt_navigator]: 
	bt_navigator lifecycle node launched. 
	Waiting on external lifecycle transitions to activate
	See https://design.ros2.org/articles/node_lifecycle.html for more information.
[INFO] [1758715672.640451031] [bt_navigator]: Creating
[INFO] [1758715672.672639403] [nav2_container]: Load Library: /opt/ros/jazzy/lib/libwaypoint_follower_core.so
[INFO] [1758715672.675256993] [nav2_container]: Found class: rclcpp_components::NodeFactoryTemplate<nav2_waypoint_follower::WaypointFollower>
[INFO] [1758715672.675318483] [nav2_container]: Instantiate class: rclcpp_components::NodeFactoryTemplate<nav2_waypoint_follower::WaypointFollower>
[INFO] [1758715672.685166144] [waypoint_follower]: 
	waypoint_follower lifecycle node launched. 
	Waiting on external lifecycle transitions to activate
	See https://design.ros2.org/articles/node_lifecycle.html for more information.
[INFO] [1758715672.687149204] [waypoint_follower]: Creating
[INFO] [1758715672.696515284] [nav2_container]: Load Library: /opt/ros/jazzy/lib/libvelocity_smoother_core.so
[INFO] [1758715672.698696075] [nav2_container]: Found class: rclcpp_components::NodeFactoryTemplate<nav2_velocity_smoother::VelocitySmoother>
[INFO] [1758715672.698735095] [nav2_container]: Instantiate class: rclcpp_components::NodeFactoryTemplate<nav2_velocity_smoother::VelocitySmoother>
[INFO] [1758715672.711928095] [velocity_smoother]: 
	velocity_smoother lifecycle node launched. 
	Waiting on external lifecycle transitions to activate
	See https://design.ros2.org/articles/node_lifecycle.html for more information.
[INFO] [1758715672.719356806] [nav2_container]: Load Library: /opt/ros/jazzy/lib/libcollision_monitor_core.so
[INFO] [1758715672.727279396] [nav2_container]: Found class: rclcpp_components::NodeFactoryTemplate<nav2_collision_monitor::CollisionMonitor>
[INFO] [1758715672.727348716] [nav2_container]: Instantiate class: rclcpp_components::NodeFactoryTemplate<nav2_collision_monitor::CollisionMonitor>
[INFO] [1758715672.736939297] [lifecycle_manager_localization]: Server amcl connected with bond.
[INFO] [1758715672.736993197] [lifecycle_manager_localization]: [34m[1mManaged nodes are active[0m[0m
[INFO] [1758715672.737018777] [lifecycle_manager_localization]: [34m[1mCreating bond timer...[0m[0m
[INFO] [1758715672.739694137] [collision_monitor]: 
	collision_monitor lifecycle node launched. 
	Waiting on external lifecycle transitions to activate
	See https://design.ros2.org/articles/node_lifecycle.html for more information.
[INFO] [1758715672.774723529] [nav2_container]: Load Library: /opt/ros/jazzy/lib/libopennav_docking_core.so
[INFO] [1758715672.778583609] [nav2_container]: Found class: rclcpp_components::NodeFactoryTemplate<opennav_docking::DockingServer>
[INFO] [1758715672.778640309] [nav2_container]: Instantiate class: rclcpp_components::NodeFactoryTemplate<opennav_docking::DockingServer>
[INFO] [1758715672.788866670] [docking_server]: 
	docking_server lifecycle node launched. 
	Waiting on external lifecycle transitions to activate
	See https://design.ros2.org/articles/node_lifecycle.html for more information.
[INFO] [1758715672.788934430] [docking_server]: Creating docking_server
[INFO] [1758715672.793778500] [nav2_container]: Found class: rclcpp_components::NodeFactoryTemplate<nav2_lifecycle_manager::LifecycleManager>
[INFO] [1758715672.793815430] [nav2_container]: Instantiate class: rclcpp_components::NodeFactoryTemplate<nav2_lifecycle_manager::LifecycleManager>
[INFO] [1758715672.806606311] [lifecycle_manager_navigation]: Creating
[INFO] [1758715672.808610121] [lifecycle_manager_navigation]: [34m[1mCreating and initializing lifecycle service clients[0m[0m
[INFO] [1758715672.816819441] [lifecycle_manager_navigation]: [34m[1mStarting managed nodes bringup...[0m[0m
[INFO] [1758715672.816866071] [lifecycle_manager_navigation]: [34m[1mConfiguring controller_server[0m[0m
[INFO] [1758715672.817381721] [controller_server]: Configuring controller interface
[INFO] [1758715672.817420421] [controller_server]: getting progress checker plugins..
[INFO] [1758715672.817839971] [controller_server]: getting goal checker plugins..
[INFO] [1758715672.817995671] [controller_server]: Controller frequency set to 20.0000Hz
[INFO] [1758715672.818061701] [local_costmap.local_costmap]: Configuring
[INFO] [1758715672.822072302] [local_costmap.local_costmap]: Using plugin "voxel_layer"
[INFO] [1758715672.826694512] [local_costmap.local_costmap]: Subscribed to Topics: scan
[INFO] [1758715672.830460002] [local_costmap.local_costmap]: Initialized plugin "voxel_layer"
[INFO] [1758715672.830500332] [local_costmap.local_costmap]: Using plugin "inflation_layer"
[INFO] [1758715672.831184832] [local_costmap.local_costmap]: Initialized plugin "inflation_layer"
[INFO] [1758715672.839931373] [controller_server]: Created progress_checker : progress_checker of type nav2_controller::SimpleProgressChecker
[INFO] [1758715672.841458003] [controller_server]: Controller Server has progress_checker  progress checkers available.
[INFO] [1758715672.869043934] [controller_server]: Created goal checker : general_goal_checker of type nav2_controller::SimpleGoalChecker
[INFO] [1758715672.869844144] [controller_server]: Controller Server has general_goal_checker  goal checkers available.
[INFO] [1758715672.873295885] [controller_server]: Created controller : FollowPath of type nav2_mppi_controller::MPPIController
[INFO] [1758715672.877149635] [controller_server]: Controller period is equal to model dt. Control sequence shifting is ON
[INFO] [1758715672.879783405] [controller_server]: ConstraintCritic instantiated with 1 power and 4.000000 weight.
[INFO] [1758715672.879807505] [controller_server]: Critic loaded : mppi::critics::ConstraintCritic
[INFO] [1758715672.880943105] [controller_server]: InflationCostCritic instantiated with 1 power and 300.000000 / 0.015000 weights. Critic will collision check based on circular cost.
[INFO] [1758715672.880966815] [controller_server]: Critic loaded : mppi::critics::CostCritic
[INFO] [1758715672.881468435] [controller_server]: GoalCritic instantiated with 1 power and 5.000000 weight.
[INFO] [1758715672.881487385] [controller_server]: Critic loaded : mppi::critics::GoalCritic
[INFO] [1758715672.881954545] [controller_server]: GoalAngleCritic instantiated with 1 power, 3.000000 weight, and 0.500000 angular threshold.
[INFO] [1758715672.882008505] [controller_server]: Critic loaded : mppi::critics::GoalAngleCritic
[INFO] [1758715672.883022715] [controller_server]: ReferenceTrajectoryCritic instantiated with 1 power and 14.000000 weight
[INFO] [1758715672.883040215] [controller_server]: Critic loaded : mppi::critics::PathAlignCritic
[INFO] [1758715672.883532875] [controller_server]: Critic loaded : mppi::critics::PathFollowCritic
[INFO] [1758715672.884296645] [controller_server]: PathAngleCritic instantiated with 1 power and 2.000000 weight. Mode set to: Forward Preference
[INFO] [1758715672.884311185] [controller_server]: Critic loaded : mppi::critics::PathAngleCritic
[INFO] [1758715672.884755625] [controller_server]: PreferForwardCritic instantiated with 1 power and 5.000000 weight.
[INFO] [1758715672.884773585] [controller_server]: Critic loaded : mppi::critics::PreferForwardCritic
[INFO] [1758715672.887167905] [controller_server]: Optimizer reset
[INFO] [1758715672.889635436] [MPPIController]: Configured MPPI Controller: FollowPath
[INFO] [1758715672.889653586] [controller_server]: Controller Server has FollowPath  controllers available.
[INFO] [1758715672.894640376] [lifecycle_manager_navigation]: [34m[1mConfiguring smoother_server[0m[0m
[INFO] [1758715672.894753576] [smoother_server]: Configuring smoother server
[INFO] [1758715672.909767337] [smoother_server]: Created smoother : simple_smoother of type nav2_smoother::SimpleSmoother
[INFO] [1758715672.910902037] [smoother_server]: Smoother Server has simple_smoother  smoothers available.
[INFO] [1758715672.914497357] [lifecycle_manager_navigation]: [34m[1mConfiguring planner_server[0m[0m
[INFO] [1758715672.914642387] [planner_server]: Configuring
[INFO] [1758715672.914686387] [global_costmap.global_costmap]: Configuring
[INFO] [1758715672.917468287] [global_costmap.global_costmap]: Using plugin "static_layer"
[INFO] [1758715672.918466627] [global_costmap.global_costmap]: Subscribing to the map topic (/map) with transient local durability
[INFO] [1758715672.918802997] [global_costmap.global_costmap]: Initialized plugin "static_layer"
[INFO] [1758715672.918814727] [global_costmap.global_costmap]: Using plugin "obstacle_layer"
[INFO] [1758715672.919493447] [global_costmap.global_costmap]: Subscribed to Topics: scan
[INFO] [1758715672.923128148] [global_costmap.global_costmap]: Initialized plugin "obstacle_layer"
[INFO] [1758715672.923163408] [global_costmap.global_costmap]: Using plugin "inflation_layer"
[INFO] [1758715672.924422028] [global_costmap.global_costmap]: Initialized plugin "inflation_layer"
[INFO] [1758715672.932829748] [global_costmap.global_costmap]: StaticLayer: Resizing costmap to 170 X 170 at 0.050000 m/pix
[INFO] [1758715672.933648328] [planner_server]: Created global planner plugin GridBased of type nav2_navfn_planner::NavfnPlanner
[INFO] [1758715672.933682748] [planner_server]: Configuring plugin GridBased of type NavfnPlanner
[INFO] [1758715672.934518638] [planner_server]: Planner Server has GridBased  planners available.
[INFO] [1758715672.941450479] [lifecycle_manager_navigation]: [34m[1mConfiguring behavior_server[0m[0m
[INFO] [1758715672.941754139] [behavior_server]: Configuring
[INFO] [1758715672.944861329] [behavior_server]: Creating behavior plugin spin of type nav2_behaviors::Spin
[INFO] [1758715672.946064029] [behavior_server]: Creating behavior plugin backup of type nav2_behaviors::BackUp
[INFO] [1758715672.969498950] [behavior_server]: Creating behavior plugin drive_on_heading of type nav2_behaviors::DriveOnHeading
[INFO] [1758715672.971083740] [behavior_server]: Creating behavior plugin assisted_teleop of type nav2_behaviors::AssistedTeleop
[INFO] [1758715672.973988440] [behavior_server]: Creating behavior plugin wait of type nav2_behaviors::Wait
[INFO] [1758715672.976780741] [behavior_server]: Configuring spin
[INFO] [1758715672.981646031] [behavior_server]: Configuring backup
[INFO] [1758715672.984313461] [behavior_server]: Configuring drive_on_heading
[INFO] [1758715672.986387301] [behavior_server]: Configuring assisted_teleop
[INFO] [1758715672.990661051] [behavior_server]: Configuring wait
[WARN] [1758715672.991822642] [amcl]: New subscription discovered on topic '/particle_cloud', requesting incompatible QoS. No messages will be sent to it. Last incompatible policy: RELIABILITY_QOS_POLICY
[INFO] [1758715672.993013652] [lifecycle_manager_navigation]: [34m[1mConfiguring velocity_smoother[0m[0m
[INFO] [1758715672.993178582] [velocity_smoother]: Configuring velocity smoother
[INFO] [1758715673.002628142] [lifecycle_manager_navigation]: [34m[1mConfiguring collision_monitor[0m[0m
[INFO] [1758715673.003070142] [collision_monitor]: Configuring
[INFO] [1758715673.013840033] [collision_monitor]: [scan]: Creating Scan
[INFO] [1758715673.015342053] [collision_monitor]: [FootprintApproach]: Creating Polygon
[INFO] [1758715673.015765903] [collision_monitor]: [FootprintApproach]: Polygon points are not defined. Using dynamic subscription instead.
[INFO] [1758715673.017034843] [collision_monitor]: [FootprintApproach]: Making footprint subscriber on /local_costmap/published_footprint topic
[INFO] [1758715673.019507143] [lifecycle_manager_navigation]: [34m[1mConfiguring bt_navigator[0m[0m
[INFO] [1758715673.019630123] [bt_navigator]: Configuring
[INFO] [1758715673.022630793] [bt_navigator]: Creating navigator id navigate_to_pose of type nav2_bt_navigator::NavigateToPoseNavigator
[INFO] [1758715673.098533248] [bt_navigator]: Creating navigator id navigate_through_poses of type nav2_bt_navigator::NavigateThroughPosesNavigator
[INFO] [1758715673.118947919] [lifecycle_manager_navigation]: [34m[1mConfiguring waypoint_follower[0m[0m
[INFO] [1758715673.119150889] [waypoint_follower]: Configuring
[INFO] [1758715673.128068189] [waypoint_follower]: Created waypoint_task_executor : wait_at_waypoint of type nav2_waypoint_follower::WaitAtWaypoint
[INFO] [1758715673.129174260] [lifecycle_manager_navigation]: [34m[1mConfiguring docking_server[0m[0m
[INFO] [1758715673.129591420] [docking_server]: Configuring docking_server
[INFO] [1758715673.129667620] [docking_server]: Controller frequency set to 50.0000Hz
[INFO] [1758715673.143063040] [docking_server]: Created charging dock plugin simple_charging_dock of type opennav_docking::SimpleChargingDock
[WARN] [1758715673.170522472] [docking_server]: Dock database filepath nor dock parameters set. Docking actions can only be executed specifying the dock pose via the action request. Or update the dock database via the reload_database service.
[INFO] [1758715673.170638282] [docking_server]: Docking Server has 1 dock types and 0 dock instances available.
[INFO] [1758715673.172355882] [lifecycle_manager_navigation]: [34m[1mActivating controller_server[0m[0m
[INFO] [1758715673.172798122] [controller_server]: Activating
[INFO] [1758715673.172852272] [local_costmap.local_costmap]: Activating
[INFO] [1758715673.172869112] [local_costmap.local_costmap]: Checking transform
[INFO] [1758715673.172917562] [local_costmap.local_costmap]: Timed out waiting for transform from base_link to odom to become available, tf error: Invalid frame ID "odom" passed to canTransform argument target_frame - frame does not exist
[INFO] [1758715673.672969811] [local_costmap.local_costmap]: Timed out waiting for transform from base_link to odom to become available, tf error: Invalid frame ID "odom" passed to canTransform argument target_frame - frame does not exist
[INFO] [1758715674.172988181] [local_costmap.local_costmap]: Timed out waiting for transform from base_link to odom to become available, tf error: Invalid frame ID "odom" passed to canTransform argument target_frame - frame does not exist
[INFO] [1758715674.672963160] [local_costmap.local_costmap]: Timed out waiting for transform from base_link to odom to become available, tf error: Invalid frame ID "odom" passed to canTransform argument target_frame - frame does not exist
[INFO] [1758715675.172992420] [local_costmap.local_costmap]: Timed out waiting for transform from base_link to odom to become available, tf error: Invalid frame ID "odom" passed to canTransform argument target_frame - frame does not exist
[INFO] [1758715675.299164977] [amcl]: initialPoseReceived
[INFO] [1758715675.299432397] [amcl]: Setting pose (0.006000): -2.306 1.825 -1.684
[INFO] [1758715675.673490699] [local_costmap.local_costmap]: Timed out waiting for transform from base_link to odom to become available, tf error: Invalid frame ID "odom" passed to canTransform argument target_frame - frame does not exist
[INFO] [1758715676.173001329] [local_costmap.local_costmap]: Timed out waiting for transform from base_link to odom to become available, tf error: Invalid frame ID "odom" passed to canTransform argument target_frame - frame does not exist
[INFO] [1758715676.672971158] [local_costmap.local_costmap]: Timed out waiting for transform from base_link to odom to become available, tf error: Invalid frame ID "odom" passed to canTransform argument target_frame - frame does not exist
[INFO] [1758715677.172985698] [local_costmap.local_costmap]: Timed out waiting for transform from base_link to odom to become available, tf error: Invalid frame ID "odom" passed to canTransform argument target_frame - frame does not exist
[INFO] [1758715677.672980668] [local_costmap.local_costmap]: Timed out waiting for transform from base_link to odom to become available, tf error: Invalid frame ID "odom" passed to canTransform argument target_frame - frame does not exist
[INFO] [1758715678.173006258] [local_costmap.local_costmap]: Timed out waiting for transform from base_link to odom to become available, tf error: Invalid frame ID "odom" passed to canTransform argument target_frame - frame does not exist
[INFO] [1758715678.673164279] [local_costmap.local_costmap]: start
[WARN] [1758715678.924439594] [controller_server]: Parameter controller_server.verbose not found
[INFO] [1758715678.929015174] [controller_server]: Optimizer reset
[INFO] [1758715678.929709134] [MPPIController]: Activated MPPI Controller: FollowPath
[INFO] [1758715678.929804684] [controller_server]: Creating bond (controller_server) to lifecycle manager.
[INFO] [1758715679.036684460] [lifecycle_manager_navigation]: Server controller_server connected with bond.
[INFO] [1758715679.036855630] [lifecycle_manager_navigation]: [34m[1mActivating smoother_server[0m[0m
[INFO] [1758715679.037663851] [smoother_server]: Activating
[INFO] [1758715679.037763881] [smoother_server]: Creating bond (smoother_server) to lifecycle manager.
[INFO] [1758715679.141026067] [lifecycle_manager_navigation]: Server smoother_server connected with bond.
[INFO] [1758715679.141118007] [lifecycle_manager_navigation]: [34m[1mActivating planner_server[0m[0m
[INFO] [1758715679.142252757] [planner_server]: Activating
[INFO] [1758715679.142390927] [global_costmap.global_costmap]: Activating
[INFO] [1758715679.142417007] [global_costmap.global_costmap]: Checking transform
[INFO] [1758715679.142474027] [global_costmap.global_costmap]: Timed out waiting for transform from base_link to map to become available, tf error: Could not find a connection between 'map' and 'base_link' because they are not part of the same tree.Tf has two or more unconnected trees.
[INFO] [1758715679.369351071] [amcl]: createLaserObject
[INFO] [1758715679.642533697] [global_costmap.global_costmap]: Timed out waiting for transform from base_link to map to become available, tf error: Lookup would require extrapolation into the past.  Requested time 0.468000 but the earliest data is at time 1.102000, when looking up transform from frame [base_link] to frame [map]
[INFO] [1758715680.142524658] [global_costmap.global_costmap]: Timed out waiting for transform from base_link to map to become available, tf error: Lookup would require extrapolation into the past.  Requested time 0.936000 but the earliest data is at time 1.102000, when looking up transform from frame [base_link] to frame [map]
[INFO] [1758715680.217401462] [amcl]: Message Filter dropping message: frame 'rplidar_link' at time 0.006 for reason 'the timestamp on the message is earlier than all the data in the transform cache'
[INFO] [1758715680.642506018] [global_costmap.global_costmap]: Timed out waiting for transform from base_link to map to become available, tf error: Lookup would require extrapolation into the past.  Requested time 1.080000 but the earliest data is at time 1.102000, when looking up transform from frame [base_link] to frame [map]
[INFO] [1758715681.142522879] [global_costmap.global_costmap]: Timed out waiting for transform from base_link to map to become available, tf error: Lookup would require extrapolation into the past.  Requested time 1.080000 but the earliest data is at time 1.102000, when looking up transform from frame [base_link] to frame [map]
[INFO] [1758715681.643098070] [global_costmap.global_costmap]: start
[INFO] [1758715682.694674094] [planner_server]: Activating plugin GridBased of type NavfnPlanner
[INFO] [1758715682.696215095] [planner_server]: Creating bond (planner_server) to lifecycle manager.
[INFO] [1758715682.801978781] [lifecycle_manager_navigation]: Server planner_server connected with bond.
[INFO] [1758715682.802054671] [lifecycle_manager_navigation]: [34m[1mActivating behavior_server[0m[0m
[INFO] [1758715682.802630701] [behavior_server]: Activating
[INFO] [1758715682.802665451] [behavior_server]: Activating spin
[INFO] [1758715682.802708901] [behavior_server]: Activating backup
[INFO] [1758715682.802724241] [behavior_server]: Activating drive_on_heading
[INFO] [1758715682.802740071] [behavior_server]: Activating assisted_teleop
[INFO] [1758715682.802756161] [behavior_server]: Activating wait
[INFO] [1758715682.802779651] [behavior_server]: Creating bond (behavior_server) to lifecycle manager.
[INFO] [1758715682.906718518] [lifecycle_manager_navigation]: Server behavior_server connected with bond.
[INFO] [1758715682.906789338] [lifecycle_manager_navigation]: [34m[1mActivating velocity_smoother[0m[0m
[INFO] [1758715682.907411728] [velocity_smoother]: Activating
[INFO] [1758715682.907566718] [velocity_smoother]: Creating bond (velocity_smoother) to lifecycle manager.
[INFO] [1758715683.011711674] [lifecycle_manager_navigation]: Server velocity_smoother connected with bond.
[INFO] [1758715683.011801354] [lifecycle_manager_navigation]: [34m[1mActivating collision_monitor[0m[0m
[INFO] [1758715683.012482524] [collision_monitor]: Activating
[INFO] [1758715683.012703924] [collision_monitor]: Creating bond (collision_monitor) to lifecycle manager.
[INFO] [1758715683.117177071] [lifecycle_manager_navigation]: Server collision_monitor connected with bond.
[INFO] [1758715683.117300561] [lifecycle_manager_navigation]: [34m[1mActivating bt_navigator[0m[0m
[INFO] [1758715683.118891761] [bt_navigator]: Activating
[INFO] [1758715683.167313454] [bt_navigator]: Creating bond (bt_navigator) to lifecycle manager.
[INFO] [1758715683.270372650] [lifecycle_manager_navigation]: Server bt_navigator connected with bond.
[INFO] [1758715683.270473300] [lifecycle_manager_navigation]: [34m[1mActivating waypoint_follower[0m[0m
[INFO] [1758715683.271358430] [waypoint_follower]: Activating
[INFO] [1758715683.271500090] [waypoint_follower]: Creating bond (waypoint_follower) to lifecycle manager.
[INFO] [1758715683.378646767] [lifecycle_manager_navigation]: Server waypoint_follower connected with bond.
[INFO] [1758715683.378844417] [lifecycle_manager_navigation]: [34m[1mActivating docking_server[0m[0m
[INFO] [1758715683.382123377] [docking_server]: Activating docking_server
[INFO] [1758715683.390554648] [docking_server]: Creating bond (docking_server) to lifecycle manager.
[INFO] [1758715683.496172134] [lifecycle_manager_navigation]: Server docking_server connected with bond.
[INFO] [1758715683.496268304] [lifecycle_manager_navigation]: [34m[1mManaged nodes are active[0m[0m
[INFO] [1758715683.496284114] [lifecycle_manager_navigation]: [34m[1mCreating bond timer...[0m[0m
[INFO] [1758715684.302778255] [bt_navigator]: Begin navigating from current location through 1 poses to (2.71, -1.97)
[INFO] [1758715684.324343156] [controller_server]: Received a goal, begin computing control effort.
[WARN] [1758715684.324412476] [controller_server]: No goal checker was specified in parameter 'current_goal_checker'. Server will use only plugin loaded general_goal_checker . This warning will appear once.
[WARN] [1758715684.324427596] [controller_server]: No progress checker was specified in parameter 'current_progress_checker'. Server will use only plugin loaded progress_checker . This warning will appear once.
[INFO] [1758715685.299296687] [controller_server]: Optimizer reset
[INFO] [1758715685.312551788] [controller_server]: Optimizer reset
[WARN] [1758715685.312766618] [controller_server]: Optimizer fail to compute path
[INFO] [1758715685.331693009] [controller_server]: Optimizer reset
[INFO] [1758715685.339693880] [controller_server]: Optimizer reset
[WARN] [1758715685.340548000] [controller_server]: Optimizer fail to compute path
[INFO] [1758715685.384427663] [controller_server]: Optimizer reset
[INFO] [1758715685.395589243] [controller_server]: Optimizer reset
[WARN] [1758715685.395744903] [controller_server]: Optimizer fail to compute path
[INFO] [1758715685.440532596] [controller_server]: Optimizer reset
[INFO] [1758715685.453976897] [controller_server]: Optimizer reset
[WARN] [1758715685.454157937] [controller_server]: Optimizer fail to compute path
[INFO] [1758715685.484966169] [controller_server]: Optimizer reset
[INFO] [1758715685.491628279] [controller_server]: Optimizer reset
[WARN] [1758715685.491762009] [controller_server]: Optimizer fail to compute path
[INFO] [1758715685.535195102] [controller_server]: Optimizer reset
[INFO] [1758715685.544859663] [controller_server]: Optimizer reset
[WARN] [1758715685.545123753] [controller_server]: Optimizer fail to compute path
[INFO] [1758715685.583235045] [controller_server]: Optimizer reset
[INFO] [1758715685.596816146] [controller_server]: Optimizer reset
[WARN] [1758715685.596915036] [controller_server]: Optimizer fail to compute path
[INFO] [1758715685.632811688] [controller_server]: Optimizer reset
[INFO] [1758715685.642986929] [controller_server]: Optimizer reset
[WARN] [1758715685.643088039] [controller_server]: Optimizer fail to compute path
[ERROR] [1758715685.643146369] [controller_server]: Controller patience exceeded
[INFO] [1758715685.646192989] [controller_server]: Optimizer reset
[WARN] [1758715685.646225929] [controller_server]: [follow_path] [ActionServer] Aborting handle.
[INFO] [1758715685.663799550] [local_costmap.local_costmap]: Received request to clear entirely the local_costmap
[INFO] [1758715685.666022470] [controller_server]: Received a goal, begin computing control effort.
[INFO] [1758715685.690942072] [controller_server]: Optimizer reset
[INFO] [1758715685.702685933] [controller_server]: Optimizer reset
[WARN] [1758715685.702855433] [controller_server]: Optimizer fail to compute path
[INFO] [1758715685.724592434] [controller_server]: Optimizer reset
[INFO] [1758715685.733761795] [controller_server]: Optimizer reset
[WARN] [1758715685.733926965] [controller_server]: Optimizer fail to compute path
[INFO] [1758715685.773387557] [controller_server]: Optimizer reset
[INFO] [1758715685.776430137] [controller_server]: Optimizer reset
[WARN] [1758715685.777558967] [controller_server]: Optimizer fail to compute path
[INFO] [1758715685.824406660] [controller_server]: Optimizer reset
[INFO] [1758715685.829388871] [controller_server]: Optimizer reset
[WARN] [1758715685.829508711] [controller_server]: Optimizer fail to compute path
[INFO] [1758715685.877463614] [controller_server]: Optimizer reset
[INFO] [1758715685.885118394] [controller_server]: Optimizer reset
[WARN] [1758715685.885294234] [controller_server]: Optimizer fail to compute path
[INFO] [1758715685.929628297] [controller_server]: Optimizer reset
[INFO] [1758715685.954414518] [controller_server]: Optimizer reset
[WARN] [1758715685.954636308] [controller_server]: Optimizer fail to compute path
[INFO] [1758715685.974763980] [controller_server]: Optimizer reset
[INFO] [1758715685.992789651] [controller_server]: Optimizer reset
[WARN] [1758715685.993050351] [controller_server]: Optimizer fail to compute path
[INFO] [1758715686.023228053] [controller_server]: Optimizer reset
[INFO] [1758715686.027639103] [controller_server]: Optimizer reset
[WARN] [1758715686.027752093] [controller_server]: Optimizer fail to compute path
[INFO] [1758715686.074946006] [controller_server]: Optimizer reset
[INFO] [1758715686.081673886] [controller_server]: Optimizer reset
[WARN] [1758715686.081839166] [controller_server]: Optimizer fail to compute path
[ERROR] [1758715686.081887696] [controller_server]: Controller patience exceeded
[INFO] [1758715686.086351167] [controller_server]: Optimizer reset
[WARN] [1758715686.086456617] [controller_server]: [follow_path] [ActionServer] Aborting handle.
[INFO] [1758715686.093653677] [local_costmap.local_costmap]: Received request to clear entirely the local_costmap
[INFO] [1758715686.094460767] [global_costmap.global_costmap]: Received request to clear entirely the global_costmap
[WARN] [1758715686.648100622] [planner_server]: Planner loop missed its desired rate of 20.0000 Hz. Current loop rate is 3.0581 Hz
[INFO] [1758715686.664182793] [controller_server]: Received a goal, begin computing control effort.
[INFO] [1758715686.670183224] [controller_server]: Optimizer reset
[INFO] [1758715686.680149044] [controller_server]: Optimizer reset
[WARN] [1758715686.680283614] [controller_server]: Optimizer fail to compute path
[INFO] [1758715686.722595547] [controller_server]: Optimizer reset
[INFO] [1758715686.734856928] [controller_server]: Optimizer reset
[WARN] [1758715686.735017528] [controller_server]: Optimizer fail to compute path
[INFO] [1758715686.773492370] [controller_server]: Optimizer reset
[INFO] [1758715686.785862631] [controller_server]: Optimizer reset
[WARN] [1758715686.786089081] [controller_server]: Optimizer fail to compute path
[INFO] [1758715686.824827314] [controller_server]: Optimizer reset
[INFO] [1758715686.832703034] [controller_server]: Optimizer reset
[WARN] [1758715686.832867344] [controller_server]: Optimizer fail to compute path
[INFO] [1758715686.879699737] [controller_server]: Optimizer reset
[INFO] [1758715686.889283238] [controller_server]: Optimizer reset
[WARN] [1758715686.889531538] [controller_server]: Optimizer fail to compute path
[INFO] [1758715686.924507400] [controller_server]: Optimizer reset
[INFO] [1758715686.932107580] [controller_server]: Optimizer reset
[WARN] [1758715686.932251150] [controller_server]: Optimizer fail to compute path
[INFO] [1758715686.976725653] [controller_server]: Optimizer reset
[INFO] [1758715686.991342494] [controller_server]: Optimizer reset
[WARN] [1758715686.991558384] [controller_server]: Optimizer fail to compute path
[INFO] [1758715687.020243896] [controller_server]: Optimizer reset
[INFO] [1758715687.028769956] [controller_server]: Optimizer reset
[WARN] [1758715687.028956326] [controller_server]: Optimizer fail to compute path
[INFO] [1758715687.070569219] [controller_server]: Optimizer reset
[INFO] [1758715687.079803030] [controller_server]: Optimizer reset
[WARN] [1758715687.080089480] [controller_server]: Optimizer fail to compute path
[INFO] [1758715687.127480003] [controller_server]: Optimizer reset
[INFO] [1758715687.138302253] [controller_server]: Optimizer reset
[WARN] [1758715687.138447873] [controller_server]: Optimizer fail to compute path
[ERROR] [1758715687.138503593] [controller_server]: Controller patience exceeded
[INFO] [1758715687.140594654] [controller_server]: Optimizer reset
[WARN] [1758715687.140640284] [controller_server]: [follow_path] [ActionServer] Aborting handle.
[INFO] [1758715687.153842604] [local_costmap.local_costmap]: Received request to clear entirely the local_costmap
[INFO] [1758715687.155263595] [controller_server]: Received a goal, begin computing control effort.
[INFO] [1758715687.284633143] [controller_server]: Optimizer reset
[INFO] [1758715687.293997023] [controller_server]: Optimizer reset
[WARN] [1758715687.294116013] [controller_server]: Optimizer fail to compute path
[WARN] [1758715687.295986144] [controller_server]: Control loop missed its desired rate of 20.0000 Hz. Current loop rate is 8.3333 Hz.
[INFO] [1758715687.301390194] [controller_server]: Optimizer reset
[INFO] [1758715687.309745034] [controller_server]: Optimizer reset
[WARN] [1758715687.309863664] [controller_server]: Optimizer fail to compute path
[INFO] [1758715687.376611699] [controller_server]: Optimizer reset
[INFO] [1758715687.384088699] [controller_server]: Optimizer reset
[WARN] [1758715687.384309369] [controller_server]: Optimizer fail to compute path
[INFO] [1758715687.446335073] [controller_server]: Optimizer reset
[INFO] [1758715687.463065214] [controller_server]: Optimizer reset
[WARN] [1758715687.463364614] [controller_server]: Optimizer fail to compute path
[INFO] [1758715687.515854138] [controller_server]: Optimizer reset
[INFO] [1758715687.525087348] [controller_server]: Optimizer reset
[WARN] [1758715687.525219798] [controller_server]: Optimizer fail to compute path
[INFO] [1758715687.551653770] [controller_server]: Optimizer reset
[INFO] [1758715687.556680940] [controller_server]: Optimizer reset
[WARN] [1758715687.556847200] [controller_server]: Optimizer fail to compute path
[ERROR] [1758715687.556878750] [controller_server]: Controller patience exceeded
[INFO] [1758715687.559219860] [controller_server]: Optimizer reset
[WARN] [1758715687.559274040] [controller_server]: [follow_path] [ActionServer] Aborting handle.
[INFO] [1758715687.574901371] [behavior_server]: Running spin
[INFO] [1758715687.575164581] [behavior_server]: Turning 1.57 for spin behavior.
[WARN] [1758715688.175563270] [behavior_server]: Collision Ahead - Exiting Spin
[WARN] [1758715688.175668990] [behavior_server]: spin failed
[WARN] [1758715688.175711960] [behavior_server]: [spin] [ActionServer] Aborting handle.
[INFO] [1758715688.194636821] [behavior_server]: Running wait
[INFO] [1758715695.094906262] [behavior_server]: wait completed successfully
[INFO] [1758715695.135358074] [controller_server]: Received a goal, begin computing control effort.
[INFO] [1758715698.185714369] [controller_server]: Passing new path to controller.
[INFO] [1758715701.235912197] [controller_server]: Passing new path to controller.
[INFO] [1758715704.235684296] [controller_server]: Passing new path to controller.
[INFO] [1758715707.285681741] [controller_server]: Passing new path to controller.
[INFO] [1758715710.285680326] [controller_server]: Passing new path to controller.
[INFO] [1758715713.335679117] [controller_server]: Passing new path to controller.
[INFO] [1758715716.385676382] [controller_server]: Passing new path to controller.
[INFO] [1758715719.385694427] [controller_server]: Passing new path to controller.
[INFO] [1758715722.435719289] [controller_server]: Passing new path to controller.
[INFO] [1758715725.435962320] [controller_server]: Passing new path to controller.
[INFO] [1758715728.485740858] [controller_server]: Passing new path to controller.
[INFO] [1758715731.485678625] [controller_server]: Passing new path to controller.
[INFO] [1758715733.397041008] [controller_server]: Reached the goal!
[INFO] [1758715733.398831178] [controller_server]: Optimizer reset
[INFO] [1758715733.423710490] [bt_navigator]: Goal succeeded
[INFO] [1758715733.500891146] [rclcpp]: signal_handler(signum=2)
[INFO] [1758715733.501023106] [amcl]: Running Nav2 LifecycleNode rcl preshutdown (amcl)
[INFO] [1758715733.501177536] [amcl]: Deactivating
[INFO] [1758715733.501229746] [amcl]: Destroying bond (amcl) to lifecycle manager.
[INFO] [1758715733.512725217] [amcl]: Cleaning up
[INFO] [1758715733.522258558] [amcl]: Destroying bond (amcl) to lifecycle manager.
[INFO] [1758715733.522307728] [controller_server]: Running Nav2 LifecycleNode rcl preshutdown (controller_server)
[INFO] [1758715733.522374188] [controller_server]: Deactivating
[INFO] [1758715733.522410558] [MPPIController]: Deactivated MPPI Controller: FollowPath
[INFO] [1758715733.522435878] [local_costmap.local_costmap]: Deactivating
[INFO] [1758715733.537234619] [lifecycle_manager_localization]: [34m[1mHave not received a heartbeat from amcl.[0m[0m
[ERROR] [1758715733.537327989] [lifecycle_manager_localization]: CRITICAL FAILURE: SERVER amcl IS DOWN after not receiving a heartbeat for 4000 ms. Shutting down related nodes.
[INFO] [1758715733.537442689] [lifecycle_manager_localization]: [34m[1mTerminating bond timer...[0m[0m
[INFO] [1758715733.537461459] [lifecycle_manager_localization]: [34m[1mResetting managed nodes...[0m[0m
[INFO] [1758715733.537481679] [lifecycle_manager_localization]: [34m[1mDeactivating amcl[0m[0m
[WARN] [1758715733.537881329] [rcl_lifecycle]: No transition matching 4 found for current state unconfigured
[ERROR] [1758715733.537901189] [amcl]: Unable to start transition 4 from current state unconfigured: Transition is not registered., at ./src/rcl_lifecycle.c:355
[ERROR] [1758715733.538118719] [lifecycle_manager_localization]: Failed to change state for node: amcl
[INFO] [1758715733.538154619] [lifecycle_manager_localization]: [34m[1mDeactivating map_server[0m[0m
[INFO] [1758715733.538334149] [map_server]: Deactivating
[INFO] [1758715733.538373349] [map_server]: Destroying bond (map_server) to lifecycle manager.
[INFO] [1758715733.652227178] [lifecycle_manager_localization]: [34m[1mCleaning up amcl[0m[0m
[WARN] [1758715733.652502148] [rcl_lifecycle]: No transition matching 2 found for current state unconfigured
[ERROR] [1758715733.652530208] [amcl]: Unable to start transition 2 from current state unconfigured: Transition is not registered., at ./src/rcl_lifecycle.c:355
[INFO] [1758715733.652859549] [lifecycle_manager_localization]: [34m[1mCleaning up map_server[0m[0m
[INFO] [1758715733.653006699] [map_server]: Cleaning up
[INFO] [1758715733.656691269] [lifecycle_manager_localization]: [34m[1mManaged nodes have been reset[0m[0m
[INFO] [1758715733.673415060] [controller_server]: Destroying bond (controller_server) to lifecycle manager.
[INFO] [1758715733.683698381] [controller_server]: Cleaning up
[INFO] [1758715733.685702891] [MPPIController]: Cleaned up MPPI Controller: FollowPath
[INFO] [1758715733.686271681] [local_costmap.local_costmap]: Cleaning up
[INFO] [1758715733.696383992] [lifecycle_manager_navigation]: [34m[1mHave not received a heartbeat from controller_server.[0m[0m
[ERROR] [1758715733.696414152] [lifecycle_manager_navigation]: CRITICAL FAILURE: SERVER controller_server IS DOWN after not receiving a heartbeat for 4000 ms. Shutting down related nodes.
[INFO] [1758715733.696450572] [lifecycle_manager_navigation]: [34m[1mTerminating bond timer...[0m[0m
[INFO] [1758715733.696459012] [lifecycle_manager_navigation]: [34m[1mResetting managed nodes...[0m[0m
[INFO] [1758715733.696463832] [lifecycle_manager_navigation]: [34m[1mDeactivating docking_server[0m[0m
[INFO] [1758715733.696794762] [docking_server]: Deactivating docking_server
[INFO] [1758715733.712766423] [docking_server]: Destroying bond (docking_server) to lifecycle manager.
[INFO] [1758715733.723634494] [controller_server]: Destroying bond (controller_server) to lifecycle manager.
[INFO] [1758715733.723660654] [lifecycle_manager_localization]: Running Nav2 LifecycleManager rcl preshutdown (lifecycle_manager_localization)
[INFO] [1758715733.732172345] [map_server]: Running Nav2 LifecycleNode rcl preshutdown (map_server)
[INFO] [1758715733.732216795] [map_server]: Destroying bond (map_server) to lifecycle manager.
[INFO] [1758715733.732227145] [smoother_server]: Running Nav2 LifecycleNode rcl preshutdown (smoother_server)
[INFO] [1758715733.732254855] [smoother_server]: Deactivating
[INFO] [1758715733.732286045] [smoother_server]: Destroying bond (smoother_server) to lifecycle manager.
[INFO] [1758715733.742450266] [smoother_server]: Cleaning up
[INFO] [1758715733.758007727] [smoother_server]: Destroying bond (smoother_server) to lifecycle manager.
[INFO] [1758715733.758039497] [planner_server]: Running Nav2 LifecycleNode rcl preshutdown (planner_server)
[INFO] [1758715733.758059357] [planner_server]: Deactivating
[INFO] [1758715733.758090727] [global_costmap.global_costmap]: Deactivating
[INFO] [1758715733.825148742] [lifecycle_manager_navigation]: [34m[1mDeactivating waypoint_follower[0m[0m
[INFO] [1758715733.825429782] [waypoint_follower]: Deactivating
[INFO] [1758715733.825473572] [waypoint_follower]: Destroying bond (waypoint_follower) to lifecycle manager.
[INFO] [1758715733.937860831] [lifecycle_manager_navigation]: [34m[1mDeactivating bt_navigator[0m[0m
[INFO] [1758715733.938509341] [bt_navigator]: Deactivating
[INFO] [1758715733.938630121] [bt_navigator]: Destroying bond (bt_navigator) to lifecycle manager.
[INFO] [1758715734.051093840] [lifecycle_manager_navigation]: [34m[1mDeactivating collision_monitor[0m[0m
[INFO] [1758715734.643519318] [planner_server]: Deactivating plugin GridBased of type NavfnPlanner
[INFO] [1758715734.643645988] [planner_server]: Destroying bond (planner_server) to lifecycle manager.
[INFO] [1758715734.653908279] [planner_server]: Cleaning up
[INFO] [1758715734.668899410] [global_costmap.global_costmap]: Cleaning up
[INFO] [1758715734.672005061] [planner_server]: Cleaning up plugin GridBased of type NavfnPlanner
[INFO] [1758715734.672156621] [planner_server]: Destroying plugin GridBased of type NavfnPlanner
[INFO] [1758715734.698292203] [planner_server]: Destroying bond (planner_server) to lifecycle manager.
[INFO] [1758715734.698316683] [behavior_server]: Running Nav2 LifecycleNode rcl preshutdown (behavior_server)
[INFO] [1758715734.698335643] [behavior_server]: Deactivating
[INFO] [1758715734.698370793] [behavior_server]: Destroying bond (behavior_server) to lifecycle manager.
[INFO] [1758715734.708541524] [behavior_server]: Cleaning up
[INFO] [1758715734.717039754] [behavior_server]: Destroying bond (behavior_server) to lifecycle manager.
[INFO] [1758715734.717056334] [bt_navigator]: Running Nav2 LifecycleNode rcl preshutdown (bt_navigator)
[INFO] [1758715734.717074414] [bt_navigator]: Cleaning up
[INFO] [1758715734.825493433] [bt_navigator]: Completed Cleaning up
[INFO] [1758715734.825581493] [bt_navigator]: Destroying bond (bt_navigator) to lifecycle manager.
[INFO] [1758715734.825597253] [waypoint_follower]: Running Nav2 LifecycleNode rcl preshutdown (waypoint_follower)
[INFO] [1758715734.825627403] [waypoint_follower]: Cleaning up
[INFO] [1758715734.831605003] [waypoint_follower]: Destroying bond (waypoint_follower) to lifecycle manager.
[INFO] [1758715734.831623133] [velocity_smoother]: Running Nav2 LifecycleNode rcl preshutdown (velocity_smoother)
[INFO] [1758715734.831637853] [velocity_smoother]: Deactivating
[INFO] [1758715734.831685383] [velocity_smoother]: Destroying bond (velocity_smoother) to lifecycle manager.
[INFO] [1758715734.841812644] [velocity_smoother]: Cleaning up
[INFO] [1758715734.841836454] [velocity_smoother]: Destroying bond (velocity_smoother) to lifecycle manager.
[INFO] [1758715734.841846074] [collision_monitor]: Running Nav2 LifecycleNode rcl preshutdown (collision_monitor)
[INFO] [1758715734.841861754] [collision_monitor]: Deactivating
[INFO] [1758715734.841935634] [collision_monitor]: Destroying bond (collision_monitor) to lifecycle manager.
[INFO] [1758715734.890693158] [rclcpp]: signal_handler(signum=2)
[INFO] [1758715734.943594163] [collision_monitor]: Cleaning up
[INFO] [1758715734.947765193] [collision_monitor]: [FootprintApproach]: Destroying Polygon
[INFO] [1758715734.951483443] [collision_monitor]: Destroying bond (collision_monitor) to lifecycle manager.
[INFO] [1758715734.951502463] [docking_server]: Running Nav2 LifecycleNode rcl preshutdown (docking_server)
[INFO] [1758715734.951519103] [docking_server]: Cleaning up docking_server
[INFO] [1758715734.967149404] [docking_server]: Destroying bond (docking_server) to lifecycle manager.
[INFO] [1758715734.967203344] [lifecycle_manager_navigation]: Running Nav2 LifecycleManager rcl preshutdown (lifecycle_manager_navigation)
