[INFO] [1758715672.683093604] [rviz2]: Stereo is NOT SUPPORTED
[INFO] [1758715672.683240454] [rviz2]: OpenGl version: 4.5 (GLSL 4.5)
[INFO] [1758715672.739599587] [rviz2]: Stereo is NOT SUPPORTED
[INFO] [1758715672.975672391] [rviz]: Subscribing to: /mobile_base/sensors/bumper_pointcloud

[INFO] [1758715672.976636241] [rviz]: Subscribing to: /mobile_base/sensors/bumper_pointcloud

[INFO] [1758715673.018491393] [rviz]: Subscribing to: /global_costmap/voxel_marked_cloud

[INFO] [1758715673.025583274] [rviz]: Subscribing to: /local_costmap/voxel_marked_cloud

[INFO] [1758715673.047371105] [rviz]: Subscribing to: /mobile_base/sensors/bumper_pointcloud

[INFO] [1758715673.073568726] [rviz]: Subscribing to: /global_costmap/voxel_marked_cloud

[INFO] [1758715673.077362596] [rviz]: Subscribing to: /local_costmap/voxel_marked_cloud

[INFO] [1758715673.123921859] [nav2_rviz_selector_node]: Trying to load plugins...
[INFO] [1758715673.171990612] [nav2_rviz_docking_panel_node]: Loading dock plugins
[INFO] [1758715673.323619961] [rviz2]: Stereo is NOT SUPPORTED
[INFO] [1758715673.396851175] [rviz2]: Trying to create a map of size 170 x 170 using 1 swatches
[ERROR] [1758715673.402438306] [rviz2]: rviz/glsl120/indexed_8bit_image.vert
rviz/glsl120/indexed_8bit_image.frag
 GLSL link result : 
active samplers with a different type refer to the same texture image unit
[INFO] [1758715680.888129813] [rviz]: Message Filter dropping message: frame 'odom' at time 0.180 for reason 'discarding message because the queue is full'
[INFO] [1758715681.080069925] [rviz]: Message Filter dropping message: frame 'odom' at time 0.180 for reason 'discarding message because the queue is full'
[INFO] [1758715681.175992651] [rviz]: Message Filter dropping message: frame 'rplidar_link' at time 0.006 for reason 'discarding message because the queue is full'
[INFO] [1758715681.271735027] [rviz]: Message Filter dropping message: frame 'rplidar_link' at time 0.102 for reason 'discarding message because the queue is full'
[INFO] [1758715681.304748589] [rviz]: Message Filter dropping message: frame 'odom' at time 0.180 for reason 'discarding message because the queue is full'
[INFO] [1758715681.317648450] [rviz2]: Trying to create a map of size 60 x 60 using 1 swatches
[INFO] [1758715681.390320614] [rviz]: Message Filter dropping message: frame 'rplidar_link' at time 0.201 for reason 'discarding message because the queue is full'
[INFO] [1758715682.674314903] [rviz2]: Trying to create a map of size 170 x 170 using 1 swatches
[INFO] [1758715692.356419051] [rviz]: Message Filter dropping message: frame 'odom' at time 0.288 for reason 'the timestamp on the message is earlier than all the data in the transform cache'
[INFO] [1758715692.604714787] [rviz]: Message Filter dropping message: frame 'odom' at time 0.468 for reason 'the timestamp on the message is earlier than all the data in the transform cache'
[INFO] [1758715692.843418603] [rviz]: Message Filter dropping message: frame 'odom' at time 0.684 for reason 'the timestamp on the message is earlier than all the data in the transform cache'
[INFO] [1758715692.843520913] [rviz]: Message Filter dropping message: frame 'odom' at time 0.693 for reason 'the timestamp on the message is earlier than all the data in the transform cache'
[INFO] [1758715693.070071247] [rviz]: Message Filter dropping message: frame 'odom' at time 0.864 for reason 'the timestamp on the message is earlier than all the data in the transform cache'
[INFO] [1758715693.465920904] [rviz]: Message Filter dropping message: frame 'odom' at time 1.080 for reason 'the timestamp on the message is earlier than all the data in the transform cache'
[INFO] [1758715693.466516654] [rviz]: Message Filter dropping message: frame 'odom' at time 1.080 for reason 'the timestamp on the message is earlier than all the data in the transform cache'
[INFO] [1758715693.466763234] [rviz]: Message Filter dropping message: frame 'odom' at time 1.080 for reason 'the timestamp on the message is earlier than all the data in the transform cache'
[INFO] [1758715693.466882124] [rviz]: Message Filter dropping message: frame 'odom' at time 1.044 for reason 'the timestamp on the message is earlier than all the data in the transform cache'
[INFO] [1758715693.466925274] [rviz]: Message Filter dropping message: frame 'odom' at time 1.080 for reason 'the timestamp on the message is earlier than all the data in the transform cache'
[INFO] [1758715693.606223903] [rviz]: Message Filter dropping message: frame 'rplidar_link' at time 0.300 for reason 'the timestamp on the message is earlier than all the data in the transform cache'
[INFO] [1758715693.697439619] [rviz]: Message Filter dropping message: frame 'rplidar_link' at time 0.402 for reason 'the timestamp on the message is earlier than all the data in the transform cache'
[INFO] [1758715693.830799708] [rviz]: Message Filter dropping message: frame 'rplidar_link' at time 0.501 for reason 'the timestamp on the message is earlier than all the data in the transform cache'
[INFO] [1758715693.963178026] [rviz]: Message Filter dropping message: frame 'rplidar_link' at time 0.600 for reason 'the timestamp on the message is earlier than all the data in the transform cache'
[INFO] [1758715694.092287515] [rviz]: Message Filter dropping message: frame 'rplidar_link' at time 0.702 for reason 'the timestamp on the message is earlier than all the data in the transform cache'
[INFO] [1758715694.216667653] [rviz]: Message Filter dropping message: frame 'rplidar_link' at time 0.801 for reason 'the timestamp on the message is earlier than all the data in the transform cache'
[INFO] [1758715694.297030569] [rviz]: Message Filter dropping message: frame 'rplidar_link' at time 0.900 for reason 'the timestamp on the message is earlier than all the data in the transform cache'
[INFO] [1758715694.409406686] [rviz]: Message Filter dropping message: frame 'rplidar_link' at time 1.002 for reason 'the timestamp on the message is earlier than all the data in the transform cache'
[INFO] [1758715694.711883016] [rviz]: Message Filter dropping message: frame 'rplidar_link' at time 1.101 for reason 'the timestamp on the message is earlier than all the data in the transform cache'
[INFO] [1758715733.500891606] [rclcpp]: signal_handler(signum=2)
