1758702040.2833636 [INFO] [launch]: All log files can be found below /out/logs/2025-09-24-08-20-40-281730-job-large-room-generated-7060-p1-o4-box-sd000n000-0-wq8z4-61
1758702040.2836211 [INFO] [launch]: Default logging verbosity is set to INFO
1758702041.8317533 [INFO] [xacro-1]: process started with pid [179]
1758702041.8331029 [INFO] [parameter_bridge-2]: process started with pid [180]
1758702041.8332138 [INFO] [image_bridge-3]: process started with pid [181]
1758702041.8332958 [INFO] [image_bridge-4]: process started with pid [182]
1758702041.8333676 [INFO] [create-5]: process started with pid [183]
1758702041.8334363 [INFO] [gz-6]: process started with pid [184]
1758702041.8335059 [INFO] [robot_state_publisher-7]: process started with pid [185]
1758702041.8335721 [INFO] [rviz2-8]: process started with pid [186]
1758702041.8336465 [INFO] [component_container_isolated-9]: process started with pid [187]
1758702041.8337154 [INFO] [gazebo_tf_publisher_node-10]: process started with pid [188]
1758702041.8337765 [INFO] [scenario_status_node-11]: process started with pid [189]
1758702041.8338344 [INFO] [gazebo_stats_publisher-12]: process started with pid [194]
1758702041.8338926 [INFO] [sys_stats_publisher-13]: process started with pid [197]
1758702041.8339493 [INFO] [laserscan_modification-14]: process started with pid [200]
1758702041.8340032 [INFO] [parameter_bridge-15]: process started with pid [201]
1758702041.8340561 [INFO] [create-16]: process started with pid [204]
1758702041.8342037 [INFO] [static_transform_publisher-17]: process started with pid [205]
1758702041.8342755 [INFO] [static_transform_publisher-18]: process started with pid [212]
1758702041.9173658 [static_transform_publisher-18] [INFO] [1758702041.916941514] [static_camera_transform_2]: Spinning until stopped - publishing transform
1758702041.9175906 [static_transform_publisher-18] translation: ('0.000000', '0.000000', '0.000000')
1758702041.9176369 [static_transform_publisher-18] rotation: ('-0.500000', '0.499602', '-0.500000', '0.500398')
1758702041.9176848 [static_transform_publisher-18] from 'static_camera' to 'static_camera_optical_frame'
1758702041.9614677 [static_transform_publisher-17] [INFO] [1758702041.922156428] [static_camera_transform]: Spinning until stopped - publishing transform
1758702041.9617145 [static_transform_publisher-17] translation: ('0.000000', '0.000000', '9.571764')
1758702041.9617507 [static_transform_publisher-17] rotation: ('-0.499602', '0.500000', '0.500000', '0.500398')
1758702041.9617782 [static_transform_publisher-17] from '/map' to 'static_camera'
1758702042.0284812 [INFO] [launch_ros.actions.load_composable_nodes]: Loaded node '/controller_server' in container '/nav2_container'
1758702042.1076288 [INFO] [launch_ros.actions.load_composable_nodes]: Loaded node '/map_server' in container '/nav2_container'
1758702042.1310408 [INFO] [xacro-1]: process has finished cleanly [pid 179]
1758702042.1377509 [INFO] [launch_ros.actions.load_composable_nodes]: Loaded node '/smoother_server' in container '/nav2_container'
1758702042.2105474 [INFO] [launch_ros.actions.load_composable_nodes]: Loaded node '/amcl' in container '/nav2_container'
1758702042.2855597 [INFO] [launch_ros.actions.load_composable_nodes]: Loaded node '/planner_server' in container '/nav2_container'
1758702042.3008840 [INFO] [launch_ros.actions.load_composable_nodes]: Loaded node '/lifecycle_manager_localization' in container '/nav2_container'
1758702042.3327754 [INFO] [launch_ros.actions.load_composable_nodes]: Loaded node '/behavior_server' in container '/nav2_container'
1758702042.3990328 [INFO] [launch_ros.actions.load_composable_nodes]: Loaded node '/bt_navigator' in container '/nav2_container'
1758702042.4186776 [INFO] [launch_ros.actions.load_composable_nodes]: Loaded node '/waypoint_follower' in container '/nav2_container'
1758702042.4411793 [INFO] [launch_ros.actions.load_composable_nodes]: Loaded node '/velocity_smoother' in container '/nav2_container'
1758702042.4946065 [INFO] [launch_ros.actions.load_composable_nodes]: Loaded node '/collision_monitor' in container '/nav2_container'
1758702042.5182192 [INFO] [launch_ros.actions.load_composable_nodes]: Loaded node '/docking_server' in container '/nav2_container'
1758702042.5365417 [INFO] [launch_ros.actions.load_composable_nodes]: Loaded node '/lifecycle_manager_navigation' in container '/nav2_container'
1758702043.1299067 [INFO] [create-5]: process has finished cleanly [pid 183]
1758702043.1309311 [INFO] [create-16]: process has finished cleanly [pid 204]
1758702114.7882459 [WARNING] [launch]: user interrupted with ctrl-c (SIGINT)
1758702116.6120832 [static_transform_publisher-18] [INFO] [1758702114.787001643] [rclcpp]: signal_handler(signum=2)
1758702116.6123359 [INFO] [parameter_bridge-15]: process has finished cleanly [pid 201]
1758702116.6124265 [ERROR] [parameter_bridge-2]: process has died [pid 180, exit code -6, cmd '/opt/ros/jazzy/lib/ros_gz_bridge/parameter_bridge --ros-args -r __node:=bridge_ros_gz -r __ns:=/ --params-file /tmp/launch_params_60q_yldd'].
1758702116.6124768 [INFO] [gz-6]: process has finished cleanly [pid 184]
1758702116.6125269 [ERROR] [rviz2-8]: process has died [pid 186, exit code -6, cmd '/opt/ros/jazzy/lib/rviz2/rviz2 -d /config/common/view.rviz --ros-args --params-file /tmp/launch_params_ncezomj7'].
1758702116.6125736 [INFO] [static_transform_publisher-18]: process has finished cleanly [pid 212]
1758702116.6126308 [INFO] [static_transform_publisher-17]: process has finished cleanly [pid 205]
1758702116.6126883 [INFO] [gazebo_stats_publisher-12]: process has finished cleanly [pid 194]
1758702116.6127448 [INFO] [image_bridge-3]: process has finished cleanly [pid 181]
1758702116.6127958 [INFO] [image_bridge-4]: process has finished cleanly [pid 182]
1758702116.6128356 [INFO] [robot_state_publisher-7]: process has finished cleanly [pid 185]
1758702116.6128771 [ERROR] [sys_stats_publisher-13]: process has died [pid 197, exit code 1, cmd '/ws/install/sys_stats_publisher/lib/sys_stats_publisher/sys_stats_publisher --ros-args -r __node:=sys_stats_publisher'].
1758702116.6129160 [INFO] [scenario_status_node-11]: process has finished cleanly [pid 189]
1758702116.6129529 [INFO] [gazebo_tf_publisher_node-10]: process has finished cleanly [pid 188]
1758702116.6129928 [ERROR] [laserscan_modification-14]: process has died [pid 200, exit code 1, cmd '/ws/install/message_modification/lib/message_modification/laserscan_modification --ros-args -r __node:=laserscan_modification --params-file /tmp/launch_params_us20_2zk -r /in:=/scan_sim -r /out:=/scan'].
1758702116.6244919 [INFO] [component_container_isolated-9]: sending signal 'SIGINT' to process[component_container_isolated-9]
1758702116.6340823 [gazebo_tf_publisher_node-10] [INFO] [1758702114.787377144] [rclcpp]: signal_handler(signum=2)
1758702116.6344464 [static_transform_publisher-17] [INFO] [1758702114.787602804] [rclcpp]: signal_handler(signum=2)
1758702116.6397264 [ERROR] [launch]: Caught exception in launch (see debug for traceback): Cannot shutdown a ROS adapter that is not running
