[INFO] [1758723843.208574720] [nav2_container]: Load Library: /opt/ros/jazzy/lib/libcontroller_server_core.so
[INFO] [1758723843.310206299] [nav2_container]: Found class: rclcpp_components::NodeFactoryTemplate<nav2_controller::ControllerServer>
[INFO] [1758723843.310247329] [nav2_container]: Instantiate class: rclcpp_components::NodeFactoryTemplate<nav2_controller::ControllerServer>
[INFO] [1758723843.361247559] [controller_server]: 
	controller_server lifecycle node launched. 
	Waiting on external lifecycle transitions to activate
	See https://design.ros2.org/articles/node_lifecycle.html for more information.
[INFO] [1758723843.406573570] [controller_server]: Creating controller server
[INFO] [1758723843.414815267] [local_costmap.local_costmap]: 
	local_costmap lifecycle node launched. 
	Waiting on external lifecycle transitions to activate
	See https://design.ros2.org/articles/node_lifecycle.html for more information.
[INFO] [1758723843.416953106] [local_costmap.local_costmap]: Creating Costmap
[INFO] [1758723843.418765885] [nav2_container]: Load Library: /opt/ros/jazzy/lib/libmap_server_core.so
[INFO] [1758723843.461712338] [nav2_container]: Found class: rclcpp_components::NodeFactoryTemplate<nav2_map_server::CostmapFilterInfoServer>
[INFO] [1758723843.461819288] [nav2_container]: Found class: rclcpp_components::NodeFactoryTemplate<nav2_map_server::MapSaver>
[INFO] [1758723843.461832298] [nav2_container]: Found class: rclcpp_components::NodeFactoryTemplate<nav2_map_server::MapServer>
[INFO] [1758723843.461840648] [nav2_container]: Instantiate class: rclcpp_components::NodeFactoryTemplate<nav2_map_server::MapServer>
[INFO] [1758723843.477168682] [map_server]: 
	map_server lifecycle node launched. 
	Waiting on external lifecycle transitions to activate
	See https://design.ros2.org/articles/node_lifecycle.html for more information.
[INFO] [1758723843.477281552] [map_server]: Creating
[INFO] [1758723843.478578751] [nav2_container]: Load Library: /opt/ros/jazzy/lib/libamcl_core.so
[INFO] [1758723843.504294461] [nav2_container]: Found class: rclcpp_components::NodeFactoryTemplate<nav2_amcl::AmclNode>
[INFO] [1758723843.504401181] [nav2_container]: Instantiate class: rclcpp_components::NodeFactoryTemplate<nav2_amcl::AmclNode>
[INFO] [1758723843.514971337] [amcl]: 
	amcl lifecycle node launched. 
	Waiting on external lifecycle transitions to activate
	See https://design.ros2.org/articles/node_lifecycle.html for more information.
[INFO] [1758723843.518201045] [amcl]: Creating
[INFO] [1758723843.525807472] [nav2_container]: Load Library: /opt/ros/jazzy/lib/libsmoother_server_core.so
[INFO] [1758723843.528805051] [nav2_container]: Found class: rclcpp_components::NodeFactoryTemplate<nav2_smoother::SmootherServer>
[INFO] [1758723843.528844311] [nav2_container]: Instantiate class: rclcpp_components::NodeFactoryTemplate<nav2_smoother::SmootherServer>
[INFO] [1758723843.554594501] [smoother_server]: 
	smoother_server lifecycle node launched. 
	Waiting on external lifecycle transitions to activate
	See https://design.ros2.org/articles/node_lifecycle.html for more information.
[INFO] [1758723843.559671279] [smoother_server]: Creating smoother server
[INFO] [1758723843.561698268] [nav2_container]: Load Library: /opt/ros/jazzy/lib/libnav2_lifecycle_manager_core.so
[INFO] [1758723843.563793457] [nav2_container]: Found class: rclcpp_components::NodeFactoryTemplate<nav2_lifecycle_manager::LifecycleManager>
[INFO] [1758723843.563829137] [nav2_container]: Instantiate class: rclcpp_components::NodeFactoryTemplate<nav2_lifecycle_manager::LifecycleManager>
[INFO] [1758723843.577210352] [lifecycle_manager_localization]: Creating
[INFO] [1758723843.608277569] [lifecycle_manager_localization]: [34m[1mCreating and initializing lifecycle service clients[0m[0m
[INFO] [1758723843.608629139] [nav2_container]: Load Library: /opt/ros/jazzy/lib/libplanner_server_core.so
[INFO] [1758723843.609831918] [nav2_container]: Found class: rclcpp_components::NodeFactoryTemplate<nav2_planner::PlannerServer>
[INFO] [1758723843.609851528] [nav2_container]: Instantiate class: rclcpp_components::NodeFactoryTemplate<nav2_planner::PlannerServer>
[INFO] [1758723843.611979657] [lifecycle_manager_localization]: [34m[1mStarting managed nodes bringup...[0m[0m
[INFO] [1758723843.612014557] [lifecycle_manager_localization]: [34m[1mConfiguring map_server[0m[0m
[INFO] [1758723843.612326147] [map_server]: Configuring
[INFO] [1758723843.612410197] [map_io]: Loading yaml file: /config/maps/circle.yaml
[INFO] [1758723843.612896367] [map_io]: resolution: 0.05
[INFO] [1758723843.612927427] [map_io]: origin[0]: -1.77
[INFO] [1758723843.612933417] [map_io]: origin[1]: -1.49
[INFO] [1758723843.612937057] [map_io]: origin[2]: 0
[INFO] [1758723843.612941447] [map_io]: free_thresh: 0.196
[INFO] [1758723843.612945597] [map_io]: occupied_thresh: 0.65
[INFO] [1758723843.612954007] [map_io]: mode: trinary
[INFO] [1758723843.612959377] [map_io]: negate: 0
[INFO] [1758723843.613354417] [map_io]: Loading image_file: /config/maps/circle.pgm
[INFO] [1758723843.616861096] [planner_server]: 
	planner_server lifecycle node launched. 
	Waiting on external lifecycle transitions to activate
	See https://design.ros2.org/articles/node_lifecycle.html for more information.
[INFO] [1758723843.617167935] [map_io]: Read map /config/maps/circle.pgm: 291 X 291 map @ 0.05 m/cell
[INFO] [1758723843.622729463] [lifecycle_manager_localization]: [34m[1mConfiguring amcl[0m[0m
[INFO] [1758723843.622867923] [planner_server]: Creating
[INFO] [1758723843.623083693] [amcl]: Configuring
[INFO] [1758723843.623272833] [amcl]: initTransforms
[INFO] [1758723843.651792181] [amcl]: initPubSub
[INFO] [1758723843.653643081] [amcl]: Subscribed to map topic.
[INFO] [1758723843.660010668] [global_costmap.global_costmap]: 
	global_costmap lifecycle node launched. 
	Waiting on external lifecycle transitions to activate
	See https://design.ros2.org/articles/node_lifecycle.html for more information.
[INFO] [1758723843.661476977] [global_costmap.global_costmap]: Creating Costmap
[INFO] [1758723843.661708047] [lifecycle_manager_localization]: [34m[1mActivating map_server[0m[0m
[INFO] [1758723843.662287887] [map_server]: Activating
[INFO] [1758723843.662436257] [map_server]: Creating bond (map_server) to lifecycle manager.
[INFO] [1758723843.662579417] [amcl]: Received a 291 X 291 map @ 0.050 m/pix
[INFO] [1758723843.670829644] [nav2_container]: Load Library: /opt/ros/jazzy/lib/libbehavior_server_core.so
[INFO] [1758723843.672502173] [nav2_container]: Found class: rclcpp_components::NodeFactoryTemplate<behavior_server::BehaviorServer>
[INFO] [1758723843.672547143] [nav2_container]: Instantiate class: rclcpp_components::NodeFactoryTemplate<behavior_server::BehaviorServer>
[INFO] [1758723843.710686458] [behavior_server]: 
	behavior_server lifecycle node launched. 
	Waiting on external lifecycle transitions to activate
	See https://design.ros2.org/articles/node_lifecycle.html for more information.
[INFO] [1758723843.723744062] [nav2_container]: Load Library: /opt/ros/jazzy/lib/libbt_navigator_core.so
[INFO] [1758723843.726015071] [nav2_container]: Found class: rclcpp_components::NodeFactoryTemplate<nav2_bt_navigator::BtNavigator>
[INFO] [1758723843.726066961] [nav2_container]: Instantiate class: rclcpp_components::NodeFactoryTemplate<nav2_bt_navigator::BtNavigator>
[INFO] [1758723843.748952292] [bt_navigator]: 
	bt_navigator lifecycle node launched. 
	Waiting on external lifecycle transitions to activate
	See https://design.ros2.org/articles/node_lifecycle.html for more information.
[INFO] [1758723843.754225650] [bt_navigator]: Creating
[INFO] [1758723843.757178859] [nav2_container]: Load Library: /opt/ros/jazzy/lib/libwaypoint_follower_core.so
[INFO] [1758723843.759529768] [nav2_container]: Found class: rclcpp_components::NodeFactoryTemplate<nav2_waypoint_follower::WaypointFollower>
[INFO] [1758723843.759573758] [nav2_container]: Instantiate class: rclcpp_components::NodeFactoryTemplate<nav2_waypoint_follower::WaypointFollower>
[INFO] [1758723843.768993764] [lifecycle_manager_localization]: Server map_server connected with bond.
[INFO] [1758723843.769079204] [lifecycle_manager_localization]: [34m[1mActivating amcl[0m[0m
[INFO] [1758723843.770188654] [amcl]: Activating
[INFO] [1758723843.770251664] [amcl]: Creating bond (amcl) to lifecycle manager.
[INFO] [1758723843.771826123] [waypoint_follower]: 
	waypoint_follower lifecycle node launched. 
	Waiting on external lifecycle transitions to activate
	See https://design.ros2.org/articles/node_lifecycle.html for more information.
[INFO] [1758723843.774703582] [waypoint_follower]: Creating
[INFO] [1758723843.783616698] [nav2_container]: Load Library: /opt/ros/jazzy/lib/libvelocity_smoother_core.so
[INFO] [1758723843.803301190] [nav2_container]: Found class: rclcpp_components::NodeFactoryTemplate<nav2_velocity_smoother::VelocitySmoother>
[INFO] [1758723843.803443520] [nav2_container]: Instantiate class: rclcpp_components::NodeFactoryTemplate<nav2_velocity_smoother::VelocitySmoother>
[INFO] [1758723843.816488035] [velocity_smoother]: 
	velocity_smoother lifecycle node launched. 
	Waiting on external lifecycle transitions to activate
	See https://design.ros2.org/articles/node_lifecycle.html for more information.
[INFO] [1758723843.822734962] [nav2_container]: Load Library: /opt/ros/jazzy/lib/libcollision_monitor_core.so
[INFO] [1758723843.829151750] [nav2_container]: Found class: rclcpp_components::NodeFactoryTemplate<nav2_collision_monitor::CollisionMonitor>
[INFO] [1758723843.829224510] [nav2_container]: Instantiate class: rclcpp_components::NodeFactoryTemplate<nav2_collision_monitor::CollisionMonitor>
[INFO] [1758723843.852221480] [collision_monitor]: 
	collision_monitor lifecycle node launched. 
	Waiting on external lifecycle transitions to activate
	See https://design.ros2.org/articles/node_lifecycle.html for more information.
[INFO] [1758723843.862213226] [nav2_container]: Load Library: /opt/ros/jazzy/lib/libopennav_docking_core.so
[INFO] [1758723843.865777995] [nav2_container]: Found class: rclcpp_components::NodeFactoryTemplate<opennav_docking::DockingServer>
[INFO] [1758723843.865831955] [nav2_container]: Instantiate class: rclcpp_components::NodeFactoryTemplate<opennav_docking::DockingServer>
[INFO] [1758723843.873519712] [lifecycle_manager_localization]: Server amcl connected with bond.
[INFO] [1758723843.873859602] [lifecycle_manager_localization]: [34m[1mManaged nodes are active[0m[0m
[INFO] [1758723843.874004372] [lifecycle_manager_localization]: [34m[1mCreating bond timer...[0m[0m
[INFO] [1758723843.876540551] [docking_server]: 
	docking_server lifecycle node launched. 
	Waiting on external lifecycle transitions to activate
	See https://design.ros2.org/articles/node_lifecycle.html for more information.
[INFO] [1758723843.876611881] [docking_server]: Creating docking_server
[INFO] [1758723843.885142537] [nav2_container]: Found class: rclcpp_components::NodeFactoryTemplate<nav2_lifecycle_manager::LifecycleManager>
[INFO] [1758723843.885208847] [nav2_container]: Instantiate class: rclcpp_components::NodeFactoryTemplate<nav2_lifecycle_manager::LifecycleManager>
[INFO] [1758723843.914161365] [lifecycle_manager_navigation]: Creating
[INFO] [1758723843.917785374] [lifecycle_manager_navigation]: [34m[1mCreating and initializing lifecycle service clients[0m[0m
[INFO] [1758723843.931396418] [lifecycle_manager_navigation]: [34m[1mStarting managed nodes bringup...[0m[0m
[INFO] [1758723843.931484768] [lifecycle_manager_navigation]: [34m[1mConfiguring controller_server[0m[0m
[INFO] [1758723843.931686268] [controller_server]: Configuring controller interface
[INFO] [1758723843.931734138] [controller_server]: getting progress checker plugins..
[INFO] [1758723843.932685498] [controller_server]: getting goal checker plugins..
[INFO] [1758723843.932848658] [controller_server]: Controller frequency set to 20.0000Hz
[INFO] [1758723843.932916328] [local_costmap.local_costmap]: Configuring
[INFO] [1758723843.936255386] [local_costmap.local_costmap]: Using plugin "voxel_layer"
[INFO] [1758723843.941883094] [local_costmap.local_costmap]: Subscribed to Topics: scan
[INFO] [1758723843.953973489] [local_costmap.local_costmap]: Initialized plugin "voxel_layer"
[INFO] [1758723843.954074639] [local_costmap.local_costmap]: Using plugin "inflation_layer"
[INFO] [1758723843.955954279] [local_costmap.local_costmap]: Initialized plugin "inflation_layer"
[INFO] [1758723843.963737625] [controller_server]: Created progress_checker : progress_checker of type nav2_controller::SimpleProgressChecker
[INFO] [1758723843.964224165] [controller_server]: Controller Server has progress_checker  progress checkers available.
[INFO] [1758723843.964885575] [controller_server]: Created goal checker : general_goal_checker of type nav2_controller::SimpleGoalChecker
[INFO] [1758723843.965403645] [controller_server]: Controller Server has general_goal_checker  goal checkers available.
[INFO] [1758723843.967259324] [controller_server]: Created controller : FollowPath of type nav2_mppi_controller::MPPIController
[INFO] [1758723843.970537363] [controller_server]: Controller period is equal to model dt. Control sequence shifting is ON
[INFO] [1758723843.975776351] [controller_server]: ConstraintCritic instantiated with 1 power and 4.000000 weight.
[INFO] [1758723843.975815851] [controller_server]: Critic loaded : mppi::critics::ConstraintCritic
[INFO] [1758723843.977508230] [controller_server]: InflationCostCritic instantiated with 1 power and 300.000000 / 0.015000 weights. Critic will collision check based on circular cost.
[INFO] [1758723843.977538450] [controller_server]: Critic loaded : mppi::critics::CostCritic
[INFO] [1758723843.978248210] [controller_server]: GoalCritic instantiated with 1 power and 5.000000 weight.
[INFO] [1758723843.978264540] [controller_server]: Critic loaded : mppi::critics::GoalCritic
[INFO] [1758723843.978749859] [controller_server]: GoalAngleCritic instantiated with 1 power, 3.000000 weight, and 0.500000 angular threshold.
[INFO] [1758723843.978764759] [controller_server]: Critic loaded : mppi::critics::GoalAngleCritic
[INFO] [1758723843.980101719] [controller_server]: ReferenceTrajectoryCritic instantiated with 1 power and 14.000000 weight
[INFO] [1758723843.980122469] [controller_server]: Critic loaded : mppi::critics::PathAlignCritic
[INFO] [1758723843.981403188] [controller_server]: Critic loaded : mppi::critics::PathFollowCritic
[INFO] [1758723843.983616147] [controller_server]: PathAngleCritic instantiated with 1 power and 2.000000 weight. Mode set to: Forward Preference
[INFO] [1758723843.983639017] [controller_server]: Critic loaded : mppi::critics::PathAngleCritic
[INFO] [1758723843.984434327] [controller_server]: PreferForwardCritic instantiated with 1 power and 5.000000 weight.
[INFO] [1758723843.984455497] [controller_server]: Critic loaded : mppi::critics::PreferForwardCritic
[INFO] [1758723843.988243266] [controller_server]: Optimizer reset
[INFO] [1758723843.991768724] [MPPIController]: Configured MPPI Controller: FollowPath
[INFO] [1758723843.991786944] [controller_server]: Controller Server has FollowPath  controllers available.
[INFO] [1758723844.008641087] [lifecycle_manager_navigation]: [34m[1mConfiguring smoother_server[0m[0m
[INFO] [1758723844.008983237] [smoother_server]: Configuring smoother server
[INFO] [1758723844.021991572] [smoother_server]: Created smoother : simple_smoother of type nav2_smoother::SimpleSmoother
[INFO] [1758723844.024961541] [smoother_server]: Smoother Server has simple_smoother  smoothers available.
[INFO] [1758723844.028850669] [lifecycle_manager_navigation]: [34m[1mConfiguring planner_server[0m[0m
[INFO] [1758723844.029052249] [planner_server]: Configuring
[INFO] [1758723844.029105739] [global_costmap.global_costmap]: Configuring
[INFO] [1758723844.035461196] [global_costmap.global_costmap]: Using plugin "static_layer"
[INFO] [1758723844.042749793] [global_costmap.global_costmap]: Subscribing to the map topic (/map) with transient local durability
[INFO] [1758723844.044684393] [global_costmap.global_costmap]: Initialized plugin "static_layer"
[INFO] [1758723844.044713463] [global_costmap.global_costmap]: Using plugin "obstacle_layer"
[INFO] [1758723844.046696852] [global_costmap.global_costmap]: Subscribed to Topics: scan
[INFO] [1758723844.049290311] [global_costmap.global_costmap]: Initialized plugin "obstacle_layer"
[INFO] [1758723844.049318541] [global_costmap.global_costmap]: Using plugin "inflation_layer"
[INFO] [1758723844.050932520] [global_costmap.global_costmap]: Initialized plugin "inflation_layer"
[INFO] [1758723844.058903837] [global_costmap.global_costmap]: StaticLayer: Resizing costmap to 291 X 291 at 0.050000 m/pix
[INFO] [1758723844.059795337] [planner_server]: Created global planner plugin GridBased of type nav2_navfn_planner::NavfnPlanner
[INFO] [1758723844.059837987] [planner_server]: Configuring plugin GridBased of type NavfnPlanner
[INFO] [1758723844.061338286] [planner_server]: Planner Server has GridBased  planners available.
[INFO] [1758723844.066319984] [lifecycle_manager_navigation]: [34m[1mConfiguring behavior_server[0m[0m
[INFO] [1758723844.066753604] [behavior_server]: Configuring
[INFO] [1758723844.074793011] [behavior_server]: Creating behavior plugin spin of type nav2_behaviors::Spin
[INFO] [1758723844.076989070] [behavior_server]: Creating behavior plugin backup of type nav2_behaviors::BackUp
[INFO] [1758723844.079904179] [behavior_server]: Creating behavior plugin drive_on_heading of type nav2_behaviors::DriveOnHeading
[INFO] [1758723844.082038948] [behavior_server]: Creating behavior plugin assisted_teleop of type nav2_behaviors::AssistedTeleop
[INFO] [1758723844.084760857] [behavior_server]: Creating behavior plugin wait of type nav2_behaviors::Wait
[INFO] [1758723844.087572525] [behavior_server]: Configuring spin
[INFO] [1758723844.091262624] [behavior_server]: Configuring backup
[INFO] [1758723844.094100253] [behavior_server]: Configuring drive_on_heading
[INFO] [1758723844.097142062] [behavior_server]: Configuring assisted_teleop
[INFO] [1758723844.101698770] [behavior_server]: Configuring wait
[INFO] [1758723844.109759497] [lifecycle_manager_navigation]: [34m[1mConfiguring velocity_smoother[0m[0m
[INFO] [1758723844.110018916] [velocity_smoother]: Configuring velocity smoother
[INFO] [1758723844.116219974] [lifecycle_manager_navigation]: [34m[1mConfiguring collision_monitor[0m[0m
[INFO] [1758723844.116486074] [collision_monitor]: Configuring
[INFO] [1758723844.122195152] [collision_monitor]: [scan]: Creating Scan
[INFO] [1758723844.123906121] [collision_monitor]: [FootprintApproach]: Creating Polygon
[INFO] [1758723844.124097141] [collision_monitor]: [FootprintApproach]: Polygon points are not defined. Using dynamic subscription instead.
[INFO] [1758723844.125924690] [collision_monitor]: [FootprintApproach]: Making footprint subscriber on /local_costmap/published_footprint topic
[INFO] [1758723844.129321719] [lifecycle_manager_navigation]: [34m[1mConfiguring bt_navigator[0m[0m
[INFO] [1758723844.129513869] [bt_navigator]: Configuring
[INFO] [1758723844.133860707] [bt_navigator]: Creating navigator id navigate_to_pose of type nav2_bt_navigator::NavigateToPoseNavigator
[WARN] [1758723844.136235126] [amcl]: New subscription discovered on topic '/particle_cloud', requesting incompatible QoS. No messages will be sent to it. Last incompatible policy: RELIABILITY_QOS_POLICY
[INFO] [1758723844.220173672] [bt_navigator]: Creating navigator id navigate_through_poses of type nav2_bt_navigator::NavigateThroughPosesNavigator
[INFO] [1758723844.259901236] [lifecycle_manager_navigation]: [34m[1mConfiguring waypoint_follower[0m[0m
[INFO] [1758723844.260160056] [waypoint_follower]: Configuring
[INFO] [1758723844.278765049] [waypoint_follower]: Created waypoint_task_executor : wait_at_waypoint of type nav2_waypoint_follower::WaitAtWaypoint
[INFO] [1758723844.280293788] [lifecycle_manager_navigation]: [34m[1mConfiguring docking_server[0m[0m
[INFO] [1758723844.280543678] [docking_server]: Configuring docking_server
[INFO] [1758723844.280606308] [docking_server]: Controller frequency set to 50.0000Hz
[INFO] [1758723844.314217624] [docking_server]: Created charging dock plugin simple_charging_dock of type opennav_docking::SimpleChargingDock
[WARN] [1758723844.321230392] [docking_server]: Dock database filepath nor dock parameters set. Docking actions can only be executed specifying the dock pose via the action request. Or update the dock database via the reload_database service.
[INFO] [1758723844.322310901] [docking_server]: Docking Server has 1 dock types and 0 dock instances available.
[INFO] [1758723844.326925869] [lifecycle_manager_navigation]: [34m[1mActivating controller_server[0m[0m
[INFO] [1758723844.327270849] [controller_server]: Activating
[INFO] [1758723844.327376659] [local_costmap.local_costmap]: Activating
[INFO] [1758723844.327409499] [local_costmap.local_costmap]: Checking transform
[INFO] [1758723844.327501589] [local_costmap.local_costmap]: Timed out waiting for transform from base_link to odom to become available, tf error: Invalid frame ID "odom" passed to canTransform argument target_frame - frame does not exist
[INFO] [1758723844.827514198] [local_costmap.local_costmap]: Timed out waiting for transform from base_link to odom to become available, tf error: Invalid frame ID "odom" passed to canTransform argument target_frame - frame does not exist
[INFO] [1758723845.327579387] [local_costmap.local_costmap]: Timed out waiting for transform from base_link to odom to become available, tf error: Invalid frame ID "odom" passed to canTransform argument target_frame - frame does not exist
[INFO] [1758723845.827527897] [local_costmap.local_costmap]: Timed out waiting for transform from base_link to odom to become available, tf error: Invalid frame ID "odom" passed to canTransform argument target_frame - frame does not exist
[INFO] [1758723846.327585558] [local_costmap.local_costmap]: Timed out waiting for transform from base_link to odom to become available, tf error: Invalid frame ID "odom" passed to canTransform argument target_frame - frame does not exist
[INFO] [1758723846.390355993] [amcl]: initialPoseReceived
[INFO] [1758723846.390806942] [amcl]: Setting pose (0.006000): 6.679 8.738 2.396
[INFO] [1758723846.827523888] [local_costmap.local_costmap]: Timed out waiting for transform from base_link to odom to become available, tf error: Invalid frame ID "odom" passed to canTransform argument target_frame - frame does not exist
[INFO] [1758723847.327553330] [local_costmap.local_costmap]: Timed out waiting for transform from base_link to odom to become available, tf error: Invalid frame ID "odom" passed to canTransform argument target_frame - frame does not exist
[INFO] [1758723847.828098391] [local_costmap.local_costmap]: Timed out waiting for transform from base_link to odom to become available, tf error: Invalid frame ID "odom" passed to canTransform argument target_frame - frame does not exist
[INFO] [1758723848.327541543] [local_costmap.local_costmap]: Timed out waiting for transform from base_link to odom to become available, tf error: Invalid frame ID "odom" passed to canTransform argument target_frame - frame does not exist
[INFO] [1758723848.827525836] [local_costmap.local_costmap]: Timed out waiting for transform from base_link to odom to become available, tf error: Invalid frame ID "odom" passed to canTransform argument target_frame - frame does not exist
[INFO] [1758723849.327548579] [local_costmap.local_costmap]: Timed out waiting for transform from base_link to odom to become available, tf error: Invalid frame ID "odom" passed to canTransform argument target_frame - frame does not exist
[INFO] [1758723849.829675161] [local_costmap.local_costmap]: Timed out waiting for transform from base_link to odom to become available, tf error: Invalid frame ID "odom" passed to canTransform argument target_frame - frame does not exist
[INFO] [1758723850.327682246] [local_costmap.local_costmap]: start
[WARN] [1758723850.528683897] [controller_server]: Parameter controller_server.verbose not found
[INFO] [1758723850.531536706] [controller_server]: Optimizer reset
[INFO] [1758723850.531900626] [MPPIController]: Activated MPPI Controller: FollowPath
[INFO] [1758723850.531934386] [controller_server]: Creating bond (controller_server) to lifecycle manager.
[INFO] [1758723850.634919286] [lifecycle_manager_navigation]: Server controller_server connected with bond.
[INFO] [1758723850.635010056] [lifecycle_manager_navigation]: [34m[1mActivating smoother_server[0m[0m
[INFO] [1758723850.636041115] [smoother_server]: Activating
[INFO] [1758723850.636087575] [smoother_server]: Creating bond (smoother_server) to lifecycle manager.
[INFO] [1758723850.738600885] [lifecycle_manager_navigation]: Server smoother_server connected with bond.
[INFO] [1758723850.738681365] [lifecycle_manager_navigation]: [34m[1mActivating planner_server[0m[0m
[INFO] [1758723850.739086035] [planner_server]: Activating
[INFO] [1758723850.739196625] [global_costmap.global_costmap]: Activating
[INFO] [1758723850.739217515] [global_costmap.global_costmap]: Checking transform
[INFO] [1758723850.739260305] [global_costmap.global_costmap]: Timed out waiting for transform from base_link to map to become available, tf error: Could not find a connection between 'map' and 'base_link' because they are not part of the same tree.Tf has two or more unconnected trees.
[INFO] [1758723851.106839571] [amcl]: createLaserObject
[INFO] [1758723851.239774329] [global_costmap.global_costmap]: Timed out waiting for transform from base_link to map to become available, tf error: Lookup would require extrapolation at time 0.288000, but only time 1.102000 is in the buffer, when looking up transform from frame [base_link] to frame [map]
[INFO] [1758723851.740107214] [global_costmap.global_costmap]: Timed out waiting for transform from base_link to map to become available, tf error: Lookup would require extrapolation into the past.  Requested time 0.576000 but the earliest data is at time 1.102000, when looking up transform from frame [base_link] to frame [map]
[INFO] [1758723852.239587120] [global_costmap.global_costmap]: Timed out waiting for transform from base_link to map to become available, tf error: Lookup would require extrapolation into the past.  Requested time 0.900000 but the earliest data is at time 1.102000, when looking up transform from frame [base_link] to frame [map]
[INFO] [1758723852.370741489] [amcl]: Message Filter dropping message: frame 'rplidar_link' at time 0.006 for reason 'the timestamp on the message is earlier than all the data in the transform cache'
[INFO] [1758723852.739398786] [global_costmap.global_costmap]: Timed out waiting for transform from base_link to map to become available, tf error: Lookup would require extrapolation into the past.  Requested time 1.080000 but the earliest data is at time 1.102000, when looking up transform from frame [base_link] to frame [map]
[INFO] [1758723853.239355672] [global_costmap.global_costmap]: Timed out waiting for transform from base_link to map to become available, tf error: Lookup would require extrapolation into the past.  Requested time 1.080000 but the earliest data is at time 1.102000, when looking up transform from frame [base_link] to frame [map]
[INFO] [1758723853.739641809] [global_costmap.global_costmap]: start
[INFO] [1758723854.791652474] [planner_server]: Activating plugin GridBased of type NavfnPlanner
[INFO] [1758723854.793828173] [planner_server]: Creating bond (planner_server) to lifecycle manager.
[INFO] [1758723854.897494133] [lifecycle_manager_navigation]: Server planner_server connected with bond.
[INFO] [1758723854.897599853] [lifecycle_manager_navigation]: [34m[1mActivating behavior_server[0m[0m
[INFO] [1758723854.898203143] [behavior_server]: Activating
[INFO] [1758723854.898228943] [behavior_server]: Activating spin
[INFO] [1758723854.898267773] [behavior_server]: Activating backup
[INFO] [1758723854.898282563] [behavior_server]: Activating drive_on_heading
[INFO] [1758723854.898294723] [behavior_server]: Activating assisted_teleop
[INFO] [1758723854.898307753] [behavior_server]: Activating wait
[INFO] [1758723854.898325233] [behavior_server]: Creating bond (behavior_server) to lifecycle manager.
[INFO] [1758723855.001796373] [lifecycle_manager_navigation]: Server behavior_server connected with bond.
[INFO] [1758723855.001876713] [lifecycle_manager_navigation]: [34m[1mActivating velocity_smoother[0m[0m
[INFO] [1758723855.002556443] [velocity_smoother]: Activating
[INFO] [1758723855.002694313] [velocity_smoother]: Creating bond (velocity_smoother) to lifecycle manager.
[INFO] [1758723855.110606102] [lifecycle_manager_navigation]: Server velocity_smoother connected with bond.
[INFO] [1758723855.110719661] [lifecycle_manager_navigation]: [34m[1mActivating collision_monitor[0m[0m
[INFO] [1758723855.111444921] [collision_monitor]: Activating
[INFO] [1758723855.111719081] [collision_monitor]: Creating bond (collision_monitor) to lifecycle manager.
[INFO] [1758723855.217562971] [lifecycle_manager_navigation]: Server collision_monitor connected with bond.
[INFO] [1758723855.217664001] [lifecycle_manager_navigation]: [34m[1mActivating bt_navigator[0m[0m
[INFO] [1758723855.218357170] [bt_navigator]: Activating
[INFO] [1758723855.274502209] [bt_navigator]: Creating bond (bt_navigator) to lifecycle manager.
[INFO] [1758723855.388745855] [lifecycle_manager_navigation]: Server bt_navigator connected with bond.
[INFO] [1758723855.388820695] [lifecycle_manager_navigation]: [34m[1mActivating waypoint_follower[0m[0m
[INFO] [1758723855.389408705] [waypoint_follower]: Activating
[INFO] [1758723855.389504865] [waypoint_follower]: Creating bond (waypoint_follower) to lifecycle manager.
[INFO] [1758723855.494363135] [lifecycle_manager_navigation]: Server waypoint_follower connected with bond.
[INFO] [1758723855.494532125] [lifecycle_manager_navigation]: [34m[1mActivating docking_server[0m[0m
[INFO] [1758723855.496442124] [docking_server]: Activating docking_server
[INFO] [1758723855.506967030] [docking_server]: Creating bond (docking_server) to lifecycle manager.
[INFO] [1758723855.610585080] [lifecycle_manager_navigation]: Server docking_server connected with bond.
[INFO] [1758723855.610721580] [lifecycle_manager_navigation]: [34m[1mManaged nodes are active[0m[0m
[INFO] [1758723855.610761310] [lifecycle_manager_navigation]: [34m[1mCreating bond timer...[0m[0m
[INFO] [1758723856.286532422] [bt_navigator]: Begin navigating from current location through 1 poses to (11.74, 5.13)
[INFO] [1758723856.308015554] [controller_server]: Received a goal, begin computing control effort.
[WARN] [1758723856.308119234] [controller_server]: No goal checker was specified in parameter 'current_goal_checker'. Server will use only plugin loaded general_goal_checker . This warning will appear once.
[WARN] [1758723856.308150584] [controller_server]: No progress checker was specified in parameter 'current_progress_checker'. Server will use only plugin loaded progress_checker . This warning will appear once.
[INFO] [1758723859.358439988] [controller_server]: Passing new path to controller.
[INFO] [1758723862.408652099] [controller_server]: Passing new path to controller.
[INFO] [1758723865.408407234] [controller_server]: Passing new path to controller.
[INFO] [1758723868.408409854] [controller_server]: Passing new path to controller.
[INFO] [1758723871.458925292] [controller_server]: Passing new path to controller.
[INFO] [1758723874.508405015] [controller_server]: Passing new path to controller.
[INFO] [1758723877.508412962] [controller_server]: Passing new path to controller.
[INFO] [1758723880.558411866] [controller_server]: Passing new path to controller.
[INFO] [1758723883.558414802] [controller_server]: Passing new path to controller.
[INFO] [1758723886.608409767] [controller_server]: Passing new path to controller.
[INFO] [1758723889.658451127] [controller_server]: Passing new path to controller.
[INFO] [1758723892.658445708] [controller_server]: Passing new path to controller.
[ERROR] [1758723893.708539032] [controller_server]: Failed to make progress
[INFO] [1758723893.712640751] [controller_server]: Optimizer reset
[WARN] [1758723893.712697981] [controller_server]: [follow_path] [ActionServer] Aborting handle.
[INFO] [1758723893.727027326] [local_costmap.local_costmap]: Received request to clear entirely the local_costmap
[INFO] [1758723893.727658286] [controller_server]: Received a goal, begin computing control effort.
[INFO] [1758723895.677836087] [controller_server]: Passing new path to controller.
[INFO] [1758723898.729071832] [controller_server]: Passing new path to controller.
[INFO] [1758723901.727836207] [controller_server]: Passing new path to controller.
[INFO] [1758723904.777847731] [controller_server]: Passing new path to controller.
[ERROR] [1758723905.077863920] [controller_server]: Failed to make progress
[INFO] [1758723905.079589390] [controller_server]: Optimizer reset
[WARN] [1758723905.079661120] [controller_server]: [follow_path] [ActionServer] Aborting handle.
[INFO] [1758723905.097422954] [local_costmap.local_costmap]: Received request to clear entirely the local_costmap
[INFO] [1758723905.097952184] [global_costmap.global_costmap]: Received request to clear entirely the global_costmap
[WARN] [1758723905.750465429] [planner_server]: Planner loop missed its desired rate of 20.0000 Hz. Current loop rate is 1.8939 Hz
[INFO] [1758723905.768877143] [controller_server]: Received a goal, begin computing control effort.
[INFO] [1758723908.819201296] [controller_server]: Passing new path to controller.
[INFO] [1758723911.869261454] [controller_server]: Passing new path to controller.
[INFO] [1758723914.870181221] [controller_server]: Passing new path to controller.
[INFO] [1758723917.919118368] [controller_server]: Passing new path to controller.
[ERROR] [1758723918.669274027] [controller_server]: Failed to make progress
[INFO] [1758723918.672654947] [controller_server]: Optimizer reset
[WARN] [1758723918.672710347] [controller_server]: [follow_path] [ActionServer] Aborting handle.
[INFO] [1758723918.687200103] [local_costmap.local_costmap]: Received request to clear entirely the local_costmap
[INFO] [1758723918.687979482] [controller_server]: Received a goal, begin computing control effort.
[WARN] [1758723918.753560344] [controller_server]: Control loop missed its desired rate of 20.0000 Hz. Current loop rate is 20.8333 Hz.
[INFO] [1758723920.938291517] [controller_server]: Passing new path to controller.
[INFO] [1758723923.938333605] [controller_server]: Passing new path to controller.
[INFO] [1758723926.989084114] [controller_server]: Passing new path to controller.
[INFO] [1758723929.988173331] [controller_server]: Passing new path to controller.
[ERROR] [1758723932.038497736] [controller_server]: Failed to make progress
[INFO] [1758723932.041008895] [controller_server]: Optimizer reset
[WARN] [1758723932.041060505] [controller_server]: [follow_path] [ActionServer] Aborting handle.
[INFO] [1758723932.057894921] [behavior_server]: Running spin
[INFO] [1758723932.058109311] [behavior_server]: Turning 1.57 for spin behavior.
[INFO] [1758723934.658370152] [behavior_server]: spin completed successfully
[INFO] [1758723934.697973072] [controller_server]: Received a goal, begin computing control effort.
[INFO] [1758723937.748257850] [controller_server]: Passing new path to controller.
[INFO] [1758723939.864894592] [controller_server]: Reached the goal!
[INFO] [1758723939.867385592] [controller_server]: Optimizer reset
[INFO] [1758723939.898913184] [bt_navigator]: Goal succeeded
[INFO] [1758723939.995643150] [rclcpp]: signal_handler(signum=2)
[INFO] [1758723939.995743650] [controller_server]: Running Nav2 LifecycleNode rcl preshutdown (controller_server)
[INFO] [1758723939.995925100] [controller_server]: Deactivating
[INFO] [1758723939.995980120] [MPPIController]: Deactivated MPPI Controller: FollowPath
[INFO] [1758723939.996002170] [local_costmap.local_costmap]: Deactivating
[INFO] [1758723940.128014597] [controller_server]: Destroying bond (controller_server) to lifecycle manager.
[INFO] [1758723940.138724995] [controller_server]: Cleaning up
[INFO] [1758723940.144646383] [MPPIController]: Cleaned up MPPI Controller: FollowPath
[INFO] [1758723940.145949993] [local_costmap.local_costmap]: Cleaning up
[INFO] [1758723940.211030147] [controller_server]: Destroying bond (controller_server) to lifecycle manager.
[INFO] [1758723940.211098127] [map_server]: Running Nav2 LifecycleNode rcl preshutdown (map_server)
[INFO] [1758723940.211103207] [lifecycle_manager_navigation]: [34m[1mHave not received a heartbeat from controller_server.[0m[0m
[ERROR] [1758723940.211203347] [lifecycle_manager_navigation]: CRITICAL FAILURE: SERVER controller_server IS DOWN after not receiving a heartbeat for 4000 ms. Shutting down related nodes.
[INFO] [1758723940.211339637] [lifecycle_manager_navigation]: [34m[1mTerminating bond timer...[0m[0m
[INFO] [1758723940.211371267] [lifecycle_manager_navigation]: [34m[1mResetting managed nodes...[0m[0m
[INFO] [1758723940.211180167] [map_server]: Deactivating
[INFO] [1758723940.211381097] [lifecycle_manager_navigation]: [34m[1mDeactivating docking_server[0m[0m
[INFO] [1758723940.211427277] [map_server]: Destroying bond (map_server) to lifecycle manager.
[INFO] [1758723940.211994286] [docking_server]: Deactivating docking_server
[INFO] [1758723940.221715974] [map_server]: Cleaning up
[INFO] [1758723940.221849734] [map_server]: Destroying bond (map_server) to lifecycle manager.
[INFO] [1758723940.221872894] [amcl]: Running Nav2 LifecycleNode rcl preshutdown (amcl)
[INFO] [1758723940.221909014] [amcl]: Deactivating
[INFO] [1758723940.221988934] [amcl]: Destroying bond (amcl) to lifecycle manager.
[INFO] [1758723940.232603471] [amcl]: Cleaning up
[INFO] [1758723940.254213026] [docking_server]: Destroying bond (docking_server) to lifecycle manager.
[INFO] [1758723940.261570524] [amcl]: Destroying bond (amcl) to lifecycle manager.
[INFO] [1758723940.261671804] [smoother_server]: Running Nav2 LifecycleNode rcl preshutdown (smoother_server)
[INFO] [1758723940.261724934] [smoother_server]: Deactivating
[INFO] [1758723940.261785934] [smoother_server]: Destroying bond (smoother_server) to lifecycle manager.
[INFO] [1758723940.273076081] [smoother_server]: Cleaning up
[INFO] [1758723940.274949091] [lifecycle_manager_localization]: [34m[1mHave not received a heartbeat from map_server.[0m[0m
[ERROR] [1758723940.279767900] [lifecycle_manager_localization]: CRITICAL FAILURE: SERVER map_server IS DOWN after not receiving a heartbeat for 4000 ms. Shutting down related nodes.
[INFO] [1758723940.280671100] [lifecycle_manager_localization]: [34m[1mTerminating bond timer...[0m[0m
[INFO] [1758723940.280689900] [lifecycle_manager_localization]: [34m[1mResetting managed nodes...[0m[0m
[INFO] [1758723940.280701120] [lifecycle_manager_localization]: [34m[1mDeactivating amcl[0m[0m
[WARN] [1758723940.308077443] [rcl_lifecycle]: No transition matching 4 found for current state unconfigured
[ERROR] [1758723940.308180733] [amcl]: Unable to start transition 4 from current state unconfigured: Transition is not registered., at ./src/rcl_lifecycle.c:355
[ERROR] [1758723940.310271382] [lifecycle_manager_localization]: Failed to change state for node: amcl
[INFO] [1758723940.310329122] [lifecycle_manager_localization]: [34m[1mDeactivating map_server[0m[0m
[WARN] [1758723940.310526892] [rcl_lifecycle]: No transition matching 4 found for current state unconfigured
[ERROR] [1758723940.310551572] [map_server]: Unable to start transition 4 from current state unconfigured: Transition is not registered., at ./src/rcl_lifecycle.c:355
[ERROR] [1758723940.310826072] [lifecycle_manager_localization]: Failed to change state for node: map_server
[INFO] [1758723940.310857272] [lifecycle_manager_localization]: [34m[1mCleaning up amcl[0m[0m
[WARN] [1758723940.311014792] [rcl_lifecycle]: No transition matching 2 found for current state unconfigured
[ERROR] [1758723940.311025532] [amcl]: Unable to start transition 2 from current state unconfigured: Transition is not registered., at ./src/rcl_lifecycle.c:355
[INFO] [1758723940.311351392] [lifecycle_manager_localization]: [34m[1mCleaning up map_server[0m[0m
[WARN] [1758723940.311485642] [rcl_lifecycle]: No transition matching 2 found for current state unconfigured
[ERROR] [1758723940.311498072] [map_server]: Unable to start transition 2 from current state unconfigured: Transition is not registered., at ./src/rcl_lifecycle.c:355
[INFO] [1758723940.311783442] [lifecycle_manager_localization]: [34m[1mManaged nodes have been reset[0m[0m
[INFO] [1758723940.326257888] [smoother_server]: Destroying bond (smoother_server) to lifecycle manager.
[INFO] [1758723940.326340588] [lifecycle_manager_localization]: Running Nav2 LifecycleManager rcl preshutdown (lifecycle_manager_localization)
[INFO] [1758723940.344757154] [planner_server]: Running Nav2 LifecycleNode rcl preshutdown (planner_server)
[INFO] [1758723940.344886424] [planner_server]: Deactivating
[INFO] [1758723940.344992734] [global_costmap.global_costmap]: Deactivating
[INFO] [1758723940.368302648] [lifecycle_manager_navigation]: [34m[1mDeactivating waypoint_follower[0m[0m
[INFO] [1758723940.369086478] [waypoint_follower]: Deactivating
[INFO] [1758723940.369162338] [waypoint_follower]: Destroying bond (waypoint_follower) to lifecycle manager.
[INFO] [1758723940.481825570] [lifecycle_manager_navigation]: [34m[1mDeactivating bt_navigator[0m[0m
[INFO] [1758723940.482442140] [bt_navigator]: Deactivating
[INFO] [1758723940.482586280] [bt_navigator]: Destroying bond (bt_navigator) to lifecycle manager.
[INFO] [1758723940.597308101] [lifecycle_manager_navigation]: [34m[1mDeactivating collision_monitor[0m[0m
[INFO] [1758723940.739977526] [planner_server]: Deactivating plugin GridBased of type NavfnPlanner
[INFO] [1758723940.740085376] [planner_server]: Destroying bond (planner_server) to lifecycle manager.
[INFO] [1758723940.750342884] [planner_server]: Cleaning up
[INFO] [1758723940.765766930] [global_costmap.global_costmap]: Cleaning up
[INFO] [1758723940.772090638] [planner_server]: Cleaning up plugin GridBased of type NavfnPlanner
[INFO] [1758723940.772600478] [planner_server]: Destroying plugin GridBased of type NavfnPlanner
[INFO] [1758723940.801478731] [planner_server]: Destroying bond (planner_server) to lifecycle manager.
[INFO] [1758723940.801537611] [behavior_server]: Running Nav2 LifecycleNode rcl preshutdown (behavior_server)
[INFO] [1758723940.801577621] [behavior_server]: Deactivating
[INFO] [1758723940.801643951] [behavior_server]: Destroying bond (behavior_server) to lifecycle manager.
[INFO] [1758723940.811907108] [behavior_server]: Cleaning up
[INFO] [1758723940.818642857] [behavior_server]: Destroying bond (behavior_server) to lifecycle manager.
[INFO] [1758723940.818686697] [bt_navigator]: Running Nav2 LifecycleNode rcl preshutdown (bt_navigator)
[INFO] [1758723940.818713327] [bt_navigator]: Cleaning up
[INFO] [1758723940.966388780] [bt_navigator]: Completed Cleaning up
[INFO] [1758723940.966500470] [bt_navigator]: Destroying bond (bt_navigator) to lifecycle manager.
[INFO] [1758723940.966516830] [waypoint_follower]: Running Nav2 LifecycleNode rcl preshutdown (waypoint_follower)
[INFO] [1758723940.966549620] [waypoint_follower]: Cleaning up
[INFO] [1758723940.977103758] [waypoint_follower]: Destroying bond (waypoint_follower) to lifecycle manager.
[INFO] [1758723940.977212068] [velocity_smoother]: Running Nav2 LifecycleNode rcl preshutdown (velocity_smoother)
[INFO] [1758723940.977257548] [velocity_smoother]: Deactivating
[INFO] [1758723940.977402818] [velocity_smoother]: Destroying bond (velocity_smoother) to lifecycle manager.
[INFO] [1758723940.987685795] [velocity_smoother]: Cleaning up
[INFO] [1758723940.987767905] [velocity_smoother]: Destroying bond (velocity_smoother) to lifecycle manager.
[INFO] [1758723940.987790095] [collision_monitor]: Running Nav2 LifecycleNode rcl preshutdown (collision_monitor)
[INFO] [1758723940.987819765] [collision_monitor]: Deactivating
[INFO] [1758723940.987857845] [collision_monitor]: Destroying bond (collision_monitor) to lifecycle manager.
[INFO] [1758723941.089482860] [collision_monitor]: Cleaning up
[INFO] [1758723942.022391161] [rclcpp]: signal_handler(signum=2)
[INFO] [1758723942.092484874] [collision_monitor]: [FootprintApproach]: Destroying Polygon
[INFO] [1758723942.099140113] [collision_monitor]: Destroying bond (collision_monitor) to lifecycle manager.
[INFO] [1758723942.099176533] [docking_server]: Running Nav2 LifecycleNode rcl preshutdown (docking_server)
[INFO] [1758723942.099222653] [docking_server]: Cleaning up docking_server
[INFO] [1758723942.115921788] [docking_server]: Destroying bond (docking_server) to lifecycle manager.
[INFO] [1758723942.116016148] [lifecycle_manager_navigation]: Running Nav2 LifecycleManager rcl preshutdown (lifecycle_manager_navigation)
