[INFO] [1758723843.808893668] [rviz2]: Stereo is NOT SUPPORTED
[INFO] [1758723843.809095508] [rviz2]: OpenGl version: 4.5 (GLSL 4.5)
[INFO] [1758723843.874422321] [rviz2]: Stereo is NOT SUPPORTED
[INFO] [1758723844.085439986] [rviz]: Subscribing to: /mobile_base/sensors/bumper_pointcloud

[INFO] [1758723844.085903636] [rviz]: Subscribing to: /mobile_base/sensors/bumper_pointcloud

[INFO] [1758723844.095132063] [rviz]: Subscribing to: /local_costmap/voxel_marked_cloud

[INFO] [1758723844.114967605] [rviz]: Subscribing to: /global_costmap/voxel_marked_cloud

[INFO] [1758723844.161868016] [rviz]: Subscribing to: /mobile_base/sensors/bumper_pointcloud

[INFO] [1758723844.167835143] [rviz]: Subscribing to: /local_costmap/voxel_marked_cloud

[INFO] [1758723844.175205080] [rviz]: Subscribing to: /global_costmap/voxel_marked_cloud

[INFO] [1758723844.227744519] [nav2_rviz_selector_node]: Trying to load plugins...
[INFO] [1758723844.304869368] [nav2_rviz_docking_panel_node]: Loading dock plugins
[INFO] [1758723844.470858881] [rviz2]: Stereo is NOT SUPPORTED
[INFO] [1758723844.573962150] [rviz2]: Trying to create a map of size 291 x 291 using 1 swatches
[ERROR] [1758723844.578820658] [rviz2]: rviz/glsl120/indexed_8bit_image.vert
rviz/glsl120/indexed_8bit_image.frag
 GLSL link result : 
active samplers with a different type refer to the same texture image unit
[INFO] [1758723852.559701806] [rviz]: Message Filter dropping message: frame 'odom' at time 0.180 for reason 'discarding message because the queue is full'
[INFO] [1758723852.752277751] [rviz]: Message Filter dropping message: frame 'odom' at time 0.180 for reason 'discarding message because the queue is full'
[INFO] [1758723852.946312876] [rviz]: Message Filter dropping message: frame 'odom' at time 0.180 for reason 'discarding message because the queue is full'
[INFO] [1758723853.135816732] [rviz]: Message Filter dropping message: frame 'odom' at time 0.216 for reason 'discarding message because the queue is full'
[INFO] [1758723853.360233226] [rviz]: Message Filter dropping message: frame 'odom' at time 0.324 for reason 'discarding message because the queue is full'
[INFO] [1758723853.488224466] [rviz]: Message Filter dropping message: frame 'rplidar_link' at time 0.006 for reason 'discarding message because the queue is full'
[INFO] [1758723853.552469501] [rviz]: Message Filter dropping message: frame 'odom' at time 0.468 for reason 'discarding message because the queue is full'
[INFO] [1758723853.616218837] [rviz]: Message Filter dropping message: frame 'rplidar_link' at time 0.102 for reason 'discarding message because the queue is full'
[INFO] [1758723853.808239573] [rviz]: Message Filter dropping message: frame 'rplidar_link' at time 0.201 for reason 'discarding message because the queue is full'
[INFO] [1758723854.164772185] [rviz2]: Trying to create a map of size 60 x 60 using 1 swatches
[INFO] [1758723854.766377984] [rviz2]: Trying to create a map of size 291 x 291 using 1 swatches
[INFO] [1758723863.904420746] [rviz]: Message Filter dropping message: frame 'odom' at time 0.501 for reason 'the timestamp on the message is earlier than all the data in the transform cache'
[INFO] [1758723863.904551076] [rviz]: Message Filter dropping message: frame 'odom' at time 0.576 for reason 'the timestamp on the message is earlier than all the data in the transform cache'
[INFO] [1758723864.007797938] [rviz]: Message Filter dropping message: frame 'odom' at time 0.684 for reason 'the timestamp on the message is earlier than all the data in the transform cache'
[INFO] [1758723864.207644154] [rviz]: Message Filter dropping message: frame 'odom' at time 0.828 for reason 'the timestamp on the message is earlier than all the data in the transform cache'
[INFO] [1758723864.419947166] [rviz]: Message Filter dropping message: frame 'odom' at time 0.972 for reason 'the timestamp on the message is earlier than all the data in the transform cache'
[INFO] [1758723864.486804792] [rviz]: Message Filter dropping message: frame 'odom' at time 1.080 for reason 'the timestamp on the message is earlier than all the data in the transform cache'
[INFO] [1758723864.486859212] [rviz]: Message Filter dropping message: frame 'odom' at time 1.002 for reason 'the timestamp on the message is earlier than all the data in the transform cache'
[INFO] [1758723864.486894452] [rviz]: Message Filter dropping message: frame 'odom' at time 1.080 for reason 'the timestamp on the message is earlier than all the data in the transform cache'
[INFO] [1758723864.486916512] [rviz]: Message Filter dropping message: frame 'odom' at time 1.080 for reason 'the timestamp on the message is earlier than all the data in the transform cache'
[INFO] [1758723864.486944692] [rviz]: Message Filter dropping message: frame 'odom' at time 1.080 for reason 'the timestamp on the message is earlier than all the data in the transform cache'
[INFO] [1758723864.486968682] [rviz]: Message Filter dropping message: frame 'odom' at time 1.080 for reason 'the timestamp on the message is earlier than all the data in the transform cache'
[INFO] [1758723864.646338873] [rviz]: Message Filter dropping message: frame 'rplidar_link' at time 0.300 for reason 'the timestamp on the message is earlier than all the data in the transform cache'
[INFO] [1758723864.715468908] [rviz]: Message Filter dropping message: frame 'rplidar_link' at time 0.402 for reason 'the timestamp on the message is earlier than all the data in the transform cache'
[INFO] [1758723864.823995658] [rviz]: Message Filter dropping message: frame 'rplidar_link' at time 0.501 for reason 'the timestamp on the message is earlier than all the data in the transform cache'
[INFO] [1758723864.934105717] [rviz]: Message Filter dropping message: frame 'rplidar_link' at time 0.600 for reason 'the timestamp on the message is earlier than all the data in the transform cache'
[INFO] [1758723865.041398568] [rviz]: Message Filter dropping message: frame 'rplidar_link' at time 0.702 for reason 'the timestamp on the message is earlier than all the data in the transform cache'
[INFO] [1758723865.149337009] [rviz]: Message Filter dropping message: frame 'rplidar_link' at time 0.801 for reason 'the timestamp on the message is earlier than all the data in the transform cache'
[INFO] [1758723865.220946552] [rviz]: Message Filter dropping message: frame 'rplidar_link' at time 0.900 for reason 'the timestamp on the message is earlier than all the data in the transform cache'
[INFO] [1758723865.331451862] [rviz]: Message Filter dropping message: frame 'rplidar_link' at time 1.002 for reason 'the timestamp on the message is earlier than all the data in the transform cache'
[INFO] [1758723865.541782935] [rviz]: Message Filter dropping message: frame 'rplidar_link' at time 1.101 for reason 'the timestamp on the message is earlier than all the data in the transform cache'
[INFO] [1758723939.995656090] [rclcpp]: signal_handler(signum=2)
