[INFO] [1758710330.514069064] [nav2_container]: Load Library: /opt/ros/jazzy/lib/libcontroller_server_core.so
[INFO] [1758710330.571523468] [nav2_container]: Found class: rclcpp_components::NodeFactoryTemplate<nav2_controller::ControllerServer>
[INFO] [1758710330.571612398] [nav2_container]: Instantiate class: rclcpp_components::NodeFactoryTemplate<nav2_controller::ControllerServer>
[INFO] [1758710330.622302161] [controller_server]: 
	controller_server lifecycle node launched. 
	Waiting on external lifecycle transitions to activate
	See https://design.ros2.org/articles/node_lifecycle.html for more information.
[INFO] [1758710330.659752704] [controller_server]: Creating controller server
[INFO] [1758710330.710885147] [local_costmap.local_costmap]: 
	local_costmap lifecycle node launched. 
	Waiting on external lifecycle transitions to activate
	See https://design.ros2.org/articles/node_lifecycle.html for more information.
[INFO] [1758710330.712809897] [local_costmap.local_costmap]: Creating Costmap
[INFO] [1758710330.715890438] [nav2_container]: Load Library: /opt/ros/jazzy/lib/libmap_server_core.so
[INFO] [1758710330.730047679] [nav2_container]: Found class: rclcpp_components::NodeFactoryTemplate<nav2_map_server::CostmapFilterInfoServer>
[INFO] [1758710330.730183049] [nav2_container]: Found class: rclcpp_components::NodeFactoryTemplate<nav2_map_server::MapSaver>
[INFO] [1758710330.730194849] [nav2_container]: Found class: rclcpp_components::NodeFactoryTemplate<nav2_map_server::MapServer>
[INFO] [1758710330.730203049] [nav2_container]: Instantiate class: rclcpp_components::NodeFactoryTemplate<nav2_map_server::MapServer>
[INFO] [1758710330.758931530] [map_server]: 
	map_server lifecycle node launched. 
	Waiting on external lifecycle transitions to activate
	See https://design.ros2.org/articles/node_lifecycle.html for more information.
[INFO] [1758710330.759024340] [map_server]: Creating
[INFO] [1758710330.760300121] [nav2_container]: Load Library: /opt/ros/jazzy/lib/libamcl_core.so
[INFO] [1758710330.764101361] [nav2_container]: Found class: rclcpp_components::NodeFactoryTemplate<nav2_amcl::AmclNode>
[INFO] [1758710330.764145121] [nav2_container]: Instantiate class: rclcpp_components::NodeFactoryTemplate<nav2_amcl::AmclNode>
[INFO] [1758710330.807450744] [amcl]: 
	amcl lifecycle node launched. 
	Waiting on external lifecycle transitions to activate
	See https://design.ros2.org/articles/node_lifecycle.html for more information.
[INFO] [1758710330.810610464] [amcl]: Creating
[INFO] [1758710330.813541514] [nav2_container]: Load Library: /opt/ros/jazzy/lib/libsmoother_server_core.so
[INFO] [1758710330.815934915] [nav2_container]: Found class: rclcpp_components::NodeFactoryTemplate<nav2_smoother::SmootherServer>
[INFO] [1758710330.815971075] [nav2_container]: Instantiate class: rclcpp_components::NodeFactoryTemplate<nav2_smoother::SmootherServer>
[INFO] [1758710330.825740465] [smoother_server]: 
	smoother_server lifecycle node launched. 
	Waiting on external lifecycle transitions to activate
	See https://design.ros2.org/articles/node_lifecycle.html for more information.
[INFO] [1758710330.830812865] [smoother_server]: Creating smoother server
[INFO] [1758710330.832097766] [nav2_container]: Load Library: /opt/ros/jazzy/lib/libnav2_lifecycle_manager_core.so
[INFO] [1758710330.833935026] [nav2_container]: Found class: rclcpp_components::NodeFactoryTemplate<nav2_lifecycle_manager::LifecycleManager>
[INFO] [1758710330.833960116] [nav2_container]: Instantiate class: rclcpp_components::NodeFactoryTemplate<nav2_lifecycle_manager::LifecycleManager>
[INFO] [1758710330.859315117] [lifecycle_manager_localization]: Creating
[INFO] [1758710330.867517838] [nav2_container]: Load Library: /opt/ros/jazzy/lib/libplanner_server_core.so
[INFO] [1758710330.868674328] [lifecycle_manager_localization]: [34m[1mCreating and initializing lifecycle service clients[0m[0m
[INFO] [1758710330.868952138] [nav2_container]: Found class: rclcpp_components::NodeFactoryTemplate<nav2_planner::PlannerServer>
[INFO] [1758710330.868986088] [nav2_container]: Instantiate class: rclcpp_components::NodeFactoryTemplate<nav2_planner::PlannerServer>
[INFO] [1758710330.874757249] [lifecycle_manager_localization]: [34m[1mStarting managed nodes bringup...[0m[0m
[INFO] [1758710330.874874139] [lifecycle_manager_localization]: [34m[1mConfiguring map_server[0m[0m
[INFO] [1758710330.875195569] [map_server]: Configuring
[INFO] [1758710330.875420729] [map_io]: Loading yaml file: /config/maps/large_room.yaml
[INFO] [1758710330.876319899] [map_io]: resolution: 0.05
[INFO] [1758710330.876343389] [map_io]: origin[0]: -4.25
[INFO] [1758710330.876353539] [map_io]: origin[1]: -4.25
[INFO] [1758710330.876365109] [map_io]: origin[2]: 0
[INFO] [1758710330.876372149] [map_io]: free_thresh: 0.196
[INFO] [1758710330.876378159] [map_io]: occupied_thresh: 0.65
[INFO] [1758710330.876388579] [map_io]: mode: trinary
[INFO] [1758710330.876401729] [map_io]: negate: 0
[INFO] [1758710330.876835259] [map_io]: Loading image_file: /config/maps/large_room.pgm
[INFO] [1758710330.879535489] [map_io]: Read map /config/maps/large_room.pgm: 170 X 170 map @ 0.05 m/cell
[INFO] [1758710330.908171301] [planner_server]: 
	planner_server lifecycle node launched. 
	Waiting on external lifecycle transitions to activate
	See https://design.ros2.org/articles/node_lifecycle.html for more information.
[INFO] [1758710330.909729001] [lifecycle_manager_localization]: [34m[1mConfiguring amcl[0m[0m
[INFO] [1758710330.909831061] [amcl]: Configuring
[INFO] [1758710330.909964821] [amcl]: initTransforms
[INFO] [1758710330.917795991] [planner_server]: Creating
[INFO] [1758710330.919624942] [amcl]: initPubSub
[INFO] [1758710330.923100892] [amcl]: Subscribed to map topic.
[INFO] [1758710330.930638282] [lifecycle_manager_localization]: [34m[1mActivating map_server[0m[0m
[INFO] [1758710330.931015782] [map_server]: Activating
[INFO] [1758710330.931370542] [amcl]: Received a 170 X 170 map @ 0.050 m/pix
[INFO] [1758710330.931949312] [map_server]: Creating bond (map_server) to lifecycle manager.
[INFO] [1758710330.946659944] [global_costmap.global_costmap]: 
	global_costmap lifecycle node launched. 
	Waiting on external lifecycle transitions to activate
	See https://design.ros2.org/articles/node_lifecycle.html for more information.
[INFO] [1758710330.949914304] [global_costmap.global_costmap]: Creating Costmap
[INFO] [1758710330.957885124] [nav2_container]: Load Library: /opt/ros/jazzy/lib/libbehavior_server_core.so
[INFO] [1758710330.960022924] [nav2_container]: Found class: rclcpp_components::NodeFactoryTemplate<behavior_server::BehaviorServer>
[INFO] [1758710330.960270104] [nav2_container]: Instantiate class: rclcpp_components::NodeFactoryTemplate<behavior_server::BehaviorServer>
[INFO] [1758710330.976671616] [behavior_server]: 
	behavior_server lifecycle node launched. 
	Waiting on external lifecycle transitions to activate
	See https://design.ros2.org/articles/node_lifecycle.html for more information.
[INFO] [1758710331.010755928] [nav2_container]: Load Library: /opt/ros/jazzy/lib/libbt_navigator_core.so
[INFO] [1758710331.012376958] [nav2_container]: Found class: rclcpp_components::NodeFactoryTemplate<nav2_bt_navigator::BtNavigator>
[INFO] [1758710331.012410338] [nav2_container]: Instantiate class: rclcpp_components::NodeFactoryTemplate<nav2_bt_navigator::BtNavigator>
[INFO] [1758710331.022829049] [bt_navigator]: 
	bt_navigator lifecycle node launched. 
	Waiting on external lifecycle transitions to activate
	See https://design.ros2.org/articles/node_lifecycle.html for more information.
[INFO] [1758710331.028349899] [bt_navigator]: Creating
[INFO] [1758710331.034224790] [nav2_container]: Load Library: /opt/ros/jazzy/lib/libwaypoint_follower_core.so
[INFO] [1758710331.036285040] [nav2_container]: Found class: rclcpp_components::NodeFactoryTemplate<nav2_waypoint_follower::WaypointFollower>
[INFO] [1758710331.036316710] [nav2_container]: Instantiate class: rclcpp_components::NodeFactoryTemplate<nav2_waypoint_follower::WaypointFollower>
[INFO] [1758710331.037251660] [lifecycle_manager_localization]: Server map_server connected with bond.
[INFO] [1758710331.037303170] [lifecycle_manager_localization]: [34m[1mActivating amcl[0m[0m
[INFO] [1758710331.037646240] [amcl]: Activating
[INFO] [1758710331.037760110] [amcl]: Creating bond (amcl) to lifecycle manager.
[INFO] [1758710331.047230660] [waypoint_follower]: 
	waypoint_follower lifecycle node launched. 
	Waiting on external lifecycle transitions to activate
	See https://design.ros2.org/articles/node_lifecycle.html for more information.
[INFO] [1758710331.048701031] [waypoint_follower]: Creating
[INFO] [1758710331.063350311] [nav2_container]: Load Library: /opt/ros/jazzy/lib/libvelocity_smoother_core.so
[INFO] [1758710331.065850082] [nav2_container]: Found class: rclcpp_components::NodeFactoryTemplate<nav2_velocity_smoother::VelocitySmoother>
[INFO] [1758710331.065920332] [nav2_container]: Instantiate class: rclcpp_components::NodeFactoryTemplate<nav2_velocity_smoother::VelocitySmoother>
[INFO] [1758710331.079229823] [velocity_smoother]: 
	velocity_smoother lifecycle node launched. 
	Waiting on external lifecycle transitions to activate
	See https://design.ros2.org/articles/node_lifecycle.html for more information.
[INFO] [1758710331.109174755] [nav2_container]: Load Library: /opt/ros/jazzy/lib/libcollision_monitor_core.so
[INFO] [1758710331.113312675] [nav2_container]: Found class: rclcpp_components::NodeFactoryTemplate<nav2_collision_monitor::CollisionMonitor>
[INFO] [1758710331.113370725] [nav2_container]: Instantiate class: rclcpp_components::NodeFactoryTemplate<nav2_collision_monitor::CollisionMonitor>
[INFO] [1758710331.131111346] [collision_monitor]: 
	collision_monitor lifecycle node launched. 
	Waiting on external lifecycle transitions to activate
	See https://design.ros2.org/articles/node_lifecycle.html for more information.
[INFO] [1758710331.143174727] [lifecycle_manager_localization]: Server amcl connected with bond.
[INFO] [1758710331.143272697] [lifecycle_manager_localization]: [34m[1mManaged nodes are active[0m[0m
[INFO] [1758710331.143348937] [lifecycle_manager_localization]: [34m[1mCreating bond timer...[0m[0m
[INFO] [1758710331.144328407] [nav2_container]: Load Library: /opt/ros/jazzy/lib/libopennav_docking_core.so
[INFO] [1758710331.147668897] [nav2_container]: Found class: rclcpp_components::NodeFactoryTemplate<opennav_docking::DockingServer>
[INFO] [1758710331.147713427] [nav2_container]: Instantiate class: rclcpp_components::NodeFactoryTemplate<opennav_docking::DockingServer>
[INFO] [1758710331.161188048] [docking_server]: 
	docking_server lifecycle node launched. 
	Waiting on external lifecycle transitions to activate
	See https://design.ros2.org/articles/node_lifecycle.html for more information.
[INFO] [1758710331.161287618] [docking_server]: Creating docking_server
[INFO] [1758710331.171324059] [nav2_container]: Found class: rclcpp_components::NodeFactoryTemplate<nav2_lifecycle_manager::LifecycleManager>
[INFO] [1758710331.171416509] [nav2_container]: Instantiate class: rclcpp_components::NodeFactoryTemplate<nav2_lifecycle_manager::LifecycleManager>
[INFO] [1758710331.188972750] [lifecycle_manager_navigation]: Creating
[INFO] [1758710331.209114732] [lifecycle_manager_navigation]: [34m[1mCreating and initializing lifecycle service clients[0m[0m
[INFO] [1758710331.216063212] [lifecycle_manager_navigation]: [34m[1mStarting managed nodes bringup...[0m[0m
[INFO] [1758710331.216108362] [lifecycle_manager_navigation]: [34m[1mConfiguring controller_server[0m[0m
[INFO] [1758710331.216268352] [controller_server]: Configuring controller interface
[INFO] [1758710331.216295302] [controller_server]: getting progress checker plugins..
[INFO] [1758710331.217300242] [controller_server]: getting goal checker plugins..
[INFO] [1758710331.217716022] [controller_server]: Controller frequency set to 20.0000Hz
[INFO] [1758710331.217779242] [local_costmap.local_costmap]: Configuring
[INFO] [1758710331.222944553] [local_costmap.local_costmap]: Using plugin "voxel_layer"
[INFO] [1758710331.228345493] [local_costmap.local_costmap]: Subscribed to Topics: scan
[INFO] [1758710331.241241554] [local_costmap.local_costmap]: Initialized plugin "voxel_layer"
[INFO] [1758710331.241336714] [local_costmap.local_costmap]: Using plugin "inflation_layer"
[INFO] [1758710331.242817554] [local_costmap.local_costmap]: Initialized plugin "inflation_layer"
[INFO] [1758710331.252189655] [controller_server]: Created progress_checker : progress_checker of type nav2_controller::SimpleProgressChecker
[INFO] [1758710331.252960125] [controller_server]: Controller Server has progress_checker  progress checkers available.
[INFO] [1758710331.253950015] [controller_server]: Created goal checker : general_goal_checker of type nav2_controller::SimpleGoalChecker
[INFO] [1758710331.254505865] [controller_server]: Controller Server has general_goal_checker  goal checkers available.
[INFO] [1758710331.256368695] [controller_server]: Created controller : FollowPath of type nav2_mppi_controller::MPPIController
[INFO] [1758710331.261503305] [controller_server]: Controller period is equal to model dt. Control sequence shifting is ON
[INFO] [1758710331.265985215] [controller_server]: ConstraintCritic instantiated with 1 power and 4.000000 weight.
[INFO] [1758710331.266024005] [controller_server]: Critic loaded : mppi::critics::ConstraintCritic
[INFO] [1758710331.268046626] [controller_server]: InflationCostCritic instantiated with 1 power and 300.000000 / 0.015000 weights. Critic will collision check based on circular cost.
[INFO] [1758710331.268088176] [controller_server]: Critic loaded : mppi::critics::CostCritic
[INFO] [1758710331.268583196] [controller_server]: GoalCritic instantiated with 1 power and 5.000000 weight.
[INFO] [1758710331.268661236] [controller_server]: Critic loaded : mppi::critics::GoalCritic
[INFO] [1758710331.269392766] [controller_server]: GoalAngleCritic instantiated with 1 power, 3.000000 weight, and 0.500000 angular threshold.
[INFO] [1758710331.269426806] [controller_server]: Critic loaded : mppi::critics::GoalAngleCritic
[INFO] [1758710331.270516376] [controller_server]: ReferenceTrajectoryCritic instantiated with 1 power and 14.000000 weight
[INFO] [1758710331.270539166] [controller_server]: Critic loaded : mppi::critics::PathAlignCritic
[INFO] [1758710331.271129166] [controller_server]: Critic loaded : mppi::critics::PathFollowCritic
[INFO] [1758710331.271915246] [controller_server]: PathAngleCritic instantiated with 1 power and 2.000000 weight. Mode set to: Forward Preference
[INFO] [1758710331.271935326] [controller_server]: Critic loaded : mppi::critics::PathAngleCritic
[INFO] [1758710331.272666326] [controller_server]: PreferForwardCritic instantiated with 1 power and 5.000000 weight.
[INFO] [1758710331.272683456] [controller_server]: Critic loaded : mppi::critics::PreferForwardCritic
[INFO] [1758710331.279649456] [controller_server]: Optimizer reset
[INFO] [1758710331.285980687] [MPPIController]: Configured MPPI Controller: FollowPath
[INFO] [1758710331.286025587] [controller_server]: Controller Server has FollowPath  controllers available.
[INFO] [1758710331.297894798] [lifecycle_manager_navigation]: [34m[1mConfiguring smoother_server[0m[0m
[INFO] [1758710331.298163318] [smoother_server]: Configuring smoother server
[INFO] [1758710331.307460958] [smoother_server]: Created smoother : simple_smoother of type nav2_smoother::SimpleSmoother
[INFO] [1758710331.308692608] [smoother_server]: Smoother Server has simple_smoother  smoothers available.
[INFO] [1758710331.312620709] [lifecycle_manager_navigation]: [34m[1mConfiguring planner_server[0m[0m
[INFO] [1758710331.312779939] [planner_server]: Configuring
[INFO] [1758710331.312851939] [global_costmap.global_costmap]: Configuring
[INFO] [1758710331.318056629] [global_costmap.global_costmap]: Using plugin "static_layer"
[INFO] [1758710331.319846779] [global_costmap.global_costmap]: Subscribing to the map topic (/map) with transient local durability
[INFO] [1758710331.320245349] [global_costmap.global_costmap]: Initialized plugin "static_layer"
[INFO] [1758710331.320264379] [global_costmap.global_costmap]: Using plugin "obstacle_layer"
[INFO] [1758710331.320811529] [global_costmap.global_costmap]: Subscribed to Topics: scan
[INFO] [1758710331.324378960] [global_costmap.global_costmap]: Initialized plugin "obstacle_layer"
[INFO] [1758710331.324417950] [global_costmap.global_costmap]: Using plugin "inflation_layer"
[INFO] [1758710331.326028350] [global_costmap.global_costmap]: Initialized plugin "inflation_layer"
[INFO] [1758710331.338071921] [global_costmap.global_costmap]: StaticLayer: Resizing costmap to 170 X 170 at 0.050000 m/pix
[INFO] [1758710331.339770531] [planner_server]: Created global planner plugin GridBased of type nav2_navfn_planner::NavfnPlanner
[INFO] [1758710331.339809221] [planner_server]: Configuring plugin GridBased of type NavfnPlanner
[INFO] [1758710331.340792391] [planner_server]: Planner Server has GridBased  planners available.
[INFO] [1758710331.346523351] [lifecycle_manager_navigation]: [34m[1mConfiguring behavior_server[0m[0m
[INFO] [1758710331.346760001] [behavior_server]: Configuring
[INFO] [1758710331.350116331] [behavior_server]: Creating behavior plugin spin of type nav2_behaviors::Spin
[INFO] [1758710331.351971862] [behavior_server]: Creating behavior plugin backup of type nav2_behaviors::BackUp
[INFO] [1758710331.353160291] [behavior_server]: Creating behavior plugin drive_on_heading of type nav2_behaviors::DriveOnHeading
[INFO] [1758710331.356240252] [behavior_server]: Creating behavior plugin assisted_teleop of type nav2_behaviors::AssistedTeleop
[INFO] [1758710331.358303642] [behavior_server]: Creating behavior plugin wait of type nav2_behaviors::Wait
[INFO] [1758710331.361230412] [behavior_server]: Configuring spin
[WARN] [1758710331.361337312] [amcl]: New subscription discovered on topic '/particle_cloud', requesting incompatible QoS. No messages will be sent to it. Last incompatible policy: RELIABILITY_QOS_POLICY
[INFO] [1758710331.365865522] [behavior_server]: Configuring backup
[INFO] [1758710331.368742553] [behavior_server]: Configuring drive_on_heading
[INFO] [1758710331.371377633] [behavior_server]: Configuring assisted_teleop
[INFO] [1758710331.374657703] [behavior_server]: Configuring wait
[INFO] [1758710331.377298653] [lifecycle_manager_navigation]: [34m[1mConfiguring velocity_smoother[0m[0m
[INFO] [1758710331.377476403] [velocity_smoother]: Configuring velocity smoother
[INFO] [1758710331.382479884] [lifecycle_manager_navigation]: [34m[1mConfiguring collision_monitor[0m[0m
[INFO] [1758710331.382881324] [collision_monitor]: Configuring
[INFO] [1758710331.389881774] [collision_monitor]: [scan]: Creating Scan
[INFO] [1758710331.391569204] [collision_monitor]: [FootprintApproach]: Creating Polygon
[INFO] [1758710331.392001754] [collision_monitor]: [FootprintApproach]: Polygon points are not defined. Using dynamic subscription instead.
[INFO] [1758710331.394096414] [collision_monitor]: [FootprintApproach]: Making footprint subscriber on /local_costmap/published_footprint topic
[INFO] [1758710331.407462005] [lifecycle_manager_navigation]: [34m[1mConfiguring bt_navigator[0m[0m
[INFO] [1758710331.407653585] [bt_navigator]: Configuring
[INFO] [1758710331.412441356] [bt_navigator]: Creating navigator id navigate_to_pose of type nav2_bt_navigator::NavigateToPoseNavigator
[INFO] [1758710331.478376870] [bt_navigator]: Creating navigator id navigate_through_poses of type nav2_bt_navigator::NavigateThroughPosesNavigator
[INFO] [1758710331.509271762] [lifecycle_manager_navigation]: [34m[1mConfiguring waypoint_follower[0m[0m
[INFO] [1758710331.510344172] [waypoint_follower]: Configuring
[INFO] [1758710331.531262644] [waypoint_follower]: Created waypoint_task_executor : wait_at_waypoint of type nav2_waypoint_follower::WaitAtWaypoint
[INFO] [1758710331.533801094] [lifecycle_manager_navigation]: [34m[1mConfiguring docking_server[0m[0m
[INFO] [1758710331.534303344] [docking_server]: Configuring docking_server
[INFO] [1758710331.534392854] [docking_server]: Controller frequency set to 50.0000Hz
[INFO] [1758710331.559279476] [docking_server]: Created charging dock plugin simple_charging_dock of type opennav_docking::SimpleChargingDock
[WARN] [1758710331.565148646] [docking_server]: Dock database filepath nor dock parameters set. Docking actions can only be executed specifying the dock pose via the action request. Or update the dock database via the reload_database service.
[INFO] [1758710331.565194456] [docking_server]: Docking Server has 1 dock types and 0 dock instances available.
[INFO] [1758710331.567061246] [lifecycle_manager_navigation]: [34m[1mActivating controller_server[0m[0m
[INFO] [1758710331.567214706] [controller_server]: Activating
[INFO] [1758710331.567254426] [local_costmap.local_costmap]: Activating
[INFO] [1758710331.567269236] [local_costmap.local_costmap]: Checking transform
[INFO] [1758710331.567305526] [local_costmap.local_costmap]: Timed out waiting for transform from base_link to odom to become available, tf error: Invalid frame ID "odom" passed to canTransform argument target_frame - frame does not exist
[INFO] [1758710332.067380681] [local_costmap.local_costmap]: Timed out waiting for transform from base_link to odom to become available, tf error: Invalid frame ID "odom" passed to canTransform argument target_frame - frame does not exist
[INFO] [1758710332.567358115] [local_costmap.local_costmap]: Timed out waiting for transform from base_link to odom to become available, tf error: Invalid frame ID "odom" passed to canTransform argument target_frame - frame does not exist
[INFO] [1758710333.067777200] [local_costmap.local_costmap]: Timed out waiting for transform from base_link to odom to become available, tf error: Invalid frame ID "odom" passed to canTransform argument target_frame - frame does not exist
[INFO] [1758710333.568834935] [local_costmap.local_costmap]: Timed out waiting for transform from base_link to odom to become available, tf error: Invalid frame ID "odom" passed to canTransform argument target_frame - frame does not exist
[INFO] [1758710333.749536877] [amcl]: initialPoseReceived
[INFO] [1758710333.749815297] [amcl]: Setting pose (0.006000): -2.306 1.825 -1.684
[INFO] [1758710334.069276939] [local_costmap.local_costmap]: Timed out waiting for transform from base_link to odom to become available, tf error: Invalid frame ID "odom" passed to canTransform argument target_frame - frame does not exist
[INFO] [1758710334.567452424] [local_costmap.local_costmap]: Timed out waiting for transform from base_link to odom to become available, tf error: Invalid frame ID "odom" passed to canTransform argument target_frame - frame does not exist
[INFO] [1758710335.067366458] [local_costmap.local_costmap]: Timed out waiting for transform from base_link to odom to become available, tf error: Invalid frame ID "odom" passed to canTransform argument target_frame - frame does not exist
[INFO] [1758710335.567413473] [local_costmap.local_costmap]: Timed out waiting for transform from base_link to odom to become available, tf error: Invalid frame ID "odom" passed to canTransform argument target_frame - frame does not exist
[INFO] [1758710336.067407118] [local_costmap.local_costmap]: Timed out waiting for transform from base_link to odom to become available, tf error: Invalid frame ID "odom" passed to canTransform argument target_frame - frame does not exist
[INFO] [1758710336.567392482] [local_costmap.local_costmap]: Timed out waiting for transform from base_link to odom to become available, tf error: Invalid frame ID "odom" passed to canTransform argument target_frame - frame does not exist
[INFO] [1758710337.067376767] [local_costmap.local_costmap]: Timed out waiting for transform from base_link to odom to become available, tf error: Invalid frame ID "odom" passed to canTransform argument target_frame - frame does not exist
[INFO] [1758710337.567400212] [local_costmap.local_costmap]: Timed out waiting for transform from base_link to odom to become available, tf error: Invalid frame ID "odom" passed to canTransform argument target_frame - frame does not exist
[INFO] [1758710338.067779267] [local_costmap.local_costmap]: start
[WARN] [1758710338.269264241] [controller_server]: Parameter controller_server.verbose not found
[INFO] [1758710338.272182961] [controller_server]: Optimizer reset
[INFO] [1758710338.272645871] [MPPIController]: Activated MPPI Controller: FollowPath
[INFO] [1758710338.272690501] [controller_server]: Creating bond (controller_server) to lifecycle manager.
[INFO] [1758710338.376692428] [lifecycle_manager_navigation]: Server controller_server connected with bond.
[INFO] [1758710338.376800708] [lifecycle_manager_navigation]: [34m[1mActivating smoother_server[0m[0m
[INFO] [1758710338.377660028] [smoother_server]: Activating
[INFO] [1758710338.377805398] [smoother_server]: Creating bond (smoother_server) to lifecycle manager.
[INFO] [1758710338.412375011] [amcl]: createLaserObject
[INFO] [1758710338.483448736] [lifecycle_manager_navigation]: Server smoother_server connected with bond.
[INFO] [1758710338.483630846] [lifecycle_manager_navigation]: [34m[1mActivating planner_server[0m[0m
[INFO] [1758710338.484284556] [planner_server]: Activating
[INFO] [1758710338.484436406] [global_costmap.global_costmap]: Activating
[INFO] [1758710338.484462186] [global_costmap.global_costmap]: Checking transform
[INFO] [1758710338.484526306] [global_costmap.global_costmap]: Timed out waiting for transform from base_link to map to become available, tf error: Lookup would require extrapolation at time 0.252000, but only time 1.102000 is in the buffer, when looking up transform from frame [base_link] to frame [map]
[INFO] [1758710338.984909360] [global_costmap.global_costmap]: Timed out waiting for transform from base_link to map to become available, tf error: Lookup would require extrapolation into the past.  Requested time 0.684000 but the earliest data is at time 1.102000, when looking up transform from frame [base_link] to frame [map]
[INFO] [1758710339.308014063] [amcl]: Message Filter dropping message: frame 'rplidar_link' at time 0.006 for reason 'the timestamp on the message is earlier than all the data in the transform cache'
[INFO] [1758710339.484613015] [global_costmap.global_costmap]: Timed out waiting for transform from base_link to map to become available, tf error: Lookup would require extrapolation into the past.  Requested time 1.080000 but the earliest data is at time 1.102000, when looking up transform from frame [base_link] to frame [map]
[INFO] [1758710339.984614300] [global_costmap.global_costmap]: Timed out waiting for transform from base_link to map to become available, tf error: Lookup would require extrapolation into the past.  Requested time 1.080000 but the earliest data is at time 1.102000, when looking up transform from frame [base_link] to frame [map]
[INFO] [1758710340.484833395] [global_costmap.global_costmap]: start
[INFO] [1758710340.831312079] [global_costmap.global_costmap]: Message Filter dropping message: frame 'rplidar_link' at time 1.101 for reason 'the timestamp on the message is earlier than all the data in the transform cache'
[INFO] [1758710341.490374185] [planner_server]: Activating plugin GridBased of type NavfnPlanner
[INFO] [1758710341.495077446] [planner_server]: Creating bond (planner_server) to lifecycle manager.
[INFO] [1758710341.600412223] [lifecycle_manager_navigation]: Server planner_server connected with bond.
[INFO] [1758710341.600505773] [lifecycle_manager_navigation]: [34m[1mActivating behavior_server[0m[0m
[INFO] [1758710341.601228063] [behavior_server]: Activating
[INFO] [1758710341.601255423] [behavior_server]: Activating spin
[INFO] [1758710341.601311803] [behavior_server]: Activating backup
[INFO] [1758710341.601325953] [behavior_server]: Activating drive_on_heading
[INFO] [1758710341.601339743] [behavior_server]: Activating assisted_teleop
[INFO] [1758710341.601354093] [behavior_server]: Activating wait
[INFO] [1758710341.601377863] [behavior_server]: Creating bond (behavior_server) to lifecycle manager.
[INFO] [1758710341.707543720] [lifecycle_manager_navigation]: Server behavior_server connected with bond.
[INFO] [1758710341.707644520] [lifecycle_manager_navigation]: [34m[1mActivating velocity_smoother[0m[0m
[INFO] [1758710341.708512130] [velocity_smoother]: Activating
[INFO] [1758710341.708692700] [velocity_smoother]: Creating bond (velocity_smoother) to lifecycle manager.
[INFO] [1758710341.813653248] [lifecycle_manager_navigation]: Server velocity_smoother connected with bond.
[INFO] [1758710341.814340488] [lifecycle_manager_navigation]: [34m[1mActivating collision_monitor[0m[0m
[INFO] [1758710341.815231208] [collision_monitor]: Activating
[INFO] [1758710341.815310368] [collision_monitor]: Creating bond (collision_monitor) to lifecycle manager.
[INFO] [1758710341.920335645] [lifecycle_manager_navigation]: Server collision_monitor connected with bond.
[INFO] [1758710341.920402575] [lifecycle_manager_navigation]: [34m[1mActivating bt_navigator[0m[0m
[INFO] [1758710341.920999165] [bt_navigator]: Activating
[INFO] [1758710341.968512579] [bt_navigator]: Creating bond (bt_navigator) to lifecycle manager.
[INFO] [1758710342.074403166] [lifecycle_manager_navigation]: Server bt_navigator connected with bond.
[INFO] [1758710342.074533956] [lifecycle_manager_navigation]: [34m[1mActivating waypoint_follower[0m[0m
[INFO] [1758710342.075710166] [waypoint_follower]: Activating
[INFO] [1758710342.075860496] [waypoint_follower]: Creating bond (waypoint_follower) to lifecycle manager.
[INFO] [1758710342.181912993] [lifecycle_manager_navigation]: Server waypoint_follower connected with bond.
[INFO] [1758710342.182012303] [lifecycle_manager_navigation]: [34m[1mActivating docking_server[0m[0m
[INFO] [1758710342.182708563] [docking_server]: Activating docking_server
[INFO] [1758710342.192332414] [docking_server]: Creating bond (docking_server) to lifecycle manager.
[INFO] [1758710342.294932131] [lifecycle_manager_navigation]: Server docking_server connected with bond.
[INFO] [1758710342.294987821] [lifecycle_manager_navigation]: [34m[1mManaged nodes are active[0m[0m
[INFO] [1758710342.294999041] [lifecycle_manager_navigation]: [34m[1mCreating bond timer...[0m[0m
[INFO] [1758710343.049042544] [bt_navigator]: Begin navigating from current location through 1 poses to (2.71, -1.97)
[INFO] [1758710343.071310005] [controller_server]: Received a goal, begin computing control effort.
[WARN] [1758710343.071474855] [controller_server]: No goal checker was specified in parameter 'current_goal_checker'. Server will use only plugin loaded general_goal_checker . This warning will appear once.
[WARN] [1758710343.071512705] [controller_server]: No progress checker was specified in parameter 'current_progress_checker'. Server will use only plugin loaded progress_checker . This warning will appear once.
[INFO] [1758710343.884744602] [controller_server]: Optimizer reset
[INFO] [1758710343.891619053] [controller_server]: Optimizer reset
[WARN] [1758710343.891755033] [controller_server]: Optimizer fail to compute path
[INFO] [1758710343.929439376] [controller_server]: Optimizer reset
[INFO] [1758710343.945322157] [controller_server]: Optimizer reset
[WARN] [1758710343.947871977] [controller_server]: Optimizer fail to compute path
[INFO] [1758710343.980731099] [controller_server]: Optimizer reset
[INFO] [1758710343.987857580] [controller_server]: Optimizer reset
[WARN] [1758710343.987984460] [controller_server]: Optimizer fail to compute path
[INFO] [1758710344.026624962] [controller_server]: Optimizer reset
[INFO] [1758710344.038734873] [controller_server]: Optimizer reset
[WARN] [1758710344.038928163] [controller_server]: Optimizer fail to compute path
[INFO] [1758710344.084708356] [controller_server]: Optimizer reset
[INFO] [1758710344.091885927] [controller_server]: Optimizer reset
[WARN] [1758710344.091974507] [controller_server]: Optimizer fail to compute path
[INFO] [1758710344.128092769] [controller_server]: Optimizer reset
[INFO] [1758710344.137242670] [controller_server]: Optimizer reset
[WARN] [1758710344.138339670] [controller_server]: Optimizer fail to compute path
[INFO] [1758710344.184676583] [controller_server]: Optimizer reset
[INFO] [1758710344.200329555] [controller_server]: Optimizer reset
[WARN] [1758710344.201079235] [controller_server]: Optimizer fail to compute path
[INFO] [1758710344.228066316] [controller_server]: Optimizer reset
[INFO] [1758710344.234163367] [controller_server]: Optimizer reset
[WARN] [1758710344.234259657] [controller_server]: Optimizer fail to compute path
[INFO] [1758710344.282254520] [controller_server]: Optimizer reset
[INFO] [1758710344.292130491] [controller_server]: Optimizer reset
[WARN] [1758710344.292284921] [controller_server]: Optimizer fail to compute path
[INFO] [1758710344.327750633] [controller_server]: Optimizer reset
[INFO] [1758710344.337086504] [controller_server]: Optimizer reset
[WARN] [1758710344.337226424] [controller_server]: Optimizer fail to compute path
[ERROR] [1758710344.337315964] [controller_server]: Controller patience exceeded
[INFO] [1758710344.339397154] [controller_server]: Optimizer reset
[WARN] [1758710344.339434644] [controller_server]: [follow_path] [ActionServer] Aborting handle.
[INFO] [1758710344.349692705] [local_costmap.local_costmap]: Received request to clear entirely the local_costmap
[INFO] [1758710344.351448815] [controller_server]: Received a goal, begin computing control effort.
[INFO] [1758710344.491793955] [controller_server]: Optimizer reset
[INFO] [1758710344.515382817] [controller_server]: Optimizer reset
[WARN] [1758710344.515520437] [controller_server]: Optimizer fail to compute path
[WARN] [1758710344.515809467] [controller_server]: Control loop missed its desired rate of 20.0000 Hz. Current loop rate is 6.4103 Hz.
[INFO] [1758710344.529354068] [controller_server]: Optimizer reset
[INFO] [1758710344.539277368] [controller_server]: Optimizer reset
[WARN] [1758710344.539467818] [controller_server]: Optimizer fail to compute path
[INFO] [1758710344.597615592] [controller_server]: Optimizer reset
[INFO] [1758710344.603653063] [controller_server]: Optimizer reset
[WARN] [1758710344.603748253] [controller_server]: Optimizer fail to compute path
[INFO] [1758710344.659414067] [controller_server]: Optimizer reset
[INFO] [1758710344.669498507] [controller_server]: Optimizer reset
[WARN] [1758710344.669664827] [controller_server]: Optimizer fail to compute path
[INFO] [1758710344.732273862] [controller_server]: Optimizer reset
[INFO] [1758710344.751423453] [controller_server]: Optimizer reset
[WARN] [1758710344.751525503] [controller_server]: Optimizer fail to compute path
[ERROR] [1758710344.751559013] [controller_server]: Controller patience exceeded
[INFO] [1758710344.754432113] [controller_server]: Optimizer reset
[WARN] [1758710344.754467913] [controller_server]: [follow_path] [ActionServer] Aborting handle.
[INFO] [1758710344.770264674] [local_costmap.local_costmap]: Received request to clear entirely the local_costmap
[INFO] [1758710344.771040854] [global_costmap.global_costmap]: Received request to clear entirely the global_costmap
[WARN] [1758710345.495635665] [planner_server]: Planner loop missed its desired rate of 20.0000 Hz. Current loop rate is 1.9493 Hz
[INFO] [1758710345.510704106] [controller_server]: Received a goal, begin computing control effort.
[INFO] [1758710345.517935397] [controller_server]: Optimizer reset
[INFO] [1758710345.526116477] [controller_server]: Optimizer reset
[WARN] [1758710345.526238237] [controller_server]: Optimizer fail to compute path
[INFO] [1758710345.567263380] [controller_server]: Optimizer reset
[INFO] [1758710345.573326781] [controller_server]: Optimizer reset
[WARN] [1758710345.573523351] [controller_server]: Optimizer fail to compute path
[INFO] [1758710345.621038614] [controller_server]: Optimizer reset
[INFO] [1758710345.627081834] [controller_server]: Optimizer reset
[WARN] [1758710345.627161184] [controller_server]: Optimizer fail to compute path
[INFO] [1758710345.670322118] [controller_server]: Optimizer reset
[INFO] [1758710345.676347948] [controller_server]: Optimizer reset
[WARN] [1758710345.676505888] [controller_server]: Optimizer fail to compute path
[INFO] [1758710345.715817271] [controller_server]: Optimizer reset
[INFO] [1758710345.723040281] [controller_server]: Optimizer reset
[WARN] [1758710345.723148821] [controller_server]: Optimizer fail to compute path
[INFO] [1758710345.768513684] [controller_server]: Optimizer reset
[INFO] [1758710345.781064035] [controller_server]: Optimizer reset
[WARN] [1758710345.781205275] [controller_server]: Optimizer fail to compute path
[INFO] [1758710345.818232008] [controller_server]: Optimizer reset
[INFO] [1758710345.824435238] [controller_server]: Optimizer reset
[WARN] [1758710345.824522408] [controller_server]: Optimizer fail to compute path
[INFO] [1758710345.868601491] [controller_server]: Optimizer reset
[INFO] [1758710345.890040683] [controller_server]: Optimizer reset
[WARN] [1758710345.890914613] [controller_server]: Optimizer fail to compute path
[ERROR] [1758710345.890977493] [controller_server]: Controller patience exceeded
[INFO] [1758710345.894932083] [controller_server]: Optimizer reset
[WARN] [1758710345.894970453] [controller_server]: [follow_path] [ActionServer] Aborting handle.
[INFO] [1758710345.909688364] [local_costmap.local_costmap]: Received request to clear entirely the local_costmap
[INFO] [1758710345.910688944] [controller_server]: Received a goal, begin computing control effort.
[INFO] [1758710346.084088317] [controller_server]: Optimizer reset
[INFO] [1758710346.092706367] [controller_server]: Optimizer reset
[WARN] [1758710346.092871847] [controller_server]: Optimizer fail to compute path
[WARN] [1758710346.093045517] [controller_server]: Control loop missed its desired rate of 20.0000 Hz. Current loop rate is 6.4103 Hz.
[INFO] [1758710346.100393548] [controller_server]: Optimizer reset
[INFO] [1758710346.114080819] [controller_server]: Optimizer reset
[WARN] [1758710346.114287779] [controller_server]: Optimizer fail to compute path
[INFO] [1758710346.170828103] [controller_server]: Optimizer reset
[INFO] [1758710346.179576573] [controller_server]: Optimizer reset
[WARN] [1758710346.179759183] [controller_server]: Optimizer fail to compute path
[INFO] [1758710346.247003978] [controller_server]: Optimizer reset
[INFO] [1758710346.254011108] [controller_server]: Optimizer reset
[WARN] [1758710346.254099398] [controller_server]: Optimizer fail to compute path
[ERROR] [1758710346.254143798] [controller_server]: Controller patience exceeded
[INFO] [1758710346.256356429] [controller_server]: Optimizer reset
[WARN] [1758710346.256393159] [controller_server]: [follow_path] [ActionServer] Aborting handle.
[INFO] [1758710346.270233360] [behavior_server]: Running spin
[INFO] [1758710346.270399890] [behavior_server]: Turning 1.57 for spin behavior.
[WARN] [1758710346.870661662] [behavior_server]: Collision Ahead - Exiting Spin
[WARN] [1758710346.870729472] [behavior_server]: spin failed
[WARN] [1758710346.870936252] [behavior_server]: [spin] [ActionServer] Aborting handle.
[INFO] [1758710346.893425643] [behavior_server]: Running wait
[INFO] [1758710353.293926414] [behavior_server]: wait completed successfully
[INFO] [1758710353.330330587] [controller_server]: Received a goal, begin computing control effort.
[INFO] [1758710353.339748957] [controller_server]: Optimizer reset
[INFO] [1758710353.347335848] [controller_server]: Optimizer reset
[WARN] [1758710353.347449628] [controller_server]: Optimizer fail to compute path
[INFO] [1758710353.395848631] [controller_server]: Optimizer reset
[INFO] [1758710353.404446972] [controller_server]: Optimizer reset
[WARN] [1758710353.404557892] [controller_server]: Optimizer fail to compute path
[INFO] [1758710353.439248484] [controller_server]: Optimizer reset
[INFO] [1758710353.447411565] [controller_server]: Optimizer reset
[WARN] [1758710353.447562155] [controller_server]: Optimizer fail to compute path
[INFO] [1758710353.494796348] [controller_server]: Optimizer reset
[INFO] [1758710353.508297119] [controller_server]: Optimizer reset
[WARN] [1758710353.508566919] [controller_server]: Optimizer fail to compute path
[INFO] [1758710353.544256262] [controller_server]: Optimizer reset
[INFO] [1758710353.558480873] [controller_server]: Optimizer reset
[WARN] [1758710353.558600793] [controller_server]: Optimizer fail to compute path
[INFO] [1758710353.586470005] [controller_server]: Optimizer reset
[INFO] [1758710353.591746185] [controller_server]: Optimizer reset
[WARN] [1758710353.591815725] [controller_server]: Optimizer fail to compute path
[INFO] [1758710353.638246288] [controller_server]: Optimizer reset
[INFO] [1758710353.649399539] [controller_server]: Optimizer reset
[WARN] [1758710353.649573369] [controller_server]: Optimizer fail to compute path
[INFO] [1758710353.687062262] [controller_server]: Optimizer reset
[INFO] [1758710353.695868212] [controller_server]: Optimizer reset
[WARN] [1758710353.696022812] [controller_server]: Optimizer fail to compute path
[ERROR] [1758710353.696071682] [controller_server]: Controller patience exceeded
[INFO] [1758710353.699686763] [controller_server]: Optimizer reset
[WARN] [1758710353.699735023] [controller_server]: [follow_path] [ActionServer] Aborting handle.
[INFO] [1758710353.709744663] [local_costmap.local_costmap]: Received request to clear entirely the local_costmap
[INFO] [1758710353.710831974] [controller_server]: Received a goal, begin computing control effort.
[INFO] [1758710353.882297546] [controller_server]: Optimizer reset
[INFO] [1758710353.893479957] [controller_server]: Optimizer reset
[WARN] [1758710353.893693847] [controller_server]: Optimizer fail to compute path
[WARN] [1758710353.893881777] [controller_server]: Control loop missed its desired rate of 20.0000 Hz. Current loop rate is 5.5556 Hz.
[INFO] [1758710353.902094577] [controller_server]: Optimizer reset
[INFO] [1758710353.910466738] [controller_server]: Optimizer reset
[WARN] [1758710353.910582838] [controller_server]: Optimizer fail to compute path
[INFO] [1758710353.968627872] [controller_server]: Optimizer reset
[INFO] [1758710353.988763793] [controller_server]: Optimizer reset
[WARN] [1758710353.989029463] [controller_server]: Optimizer fail to compute path
[INFO] [1758710354.046472277] [controller_server]: Optimizer reset
[INFO] [1758710354.050066148] [controller_server]: Optimizer reset
[WARN] [1758710354.050153118] [controller_server]: Optimizer fail to compute path
[INFO] [1758710354.105112891] [controller_server]: Optimizer reset
[INFO] [1758710354.117413792] [controller_server]: Optimizer reset
[WARN] [1758710354.117629222] [controller_server]: Optimizer fail to compute path
[ERROR] [1758710354.117684132] [controller_server]: Controller patience exceeded
[INFO] [1758710354.119980653] [controller_server]: Optimizer reset
[WARN] [1758710354.120017313] [controller_server]: [follow_path] [ActionServer] Aborting handle.
[INFO] [1758710354.141665374] [behavior_server]: Running backup
[WARN] [1758710354.142197334] [behavior_server]: Collision Ahead - Exiting DriveOnHeading
[WARN] [1758710354.142254534] [behavior_server]: backup failed
[WARN] [1758710354.142273164] [behavior_server]: [backup] [ActionServer] Aborting handle.
[INFO] [1758710354.159564225] [local_costmap.local_costmap]: Received request to clear entirely the local_costmap
[INFO] [1758710354.159946065] [global_costmap.global_costmap]: Received request to clear entirely the global_costmap
[WARN] [1758710354.494603879] [planner_server]: Planner loop missed its desired rate of 20.0000 Hz. Current loop rate is 5.3763 Hz
[INFO] [1758710354.511435890] [controller_server]: Received a goal, begin computing control effort.
[INFO] [1758710354.517742841] [controller_server]: Optimizer reset
[INFO] [1758710354.523412731] [controller_server]: Optimizer reset
[WARN] [1758710354.523508071] [controller_server]: Optimizer fail to compute path
[INFO] [1758710354.575859415] [controller_server]: Optimizer reset
[INFO] [1758710354.594835556] [controller_server]: Optimizer reset
[WARN] [1758710354.595856546] [controller_server]: Optimizer fail to compute path
[INFO] [1758710354.618953918] [controller_server]: Optimizer reset
[INFO] [1758710354.626370988] [controller_server]: Optimizer reset
[WARN] [1758710354.626524228] [controller_server]: Optimizer fail to compute path
[INFO] [1758710354.667422181] [controller_server]: Optimizer reset
[INFO] [1758710354.675361612] [controller_server]: Optimizer reset
[WARN] [1758710354.675538792] [controller_server]: Optimizer fail to compute path
[INFO] [1758710354.719370865] [controller_server]: Optimizer reset
[INFO] [1758710354.727957336] [controller_server]: Optimizer reset
[WARN] [1758710354.728316466] [controller_server]: Optimizer fail to compute path
[INFO] [1758710354.771324669] [controller_server]: Optimizer reset
[INFO] [1758710354.779251449] [controller_server]: Optimizer reset
[WARN] [1758710354.779324219] [controller_server]: Optimizer fail to compute path
[INFO] [1758710354.831608933] [controller_server]: Optimizer reset
[INFO] [1758710354.842215694] [controller_server]: Optimizer reset
[WARN] [1758710354.842393894] [controller_server]: Optimizer fail to compute path
[INFO] [1758710354.869772396] [controller_server]: Optimizer reset
[INFO] [1758710354.880510066] [controller_server]: Optimizer reset
[WARN] [1758710354.880636016] [controller_server]: Optimizer fail to compute path
[INFO] [1758710354.920279569] [controller_server]: Optimizer reset
[INFO] [1758710354.933899420] [controller_server]: Optimizer reset
[WARN] [1758710354.934087490] [controller_server]: Optimizer fail to compute path
[ERROR] [1758710354.934161960] [controller_server]: Controller patience exceeded
[INFO] [1758710354.938600180] [controller_server]: Optimizer reset
[WARN] [1758710354.938651320] [controller_server]: [follow_path] [ActionServer] Aborting handle.
[INFO] [1758710354.952348501] [local_costmap.local_costmap]: Received request to clear entirely the local_costmap
[INFO] [1758710354.953808761] [controller_server]: Received a goal, begin computing control effort.
[INFO] [1758710355.089448811] [controller_server]: Optimizer reset
[INFO] [1758710355.098815582] [controller_server]: Optimizer reset
[WARN] [1758710355.098978062] [controller_server]: Optimizer fail to compute path
[WARN] [1758710355.099120802] [controller_server]: Control loop missed its desired rate of 20.0000 Hz. Current loop rate is 8.7719 Hz.
[INFO] [1758710355.107028832] [controller_server]: Optimizer reset
[INFO] [1758710355.111456673] [controller_server]: Optimizer reset
[WARN] [1758710355.111559773] [controller_server]: Optimizer fail to compute path
[INFO] [1758710355.178619587] [controller_server]: Optimizer reset
[INFO] [1758710355.186978898] [controller_server]: Optimizer reset
[WARN] [1758710355.187109578] [controller_server]: Optimizer fail to compute path
[INFO] [1758710355.245337522] [controller_server]: Optimizer reset
[INFO] [1758710355.252118743] [controller_server]: Optimizer reset
[WARN] [1758710355.252202013] [controller_server]: Optimizer fail to compute path
[INFO] [1758710355.317004907] [controller_server]: Optimizer reset
[INFO] [1758710355.323221208] [controller_server]: Optimizer reset
[WARN] [1758710355.323311068] [controller_server]: Optimizer fail to compute path
[INFO] [1758710355.355437390] [controller_server]: Optimizer reset
[INFO] [1758710355.361316520] [controller_server]: Optimizer reset
[WARN] [1758710355.361406940] [controller_server]: Optimizer fail to compute path
[ERROR] [1758710355.361440740] [controller_server]: Controller patience exceeded
[INFO] [1758710355.363376321] [controller_server]: Optimizer reset
[WARN] [1758710355.363402141] [controller_server]: [follow_path] [ActionServer] Aborting handle.
[INFO] [1758710355.381827592] [behavior_server]: Running spin
[INFO] [1758710355.382731652] [behavior_server]: Turning 1.57 for spin behavior.
[WARN] [1758710355.986406595] [behavior_server]: Collision Ahead - Exiting Spin
[WARN] [1758710355.986505685] [behavior_server]: spin failed
[WARN] [1758710355.986529195] [behavior_server]: [spin] [ActionServer] Aborting handle.
[INFO] [1758710356.001291296] [behavior_server]: Running wait
[INFO] [1758710365.401664285] [behavior_server]: wait completed successfully
[INFO] [1758710365.431750997] [controller_server]: Received a goal, begin computing control effort.
[INFO] [1758710365.441455478] [controller_server]: Optimizer reset
[INFO] [1758710365.449920009] [controller_server]: Optimizer reset
[WARN] [1758710365.450062029] [controller_server]: Optimizer fail to compute path
[INFO] [1758710365.499425162] [controller_server]: Optimizer reset
[INFO] [1758710365.515636963] [controller_server]: Optimizer reset
[WARN] [1758710365.515811693] [controller_server]: Optimizer fail to compute path
[INFO] [1758710365.541531545] [controller_server]: Optimizer reset
[INFO] [1758710365.548753066] [controller_server]: Optimizer reset
[WARN] [1758710365.548968316] [controller_server]: Optimizer fail to compute path
[INFO] [1758710365.587186538] [controller_server]: Optimizer reset
[INFO] [1758710365.608206520] [controller_server]: Optimizer reset
[WARN] [1758710365.608617390] [controller_server]: Optimizer fail to compute path
[INFO] [1758710365.643538952] [controller_server]: Optimizer reset
[INFO] [1758710365.654974063] [controller_server]: Optimizer reset
[WARN] [1758710365.655171833] [controller_server]: Optimizer fail to compute path
[INFO] [1758710365.690666366] [controller_server]: Optimizer reset
[INFO] [1758710365.696176956] [controller_server]: Optimizer reset
[WARN] [1758710365.696279066] [controller_server]: Optimizer fail to compute path
[INFO] [1758710365.743072559] [controller_server]: Optimizer reset
[INFO] [1758710365.766318491] [controller_server]: Optimizer reset
[WARN] [1758710365.766566871] [controller_server]: Optimizer fail to compute path
[INFO] [1758710365.789483733] [controller_server]: Optimizer reset
[INFO] [1758710365.799743904] [controller_server]: Optimizer reset
[WARN] [1758710365.799836744] [controller_server]: Optimizer fail to compute path
[INFO] [1758710365.842220057] [controller_server]: Optimizer reset
[INFO] [1758710365.851243627] [controller_server]: Optimizer reset
[WARN] [1758710365.851395237] [controller_server]: Optimizer fail to compute path
[INFO] [1758710365.888582640] [controller_server]: Optimizer reset
[INFO] [1758710365.897316721] [controller_server]: Optimizer reset
[WARN] [1758710365.897479411] [controller_server]: Optimizer fail to compute path
[INFO] [1758710365.944932484] [controller_server]: Optimizer reset
[INFO] [1758710365.958650965] [controller_server]: Optimizer reset
[WARN] [1758710365.958836955] [controller_server]: Optimizer fail to compute path
[INFO] [1758710365.998668458] [controller_server]: Optimizer reset
[INFO] [1758710366.009603239] [controller_server]: Optimizer reset
[WARN] [1758710366.009757189] [controller_server]: Optimizer fail to compute path
[INFO] [1758710366.039332031] [controller_server]: Optimizer reset
[INFO] [1758710366.050552621] [controller_server]: Optimizer reset
[WARN] [1758710366.050690771] [controller_server]: Optimizer fail to compute path
[ERROR] [1758710366.050743021] [controller_server]: Controller patience exceeded
[INFO] [1758710366.051771262] [controller_server]: Optimizer reset
[WARN] [1758710366.051788872] [controller_server]: [follow_path] [ActionServer] Aborting handle.
[INFO] [1758710366.069952433] [local_costmap.local_costmap]: Received request to clear entirely the local_costmap
[INFO] [1758710366.071861153] [controller_server]: Received a goal, begin computing control effort.
[INFO] [1758710366.279972778] [controller_server]: Optimizer reset
[INFO] [1758710366.290621629] [controller_server]: Optimizer reset
[WARN] [1758710366.290749059] [controller_server]: Optimizer fail to compute path
[WARN] [1758710366.290873089] [controller_server]: Control loop missed its desired rate of 20.0000 Hz. Current loop rate is 6.8027 Hz.
[INFO] [1758710366.297287399] [controller_server]: Optimizer reset
[INFO] [1758710366.301422689] [controller_server]: Optimizer reset
[WARN] [1758710366.301514579] [controller_server]: Optimizer fail to compute path
[INFO] [1758710366.368404904] [controller_server]: Optimizer reset
[INFO] [1758710366.376617485] [controller_server]: Optimizer reset
[WARN] [1758710366.376758185] [controller_server]: Optimizer fail to compute path
[INFO] [1758710366.444607680] [controller_server]: Optimizer reset
[INFO] [1758710366.456509290] [controller_server]: Optimizer reset
[WARN] [1758710366.456695400] [controller_server]: Optimizer fail to compute path
[INFO] [1758710366.509259794] [controller_server]: Optimizer reset
[INFO] [1758710366.523400165] [controller_server]: Optimizer reset
[WARN] [1758710366.523567655] [controller_server]: Optimizer fail to compute path
[INFO] [1758710366.547728047] [controller_server]: Optimizer reset
[INFO] [1758710366.558559398] [controller_server]: Optimizer reset
[WARN] [1758710366.558674488] [controller_server]: Optimizer fail to compute path
[INFO] [1758710366.603297421] [controller_server]: Optimizer reset
[INFO] [1758710366.616599402] [controller_server]: Optimizer reset
[WARN] [1758710366.617727782] [controller_server]: Optimizer fail to compute path
[INFO] [1758710366.656868985] [controller_server]: Optimizer reset
[INFO] [1758710366.669120586] [controller_server]: Optimizer reset
[WARN] [1758710366.669287696] [controller_server]: Optimizer fail to compute path
[INFO] [1758710366.700194348] [controller_server]: Optimizer reset
[INFO] [1758710366.707760648] [controller_server]: Optimizer reset
[WARN] [1758710366.707861318] [controller_server]: Optimizer fail to compute path
[INFO] [1758710366.750314891] [controller_server]: Optimizer reset
[INFO] [1758710366.762198752] [controller_server]: Optimizer reset
[WARN] [1758710366.762341082] [controller_server]: Optimizer fail to compute path
[ERROR] [1758710366.762383022] [controller_server]: Controller patience exceeded
[INFO] [1758710366.763163473] [controller_server]: Optimizer reset
[WARN] [1758710366.763187253] [controller_server]: [follow_path] [ActionServer] Aborting handle.
[INFO] [1758710366.780261924] [behavior_server]: Running backup
[INFO] [1758710370.880593038] [behavior_server]: backup completed successfully
[INFO] [1758710370.921192291] [controller_server]: Received a goal, begin computing control effort.
[INFO] [1758710373.971637541] [controller_server]: Passing new path to controller.
[INFO] [1758710377.021626141] [controller_server]: Passing new path to controller.
[INFO] [1758710380.021613789] [controller_server]: Passing new path to controller.
[INFO] [1758710383.071630250] [controller_server]: Passing new path to controller.
[INFO] [1758710386.071616969] [controller_server]: Passing new path to controller.
[INFO] [1758710389.121610882] [controller_server]: Passing new path to controller.
[INFO] [1758710392.121597992] [controller_server]: Passing new path to controller.
[INFO] [1758710395.172530876] [controller_server]: Passing new path to controller.
[INFO] [1758710398.221609601] [controller_server]: Passing new path to controller.
[INFO] [1758710401.221636913] [controller_server]: Passing new path to controller.
[INFO] [1758710404.271607769] [controller_server]: Passing new path to controller.
[INFO] [1758710407.271617562] [controller_server]: Passing new path to controller.
[INFO] [1758710410.322731610] [controller_server]: Passing new path to controller.
[INFO] [1758710410.733364640] [controller_server]: Reached the goal!
[INFO] [1758710410.737084650] [controller_server]: Optimizer reset
[INFO] [1758710410.760674012] [bt_navigator]: Goal succeeded
[INFO] [1758710410.858646990] [rclcpp]: signal_handler(signum=2)
[INFO] [1758710410.859345320] [controller_server]: Running Nav2 LifecycleNode rcl preshutdown (controller_server)
[INFO] [1758710410.859515400] [controller_server]: Deactivating
[INFO] [1758710410.859589350] [MPPIController]: Deactivated MPPI Controller: FollowPath
[INFO] [1758710410.859622850] [local_costmap.local_costmap]: Deactivating
[INFO] [1758710410.868099620] [controller_server]: Destroying bond (controller_server) to lifecycle manager.
[INFO] [1758710410.878524171] [controller_server]: Cleaning up
[INFO] [1758710410.885039051] [MPPIController]: Cleaned up MPPI Controller: FollowPath
[INFO] [1758710410.886115322] [local_costmap.local_costmap]: Cleaning up
[INFO] [1758710410.895091692] [lifecycle_manager_navigation]: [34m[1mHave not received a heartbeat from controller_server.[0m[0m
[ERROR] [1758710410.906773393] [lifecycle_manager_navigation]: CRITICAL FAILURE: SERVER controller_server IS DOWN after not receiving a heartbeat for 4000 ms. Shutting down related nodes.
[INFO] [1758710410.906932963] [lifecycle_manager_navigation]: [34m[1mTerminating bond timer...[0m[0m
[INFO] [1758710410.906952383] [lifecycle_manager_navigation]: [34m[1mResetting managed nodes...[0m[0m
[INFO] [1758710410.906966313] [lifecycle_manager_navigation]: [34m[1mDeactivating docking_server[0m[0m
[INFO] [1758710410.909647433] [docking_server]: Deactivating docking_server
[INFO] [1758710410.924938614] [docking_server]: Destroying bond (docking_server) to lifecycle manager.
[INFO] [1758710410.970077698] [controller_server]: Destroying bond (controller_server) to lifecycle manager.
[INFO] [1758710410.970167768] [map_server]: Running Nav2 LifecycleNode rcl preshutdown (map_server)
[INFO] [1758710410.970203338] [map_server]: Deactivating
[INFO] [1758710410.970227548] [map_server]: Destroying bond (map_server) to lifecycle manager.
[INFO] [1758710410.981355599] [map_server]: Cleaning up
[INFO] [1758710410.981475339] [map_server]: Destroying bond (map_server) to lifecycle manager.
[INFO] [1758710410.981496529] [amcl]: Running Nav2 LifecycleNode rcl preshutdown (amcl)
[INFO] [1758710410.981538799] [amcl]: Deactivating
[INFO] [1758710410.981675819] [amcl]: Destroying bond (amcl) to lifecycle manager.
[INFO] [1758710411.006666021] [amcl]: Cleaning up
[INFO] [1758710411.059530004] [amcl]: Destroying bond (amcl) to lifecycle manager.
[INFO] [1758710411.059617305] [smoother_server]: Running Nav2 LifecycleNode rcl preshutdown (smoother_server)
[INFO] [1758710411.059666835] [smoother_server]: Deactivating
[INFO] [1758710411.059703715] [smoother_server]: Destroying bond (smoother_server) to lifecycle manager.
[INFO] [1758710411.069768135] [lifecycle_manager_navigation]: [34m[1mDeactivating waypoint_follower[0m[0m
[INFO] [1758710411.072544805] [waypoint_follower]: Deactivating
[INFO] [1758710411.072669945] [waypoint_follower]: Destroying bond (waypoint_follower) to lifecycle manager.
[INFO] [1758710411.072841435] [smoother_server]: Cleaning up
[INFO] [1758710411.119570829] [smoother_server]: Destroying bond (smoother_server) to lifecycle manager.
[INFO] [1758710411.119649749] [lifecycle_manager_localization]: Running Nav2 LifecycleManager rcl preshutdown (lifecycle_manager_localization)
[INFO] [1758710411.119673849] [lifecycle_manager_localization]: [34m[1mTerminating bond timer...[0m[0m
[INFO] [1758710411.151006591] [planner_server]: Running Nav2 LifecycleNode rcl preshutdown (planner_server)
[INFO] [1758710411.151177601] [planner_server]: Deactivating
[INFO] [1758710411.151245601] [global_costmap.global_costmap]: Deactivating
[INFO] [1758710411.192064294] [lifecycle_manager_navigation]: [34m[1mDeactivating bt_navigator[0m[0m
[INFO] [1758710411.193025844] [bt_navigator]: Deactivating
[INFO] [1758710411.193195614] [bt_navigator]: Destroying bond (bt_navigator) to lifecycle manager.
[INFO] [1758710411.307487703] [lifecycle_manager_navigation]: [34m[1mDeactivating collision_monitor[0m[0m
[INFO] [1758710411.485329086] [planner_server]: Deactivating plugin GridBased of type NavfnPlanner
[INFO] [1758710411.485485976] [planner_server]: Destroying bond (planner_server) to lifecycle manager.
[INFO] [1758710411.495847907] [planner_server]: Cleaning up
[INFO] [1758710411.513326038] [global_costmap.global_costmap]: Cleaning up
[INFO] [1758710411.520062949] [planner_server]: Cleaning up plugin GridBased of type NavfnPlanner
[INFO] [1758710411.520356679] [planner_server]: Destroying plugin GridBased of type NavfnPlanner
[INFO] [1758710411.549930321] [planner_server]: Destroying bond (planner_server) to lifecycle manager.
[INFO] [1758710411.550011801] [behavior_server]: Running Nav2 LifecycleNode rcl preshutdown (behavior_server)
[INFO] [1758710411.550044161] [behavior_server]: Deactivating
[INFO] [1758710411.550167001] [behavior_server]: Destroying bond (behavior_server) to lifecycle manager.
[INFO] [1758710411.560412552] [behavior_server]: Cleaning up
[INFO] [1758710411.567023032] [behavior_server]: Destroying bond (behavior_server) to lifecycle manager.
[INFO] [1758710411.567060912] [bt_navigator]: Running Nav2 LifecycleNode rcl preshutdown (bt_navigator)
[INFO] [1758710411.567150842] [bt_navigator]: Cleaning up
[INFO] [1758710411.704289473] [bt_navigator]: Completed Cleaning up
[INFO] [1758710411.704402833] [bt_navigator]: Destroying bond (bt_navigator) to lifecycle manager.
[INFO] [1758710411.704417263] [waypoint_follower]: Running Nav2 LifecycleNode rcl preshutdown (waypoint_follower)
[INFO] [1758710411.704446613] [waypoint_follower]: Cleaning up
[INFO] [1758710411.711488023] [waypoint_follower]: Destroying bond (waypoint_follower) to lifecycle manager.
[INFO] [1758710411.711511933] [velocity_smoother]: Running Nav2 LifecycleNode rcl preshutdown (velocity_smoother)
[INFO] [1758710411.711527493] [velocity_smoother]: Deactivating
[INFO] [1758710411.711554503] [velocity_smoother]: Destroying bond (velocity_smoother) to lifecycle manager.
[INFO] [1758710411.721702954] [velocity_smoother]: Cleaning up
[INFO] [1758710411.721747014] [velocity_smoother]: Destroying bond (velocity_smoother) to lifecycle manager.
[INFO] [1758710411.721755954] [collision_monitor]: Running Nav2 LifecycleNode rcl preshutdown (collision_monitor)
[INFO] [1758710411.721773864] [collision_monitor]: Deactivating
[INFO] [1758710411.721812144] [collision_monitor]: Destroying bond (collision_monitor) to lifecycle manager.
[INFO] [1758710411.823587062] [collision_monitor]: Cleaning up
[INFO] [1758710411.826766272] [collision_monitor]: [FootprintApproach]: Destroying Polygon
[INFO] [1758710411.834300102] [collision_monitor]: Destroying bond (collision_monitor) to lifecycle manager.
[INFO] [1758710411.834386262] [docking_server]: Running Nav2 LifecycleNode rcl preshutdown (docking_server)
[INFO] [1758710411.834438862] [docking_server]: Cleaning up docking_server
[INFO] [1758710411.852712774] [docking_server]: Destroying bond (docking_server) to lifecycle manager.
[INFO] [1758710411.852746924] [lifecycle_manager_navigation]: Running Nav2 LifecycleManager rcl preshutdown (lifecycle_manager_navigation)
[INFO] [1758710412.308175288] [rclcpp]: signal_handler(signum=2)
