[INFO] [1758710342.599615033] [rosbag2_recorder]: Press SPACE for pausing/resuming
[INFO] [1758710342.609130483] [rosbag2_recorder]: Listening for topics...
[INFO] [1758710342.609155433] [rosbag2_recorder]: Event publisher thread: Starting
[INFO] [1758710342.609262723] [rosbag2_recorder]: Recording...
[INFO] [1758710342.609323083] [rosbag2_recorder]: use_sim_time set, waiting for /clock before starting recording...
[INFO] [1758710342.619466734] [rosbag2_recorder]: Sim time /clock found, starting recording.
[INFO] [1758710342.631373255] [rosbag2_recorder]: Subscribed to topic '/amcl_pose'
[INFO] [1758710342.635014525] [rosbag2_recorder]: Subscribed to topic '/map'
[INFO] [1758710342.636742455] [rosbag2_recorder]: Subscribed to topic '/gazebo/real_time_factor'
[INFO] [1758710342.637750765] [rosbag2_recorder]: Subscribed to topic '/local_costmap/costmap'
[INFO] [1758710342.639330095] [rosbag2_recorder]: Subscribed to topic '/scenario_status'
[INFO] [1758710342.643633376] [rosbag2_recorder]: Subscribed to topic '/tf'
[INFO] [1758710342.644747046] [rosbag2_recorder]: Subscribed to topic '/tf_static'
[INFO] [1758710342.749825633] [rosbag2_recorder]: Subscribed to topic '/system/cpu_usage'
[INFO] [1758710342.757506804] [rosbag2_recorder]: Subscribed to topic '/scenario_execution/snapshots'
[INFO] [1758710342.758922894] [rosbag2_recorder]: Subscribed to topic '/system/memory_usage'
[INFO] [1758710342.859045601] [rosbag2_recorder]: All requested topics are subscribed. Stopping discovery...
[INFO] [1758710415.688690911] [rosbag2_recorder]: Pausing recording.
[INFO] [1758710415.688830971] [rosbag2_cpp]: Writing remaining messages from cache to the bag. It may take a while
[INFO] [1758710415.697905712] [rosbag2_recorder]: Event publisher thread: Exiting
[INFO] [1758710415.697973542] [rosbag2_recorder]: Recording stopped
