[INFO] [1758729157.852626702] [rosbag2_recorder]: Press SPACE for pausing/resuming
[INFO] [1758729157.856766124] [rosbag2_recorder]: Listening for topics...
[INFO] [1758729157.856774393] [rosbag2_recorder]: Event publisher thread: Starting
[INFO] [1758729157.856807441] [rosbag2_recorder]: Recording...
[INFO] [1758729157.856838950] [rosbag2_recorder]: use_sim_time set, waiting for /clock before starting recording...
[INFO] [1758729157.856861948] [rosbag2_recorder]: Sim time /clock found, starting recording.
[INFO] [1758729157.862669668] [rosbag2_recorder]: Subscribed to topic '/scenario_execution/snapshots'
[INFO] [1758729157.863626945] [rosbag2_recorder]: Subscribed to topic '/scenario_status'
[INFO] [1758729157.866751233] [rosbag2_recorder]: Subscribed to topic '/tf'
[INFO] [1758729157.867443095] [rosbag2_recorder]: Subscribed to topic '/tf_static'
[INFO] [1758729157.974262072] [rosbag2_recorder]: Subscribed to topic '/amcl_pose'
[INFO] [1758729157.976666269] [rosbag2_recorder]: Subscribed to topic '/map'
[INFO] [1758729157.977619866] [rosbag2_recorder]: Subscribed to topic '/system/cpu_usage'
[INFO] [1758729157.978265131] [rosbag2_recorder]: Subscribed to topic '/gazebo/real_time_factor'
[INFO] [1758729157.978840009] [rosbag2_recorder]: Subscribed to topic '/local_costmap/costmap'
[INFO] [1758729157.979354231] [rosbag2_recorder]: Subscribed to topic '/system/memory_usage'
[INFO] [1758729158.079434215] [rosbag2_recorder]: All requested topics are subscribed. Stopping discovery...
[INFO] [1758729185.782413384] [rosbag2_recorder]: Pausing recording.
[INFO] [1758729185.782480822] [rosbag2_cpp]: Writing remaining messages from cache to the bag. It may take a while
[INFO] [1758729185.788251406] [rosbag2_recorder]: Event publisher thread: Exiting
[INFO] [1758729185.788337603] [rosbag2_recorder]: Recording stopped
