1758729147.5162823 [INFO] [launch]: All log files can be found below /out/logs/2025-09-24-15-52-27-515535-job-rooms-generated-3954-p1-o0-box-sd000n005-1-6qdrf-57
1758729147.5163801 [INFO] [launch]: Default logging verbosity is set to INFO
1758729148.4838436 [INFO] [xacro-1]: process started with pid [170]
1758729148.4841197 [INFO] [parameter_bridge-2]: process started with pid [171]
1758729148.4842725 [INFO] [image_bridge-3]: process started with pid [172]
1758729148.4843612 [INFO] [image_bridge-4]: process started with pid [173]
1758729148.4844289 [INFO] [create-5]: process started with pid [174]
1758729148.4844904 [INFO] [gz-6]: process started with pid [175]
1758729148.4845500 [INFO] [robot_state_publisher-7]: process started with pid [176]
1758729148.4846056 [INFO] [rviz2-8]: process started with pid [177]
1758729148.4846656 [INFO] [component_container_isolated-9]: process started with pid [178]
1758729148.4847221 [INFO] [gazebo_tf_publisher_node-10]: process started with pid [179]
1758729148.4847796 [INFO] [scenario_status_node-11]: process started with pid [180]
1758729148.4848316 [INFO] [gazebo_stats_publisher-12]: process started with pid [183]
1758729148.4848847 [INFO] [sys_stats_publisher-13]: process started with pid [186]
1758729148.4849410 [INFO] [laserscan_modification-14]: process started with pid [187]
1758729148.4849882 [INFO] [parameter_bridge-15]: process started with pid [188]
1758729148.4850395 [INFO] [create-16]: process started with pid [189]
1758729148.4850924 [INFO] [static_transform_publisher-17]: process started with pid [190]
1758729148.4851527 [INFO] [static_transform_publisher-18]: process started with pid [191]
1758729148.5507638 [static_transform_publisher-18] [INFO] [1758729148.550566167] [static_camera_transform_2]: Spinning until stopped - publishing transform
1758729148.5508974 [static_transform_publisher-18] translation: ('0.000000', '0.000000', '0.000000')
1758729148.5509515 [static_transform_publisher-18] rotation: ('-0.500000', '0.499602', '-0.500000', '0.500398')
1758729148.5509858 [static_transform_publisher-18] from 'static_camera' to 'static_camera_optical_frame'
1758729148.5611238 [static_transform_publisher-17] [INFO] [1758729148.560546867] [static_camera_transform]: Spinning until stopped - publishing transform
1758729148.5612788 [static_transform_publisher-17] translation: ('-4.675000', '5.525000', '19.312442')
1758729148.5613449 [static_transform_publisher-17] rotation: ('-0.499602', '0.500000', '0.500000', '0.500398')
1758729148.5613942 [static_transform_publisher-17] from '/map' to 'static_camera'
1758729148.6719344 [INFO] [launch_ros.actions.load_composable_nodes]: Loaded node '/amcl' in container '/nav2_container'
1758729148.6779327 [INFO] [xacro-1]: process has finished cleanly [pid 170]
1758729148.6896994 [INFO] [launch_ros.actions.load_composable_nodes]: Loaded node '/map_server' in container '/nav2_container'
1758729148.7825179 [INFO] [launch_ros.actions.load_composable_nodes]: Loaded node '/controller_server' in container '/nav2_container'
1758729148.7931972 [INFO] [launch_ros.actions.load_composable_nodes]: Loaded node '/lifecycle_manager_localization' in container '/nav2_container'
1758729148.8570850 [INFO] [launch_ros.actions.load_composable_nodes]: Loaded node '/smoother_server' in container '/nav2_container'
1758729148.8810630 [INFO] [launch_ros.actions.load_composable_nodes]: Loaded node '/planner_server' in container '/nav2_container'
1758729148.8959405 [INFO] [launch_ros.actions.load_composable_nodes]: Loaded node '/behavior_server' in container '/nav2_container'
1758729148.9590259 [INFO] [launch_ros.actions.load_composable_nodes]: Loaded node '/bt_navigator' in container '/nav2_container'
1758729148.9721587 [INFO] [launch_ros.actions.load_composable_nodes]: Loaded node '/waypoint_follower' in container '/nav2_container'
1758729148.9819360 [INFO] [launch_ros.actions.load_composable_nodes]: Loaded node '/velocity_smoother' in container '/nav2_container'
1758729148.9946141 [INFO] [launch_ros.actions.load_composable_nodes]: Loaded node '/collision_monitor' in container '/nav2_container'
1758729149.0541284 [INFO] [launch_ros.actions.load_composable_nodes]: Loaded node '/docking_server' in container '/nav2_container'
1758729149.0621855 [INFO] [launch_ros.actions.load_composable_nodes]: Loaded node '/lifecycle_manager_navigation' in container '/nav2_container'
1758729149.5692358 [INFO] [create-16]: process has finished cleanly [pid 189]
1758729149.5725319 [INFO] [create-5]: process has finished cleanly [pid 174]
1758729185.7804580 [WARNING] [launch]: user interrupted with ctrl-c (SIGINT)
1758729187.1038363 [INFO] [parameter_bridge-2]: process has finished cleanly [pid 171]
1758729187.1039276 [INFO] [parameter_bridge-15]: process has finished cleanly [pid 188]
1758729187.1039855 [INFO] [gz-6]: process has finished cleanly [pid 175]
1758729187.1040490 [ERROR] [rviz2-8]: process has died [pid 177, exit code -6, cmd '/opt/ros/jazzy/lib/rviz2/rviz2 -d /config/common/view.rviz --ros-args --params-file /tmp/launch_params_wp90gxdx'].
1758729187.1041036 [INFO] [static_transform_publisher-18]: process has finished cleanly [pid 191]
1758729187.1041639 [INFO] [static_transform_publisher-17]: process has finished cleanly [pid 190]
1758729187.1042147 [INFO] [gazebo_stats_publisher-12]: process has finished cleanly [pid 183]
1758729187.1042631 [INFO] [image_bridge-4]: process has finished cleanly [pid 173]
1758729187.1043100 [INFO] [image_bridge-3]: process has finished cleanly [pid 172]
1758729187.1043625 [ERROR] [sys_stats_publisher-13]: process has died [pid 186, exit code 1, cmd '/ws/install/sys_stats_publisher/lib/sys_stats_publisher/sys_stats_publisher --ros-args -r __node:=sys_stats_publisher'].
1758729187.1044121 [INFO] [scenario_status_node-11]: process has finished cleanly [pid 180]
1758729187.1044669 [ERROR] [laserscan_modification-14]: process has died [pid 187, exit code 1, cmd '/ws/install/message_modification/lib/message_modification/laserscan_modification --ros-args -r __node:=laserscan_modification --params-file /tmp/launch_params_xhcfkhgl -r /in:=/scan_sim -r /out:=/scan'].
1758729187.1045175 [INFO] [gazebo_tf_publisher_node-10]: process has finished cleanly [pid 179]
1758729187.1045675 [INFO] [robot_state_publisher-7]: process has finished cleanly [pid 176]
1758729187.1047175 [static_transform_publisher-18] [INFO] [1758729185.780099964] [rclcpp]: signal_handler(signum=2)
1758729187.1049168 [static_transform_publisher-17] [INFO] [1758729185.780099954] [rclcpp]: signal_handler(signum=2)
