1758692740.7646091 [INFO] [launch]: All log files can be found below /out/logs/2025-09-24-05-45-40-763807-job-rooms-generated-3954-p1-o0-box-sd000n005-0-cvhw9-57
1758692740.7647104 [INFO] [launch]: Default logging verbosity is set to INFO
1758692741.7456703 [INFO] [xacro-1]: process started with pid [170]
1758692741.7459252 [INFO] [parameter_bridge-2]: process started with pid [171]
1758692741.7460434 [INFO] [image_bridge-3]: process started with pid [172]
1758692741.7491927 [INFO] [image_bridge-4]: process started with pid [173]
1758692741.7493045 [INFO] [create-5]: process started with pid [174]
1758692741.7493861 [INFO] [gz-6]: process started with pid [175]
1758692741.7494581 [INFO] [robot_state_publisher-7]: process started with pid [176]
1758692741.7495298 [INFO] [rviz2-8]: process started with pid [177]
1758692741.7496004 [INFO] [component_container_isolated-9]: process started with pid [178]
1758692741.7496631 [INFO] [gazebo_tf_publisher_node-10]: process started with pid [179]
1758692741.7497227 [INFO] [scenario_status_node-11]: process started with pid [180]
1758692741.7497888 [INFO] [gazebo_stats_publisher-12]: process started with pid [182]
1758692741.7498517 [INFO] [sys_stats_publisher-13]: process started with pid [183]
1758692741.7499058 [INFO] [laserscan_modification-14]: process started with pid [184]
1758692741.7499595 [INFO] [parameter_bridge-15]: process started with pid [187]
1758692741.7500191 [INFO] [create-16]: process started with pid [188]
1758692741.7500844 [INFO] [static_transform_publisher-17]: process started with pid [191]
1758692741.7575400 [INFO] [static_transform_publisher-18]: process started with pid [194]
1758692741.8228109 [static_transform_publisher-18] [INFO] [1758692741.822587188] [static_camera_transform_2]: Spinning until stopped - publishing transform
1758692741.8229520 [static_transform_publisher-18] translation: ('0.000000', '0.000000', '0.000000')
1758692741.8230226 [static_transform_publisher-18] rotation: ('-0.500000', '0.499602', '-0.500000', '0.500398')
1758692741.8230774 [static_transform_publisher-18] from 'static_camera' to 'static_camera_optical_frame'
1758692741.8549998 [static_transform_publisher-17] [INFO] [1758692741.837462846] [static_camera_transform]: Spinning until stopped - publishing transform
1758692741.8551836 [static_transform_publisher-17] translation: ('-4.675000', '5.525000', '19.312442')
1758692741.8552570 [static_transform_publisher-17] rotation: ('-0.499602', '0.500000', '0.500000', '0.500398')
1758692741.8553090 [static_transform_publisher-17] from '/map' to 'static_camera'
1758692742.0275891 [INFO] [xacro-1]: process has finished cleanly [pid 170]
1758692742.0456581 [INFO] [launch_ros.actions.load_composable_nodes]: Loaded node '/controller_server' in container '/nav2_container'
1758692742.0945194 [INFO] [launch_ros.actions.load_composable_nodes]: Loaded node '/map_server' in container '/nav2_container'
1758692742.1337886 [INFO] [launch_ros.actions.load_composable_nodes]: Loaded node '/amcl' in container '/nav2_container'
1758692742.1616175 [INFO] [launch_ros.actions.load_composable_nodes]: Loaded node '/smoother_server' in container '/nav2_container'
1758692742.1847332 [INFO] [launch_ros.actions.load_composable_nodes]: Loaded node '/lifecycle_manager_localization' in container '/nav2_container'
1758692742.2552929 [INFO] [launch_ros.actions.load_composable_nodes]: Loaded node '/planner_server' in container '/nav2_container'
1758692742.2868018 [INFO] [launch_ros.actions.load_composable_nodes]: Loaded node '/behavior_server' in container '/nav2_container'
1758692742.3314240 [INFO] [launch_ros.actions.load_composable_nodes]: Loaded node '/bt_navigator' in container '/nav2_container'
1758692742.3491206 [INFO] [launch_ros.actions.load_composable_nodes]: Loaded node '/waypoint_follower' in container '/nav2_container'
1758692742.3697255 [INFO] [launch_ros.actions.load_composable_nodes]: Loaded node '/velocity_smoother' in container '/nav2_container'
1758692742.3941512 [INFO] [launch_ros.actions.load_composable_nodes]: Loaded node '/collision_monitor' in container '/nav2_container'
1758692742.4218409 [INFO] [launch_ros.actions.load_composable_nodes]: Loaded node '/docking_server' in container '/nav2_container'
1758692742.4379592 [INFO] [launch_ros.actions.load_composable_nodes]: Loaded node '/lifecycle_manager_navigation' in container '/nav2_container'
1758692742.8754959 [INFO] [create-5]: process has finished cleanly [pid 174]
1758692742.8759682 [INFO] [create-16]: process has finished cleanly [pid 188]
1758692790.2379372 [WARNING] [launch]: user interrupted with ctrl-c (SIGINT)
1758692791.5179482 [INFO] [parameter_bridge-2]: process has finished cleanly [pid 171]
1758692791.5180728 [INFO] [parameter_bridge-15]: process has finished cleanly [pid 187]
1758692791.5181925 [INFO] [gz-6]: process has finished cleanly [pid 175]
1758692791.5183120 [ERROR] [gazebo_tf_publisher_node-10]: process has died [pid 179, exit code -6, cmd '/ws/install/gazebo_tf_publisher/lib/gazebo_tf_publisher/gazebo_tf_publisher_node --ros-args -r __node:=gazebo_tf_publisher --params-file /tmp/launch_params_rs52wnx_ --params-file /tmp/launch_params_eqted68q'].
1758692791.5183949 [ERROR] [rviz2-8]: process has died [pid 177, exit code -6, cmd '/opt/ros/jazzy/lib/rviz2/rviz2 -d /config/common/view.rviz --ros-args --params-file /tmp/launch_params_c1afrdi4'].
1758692791.5184610 [INFO] [static_transform_publisher-17]: process has finished cleanly [pid 191]
1758692791.5185220 [INFO] [static_transform_publisher-18]: process has finished cleanly [pid 194]
1758692791.5185821 [INFO] [gazebo_stats_publisher-12]: process has finished cleanly [pid 182]
1758692791.5186393 [INFO] [image_bridge-4]: process has finished cleanly [pid 173]
1758692791.5186970 [INFO] [image_bridge-3]: process has finished cleanly [pid 172]
1758692791.5187602 [ERROR] [sys_stats_publisher-13]: process has died [pid 183, exit code 1, cmd '/ws/install/sys_stats_publisher/lib/sys_stats_publisher/sys_stats_publisher --ros-args -r __node:=sys_stats_publisher'].
1758692791.5188200 [INFO] [scenario_status_node-11]: process has finished cleanly [pid 180]
1758692791.5189018 [ERROR] [laserscan_modification-14]: process has died [pid 184, exit code 1, cmd '/ws/install/message_modification/lib/message_modification/laserscan_modification --ros-args -r __node:=laserscan_modification --params-file /tmp/launch_params_e7_nj47t -r /in:=/scan_sim -r /out:=/scan'].
1758692791.5189724 [INFO] [robot_state_publisher-7]: process has finished cleanly [pid 176]
1758692791.5192282 [static_transform_publisher-18] [INFO] [1758692790.237567364] [rclcpp]: signal_handler(signum=2)
1758692791.5196986 [static_transform_publisher-17] [INFO] [1758692790.237569844] [rclcpp]: signal_handler(signum=2)
1758692791.5400679 [INFO] [component_container_isolated-9]: sending signal 'SIGINT' to process[component_container_isolated-9]
1758692791.5542970 [gazebo_tf_publisher_node-10] [INFO] [1758692790.237586086] [rclcpp]: signal_handler(signum=2)
1758692791.5573883 [gazebo_tf_publisher_node-10] free(): invalid size
1758692791.5631685 [ERROR] [launch]: Caught exception in launch (see debug for traceback): Cannot shutdown a ROS adapter that is not running
