1758735118.0364218 [INFO] [launch]: All log files can be found below /out/logs/2025-09-24-17-31-58-034974-job-rooms-generated-3954-p1-o0-box-sd000n005-2-jx8sn-57
1758735118.0365348 [INFO] [launch]: Default logging verbosity is set to INFO
1758735119.1483426 [INFO] [xacro-1]: process started with pid [170]
1758735119.1487739 [INFO] [parameter_bridge-2]: process started with pid [171]
1758735119.1489480 [INFO] [image_bridge-3]: process started with pid [172]
1758735119.1490593 [INFO] [image_bridge-4]: process started with pid [173]
1758735119.1491325 [INFO] [create-5]: process started with pid [174]
1758735119.1492171 [INFO] [gz-6]: process started with pid [175]
1758735119.1492844 [INFO] [robot_state_publisher-7]: process started with pid [176]
1758735119.1493540 [INFO] [rviz2-8]: process started with pid [177]
1758735119.1494236 [INFO] [component_container_isolated-9]: process started with pid [178]
1758735119.1494896 [INFO] [gazebo_tf_publisher_node-10]: process started with pid [179]
1758735119.1495547 [INFO] [scenario_status_node-11]: process started with pid [180]
1758735119.1496148 [INFO] [gazebo_stats_publisher-12]: process started with pid [183]
1758735119.1496837 [INFO] [sys_stats_publisher-13]: process started with pid [186]
1758735119.1497462 [INFO] [laserscan_modification-14]: process started with pid [187]
1758735119.1498084 [INFO] [parameter_bridge-15]: process started with pid [188]
1758735119.1498723 [INFO] [create-16]: process started with pid [189]
1758735119.1499267 [INFO] [static_transform_publisher-17]: process started with pid [190]
1758735119.1499929 [INFO] [static_transform_publisher-18]: process started with pid [193]
1758735119.1873171 [static_transform_publisher-18] [INFO] [1758735119.187005076] [static_camera_transform_2]: Spinning until stopped - publishing transform
1758735119.1874776 [static_transform_publisher-18] translation: ('0.000000', '0.000000', '0.000000')
1758735119.1875439 [static_transform_publisher-18] rotation: ('-0.500000', '0.499602', '-0.500000', '0.500398')
1758735119.1875935 [static_transform_publisher-18] from 'static_camera' to 'static_camera_optical_frame'
1758735119.1878688 [static_transform_publisher-17] [INFO] [1758735119.187049764] [static_camera_transform]: Spinning until stopped - publishing transform
1758735119.1879084 [static_transform_publisher-17] translation: ('-4.675000', '5.525000', '19.312442')
1758735119.1879382 [static_transform_publisher-17] rotation: ('-0.499602', '0.500000', '0.500000', '0.500398')
1758735119.1879644 [static_transform_publisher-17] from '/map' to 'static_camera'
1758735119.3579931 [INFO] [launch_ros.actions.load_composable_nodes]: Loaded node '/amcl' in container '/nav2_container'
1758735119.3726823 [INFO] [xacro-1]: process has finished cleanly [pid 170]
1758735119.3846517 [INFO] [launch_ros.actions.load_composable_nodes]: Loaded node '/map_server' in container '/nav2_container'
1758735119.4643712 [INFO] [launch_ros.actions.load_composable_nodes]: Loaded node '/controller_server' in container '/nav2_container'
1758735119.4760239 [INFO] [launch_ros.actions.load_composable_nodes]: Loaded node '/lifecycle_manager_localization' in container '/nav2_container'
1758735119.4950273 [INFO] [launch_ros.actions.load_composable_nodes]: Loaded node '/smoother_server' in container '/nav2_container'
1758735119.5750542 [INFO] [launch_ros.actions.load_composable_nodes]: Loaded node '/planner_server' in container '/nav2_container'
1758735119.5918331 [INFO] [launch_ros.actions.load_composable_nodes]: Loaded node '/behavior_server' in container '/nav2_container'
1758735119.6544340 [INFO] [launch_ros.actions.load_composable_nodes]: Loaded node '/bt_navigator' in container '/nav2_container'
1758735119.6706727 [INFO] [launch_ros.actions.load_composable_nodes]: Loaded node '/waypoint_follower' in container '/nav2_container'
1758735119.6837070 [INFO] [launch_ros.actions.load_composable_nodes]: Loaded node '/velocity_smoother' in container '/nav2_container'
1758735119.6979618 [INFO] [launch_ros.actions.load_composable_nodes]: Loaded node '/collision_monitor' in container '/nav2_container'
1758735119.7553015 [INFO] [launch_ros.actions.load_composable_nodes]: Loaded node '/docking_server' in container '/nav2_container'
1758735119.7641690 [INFO] [launch_ros.actions.load_composable_nodes]: Loaded node '/lifecycle_manager_navigation' in container '/nav2_container'
1758735120.2772248 [INFO] [create-16]: process has finished cleanly [pid 189]
1758735120.2788122 [INFO] [create-5]: process has finished cleanly [pid 174]
1758735156.6702709 [WARNING] [launch]: user interrupted with ctrl-c (SIGINT)
1758735157.8219631 [static_transform_publisher-17] [INFO] [1758735156.669879115] [rclcpp]: signal_handler(signum=2)
1758735157.8221793 [INFO] [parameter_bridge-2]: process has finished cleanly [pid 171]
1758735157.8222532 [INFO] [parameter_bridge-15]: process has finished cleanly [pid 188]
1758735157.8223100 [ERROR] [rviz2-8]: process has died [pid 177, exit code -6, cmd '/opt/ros/jazzy/lib/rviz2/rviz2 -d /config/common/view.rviz --ros-args --params-file /tmp/launch_params_3k3y7286'].
1758735157.8223543 [INFO] [gz-6]: process has finished cleanly [pid 175]
1758735157.8223953 [INFO] [static_transform_publisher-18]: process has finished cleanly [pid 193]
1758735157.8224339 [INFO] [static_transform_publisher-17]: process has finished cleanly [pid 190]
1758735157.8224723 [INFO] [gazebo_stats_publisher-12]: process has finished cleanly [pid 183]
1758735157.8225098 [INFO] [image_bridge-4]: process has finished cleanly [pid 173]
1758735157.8225467 [INFO] [image_bridge-3]: process has finished cleanly [pid 172]
1758735157.8225889 [ERROR] [sys_stats_publisher-13]: process has died [pid 186, exit code 1, cmd '/ws/install/sys_stats_publisher/lib/sys_stats_publisher/sys_stats_publisher --ros-args -r __node:=sys_stats_publisher'].
1758735157.8226283 [INFO] [scenario_status_node-11]: process has finished cleanly [pid 180]
1758735157.8226657 [INFO] [robot_state_publisher-7]: process has finished cleanly [pid 176]
1758735157.8227985 [static_transform_publisher-18] [INFO] [1758735156.669878115] [rclcpp]: signal_handler(signum=2)
1758735157.8273325 [INFO] [laserscan_modification-14]: sending signal 'SIGINT' to process[laserscan_modification-14]
1758735157.8318892 [INFO] [gazebo_tf_publisher_node-10]: sending signal 'SIGINT' to process[gazebo_tf_publisher_node-10]
1758735157.8330498 [INFO] [component_container_isolated-9]: sending signal 'SIGINT' to process[component_container_isolated-9]
1758735157.8359339 [ERROR] [laserscan_modification-14]: process has died [pid 187, exit code -2, cmd '/ws/install/message_modification/lib/message_modification/laserscan_modification --ros-args -r __node:=laserscan_modification --params-file /tmp/launch_params_ho_egdm8 -r /in:=/scan_sim -r /out:=/scan'].
1758735157.8422170 [gazebo_tf_publisher_node-10] [INFO] [1758735156.669917084] [rclcpp]: signal_handler(signum=2)
1758735157.8453107 [gazebo_tf_publisher_node-10] [INFO] [1758735157.831969061] [rclcpp]: signal_handler(signum=2)
1758735157.8463175 [ERROR] [launch]: Caught exception in launch (see debug for traceback): Cannot shutdown a ROS adapter that is not running
1758735157.8948941 [INFO] [gazebo_tf_publisher_node-10]: process has finished cleanly [pid 179]
