1758704851.3035781 [INFO] [launch]: All log files can be found below /out/logs/2025-09-24-09-07-31-301533-job-hallways-generated-2542-p2-o4-box-sd010n005-0-mr5rg-61
1758704851.3038387 [INFO] [launch]: Default logging verbosity is set to INFO
1758704852.5871766 [INFO] [xacro-1]: process started with pid [175]
1758704852.5875099 [INFO] [parameter_bridge-2]: process started with pid [176]
1758704852.5875921 [INFO] [image_bridge-3]: process started with pid [177]
1758704852.5876610 [INFO] [image_bridge-4]: process started with pid [178]
1758704852.5877237 [INFO] [create-5]: process started with pid [179]
1758704852.5877869 [INFO] [gz-6]: process started with pid [180]
1758704852.5878506 [INFO] [robot_state_publisher-7]: process started with pid [181]
1758704852.5879095 [INFO] [rviz2-8]: process started with pid [182]
1758704852.5879765 [INFO] [component_container_isolated-9]: process started with pid [183]
1758704852.5880327 [INFO] [gazebo_tf_publisher_node-10]: process started with pid [184]
1758704852.5880935 [INFO] [scenario_status_node-11]: process started with pid [185]
1758704852.5881836 [INFO] [gazebo_stats_publisher-12]: process started with pid [190]
1758704852.5883715 [INFO] [sys_stats_publisher-13]: process started with pid [208]
1758704852.5884321 [INFO] [laserscan_modification-14]: process started with pid [209]
1758704852.5884826 [INFO] [parameter_bridge-15]: process started with pid [210]
1758704852.5885363 [INFO] [create-16]: process started with pid [218]
1758704852.5885921 [INFO] [static_transform_publisher-17]: process started with pid [220]
1758704852.5886419 [INFO] [static_transform_publisher-18]: process started with pid [221]
1758704852.6448979 [static_transform_publisher-17] [INFO] [1758704852.643990429] [static_camera_transform]: Spinning until stopped - publishing transform
1758704852.6450620 [static_transform_publisher-17] translation: ('3.050000', '0.000000', '19.706573')
1758704852.6451147 [static_transform_publisher-17] rotation: ('-0.499602', '0.500000', '0.500000', '0.500398')
1758704852.6451888 [static_transform_publisher-17] from '/map' to 'static_camera'
1758704852.6927056 [static_transform_publisher-18] [INFO] [1758704852.691661073] [static_camera_transform_2]: Spinning until stopped - publishing transform
1758704852.6932065 [static_transform_publisher-18] translation: ('0.000000', '0.000000', '0.000000')
1758704852.6932673 [static_transform_publisher-18] rotation: ('-0.500000', '0.499602', '-0.500000', '0.500398')
1758704852.6933148 [static_transform_publisher-18] from 'static_camera' to 'static_camera_optical_frame'
1758704852.8150244 [INFO] [launch_ros.actions.load_composable_nodes]: Loaded node '/controller_server' in container '/nav2_container'
1758704852.8491826 [INFO] [launch_ros.actions.load_composable_nodes]: Loaded node '/map_server' in container '/nav2_container'
1758704852.8508241 [INFO] [xacro-1]: process has finished cleanly [pid 175]
1758704852.9303014 [INFO] [launch_ros.actions.load_composable_nodes]: Loaded node '/smoother_server' in container '/nav2_container'
1758704852.9654517 [INFO] [launch_ros.actions.load_composable_nodes]: Loaded node '/amcl' in container '/nav2_container'
1758704853.0242968 [INFO] [launch_ros.actions.load_composable_nodes]: Loaded node '/planner_server' in container '/nav2_container'
1758704853.0505087 [INFO] [launch_ros.actions.load_composable_nodes]: Loaded node '/lifecycle_manager_localization' in container '/nav2_container'
1758704853.0984702 [INFO] [launch_ros.actions.load_composable_nodes]: Loaded node '/behavior_server' in container '/nav2_container'
1758704853.1262105 [INFO] [launch_ros.actions.load_composable_nodes]: Loaded node '/bt_navigator' in container '/nav2_container'
1758704853.1493957 [INFO] [launch_ros.actions.load_composable_nodes]: Loaded node '/waypoint_follower' in container '/nav2_container'
1758704853.1937423 [INFO] [launch_ros.actions.load_composable_nodes]: Loaded node '/velocity_smoother' in container '/nav2_container'
1758704853.2149904 [INFO] [launch_ros.actions.load_composable_nodes]: Loaded node '/collision_monitor' in container '/nav2_container'
1758704853.2333188 [INFO] [launch_ros.actions.load_composable_nodes]: Loaded node '/docking_server' in container '/nav2_container'
1758704853.2519627 [INFO] [launch_ros.actions.load_composable_nodes]: Loaded node '/lifecycle_manager_navigation' in container '/nav2_container'
1758704853.7773983 [INFO] [create-5]: process has finished cleanly [pid 179]
1758704853.7787645 [INFO] [create-16]: process has finished cleanly [pid 218]
1758704865.2810006 [WARNING] [launch]: user interrupted with ctrl-c (SIGINT)
1758704867.3030415 [static_transform_publisher-17] [INFO] [1758704865.280386507] [rclcpp]: signal_handler(signum=2)
1758704867.3033605 [INFO] [parameter_bridge-2]: process has finished cleanly [pid 176]
1758704867.3034778 [INFO] [parameter_bridge-15]: process has finished cleanly [pid 210]
1758704867.3035517 [ERROR] [rviz2-8]: process has died [pid 182, exit code -6, cmd '/opt/ros/jazzy/lib/rviz2/rviz2 -d /config/common/view.rviz --ros-args --params-file /tmp/launch_params_jyd_jdue'].
1758704867.3035998 [INFO] [gz-6]: process has finished cleanly [pid 180]
1758704867.3036439 [INFO] [static_transform_publisher-18]: process has finished cleanly [pid 221]
1758704867.3036923 [INFO] [static_transform_publisher-17]: process has finished cleanly [pid 220]
1758704867.3037362 [INFO] [gazebo_stats_publisher-12]: process has finished cleanly [pid 190]
1758704867.3037825 [INFO] [robot_state_publisher-7]: process has finished cleanly [pid 181]
1758704867.3038239 [INFO] [image_bridge-3]: process has finished cleanly [pid 177]
1758704867.3038630 [INFO] [image_bridge-4]: process has finished cleanly [pid 178]
1758704867.3039088 [ERROR] [sys_stats_publisher-13]: process has died [pid 208, exit code 1, cmd '/ws/install/sys_stats_publisher/lib/sys_stats_publisher/sys_stats_publisher --ros-args -r __node:=sys_stats_publisher'].
1758704867.3039560 [INFO] [gazebo_tf_publisher_node-10]: process has finished cleanly [pid 184]
1758704867.3040051 [ERROR] [laserscan_modification-14]: process has died [pid 209, exit code 1, cmd '/ws/install/message_modification/lib/message_modification/laserscan_modification --ros-args -r __node:=laserscan_modification --params-file /tmp/launch_params_0jea5079 -r /in:=/scan_sim -r /out:=/scan'].
1758704867.3040547 [INFO] [scenario_status_node-11]: process has finished cleanly [pid 185]
1758704867.3165784 [INFO] [component_container_isolated-9]: sending signal 'SIGINT' to process[component_container_isolated-9]
1758704867.3258078 [gazebo_tf_publisher_node-10] [INFO] [1758704865.280657407] [rclcpp]: signal_handler(signum=2)
1758704867.3279829 [static_transform_publisher-18] [INFO] [1758704865.281358597] [rclcpp]: signal_handler(signum=2)
1758704867.3322501 [ERROR] [launch]: Caught exception in launch (see debug for traceback): Cannot shutdown a ROS adapter that is not running
