[INFO] [1758710044.587301407] [rosbag2_recorder]: Press SPACE for pausing/resuming
[INFO] [1758710044.595353597] [rosbag2_recorder]: Listening for topics...
[INFO] [1758710044.595368447] [rosbag2_recorder]: Event publisher thread: Starting
[INFO] [1758710044.595609087] [rosbag2_recorder]: Recording...
[INFO] [1758710044.595677287] [rosbag2_recorder]: use_sim_time set, waiting for /clock before starting recording...
[INFO] [1758710044.607535958] [rosbag2_recorder]: Sim time /clock found, starting recording.
[INFO] [1758710044.618521398] [rosbag2_recorder]: Subscribed to topic '/amcl_pose'
[INFO] [1758710044.620582548] [rosbag2_recorder]: Subscribed to topic '/map'
[INFO] [1758710044.621618228] [rosbag2_recorder]: Subscribed to topic '/system/cpu_usage'
[INFO] [1758710044.622380288] [rosbag2_recorder]: Subscribed to topic '/gazebo/real_time_factor'
[INFO] [1758710044.622919028] [rosbag2_recorder]: Subscribed to topic '/local_costmap/costmap'
[INFO] [1758710044.627714859] [rosbag2_recorder]: Subscribed to topic '/scenario_execution/snapshots'
[INFO] [1758710044.629467509] [rosbag2_recorder]: Subscribed to topic '/scenario_status'
[INFO] [1758710044.633117469] [rosbag2_recorder]: Subscribed to topic '/tf'
[INFO] [1758710044.634892909] [rosbag2_recorder]: Subscribed to topic '/system/memory_usage'
[INFO] [1758710044.636333529] [rosbag2_recorder]: Subscribed to topic '/tf_static'
[INFO] [1758710044.736451133] [rosbag2_recorder]: All requested topics are subscribed. Stopping discovery...
[INFO] [1758710138.920629527] [rosbag2_recorder]: Pausing recording.
[INFO] [1758710138.920694737] [rosbag2_cpp]: Writing remaining messages from cache to the bag. It may take a while
[INFO] [1758710138.926300007] [rosbag2_recorder]: Event publisher thread: Exiting
[INFO] [1758710138.926375657] [rosbag2_recorder]: Recording stopped
