[INFO] [1758710032.337924363] [rviz2]: Stereo is NOT SUPPORTED
[INFO] [1758710032.338177083] [rviz2]: OpenGl version: 4.5 (GLSL 4.5)
[INFO] [1758710032.419126666] [rviz2]: Stereo is NOT SUPPORTED
[INFO] [1758710032.625931034] [rviz]: Subscribing to: /mobile_base/sensors/bumper_pointcloud

[INFO] [1758710032.626486504] [rviz]: Subscribing to: /mobile_base/sensors/bumper_pointcloud

[INFO] [1758710032.649710665] [rviz]: Subscribing to: /local_costmap/voxel_marked_cloud

[INFO] [1758710032.691766247] [rviz]: Subscribing to: /global_costmap/voxel_marked_cloud

[INFO] [1758710032.726184498] [rviz]: Subscribing to: /mobile_base/sensors/bumper_pointcloud

[INFO] [1758710032.735723848] [rviz]: Subscribing to: /local_costmap/voxel_marked_cloud

[INFO] [1758710032.743585999] [rviz]: Subscribing to: /global_costmap/voxel_marked_cloud

[INFO] [1758710032.798066771] [nav2_rviz_selector_node]: Trying to load plugins...
[INFO] [1758710032.868878103] [nav2_rviz_docking_panel_node]: Loading dock plugins
[INFO] [1758710033.064129901] [rviz2]: Stereo is NOT SUPPORTED
[INFO] [1758710033.159179184] [rviz2]: Trying to create a map of size 291 x 291 using 1 swatches
[ERROR] [1758710033.165444475] [rviz2]: rviz/glsl120/indexed_8bit_image.vert
rviz/glsl120/indexed_8bit_image.frag
 GLSL link result : 
active samplers with a different type refer to the same texture image unit
[INFO] [1758710041.625179560] [rviz]: Message Filter dropping message: frame 'odom' at time 0.180 for reason 'discarding message because the queue is full'
[INFO] [1758710041.815699848] [rviz]: Message Filter dropping message: frame 'odom' at time 0.216 for reason 'discarding message because the queue is full'
[INFO] [1758710042.039882807] [rviz]: Message Filter dropping message: frame 'odom' at time 0.360 for reason 'discarding message because the queue is full'
[INFO] [1758710042.167736132] [rviz]: Message Filter dropping message: frame 'rplidar_link' at time 0.006 for reason 'discarding message because the queue is full'
[INFO] [1758710042.232153084] [rviz]: Message Filter dropping message: frame 'odom' at time 0.468 for reason 'discarding message because the queue is full'
[INFO] [1758710042.328074038] [rviz]: Message Filter dropping message: frame 'rplidar_link' at time 0.102 for reason 'discarding message because the queue is full'
[INFO] [1758710042.487707924] [rviz]: Message Filter dropping message: frame 'rplidar_link' at time 0.201 for reason 'discarding message because the queue is full'
[INFO] [1758710042.848519409] [rviz2]: Trying to create a map of size 60 x 60 using 1 swatches
[INFO] [1758710043.435933812] [rviz2]: Trying to create a map of size 291 x 291 using 1 swatches
[INFO] [1758710055.467363635] [rviz]: Message Filter dropping message: frame 'odom' at time 0.501 for reason 'the timestamp on the message is earlier than all the data in the transform cache'
[INFO] [1758710055.467586545] [rviz]: Message Filter dropping message: frame 'odom' at time 0.576 for reason 'the timestamp on the message is earlier than all the data in the transform cache'
[INFO] [1758710055.681534543] [rviz]: Message Filter dropping message: frame 'odom' at time 0.720 for reason 'the timestamp on the message is earlier than all the data in the transform cache'
[INFO] [1758710055.798701798] [rviz]: Message Filter dropping message: frame 'odom' at time 0.864 for reason 'the timestamp on the message is earlier than all the data in the transform cache'
[INFO] [1758710056.120885402] [rviz]: Message Filter dropping message: frame 'odom' at time 0.972 for reason 'the timestamp on the message is earlier than all the data in the transform cache'
[INFO] [1758710056.242210557] [rviz]: Message Filter dropping message: frame 'odom' at time 1.002 for reason 'the timestamp on the message is earlier than all the data in the transform cache'
[INFO] [1758710056.243304037] [rviz]: Message Filter dropping message: frame 'odom' at time 1.080 for reason 'the timestamp on the message is earlier than all the data in the transform cache'
[INFO] [1758710056.243395847] [rviz]: Message Filter dropping message: frame 'odom' at time 1.080 for reason 'the timestamp on the message is earlier than all the data in the transform cache'
[INFO] [1758710056.243430957] [rviz]: Message Filter dropping message: frame 'odom' at time 1.080 for reason 'the timestamp on the message is earlier than all the data in the transform cache'
[INFO] [1758710056.243478707] [rviz]: Message Filter dropping message: frame 'odom' at time 1.080 for reason 'the timestamp on the message is earlier than all the data in the transform cache'
[INFO] [1758710056.243761207] [rviz]: Message Filter dropping message: frame 'odom' at time 1.080 for reason 'the timestamp on the message is earlier than all the data in the transform cache'
[INFO] [1758710056.398893263] [rviz]: Message Filter dropping message: frame 'rplidar_link' at time 0.300 for reason 'the timestamp on the message is earlier than all the data in the transform cache'
[INFO] [1758710056.506991007] [rviz]: Message Filter dropping message: frame 'rplidar_link' at time 0.402 for reason 'the timestamp on the message is earlier than all the data in the transform cache'
[INFO] [1758710056.641940823] [rviz]: Message Filter dropping message: frame 'rplidar_link' at time 0.501 for reason 'the timestamp on the message is earlier than all the data in the transform cache'
[INFO] [1758710056.787937399] [rviz]: Message Filter dropping message: frame 'rplidar_link' at time 0.600 for reason 'the timestamp on the message is earlier than all the data in the transform cache'
[INFO] [1758710056.922420804] [rviz]: Message Filter dropping message: frame 'rplidar_link' at time 0.702 for reason 'the timestamp on the message is earlier than all the data in the transform cache'
[INFO] [1758710057.060568280] [rviz]: Message Filter dropping message: frame 'rplidar_link' at time 0.801 for reason 'the timestamp on the message is earlier than all the data in the transform cache'
[INFO] [1758710057.162347644] [rviz]: Message Filter dropping message: frame 'rplidar_link' at time 0.900 for reason 'the timestamp on the message is earlier than all the data in the transform cache'
[INFO] [1758710057.295446570] [rviz]: Message Filter dropping message: frame 'rplidar_link' at time 1.002 for reason 'the timestamp on the message is earlier than all the data in the transform cache'
[INFO] [1758710057.603580883] [rviz]: Message Filter dropping message: frame 'rplidar_link' at time 1.101 for reason 'the timestamp on the message is earlier than all the data in the transform cache'
[INFO] [1758710134.315665743] [rclcpp]: signal_handler(signum=2)
