1758715670.7399998 [INFO] [launch]: All log files can be found below /out/logs/2025-09-24-12-07-50-738467-job-large-room-generated-7060-p1-o4-box-sd000n000-2-cvxmj-61
1758715670.7401938 [INFO] [launch]: Default logging verbosity is set to INFO
1758715672.1263711 [INFO] [xacro-1]: process started with pid [176]
1758715672.1266954 [INFO] [parameter_bridge-2]: process started with pid [177]
1758715672.1267817 [INFO] [image_bridge-3]: process started with pid [178]
1758715672.1268487 [INFO] [image_bridge-4]: process started with pid [179]
1758715672.1269071 [INFO] [create-5]: process started with pid [180]
1758715672.1269660 [INFO] [gz-6]: process started with pid [181]
1758715672.1270235 [INFO] [robot_state_publisher-7]: process started with pid [182]
1758715672.1270862 [INFO] [rviz2-8]: process started with pid [183]
1758715672.1271558 [INFO] [component_container_isolated-9]: process started with pid [184]
1758715672.1272151 [INFO] [gazebo_tf_publisher_node-10]: process started with pid [185]
1758715672.1272705 [INFO] [scenario_status_node-11]: process started with pid [186]
1758715672.1273291 [INFO] [gazebo_stats_publisher-12]: process started with pid [192]
1758715672.1273863 [INFO] [sys_stats_publisher-13]: process started with pid [195]
1758715672.1274455 [INFO] [laserscan_modification-14]: process started with pid [198]
1758715672.1274993 [INFO] [parameter_bridge-15]: process started with pid [204]
1758715672.1275513 [INFO] [create-16]: process started with pid [212]
1758715672.1345880 [INFO] [static_transform_publisher-17]: process started with pid [213]
1758715672.1362445 [INFO] [static_transform_publisher-18]: process started with pid [214]
1758715672.2077210 [INFO] [launch_ros.actions.load_composable_nodes]: Loaded node '/amcl' in container '/nav2_container'
1758715672.2235904 [static_transform_publisher-18] [INFO] [1758715672.223293777] [static_camera_transform_2]: Spinning until stopped - publishing transform
1758715672.2237010 [static_transform_publisher-18] translation: ('0.000000', '0.000000', '0.000000')
1758715672.2237461 [static_transform_publisher-18] rotation: ('-0.500000', '0.499602', '-0.500000', '0.500398')
1758715672.2237864 [static_transform_publisher-18] from 'static_camera' to 'static_camera_optical_frame'
1758715672.2267284 [static_transform_publisher-17] [INFO] [1758715672.224543997] [static_camera_transform]: Spinning until stopped - publishing transform
1758715672.2268195 [static_transform_publisher-17] translation: ('0.000000', '0.000000', '9.571764')
1758715672.2268579 [static_transform_publisher-17] rotation: ('-0.499602', '0.500000', '0.500000', '0.500398')
1758715672.2268934 [static_transform_publisher-17] from '/map' to 'static_camera'
1758715672.3315258 [INFO] [launch_ros.actions.load_composable_nodes]: Loaded node '/controller_server' in container '/nav2_container'
1758715672.4011977 [INFO] [launch_ros.actions.load_composable_nodes]: Loaded node '/lifecycle_manager_localization' in container '/nav2_container'
1758715672.4697914 [INFO] [launch_ros.actions.load_composable_nodes]: Loaded node '/map_server' in container '/nav2_container'
1758715672.4745603 [INFO] [xacro-1]: process has finished cleanly [pid 176]
1758715672.5045898 [INFO] [launch_ros.actions.load_composable_nodes]: Loaded node '/smoother_server' in container '/nav2_container'
1758715672.5861909 [INFO] [launch_ros.actions.load_composable_nodes]: Loaded node '/planner_server' in container '/nav2_container'
1758715672.6216493 [INFO] [launch_ros.actions.load_composable_nodes]: Loaded node '/behavior_server' in container '/nav2_container'
1758715672.6686735 [INFO] [launch_ros.actions.load_composable_nodes]: Loaded node '/bt_navigator' in container '/nav2_container'
1758715672.6936669 [INFO] [launch_ros.actions.load_composable_nodes]: Loaded node '/waypoint_follower' in container '/nav2_container'
1758715672.7163005 [INFO] [launch_ros.actions.load_composable_nodes]: Loaded node '/velocity_smoother' in container '/nav2_container'
1758715672.7669022 [INFO] [launch_ros.actions.load_composable_nodes]: Loaded node '/collision_monitor' in container '/nav2_container'
1758715672.7917898 [INFO] [launch_ros.actions.load_composable_nodes]: Loaded node '/docking_server' in container '/nav2_container'
1758715672.8100274 [INFO] [launch_ros.actions.load_composable_nodes]: Loaded node '/lifecycle_manager_navigation' in container '/nav2_container'
1758715673.3927736 [INFO] [create-5]: process has finished cleanly [pid 180]
1758715673.3957829 [INFO] [create-16]: process has finished cleanly [pid 212]
1758715733.5013196 [WARNING] [launch]: user interrupted with ctrl-c (SIGINT)
1758715734.8754005 [static_transform_publisher-18] [INFO] [1758715733.500874276] [rclcpp]: signal_handler(signum=2)
1758715734.8757081 [INFO] [parameter_bridge-15]: process has finished cleanly [pid 204]
1758715734.8757949 [INFO] [parameter_bridge-2]: process has finished cleanly [pid 177]
1758715734.8758693 [INFO] [gz-6]: process has finished cleanly [pid 181]
1758715734.8759558 [ERROR] [rviz2-8]: process has died [pid 183, exit code -6, cmd '/opt/ros/jazzy/lib/rviz2/rviz2 -d /config/common/view.rviz --ros-args --params-file /tmp/launch_params_7eczmzx2'].
1758715734.8760307 [INFO] [static_transform_publisher-17]: process has finished cleanly [pid 213]
1758715734.8760903 [INFO] [static_transform_publisher-18]: process has finished cleanly [pid 214]
1758715734.8761554 [INFO] [gazebo_stats_publisher-12]: process has finished cleanly [pid 192]
1758715734.8762100 [INFO] [image_bridge-3]: process has finished cleanly [pid 178]
1758715734.8762732 [INFO] [image_bridge-4]: process has finished cleanly [pid 179]
1758715734.8763402 [ERROR] [sys_stats_publisher-13]: process has died [pid 195, exit code 1, cmd '/ws/install/sys_stats_publisher/lib/sys_stats_publisher/sys_stats_publisher --ros-args -r __node:=sys_stats_publisher'].
1758715734.8763986 [INFO] [robot_state_publisher-7]: process has finished cleanly [pid 182]
1758715734.8764465 [INFO] [gazebo_tf_publisher_node-10]: process has finished cleanly [pid 185]
1758715734.8765087 [ERROR] [laserscan_modification-14]: process has died [pid 198, exit code 1, cmd '/ws/install/message_modification/lib/message_modification/laserscan_modification --ros-args -r __node:=laserscan_modification --params-file /tmp/launch_params_2r9mqpu4 -r /in:=/scan_sim -r /out:=/scan'].
1758715734.8765650 [INFO] [scenario_status_node-11]: process has finished cleanly [pid 186]
1758715734.8769498 [static_transform_publisher-17] [INFO] [1758715733.500877796] [rclcpp]: signal_handler(signum=2)
1758715734.8904743 [INFO] [component_container_isolated-9]: sending signal 'SIGINT' to process[component_container_isolated-9]
1758715734.8981049 [gazebo_tf_publisher_node-10] [INFO] [1758715733.500901796] [rclcpp]: signal_handler(signum=2)
1758715734.9026668 [ERROR] [launch]: Caught exception in launch (see debug for traceback): Cannot shutdown a ROS adapter that is not running
