1758710030.1450222 [INFO] [launch]: All log files can be found below /out/logs/2025-09-24-10-33-50-143842-job-circle-generated-p1-o4-box-sd000n000-0-77gnt-60
1758710030.1451519 [INFO] [launch]: Default logging verbosity is set to INFO
1758710031.6931989 [INFO] [xacro-1]: process started with pid [177]
1758710031.6934910 [INFO] [parameter_bridge-2]: process started with pid [178]
1758710031.6936376 [INFO] [image_bridge-3]: process started with pid [179]
1758710031.6937318 [INFO] [image_bridge-4]: process started with pid [180]
1758710031.6946516 [INFO] [create-5]: process started with pid [181]
1758710031.6947486 [INFO] [gz-6]: process started with pid [182]
1758710031.6948190 [INFO] [robot_state_publisher-7]: process started with pid [183]
1758710031.6948855 [INFO] [rviz2-8]: process started with pid [184]
1758710031.6949532 [INFO] [component_container_isolated-9]: process started with pid [185]
1758710031.6950154 [INFO] [gazebo_tf_publisher_node-10]: process started with pid [186]
1758710031.6968727 [INFO] [scenario_status_node-11]: process started with pid [187]
1758710031.6969552 [INFO] [gazebo_stats_publisher-12]: process started with pid [192]
1758710031.6970291 [INFO] [sys_stats_publisher-13]: process started with pid [193]
1758710031.6980739 [INFO] [laserscan_modification-14]: process started with pid [198]
1758710031.6981964 [INFO] [parameter_bridge-15]: process started with pid [201]
1758710031.6982880 [INFO] [create-16]: process started with pid [211]
1758710031.6995642 [INFO] [static_transform_publisher-17]: process started with pid [213]
1758710031.7029793 [INFO] [static_transform_publisher-18]: process started with pid [214]
1758710031.8054290 [static_transform_publisher-17] [INFO] [1758710031.804594493] [static_camera_transform]: Spinning until stopped - publishing transform
1758710031.8057008 [static_transform_publisher-17] translation: ('5.505000', '5.785000', '16.384608')
1758710031.8057446 [static_transform_publisher-17] rotation: ('-0.499602', '0.500000', '0.500000', '0.500398')
1758710031.8057787 [static_transform_publisher-17] from '/map' to 'static_camera'
1758710031.8068233 [static_transform_publisher-18] [INFO] [1758710031.805846763] [static_camera_transform_2]: Spinning until stopped - publishing transform
1758710031.8069019 [static_transform_publisher-18] translation: ('0.000000', '0.000000', '0.000000')
1758710031.8069515 [static_transform_publisher-18] rotation: ('-0.500000', '0.499602', '-0.500000', '0.500398')
1758710031.8069911 [static_transform_publisher-18] from 'static_camera' to 'static_camera_optical_frame'
1758710032.0022302 [INFO] [launch_ros.actions.load_composable_nodes]: Loaded node '/controller_server' in container '/nav2_container'
1758710032.0469506 [INFO] [launch_ros.actions.load_composable_nodes]: Loaded node '/map_server' in container '/nav2_container'
1758710032.1018734 [INFO] [launch_ros.actions.load_composable_nodes]: Loaded node '/amcl' in container '/nav2_container'
1758710032.1073487 [INFO] [xacro-1]: process has finished cleanly [pid 177]
1758710032.1371448 [INFO] [launch_ros.actions.load_composable_nodes]: Loaded node '/smoother_server' in container '/nav2_container'
1758710032.1566975 [INFO] [launch_ros.actions.load_composable_nodes]: Loaded node '/lifecycle_manager_localization' in container '/nav2_container'
1758710032.2550981 [INFO] [launch_ros.actions.load_composable_nodes]: Loaded node '/planner_server' in container '/nav2_container'
1758710032.3022943 [INFO] [launch_ros.actions.load_composable_nodes]: Loaded node '/behavior_server' in container '/nav2_container'
1758710032.3357241 [INFO] [launch_ros.actions.load_composable_nodes]: Loaded node '/bt_navigator' in container '/nav2_container'
1758710032.3913021 [INFO] [launch_ros.actions.load_composable_nodes]: Loaded node '/waypoint_follower' in container '/nav2_container'
1758710032.4076946 [INFO] [launch_ros.actions.load_composable_nodes]: Loaded node '/velocity_smoother' in container '/nav2_container'
1758710032.4326437 [INFO] [launch_ros.actions.load_composable_nodes]: Loaded node '/collision_monitor' in container '/nav2_container'
1758710032.4537830 [INFO] [launch_ros.actions.load_composable_nodes]: Loaded node '/docking_server' in container '/nav2_container'
1758710032.4966118 [INFO] [launch_ros.actions.load_composable_nodes]: Loaded node '/lifecycle_manager_navigation' in container '/nav2_container'
1758710033.0239582 [INFO] [create-16]: process has finished cleanly [pid 211]
1758710033.0265918 [INFO] [create-5]: process has finished cleanly [pid 181]
1758710134.3160985 [WARNING] [launch]: user interrupted with ctrl-c (SIGINT)
1758710135.5992351 [INFO] [parameter_bridge-2]: process has finished cleanly [pid 178]
1758710135.5993264 [INFO] [parameter_bridge-15]: process has finished cleanly [pid 201]
1758710135.5993745 [INFO] [gz-6]: process has finished cleanly [pid 182]
1758710135.5994408 [ERROR] [gazebo_tf_publisher_node-10]: process has died [pid 186, exit code -6, cmd '/ws/install/gazebo_tf_publisher/lib/gazebo_tf_publisher/gazebo_tf_publisher_node --ros-args -r __node:=gazebo_tf_publisher --params-file /tmp/launch_params_ys4utio7 --params-file /tmp/launch_params_y4zhfup5'].
1758710135.5995085 [ERROR] [rviz2-8]: process has died [pid 184, exit code -6, cmd '/opt/ros/jazzy/lib/rviz2/rviz2 -d /config/common/view.rviz --ros-args --params-file /tmp/launch_params_jvow90i3'].
1758710135.5995550 [INFO] [static_transform_publisher-18]: process has finished cleanly [pid 214]
1758710135.5995963 [INFO] [static_transform_publisher-17]: process has finished cleanly [pid 213]
1758710135.5996344 [INFO] [image_bridge-4]: process has finished cleanly [pid 180]
1758710135.5996721 [INFO] [gazebo_stats_publisher-12]: process has finished cleanly [pid 192]
1758710135.5997095 [INFO] [image_bridge-3]: process has finished cleanly [pid 179]
1758710135.5997472 [INFO] [scenario_status_node-11]: process has finished cleanly [pid 187]
1758710135.5997880 [ERROR] [sys_stats_publisher-13]: process has died [pid 193, exit code 1, cmd '/ws/install/sys_stats_publisher/lib/sys_stats_publisher/sys_stats_publisher --ros-args -r __node:=sys_stats_publisher'].
1758710135.5998311 [ERROR] [laserscan_modification-14]: process has died [pid 198, exit code 1, cmd '/ws/install/message_modification/lib/message_modification/laserscan_modification --ros-args -r __node:=laserscan_modification --params-file /tmp/launch_params_udzq3nsn -r /in:=/scan_sim -r /out:=/scan'].
1758710135.5998743 [INFO] [robot_state_publisher-7]: process has finished cleanly [pid 183]
1758710135.6000726 [static_transform_publisher-17] [INFO] [1758710134.315645873] [rclcpp]: signal_handler(signum=2)
1758710135.6003084 [static_transform_publisher-18] [INFO] [1758710134.315645573] [rclcpp]: signal_handler(signum=2)
1758710135.6103537 [INFO] [component_container_isolated-9]: sending signal 'SIGINT' to process[component_container_isolated-9]
1758710135.6207056 [gazebo_tf_publisher_node-10] [INFO] [1758710134.315687203] [rclcpp]: signal_handler(signum=2)
1758710135.6207738 [gazebo_tf_publisher_node-10] free(): invalid pointer
1758710135.6240070 [ERROR] [launch]: Caught exception in launch (see debug for traceback): Cannot shutdown a ROS adapter that is not running
