[INFO] [1758702041.892360297] [nav2_container]: Load Library: /opt/ros/jazzy/lib/libcontroller_server_core.so
[INFO] [1758702041.919178775] [nav2_container]: Found class: rclcpp_components::NodeFactoryTemplate<nav2_controller::ControllerServer>
[INFO] [1758702041.919219245] [nav2_container]: Instantiate class: rclcpp_components::NodeFactoryTemplate<nav2_controller::ControllerServer>
[INFO] [1758702041.987817103] [controller_server]: 
	controller_server lifecycle node launched. 
	Waiting on external lifecycle transitions to activate
	See https://design.ros2.org/articles/node_lifecycle.html for more information.
[INFO] [1758702042.004688255] [controller_server]: Creating controller server
[INFO] [1758702042.017541804] [local_costmap.local_costmap]: 
	local_costmap lifecycle node launched. 
	Waiting on external lifecycle transitions to activate
	See https://design.ros2.org/articles/node_lifecycle.html for more information.
[INFO] [1758702042.019723045] [local_costmap.local_costmap]: Creating Costmap
[INFO] [1758702042.023695108] [nav2_container]: Load Library: /opt/ros/jazzy/lib/libmap_server_core.so
[INFO] [1758702042.096608778] [nav2_container]: Found class: rclcpp_components::NodeFactoryTemplate<nav2_map_server::CostmapFilterInfoServer>
[INFO] [1758702042.096666648] [nav2_container]: Found class: rclcpp_components::NodeFactoryTemplate<nav2_map_server::MapSaver>
[INFO] [1758702042.096677638] [nav2_container]: Found class: rclcpp_components::NodeFactoryTemplate<nav2_map_server::MapServer>
[INFO] [1758702042.096684628] [nav2_container]: Instantiate class: rclcpp_components::NodeFactoryTemplate<nav2_map_server::MapServer>
[INFO] [1758702042.105474614] [map_server]: 
	map_server lifecycle node launched. 
	Waiting on external lifecycle transitions to activate
	See https://design.ros2.org/articles/node_lifecycle.html for more information.
[INFO] [1758702042.105585024] [map_server]: Creating
[INFO] [1758702042.106759395] [nav2_container]: Load Library: /opt/ros/jazzy/lib/libsmoother_server_core.so
[INFO] [1758702042.110453868] [nav2_container]: Found class: rclcpp_components::NodeFactoryTemplate<nav2_smoother::SmootherServer>
[INFO] [1758702042.110499628] [nav2_container]: Instantiate class: rclcpp_components::NodeFactoryTemplate<nav2_smoother::SmootherServer>
[INFO] [1758702042.126196009] [smoother_server]: 
	smoother_server lifecycle node launched. 
	Waiting on external lifecycle transitions to activate
	See https://design.ros2.org/articles/node_lifecycle.html for more information.
[INFO] [1758702042.133832534] [smoother_server]: Creating smoother server
[INFO] [1758702042.135599955] [nav2_container]: Load Library: /opt/ros/jazzy/lib/libamcl_core.so
[INFO] [1758702042.182698768] [nav2_container]: Found class: rclcpp_components::NodeFactoryTemplate<nav2_amcl::AmclNode>
[INFO] [1758702042.182792618] [nav2_container]: Instantiate class: rclcpp_components::NodeFactoryTemplate<nav2_amcl::AmclNode>
[INFO] [1758702042.199430939] [amcl]: 
	amcl lifecycle node launched. 
	Waiting on external lifecycle transitions to activate
	See https://design.ros2.org/articles/node_lifecycle.html for more information.
[INFO] [1758702042.201577611] [amcl]: Creating
[INFO] [1758702042.213427899] [nav2_container]: Load Library: /opt/ros/jazzy/lib/libplanner_server_core.so
[INFO] [1758702042.215465580] [nav2_container]: Found class: rclcpp_components::NodeFactoryTemplate<nav2_planner::PlannerServer>
[INFO] [1758702042.215503680] [nav2_container]: Instantiate class: rclcpp_components::NodeFactoryTemplate<nav2_planner::PlannerServer>
[INFO] [1758702042.227714599] [planner_server]: 
	planner_server lifecycle node launched. 
	Waiting on external lifecycle transitions to activate
	See https://design.ros2.org/articles/node_lifecycle.html for more information.
[INFO] [1758702042.235567424] [planner_server]: Creating
[INFO] [1758702042.247038692] [global_costmap.global_costmap]: 
	global_costmap lifecycle node launched. 
	Waiting on external lifecycle transitions to activate
	See https://design.ros2.org/articles/node_lifecycle.html for more information.
[INFO] [1758702042.248706123] [global_costmap.global_costmap]: Creating Costmap
[INFO] [1758702042.251131115] [nav2_container]: Load Library: /opt/ros/jazzy/lib/libnav2_lifecycle_manager_core.so
[INFO] [1758702042.262563033] [nav2_container]: Found class: rclcpp_components::NodeFactoryTemplate<nav2_lifecycle_manager::LifecycleManager>
[INFO] [1758702042.262604533] [nav2_container]: Instantiate class: rclcpp_components::NodeFactoryTemplate<nav2_lifecycle_manager::LifecycleManager>
[INFO] [1758702042.289543781] [lifecycle_manager_localization]: Creating
[INFO] [1758702042.298192827] [lifecycle_manager_localization]: [34m[1mCreating and initializing lifecycle service clients[0m[0m
[INFO] [1758702042.298876098] [nav2_container]: Load Library: /opt/ros/jazzy/lib/libbehavior_server_core.so
[INFO] [1758702042.300564689] [nav2_container]: Found class: rclcpp_components::NodeFactoryTemplate<behavior_server::BehaviorServer>
[INFO] [1758702042.300594929] [nav2_container]: Instantiate class: rclcpp_components::NodeFactoryTemplate<behavior_server::BehaviorServer>
[INFO] [1758702042.302379900] [lifecycle_manager_localization]: [34m[1mStarting managed nodes bringup...[0m[0m
[INFO] [1758702042.302420900] [lifecycle_manager_localization]: [34m[1mConfiguring map_server[0m[0m
[INFO] [1758702042.303377041] [map_server]: Configuring
[INFO] [1758702042.303480971] [map_io]: Loading yaml file: /config/maps/large_room.yaml
[INFO] [1758702042.303859971] [map_io]: resolution: 0.05
[INFO] [1758702042.303880901] [map_io]: origin[0]: -4.25
[INFO] [1758702042.303885991] [map_io]: origin[1]: -4.25
[INFO] [1758702042.303889791] [map_io]: origin[2]: 0
[INFO] [1758702042.303893921] [map_io]: free_thresh: 0.196
[INFO] [1758702042.303898141] [map_io]: occupied_thresh: 0.65
[INFO] [1758702042.303908241] [map_io]: mode: trinary
[INFO] [1758702042.303912941] [map_io]: negate: 0
[INFO] [1758702042.304228311] [map_io]: Loading image_file: /config/maps/large_room.pgm
[INFO] [1758702042.305432962] [map_io]: Read map /config/maps/large_room.pgm: 170 X 170 map @ 0.05 m/cell
[INFO] [1758702042.313021558] [lifecycle_manager_localization]: [34m[1mConfiguring amcl[0m[0m
[INFO] [1758702042.313325548] [amcl]: Configuring
[INFO] [1758702042.313923598] [amcl]: initTransforms
[INFO] [1758702042.319158062] [behavior_server]: 
	behavior_server lifecycle node launched. 
	Waiting on external lifecycle transitions to activate
	See https://design.ros2.org/articles/node_lifecycle.html for more information.
[INFO] [1758702042.331118630] [amcl]: initPubSub
[INFO] [1758702042.333085642] [amcl]: Subscribed to map topic.
[INFO] [1758702042.336412594] [nav2_container]: Load Library: /opt/ros/jazzy/lib/libbt_navigator_core.so
[INFO] [1758702042.336601474] [lifecycle_manager_localization]: [34m[1mActivating map_server[0m[0m
[INFO] [1758702042.336734054] [map_server]: Activating
[INFO] [1758702042.337303494] [amcl]: Received a 170 X 170 map @ 0.050 m/pix
[INFO] [1758702042.337901545] [map_server]: Creating bond (map_server) to lifecycle manager.
[INFO] [1758702042.338096065] [nav2_container]: Found class: rclcpp_components::NodeFactoryTemplate<nav2_bt_navigator::BtNavigator>
[INFO] [1758702042.338157755] [nav2_container]: Instantiate class: rclcpp_components::NodeFactoryTemplate<nav2_bt_navigator::BtNavigator>
[INFO] [1758702042.389773781] [bt_navigator]: 
	bt_navigator lifecycle node launched. 
	Waiting on external lifecycle transitions to activate
	See https://design.ros2.org/articles/node_lifecycle.html for more information.
[INFO] [1758702042.395967605] [bt_navigator]: Creating
[INFO] [1758702042.400679978] [nav2_container]: Load Library: /opt/ros/jazzy/lib/libwaypoint_follower_core.so
[INFO] [1758702042.403200100] [nav2_container]: Found class: rclcpp_components::NodeFactoryTemplate<nav2_waypoint_follower::WaypointFollower>
[INFO] [1758702042.403238770] [nav2_container]: Instantiate class: rclcpp_components::NodeFactoryTemplate<nav2_waypoint_follower::WaypointFollower>
[INFO] [1758702042.413977287] [waypoint_follower]: 
	waypoint_follower lifecycle node launched. 
	Waiting on external lifecycle transitions to activate
	See https://design.ros2.org/articles/node_lifecycle.html for more information.
[INFO] [1758702042.415681529] [waypoint_follower]: Creating
[INFO] [1758702042.422357933] [nav2_container]: Load Library: /opt/ros/jazzy/lib/libvelocity_smoother_core.so
[INFO] [1758702042.426391526] [nav2_container]: Found class: rclcpp_components::NodeFactoryTemplate<nav2_velocity_smoother::VelocitySmoother>
[INFO] [1758702042.426446886] [nav2_container]: Instantiate class: rclcpp_components::NodeFactoryTemplate<nav2_velocity_smoother::VelocitySmoother>
[INFO] [1758702042.437460044] [velocity_smoother]: 
	velocity_smoother lifecycle node launched. 
	Waiting on external lifecycle transitions to activate
	See https://design.ros2.org/articles/node_lifecycle.html for more information.
[INFO] [1758702042.444093928] [nav2_container]: Load Library: /opt/ros/jazzy/lib/libcollision_monitor_core.so
[INFO] [1758702042.445017339] [lifecycle_manager_localization]: Server map_server connected with bond.
[INFO] [1758702042.445094069] [lifecycle_manager_localization]: [34m[1mActivating amcl[0m[0m
[INFO] [1758702042.446710830] [amcl]: Activating
[INFO] [1758702042.446920470] [amcl]: Creating bond (amcl) to lifecycle manager.
[INFO] [1758702042.451698743] [nav2_container]: Found class: rclcpp_components::NodeFactoryTemplate<nav2_collision_monitor::CollisionMonitor>
[INFO] [1758702042.451739253] [nav2_container]: Instantiate class: rclcpp_components::NodeFactoryTemplate<nav2_collision_monitor::CollisionMonitor>
[INFO] [1758702042.492129961] [collision_monitor]: 
	collision_monitor lifecycle node launched. 
	Waiting on external lifecycle transitions to activate
	See https://design.ros2.org/articles/node_lifecycle.html for more information.
[INFO] [1758702042.497746215] [nav2_container]: Load Library: /opt/ros/jazzy/lib/libopennav_docking_core.so
[INFO] [1758702042.502465398] [nav2_container]: Found class: rclcpp_components::NodeFactoryTemplate<opennav_docking::DockingServer>
[INFO] [1758702042.502520828] [nav2_container]: Instantiate class: rclcpp_components::NodeFactoryTemplate<opennav_docking::DockingServer>
[INFO] [1758702042.514778417] [docking_server]: 
	docking_server lifecycle node launched. 
	Waiting on external lifecycle transitions to activate
	See https://design.ros2.org/articles/node_lifecycle.html for more information.
[INFO] [1758702042.514846927] [docking_server]: Creating docking_server
[INFO] [1758702042.520352931] [nav2_container]: Found class: rclcpp_components::NodeFactoryTemplate<nav2_lifecycle_manager::LifecycleManager>
[INFO] [1758702042.520389981] [nav2_container]: Instantiate class: rclcpp_components::NodeFactoryTemplate<nav2_lifecycle_manager::LifecycleManager>
[INFO] [1758702042.533627530] [lifecycle_manager_navigation]: Creating
[INFO] [1758702042.535199961] [lifecycle_manager_navigation]: [34m[1mCreating and initializing lifecycle service clients[0m[0m
[INFO] [1758702042.547386090] [lifecycle_manager_navigation]: [34m[1mStarting managed nodes bringup...[0m[0m
[INFO] [1758702042.547484850] [lifecycle_manager_navigation]: [34m[1mConfiguring controller_server[0m[0m
[INFO] [1758702042.547759020] [controller_server]: Configuring controller interface
[INFO] [1758702042.547805780] [controller_server]: getting progress checker plugins..
[INFO] [1758702042.549110331] [controller_server]: getting goal checker plugins..
[INFO] [1758702042.549707041] [controller_server]: Controller frequency set to 20.0000Hz
[INFO] [1758702042.549812081] [local_costmap.local_costmap]: Configuring
[INFO] [1758702042.554780205] [lifecycle_manager_localization]: Server amcl connected with bond.
[INFO] [1758702042.554829945] [lifecycle_manager_localization]: [34m[1mManaged nodes are active[0m[0m
[INFO] [1758702042.554848465] [lifecycle_manager_localization]: [34m[1mCreating bond timer...[0m[0m
[INFO] [1758702042.561921170] [local_costmap.local_costmap]: Using plugin "voxel_layer"
[INFO] [1758702042.589039428] [local_costmap.local_costmap]: Subscribed to Topics: scan
[INFO] [1758702042.596571903] [local_costmap.local_costmap]: Initialized plugin "voxel_layer"
[INFO] [1758702042.596643493] [local_costmap.local_costmap]: Using plugin "inflation_layer"
[INFO] [1758702042.597488834] [local_costmap.local_costmap]: Initialized plugin "inflation_layer"
[INFO] [1758702042.613029605] [controller_server]: Created progress_checker : progress_checker of type nav2_controller::SimpleProgressChecker
[INFO] [1758702042.613723615] [controller_server]: Controller Server has progress_checker  progress checkers available.
[INFO] [1758702042.614749726] [controller_server]: Created goal checker : general_goal_checker of type nav2_controller::SimpleGoalChecker
[INFO] [1758702042.615386716] [controller_server]: Controller Server has general_goal_checker  goal checkers available.
[INFO] [1758702042.617970708] [controller_server]: Created controller : FollowPath of type nav2_mppi_controller::MPPIController
[INFO] [1758702042.621982391] [controller_server]: Controller period is equal to model dt. Control sequence shifting is ON
[INFO] [1758702042.627336105] [controller_server]: ConstraintCritic instantiated with 1 power and 4.000000 weight.
[INFO] [1758702042.627401445] [controller_server]: Critic loaded : mppi::critics::ConstraintCritic
[INFO] [1758702042.630807617] [controller_server]: InflationCostCritic instantiated with 1 power and 300.000000 / 0.015000 weights. Critic will collision check based on circular cost.
[INFO] [1758702042.630844637] [controller_server]: Critic loaded : mppi::critics::CostCritic
[INFO] [1758702042.632333498] [controller_server]: GoalCritic instantiated with 1 power and 5.000000 weight.
[INFO] [1758702042.632364288] [controller_server]: Critic loaded : mppi::critics::GoalCritic
[INFO] [1758702042.633110479] [controller_server]: GoalAngleCritic instantiated with 1 power, 3.000000 weight, and 0.500000 angular threshold.
[INFO] [1758702042.633147319] [controller_server]: Critic loaded : mppi::critics::GoalAngleCritic
[INFO] [1758702042.634024689] [controller_server]: ReferenceTrajectoryCritic instantiated with 1 power and 14.000000 weight
[INFO] [1758702042.634047769] [controller_server]: Critic loaded : mppi::critics::PathAlignCritic
[INFO] [1758702042.634667460] [controller_server]: Critic loaded : mppi::critics::PathFollowCritic
[INFO] [1758702042.635960401] [controller_server]: PathAngleCritic instantiated with 1 power and 2.000000 weight. Mode set to: Forward Preference
[INFO] [1758702042.635989041] [controller_server]: Critic loaded : mppi::critics::PathAngleCritic
[INFO] [1758702042.636691051] [controller_server]: PreferForwardCritic instantiated with 1 power and 5.000000 weight.
[INFO] [1758702042.636710201] [controller_server]: Critic loaded : mppi::critics::PreferForwardCritic
[INFO] [1758702042.642470675] [controller_server]: Optimizer reset
[INFO] [1758702042.650453481] [MPPIController]: Configured MPPI Controller: FollowPath
[INFO] [1758702042.650503941] [controller_server]: Controller Server has FollowPath  controllers available.
[INFO] [1758702042.659434107] [lifecycle_manager_navigation]: [34m[1mConfiguring smoother_server[0m[0m
[INFO] [1758702042.659649727] [smoother_server]: Configuring smoother server
[INFO] [1758702042.667551082] [smoother_server]: Created smoother : simple_smoother of type nav2_smoother::SimpleSmoother
[INFO] [1758702042.670301994] [smoother_server]: Smoother Server has simple_smoother  smoothers available.
[INFO] [1758702042.680039231] [lifecycle_manager_navigation]: [34m[1mConfiguring planner_server[0m[0m
[INFO] [1758702042.680345071] [planner_server]: Configuring
[INFO] [1758702042.680434321] [global_costmap.global_costmap]: Configuring
[INFO] [1758702042.684864414] [global_costmap.global_costmap]: Using plugin "static_layer"
[INFO] [1758702042.686391106] [global_costmap.global_costmap]: Subscribing to the map topic (/map) with transient local durability
[INFO] [1758702042.686778726] [global_costmap.global_costmap]: Initialized plugin "static_layer"
[INFO] [1758702042.686798136] [global_costmap.global_costmap]: Using plugin "obstacle_layer"
[INFO] [1758702042.687517166] [global_costmap.global_costmap]: Subscribed to Topics: scan
[INFO] [1758702042.691242419] [global_costmap.global_costmap]: Initialized plugin "obstacle_layer"
[INFO] [1758702042.691266739] [global_costmap.global_costmap]: Using plugin "inflation_layer"
[INFO] [1758702042.692547060] [global_costmap.global_costmap]: Initialized plugin "inflation_layer"
[INFO] [1758702042.703023457] [global_costmap.global_costmap]: StaticLayer: Resizing costmap to 170 X 170 at 0.050000 m/pix
[INFO] [1758702042.705537969] [planner_server]: Created global planner plugin GridBased of type nav2_navfn_planner::NavfnPlanner
[INFO] [1758702042.705589979] [planner_server]: Configuring plugin GridBased of type NavfnPlanner
[INFO] [1758702042.708215281] [planner_server]: Planner Server has GridBased  planners available.
[INFO] [1758702042.718345978] [lifecycle_manager_navigation]: [34m[1mConfiguring behavior_server[0m[0m
[INFO] [1758702042.719208148] [behavior_server]: Configuring
[INFO] [1758702042.725693183] [behavior_server]: Creating behavior plugin spin of type nav2_behaviors::Spin
[INFO] [1758702042.728973045] [behavior_server]: Creating behavior plugin backup of type nav2_behaviors::BackUp
[INFO] [1758702042.730916376] [behavior_server]: Creating behavior plugin drive_on_heading of type nav2_behaviors::DriveOnHeading
[INFO] [1758702042.732515577] [behavior_server]: Creating behavior plugin assisted_teleop of type nav2_behaviors::AssistedTeleop
[INFO] [1758702042.735161959] [behavior_server]: Creating behavior plugin wait of type nav2_behaviors::Wait
[INFO] [1758702042.737443391] [behavior_server]: Configuring spin
[INFO] [1758702042.742153834] [behavior_server]: Configuring backup
[INFO] [1758702042.744622956] [behavior_server]: Configuring drive_on_heading
[INFO] [1758702042.747283708] [behavior_server]: Configuring assisted_teleop
[WARN] [1758702042.752424891] [amcl]: New subscription discovered on topic '/particle_cloud', requesting incompatible QoS. No messages will be sent to it. Last incompatible policy: RELIABILITY_QOS_POLICY
[INFO] [1758702042.756768014] [behavior_server]: Configuring wait
[INFO] [1758702042.765682290] [lifecycle_manager_navigation]: [34m[1mConfiguring velocity_smoother[0m[0m
[INFO] [1758702042.766074681] [velocity_smoother]: Configuring velocity smoother
[INFO] [1758702042.776345658] [lifecycle_manager_navigation]: [34m[1mConfiguring collision_monitor[0m[0m
[INFO] [1758702042.777773989] [collision_monitor]: Configuring
[INFO] [1758702042.785989954] [collision_monitor]: [scan]: Creating Scan
[INFO] [1758702042.788935546] [collision_monitor]: [FootprintApproach]: Creating Polygon
[INFO] [1758702042.789709787] [collision_monitor]: [FootprintApproach]: Polygon points are not defined. Using dynamic subscription instead.
[INFO] [1758702042.790760218] [collision_monitor]: [FootprintApproach]: Making footprint subscriber on /local_costmap/published_footprint topic
[INFO] [1758702042.794629380] [lifecycle_manager_navigation]: [34m[1mConfiguring bt_navigator[0m[0m
[INFO] [1758702042.794824490] [bt_navigator]: Configuring
[INFO] [1758702042.798425293] [bt_navigator]: Creating navigator id navigate_to_pose of type nav2_bt_navigator::NavigateToPoseNavigator
[INFO] [1758702042.869686422] [bt_navigator]: Creating navigator id navigate_through_poses of type nav2_bt_navigator::NavigateThroughPosesNavigator
[INFO] [1758702042.910339540] [lifecycle_manager_navigation]: [34m[1mConfiguring waypoint_follower[0m[0m
[INFO] [1758702042.911261771] [waypoint_follower]: Configuring
[INFO] [1758702042.929799904] [waypoint_follower]: Created waypoint_task_executor : wait_at_waypoint of type nav2_waypoint_follower::WaitAtWaypoint
[INFO] [1758702042.932397855] [lifecycle_manager_navigation]: [34m[1mConfiguring docking_server[0m[0m
[INFO] [1758702042.932985706] [docking_server]: Configuring docking_server
[INFO] [1758702042.933102366] [docking_server]: Controller frequency set to 50.0000Hz
[INFO] [1758702042.991226186] [docking_server]: Created charging dock plugin simple_charging_dock of type opennav_docking::SimpleChargingDock
[WARN] [1758702042.995327689] [docking_server]: Dock database filepath nor dock parameters set. Docking actions can only be executed specifying the dock pose via the action request. Or update the dock database via the reload_database service.
[INFO] [1758702042.995381279] [docking_server]: Docking Server has 1 dock types and 0 dock instances available.
[INFO] [1758702042.999277262] [lifecycle_manager_navigation]: [34m[1mActivating controller_server[0m[0m
[INFO] [1758702042.999547092] [controller_server]: Activating
[INFO] [1758702042.999613672] [local_costmap.local_costmap]: Activating
[INFO] [1758702042.999635162] [local_costmap.local_costmap]: Checking transform
[INFO] [1758702042.999697702] [local_costmap.local_costmap]: Timed out waiting for transform from base_link to odom to become available, tf error: Invalid frame ID "odom" passed to canTransform argument target_frame - frame does not exist
[INFO] [1758702043.499744617] [local_costmap.local_costmap]: Timed out waiting for transform from base_link to odom to become available, tf error: Invalid frame ID "odom" passed to canTransform argument target_frame - frame does not exist
[INFO] [1758702043.999756672] [local_costmap.local_costmap]: Timed out waiting for transform from base_link to odom to become available, tf error: Invalid frame ID "odom" passed to canTransform argument target_frame - frame does not exist
[INFO] [1758702044.499755146] [local_costmap.local_costmap]: Timed out waiting for transform from base_link to odom to become available, tf error: Invalid frame ID "odom" passed to canTransform argument target_frame - frame does not exist
[INFO] [1758702044.999826770] [local_costmap.local_costmap]: Timed out waiting for transform from base_link to odom to become available, tf error: Invalid frame ID "odom" passed to canTransform argument target_frame - frame does not exist
[INFO] [1758702045.082610657] [amcl]: initialPoseReceived
[INFO] [1758702045.083295748] [amcl]: Setting pose (0.006000): -2.306 1.825 -1.684
[INFO] [1758702045.499745134] [local_costmap.local_costmap]: Timed out waiting for transform from base_link to odom to become available, tf error: Invalid frame ID "odom" passed to canTransform argument target_frame - frame does not exist
[INFO] [1758702045.999862818] [local_costmap.local_costmap]: Timed out waiting for transform from base_link to odom to become available, tf error: Invalid frame ID "odom" passed to canTransform argument target_frame - frame does not exist
[INFO] [1758702046.499791791] [local_costmap.local_costmap]: Timed out waiting for transform from base_link to odom to become available, tf error: Invalid frame ID "odom" passed to canTransform argument target_frame - frame does not exist
[INFO] [1758702046.999796755] [local_costmap.local_costmap]: Timed out waiting for transform from base_link to odom to become available, tf error: Invalid frame ID "odom" passed to canTransform argument target_frame - frame does not exist
[INFO] [1758702047.499794067] [local_costmap.local_costmap]: Timed out waiting for transform from base_link to odom to become available, tf error: Invalid frame ID "odom" passed to canTransform argument target_frame - frame does not exist
[INFO] [1758702047.999761520] [local_costmap.local_costmap]: Timed out waiting for transform from base_link to odom to become available, tf error: Invalid frame ID "odom" passed to canTransform argument target_frame - frame does not exist
[INFO] [1758702048.499759832] [local_costmap.local_costmap]: Timed out waiting for transform from base_link to odom to become available, tf error: Invalid frame ID "odom" passed to canTransform argument target_frame - frame does not exist
[INFO] [1758702049.001438966] [local_costmap.local_costmap]: start
[WARN] [1758702049.203898144] [controller_server]: Parameter controller_server.verbose not found
[INFO] [1758702049.206326556] [controller_server]: Optimizer reset
[INFO] [1758702049.206716516] [MPPIController]: Activated MPPI Controller: FollowPath
[INFO] [1758702049.206751916] [controller_server]: Creating bond (controller_server) to lifecycle manager.
[INFO] [1758702049.309681656] [lifecycle_manager_navigation]: Server controller_server connected with bond.
[INFO] [1758702049.309744987] [lifecycle_manager_navigation]: [34m[1mActivating smoother_server[0m[0m
[INFO] [1758702049.310114487] [smoother_server]: Activating
[INFO] [1758702049.310174117] [smoother_server]: Creating bond (smoother_server) to lifecycle manager.
[INFO] [1758702049.412524437] [lifecycle_manager_navigation]: Server smoother_server connected with bond.
[INFO] [1758702049.412617867] [lifecycle_manager_navigation]: [34m[1mActivating planner_server[0m[0m
[INFO] [1758702049.413728378] [planner_server]: Activating
[INFO] [1758702049.413965768] [global_costmap.global_costmap]: Activating
[INFO] [1758702049.413989918] [global_costmap.global_costmap]: Checking transform
[INFO] [1758702049.414028308] [global_costmap.global_costmap]: Timed out waiting for transform from base_link to map to become available, tf error: Could not find a connection between 'map' and 'base_link' because they are not part of the same tree.Tf has two or more unconnected trees.
[INFO] [1758702049.711959921] [amcl]: createLaserObject
[INFO] [1758702049.914173280] [global_costmap.global_costmap]: Timed out waiting for transform from base_link to map to become available, tf error: Lookup would require extrapolation into the past.  Requested time 0.360000 but the earliest data is at time 1.102000, when looking up transform from frame [base_link] to frame [map]
[INFO] [1758702050.414124141] [global_costmap.global_costmap]: Timed out waiting for transform from base_link to map to become available, tf error: Lookup would require extrapolation into the past.  Requested time 0.828000 but the earliest data is at time 1.102000, when looking up transform from frame [base_link] to frame [map]
[INFO] [1758702050.591483912] [amcl]: Message Filter dropping message: frame 'rplidar_link' at time 0.006 for reason 'the timestamp on the message is earlier than all the data in the transform cache'
[INFO] [1758702050.914115862] [global_costmap.global_costmap]: Timed out waiting for transform from base_link to map to become available, tf error: Lookup would require extrapolation into the past.  Requested time 1.080000 but the earliest data is at time 1.102000, when looking up transform from frame [base_link] to frame [map]
[INFO] [1758702051.414168303] [global_costmap.global_costmap]: Timed out waiting for transform from base_link to map to become available, tf error: Lookup would require extrapolation into the past.  Requested time 1.080000 but the earliest data is at time 1.102000, when looking up transform from frame [base_link] to frame [map]
[INFO] [1758702051.914352454] [global_costmap.global_costmap]: start
[INFO] [1758702052.965743649] [planner_server]: Activating plugin GridBased of type NavfnPlanner
[INFO] [1758702052.967332050] [planner_server]: Creating bond (planner_server) to lifecycle manager.
[INFO] [1758702053.073166762] [lifecycle_manager_navigation]: Server planner_server connected with bond.
[INFO] [1758702053.073216952] [lifecycle_manager_navigation]: [34m[1mActivating behavior_server[0m[0m
[INFO] [1758702053.073739373] [behavior_server]: Activating
[INFO] [1758702053.073796813] [behavior_server]: Activating spin
[INFO] [1758702053.073993173] [behavior_server]: Activating backup
[INFO] [1758702053.074019383] [behavior_server]: Activating drive_on_heading
[INFO] [1758702053.074041113] [behavior_server]: Activating assisted_teleop
[INFO] [1758702053.074056553] [behavior_server]: Activating wait
[INFO] [1758702053.074083653] [behavior_server]: Creating bond (behavior_server) to lifecycle manager.
[INFO] [1758702053.179745745] [lifecycle_manager_navigation]: Server behavior_server connected with bond.
[INFO] [1758702053.179840025] [lifecycle_manager_navigation]: [34m[1mActivating velocity_smoother[0m[0m
[INFO] [1758702053.180415475] [velocity_smoother]: Activating
[INFO] [1758702053.180532885] [velocity_smoother]: Creating bond (velocity_smoother) to lifecycle manager.
[INFO] [1758702053.284906896] [lifecycle_manager_navigation]: Server velocity_smoother connected with bond.
[INFO] [1758702053.285031876] [lifecycle_manager_navigation]: [34m[1mActivating collision_monitor[0m[0m
[INFO] [1758702053.286070137] [collision_monitor]: Activating
[INFO] [1758702053.286575177] [collision_monitor]: Creating bond (collision_monitor) to lifecycle manager.
[INFO] [1758702053.390016108] [lifecycle_manager_navigation]: Server collision_monitor connected with bond.
[INFO] [1758702053.390132668] [lifecycle_manager_navigation]: [34m[1mActivating bt_navigator[0m[0m
[INFO] [1758702053.390758288] [bt_navigator]: Activating
[INFO] [1758702053.421214649] [bt_navigator]: Creating bond (bt_navigator) to lifecycle manager.
[INFO] [1758702053.531534054] [lifecycle_manager_navigation]: Server bt_navigator connected with bond.
[INFO] [1758702053.531573364] [lifecycle_manager_navigation]: [34m[1mActivating waypoint_follower[0m[0m
[INFO] [1758702053.531939964] [waypoint_follower]: Activating
[INFO] [1758702053.531995204] [waypoint_follower]: Creating bond (waypoint_follower) to lifecycle manager.
[INFO] [1758702053.634627014] [lifecycle_manager_navigation]: Server waypoint_follower connected with bond.
[INFO] [1758702053.634716714] [lifecycle_manager_navigation]: [34m[1mActivating docking_server[0m[0m
[INFO] [1758702053.635196484] [docking_server]: Activating docking_server
[INFO] [1758702053.641877319] [docking_server]: Creating bond (docking_server) to lifecycle manager.
[INFO] [1758702053.748067481] [lifecycle_manager_navigation]: Server docking_server connected with bond.
[INFO] [1758702053.748155661] [lifecycle_manager_navigation]: [34m[1mManaged nodes are active[0m[0m
[INFO] [1758702053.748169441] [lifecycle_manager_navigation]: [34m[1mCreating bond timer...[0m[0m
[INFO] [1758702054.381511051] [bt_navigator]: Begin navigating from current location through 1 poses to (2.71, -1.97)
[INFO] [1758702054.403204735] [controller_server]: Received a goal, begin computing control effort.
[WARN] [1758702054.403277116] [controller_server]: No goal checker was specified in parameter 'current_goal_checker'. Server will use only plugin loaded general_goal_checker . This warning will appear once.
[WARN] [1758702054.403293516] [controller_server]: No progress checker was specified in parameter 'current_progress_checker'. Server will use only plugin loaded progress_checker . This warning will appear once.
[INFO] [1758702055.209683802] [controller_server]: Optimizer reset
[INFO] [1758702055.218443928] [controller_server]: Optimizer reset
[WARN] [1758702055.218577598] [controller_server]: Optimizer fail to compute path
[INFO] [1758702055.259794396] [controller_server]: Optimizer reset
[INFO] [1758702055.272541615] [controller_server]: Optimizer reset
[WARN] [1758702055.272661135] [controller_server]: Optimizer fail to compute path
[INFO] [1758702055.307688159] [controller_server]: Optimizer reset
[INFO] [1758702055.315208094] [controller_server]: Optimizer reset
[WARN] [1758702055.315284054] [controller_server]: Optimizer fail to compute path
[INFO] [1758702055.362487686] [controller_server]: Optimizer reset
[INFO] [1758702055.373293273] [controller_server]: Optimizer reset
[WARN] [1758702055.373440693] [controller_server]: Optimizer fail to compute path
[INFO] [1758702055.409370978] [controller_server]: Optimizer reset
[INFO] [1758702055.414818491] [controller_server]: Optimizer reset
[WARN] [1758702055.414898141] [controller_server]: Optimizer fail to compute path
[INFO] [1758702055.460106022] [controller_server]: Optimizer reset
[INFO] [1758702055.474268132] [controller_server]: Optimizer reset
[WARN] [1758702055.474414742] [controller_server]: Optimizer fail to compute path
[INFO] [1758702055.509642226] [controller_server]: Optimizer reset
[INFO] [1758702055.516759850] [controller_server]: Optimizer reset
[WARN] [1758702055.516900740] [controller_server]: Optimizer fail to compute path
[ERROR] [1758702055.516978901] [controller_server]: Controller patience exceeded
[INFO] [1758702055.519385062] [controller_server]: Optimizer reset
[WARN] [1758702055.519427262] [controller_server]: [follow_path] [ActionServer] Aborting handle.
[INFO] [1758702055.532100421] [local_costmap.local_costmap]: Received request to clear entirely the local_costmap
[INFO] [1758702055.532997881] [controller_server]: Received a goal, begin computing control effort.
[INFO] [1758702055.610152594] [controller_server]: Optimizer reset
[INFO] [1758702055.617932399] [controller_server]: Optimizer reset
[WARN] [1758702055.618031869] [controller_server]: Optimizer fail to compute path
[WARN] [1758702055.618223799] [controller_server]: Control loop missed its desired rate of 20.0000 Hz. Current loop rate is 11.4943 Hz.
[INFO] [1758702055.624474003] [controller_server]: Optimizer reset
[INFO] [1758702055.628977197] [controller_server]: Optimizer reset
[WARN] [1758702055.629033807] [controller_server]: Optimizer fail to compute path
[INFO] [1758702055.639177353] [controller_server]: Optimizer reset
[INFO] [1758702055.648693230] [controller_server]: Optimizer reset
[WARN] [1758702055.648840520] [controller_server]: Optimizer fail to compute path
[INFO] [1758702055.694503861] [controller_server]: Optimizer reset
[INFO] [1758702055.702439736] [controller_server]: Optimizer reset
[WARN] [1758702055.702561546] [controller_server]: Optimizer fail to compute path
[INFO] [1758702055.740783022] [controller_server]: Optimizer reset
[INFO] [1758702055.753778961] [controller_server]: Optimizer reset
[WARN] [1758702055.753905311] [controller_server]: Optimizer fail to compute path
[INFO] [1758702055.792787527] [controller_server]: Optimizer reset
[INFO] [1758702055.801653343] [controller_server]: Optimizer reset
[WARN] [1758702055.801795714] [controller_server]: Optimizer fail to compute path
[INFO] [1758702055.839844399] [controller_server]: Optimizer reset
[INFO] [1758702055.846142654] [controller_server]: Optimizer reset
[WARN] [1758702055.846214174] [controller_server]: Optimizer fail to compute path
[ERROR] [1758702055.846241214] [controller_server]: Controller patience exceeded
[INFO] [1758702055.848162605] [controller_server]: Optimizer reset
[WARN] [1758702055.848186145] [controller_server]: [follow_path] [ActionServer] Aborting handle.
[INFO] [1758702055.862421835] [local_costmap.local_costmap]: Received request to clear entirely the local_costmap
[INFO] [1758702055.862817505] [global_costmap.global_costmap]: Received request to clear entirely the global_costmap
[WARN] [1758702055.925891508] [planner_server]: Planner loop missed its desired rate of 20.0000 Hz. Current loop rate is 16.6667 Hz
[INFO] [1758702055.942692229] [controller_server]: Received a goal, begin computing control effort.
[INFO] [1758702056.007716803] [controller_server]: Optimizer reset
[INFO] [1758702056.016797459] [controller_server]: Optimizer reset
[WARN] [1758702056.016918409] [controller_server]: Optimizer fail to compute path
[WARN] [1758702056.017110569] [controller_server]: Control loop missed its desired rate of 20.0000 Hz. Current loop rate is 13.8889 Hz.
[INFO] [1758702056.025025065] [controller_server]: Optimizer reset
[INFO] [1758702056.029783468] [controller_server]: Optimizer reset
[WARN] [1758702056.029878698] [controller_server]: Optimizer fail to compute path
[INFO] [1758702056.051337222] [controller_server]: Optimizer reset
[INFO] [1758702056.061600549] [controller_server]: Optimizer reset
[WARN] [1758702056.061725649] [controller_server]: Optimizer fail to compute path
[INFO] [1758702056.100377266] [controller_server]: Optimizer reset
[INFO] [1758702056.107831971] [controller_server]: Optimizer reset
[WARN] [1758702056.107959881] [controller_server]: Optimizer fail to compute path
[INFO] [1758702056.147990798] [controller_server]: Optimizer reset
[INFO] [1758702056.154631682] [controller_server]: Optimizer reset
[WARN] [1758702056.154783142] [controller_server]: Optimizer fail to compute path
[INFO] [1758702056.199049282] [controller_server]: Optimizer reset
[INFO] [1758702056.204084986] [controller_server]: Optimizer reset
[WARN] [1758702056.204164876] [controller_server]: Optimizer fail to compute path
[INFO] [1758702056.249768387] [controller_server]: Optimizer reset
[INFO] [1758702056.255815711] [controller_server]: Optimizer reset
[WARN] [1758702056.255892741] [controller_server]: Optimizer fail to compute path
[INFO] [1758702056.296484018] [controller_server]: Optimizer reset
[INFO] [1758702056.304164364] [controller_server]: Optimizer reset
[WARN] [1758702056.304300714] [controller_server]: Optimizer fail to compute path
[INFO] [1758702056.348332283] [controller_server]: Optimizer reset
[INFO] [1758702056.354865208] [controller_server]: Optimizer reset
[WARN] [1758702056.354931588] [controller_server]: Optimizer fail to compute path
[INFO] [1758702056.396702066] [controller_server]: Optimizer reset
[INFO] [1758702056.402224150] [controller_server]: Optimizer reset
[WARN] [1758702056.402313570] [controller_server]: Optimizer fail to compute path
[ERROR] [1758702056.402347870] [controller_server]: Controller patience exceeded
[INFO] [1758702056.404635941] [controller_server]: Optimizer reset
[WARN] [1758702056.404687602] [controller_server]: [follow_path] [ActionServer] Aborting handle.
[INFO] [1758702056.422482943] [local_costmap.local_costmap]: Received request to clear entirely the local_costmap
[INFO] [1758702056.423615774] [controller_server]: Received a goal, begin computing control effort.
[INFO] [1758702056.612631492] [controller_server]: Optimizer reset
[INFO] [1758702056.622291959] [controller_server]: Optimizer reset
[WARN] [1758702056.622473379] [controller_server]: Optimizer fail to compute path
[WARN] [1758702056.623220159] [controller_server]: Control loop missed its desired rate of 20.0000 Hz. Current loop rate is 5.0505 Hz.
[INFO] [1758702056.631141765] [controller_server]: Optimizer reset
[INFO] [1758702056.639976171] [controller_server]: Optimizer reset
[WARN] [1758702056.640127451] [controller_server]: Optimizer fail to compute path
[INFO] [1758702056.700964812] [controller_server]: Optimizer reset
[INFO] [1758702056.711510809] [controller_server]: Optimizer reset
[WARN] [1758702056.711667509] [controller_server]: Optimizer fail to compute path
[INFO] [1758702056.768187277] [controller_server]: Optimizer reset
[INFO] [1758702056.774086451] [controller_server]: Optimizer reset
[WARN] [1758702056.774155211] [controller_server]: Optimizer fail to compute path
[ERROR] [1758702056.774176951] [controller_server]: Controller patience exceeded
[INFO] [1758702056.776030783] [controller_server]: Optimizer reset
[WARN] [1758702056.776067353] [controller_server]: [follow_path] [ActionServer] Aborting handle.
[INFO] [1758702056.792765384] [behavior_server]: Running spin
[INFO] [1758702056.792986844] [behavior_server]: Turning 1.57 for spin behavior.
[WARN] [1758702057.193314265] [behavior_server]: Collision Ahead - Exiting Spin
[WARN] [1758702057.193385695] [behavior_server]: spin failed
[WARN] [1758702057.193410815] [behavior_server]: [spin] [ActionServer] Aborting handle.
[INFO] [1758702057.212551968] [behavior_server]: Running wait
[INFO] [1758702062.812825516] [behavior_server]: wait completed successfully
[INFO] [1758702062.853026283] [controller_server]: Received a goal, begin computing control effort.
[INFO] [1758702062.858650206] [controller_server]: Optimizer reset
[INFO] [1758702062.864412780] [controller_server]: Optimizer reset
[WARN] [1758702062.864471370] [controller_server]: Optimizer fail to compute path
[INFO] [1758702062.914456494] [controller_server]: Optimizer reset
[INFO] [1758702062.923514790] [controller_server]: Optimizer reset
[WARN] [1758702062.923610610] [controller_server]: Optimizer fail to compute path
[INFO] [1758702062.958153103] [controller_server]: Optimizer reset
[INFO] [1758702062.963870637] [controller_server]: Optimizer reset
[WARN] [1758702062.963971117] [controller_server]: Optimizer fail to compute path
[INFO] [1758702063.009651948] [controller_server]: Optimizer reset
[INFO] [1758702063.015278801] [controller_server]: Optimizer reset
[WARN] [1758702063.015347781] [controller_server]: Optimizer fail to compute path
[INFO] [1758702063.057022319] [controller_server]: Optimizer reset
[INFO] [1758702063.065098915] [controller_server]: Optimizer reset
[WARN] [1758702063.065222625] [controller_server]: Optimizer fail to compute path
[INFO] [1758702063.108504314] [controller_server]: Optimizer reset
[INFO] [1758702063.113656097] [controller_server]: Optimizer reset
[WARN] [1758702063.113842507] [controller_server]: Optimizer fail to compute path
[INFO] [1758702063.159876708] [controller_server]: Optimizer reset
[INFO] [1758702063.166499223] [controller_server]: Optimizer reset
[WARN] [1758702063.166643953] [controller_server]: Optimizer fail to compute path
[ERROR] [1758702063.166688663] [controller_server]: Controller patience exceeded
[INFO] [1758702063.168910074] [controller_server]: Optimizer reset
[WARN] [1758702063.169009334] [controller_server]: [follow_path] [ActionServer] Aborting handle.
[INFO] [1758702063.182100563] [local_costmap.local_costmap]: Received request to clear entirely the local_costmap
[INFO] [1758702063.182923584] [controller_server]: Received a goal, begin computing control effort.
[INFO] [1758702063.210891792] [controller_server]: Optimizer reset
[INFO] [1758702063.220985169] [controller_server]: Optimizer reset
[WARN] [1758702063.221107849] [controller_server]: Optimizer fail to compute path
[INFO] [1758702063.242422043] [controller_server]: Optimizer reset
[INFO] [1758702063.248315097] [controller_server]: Optimizer reset
[WARN] [1758702063.248424317] [controller_server]: Optimizer fail to compute path
[INFO] [1758702063.289279005] [controller_server]: Optimizer reset
[INFO] [1758702063.294615108] [controller_server]: Optimizer reset
[WARN] [1758702063.294662348] [controller_server]: Optimizer fail to compute path
[INFO] [1758702063.339196478] [controller_server]: Optimizer reset
[INFO] [1758702063.344870102] [controller_server]: Optimizer reset
[WARN] [1758702063.344991332] [controller_server]: Optimizer fail to compute path
[INFO] [1758702063.388452211] [controller_server]: Optimizer reset
[INFO] [1758702063.392586734] [controller_server]: Optimizer reset
[WARN] [1758702063.392661764] [controller_server]: Optimizer fail to compute path
[INFO] [1758702063.439972036] [controller_server]: Optimizer reset
[INFO] [1758702063.444791929] [controller_server]: Optimizer reset
[WARN] [1758702063.444893249] [controller_server]: Optimizer fail to compute path
[INFO] [1758702063.486988607] [controller_server]: Optimizer reset
[INFO] [1758702063.491642770] [controller_server]: Optimizer reset
[WARN] [1758702063.491693210] [controller_server]: Optimizer fail to compute path
[ERROR] [1758702063.491711700] [controller_server]: Controller patience exceeded
[INFO] [1758702063.493674482] [controller_server]: Optimizer reset
[WARN] [1758702063.493703452] [controller_server]: [follow_path] [ActionServer] Aborting handle.
[INFO] [1758702063.512308514] [behavior_server]: Running backup
[WARN] [1758702063.512549164] [behavior_server]: Collision Ahead - Exiting DriveOnHeading
[WARN] [1758702063.512565804] [behavior_server]: backup failed
[WARN] [1758702063.512591554] [behavior_server]: [backup] [ActionServer] Aborting handle.
[INFO] [1758702063.532574098] [local_costmap.local_costmap]: Received request to clear entirely the local_costmap
[INFO] [1758702063.532992268] [global_costmap.global_costmap]: Received request to clear entirely the global_costmap
[WARN] [1758702063.925830501] [planner_server]: Planner loop missed its desired rate of 20.0000 Hz. Current loop rate is 3.4014 Hz
[INFO] [1758702063.942736492] [controller_server]: Received a goal, begin computing control effort.
[INFO] [1758702063.947311725] [controller_server]: Optimizer reset
[INFO] [1758702063.953472959] [controller_server]: Optimizer reset
[WARN] [1758702063.953563219] [controller_server]: Optimizer fail to compute path
[INFO] [1758702064.000107061] [controller_server]: Optimizer reset
[INFO] [1758702064.006303775] [controller_server]: Optimizer reset
[WARN] [1758702064.006396915] [controller_server]: Optimizer fail to compute path
[INFO] [1758702064.048234343] [controller_server]: Optimizer reset
[INFO] [1758702064.055005727] [controller_server]: Optimizer reset
[WARN] [1758702064.055077107] [controller_server]: Optimizer fail to compute path
[INFO] [1758702064.098950137] [controller_server]: Optimizer reset
[INFO] [1758702064.105953761] [controller_server]: Optimizer reset
[WARN] [1758702064.106092901] [controller_server]: Optimizer fail to compute path
[INFO] [1758702064.148091159] [controller_server]: Optimizer reset
[INFO] [1758702064.157084545] [controller_server]: Optimizer reset
[WARN] [1758702064.157211995] [controller_server]: Optimizer fail to compute path
[INFO] [1758702064.197520093] [controller_server]: Optimizer reset
[INFO] [1758702064.204358687] [controller_server]: Optimizer reset
[WARN] [1758702064.204494587] [controller_server]: Optimizer fail to compute path
[INFO] [1758702064.249309907] [controller_server]: Optimizer reset
[INFO] [1758702064.261699475] [controller_server]: Optimizer reset
[WARN] [1758702064.261855556] [controller_server]: Optimizer fail to compute path
[ERROR] [1758702064.261903156] [controller_server]: Controller patience exceeded
[INFO] [1758702064.263656477] [controller_server]: Optimizer reset
[WARN] [1758702064.263677757] [controller_server]: [follow_path] [ActionServer] Aborting handle.
[INFO] [1758702064.282451259] [local_costmap.local_costmap]: Received request to clear entirely the local_costmap
[INFO] [1758702064.283816050] [controller_server]: Received a goal, begin computing control effort.
[INFO] [1758702064.412215686] [controller_server]: Optimizer reset
[INFO] [1758702064.419434811] [controller_server]: Optimizer reset
[WARN] [1758702064.419588191] [controller_server]: Optimizer fail to compute path
[WARN] [1758702064.419816141] [controller_server]: Control loop missed its desired rate of 20.0000 Hz. Current loop rate is 7.5758 Hz.
[INFO] [1758702064.429855558] [controller_server]: Optimizer reset
[INFO] [1758702064.435645372] [controller_server]: Optimizer reset
[WARN] [1758702064.435710792] [controller_server]: Optimizer fail to compute path
[INFO] [1758702064.490458838] [controller_server]: Optimizer reset
[INFO] [1758702064.496147042] [controller_server]: Optimizer reset
[WARN] [1758702064.496207682] [controller_server]: Optimizer fail to compute path
[INFO] [1758702064.551037739] [controller_server]: Optimizer reset
[INFO] [1758702064.556521932] [controller_server]: Optimizer reset
[WARN] [1758702064.556581282] [controller_server]: Optimizer fail to compute path
[INFO] [1758702064.612733720] [controller_server]: Optimizer reset
[INFO] [1758702064.618603194] [controller_server]: Optimizer reset
[WARN] [1758702064.618677354] [controller_server]: Optimizer fail to compute path
[ERROR] [1758702064.618715214] [controller_server]: Controller patience exceeded
[INFO] [1758702064.620727815] [controller_server]: Optimizer reset
[WARN] [1758702064.620791465] [controller_server]: [follow_path] [ActionServer] Aborting handle.
[INFO] [1758702064.632523213] [behavior_server]: Running spin
[INFO] [1758702064.632670113] [behavior_server]: Turning 1.57 for spin behavior.
[WARN] [1758702065.132963468] [behavior_server]: Collision Ahead - Exiting Spin
[WARN] [1758702065.133059398] [behavior_server]: spin failed
[WARN] [1758702065.133076478] [behavior_server]: [spin] [ActionServer] Aborting handle.
[INFO] [1758702065.152500471] [behavior_server]: Running wait
[INFO] [1758702071.552762304] [behavior_server]: wait completed successfully
[INFO] [1758702071.594449421] [controller_server]: Received a goal, begin computing control effort.
[INFO] [1758702071.599309455] [controller_server]: Optimizer reset
[INFO] [1758702071.607428440] [controller_server]: Optimizer reset
[WARN] [1758702071.607518510] [controller_server]: Optimizer fail to compute path
[INFO] [1758702071.651086949] [controller_server]: Optimizer reset
[INFO] [1758702071.660950015] [controller_server]: Optimizer reset
[WARN] [1758702071.661189745] [controller_server]: Optimizer fail to compute path
[INFO] [1758702071.699636761] [controller_server]: Optimizer reset
[INFO] [1758702071.707518666] [controller_server]: Optimizer reset
[WARN] [1758702071.707642486] [controller_server]: Optimizer fail to compute path
[INFO] [1758702071.751644875] [controller_server]: Optimizer reset
[INFO] [1758702071.758341670] [controller_server]: Optimizer reset
[WARN] [1758702071.758519150] [controller_server]: Optimizer fail to compute path
[INFO] [1758702071.798814256] [controller_server]: Optimizer reset
[INFO] [1758702071.807541822] [controller_server]: Optimizer reset
[WARN] [1758702071.807635622] [controller_server]: Optimizer fail to compute path
[INFO] [1758702071.849162210] [controller_server]: Optimizer reset
[INFO] [1758702071.857063625] [controller_server]: Optimizer reset
[WARN] [1758702071.858204466] [controller_server]: Optimizer fail to compute path
[INFO] [1758702071.902793475] [controller_server]: Optimizer reset
[INFO] [1758702071.910900781] [controller_server]: Optimizer reset
[WARN] [1758702071.910962451] [controller_server]: Optimizer fail to compute path
[INFO] [1758702071.948631915] [controller_server]: Optimizer reset
[INFO] [1758702071.960180403] [controller_server]: Optimizer reset
[WARN] [1758702071.960329313] [controller_server]: Optimizer fail to compute path
[ERROR] [1758702071.960367163] [controller_server]: Controller patience exceeded
[INFO] [1758702071.962460325] [controller_server]: Optimizer reset
[WARN] [1758702071.962495015] [controller_server]: [follow_path] [ActionServer] Aborting handle.
[INFO] [1758702071.983071758] [local_costmap.local_costmap]: Received request to clear entirely the local_costmap
[INFO] [1758702071.984120729] [controller_server]: Received a goal, begin computing control effort.
[INFO] [1758702072.007978945] [controller_server]: Optimizer reset
[INFO] [1758702072.013157188] [controller_server]: Optimizer reset
[WARN] [1758702072.013216738] [controller_server]: Optimizer fail to compute path
[INFO] [1758702072.040100756] [controller_server]: Optimizer reset
[INFO] [1758702072.047561411] [controller_server]: Optimizer reset
[WARN] [1758702072.047674051] [controller_server]: Optimizer fail to compute path
[INFO] [1758702072.091657410] [controller_server]: Optimizer reset
[INFO] [1758702072.099446275] [controller_server]: Optimizer reset
[WARN] [1758702072.099618375] [controller_server]: Optimizer fail to compute path
[INFO] [1758702072.145080915] [controller_server]: Optimizer reset
[INFO] [1758702072.152555910] [controller_server]: Optimizer reset
[WARN] [1758702072.152690950] [controller_server]: Optimizer fail to compute path
[INFO] [1758702072.198795281] [controller_server]: Optimizer reset
[INFO] [1758702072.204721485] [controller_server]: Optimizer reset
[WARN] [1758702072.204783355] [controller_server]: Optimizer fail to compute path
[INFO] [1758702072.243622560] [controller_server]: Optimizer reset
[INFO] [1758702072.251468436] [controller_server]: Optimizer reset
[WARN] [1758702072.251551116] [controller_server]: Optimizer fail to compute path
[INFO] [1758702072.292712433] [controller_server]: Optimizer reset
[INFO] [1758702072.300619448] [controller_server]: Optimizer reset
[WARN] [1758702072.300767738] [controller_server]: Optimizer fail to compute path
[INFO] [1758702072.339322224] [controller_server]: Optimizer reset
[INFO] [1758702072.346518698] [controller_server]: Optimizer reset
[WARN] [1758702072.346608318] [controller_server]: Optimizer fail to compute path
[INFO] [1758702072.391109308] [controller_server]: Optimizer reset
[INFO] [1758702072.397805652] [controller_server]: Optimizer reset
[WARN] [1758702072.397963412] [controller_server]: Optimizer fail to compute path
[ERROR] [1758702072.398014262] [controller_server]: Controller patience exceeded
[INFO] [1758702072.400340034] [controller_server]: Optimizer reset
[WARN] [1758702072.400369734] [controller_server]: [follow_path] [ActionServer] Aborting handle.
[INFO] [1758702072.413429593] [behavior_server]: Running backup
[INFO] [1758702075.313955044] [behavior_server]: backup completed successfully
[INFO] [1758702075.352926720] [controller_server]: Received a goal, begin computing control effort.
[INFO] [1758702078.403131051] [controller_server]: Passing new path to controller.
[INFO] [1758702081.403188251] [controller_server]: Passing new path to controller.
[INFO] [1758702084.453148784] [controller_server]: Passing new path to controller.
[INFO] [1758702087.503123469] [controller_server]: Passing new path to controller.
[INFO] [1758702090.503146402] [controller_server]: Passing new path to controller.
[INFO] [1758702093.553118719] [controller_server]: Passing new path to controller.
[INFO] [1758702096.554522436] [controller_server]: Passing new path to controller.
[INFO] [1758702099.603124575] [controller_server]: Passing new path to controller.
[INFO] [1758702102.603127065] [controller_server]: Passing new path to controller.
[INFO] [1758702105.653121107] [controller_server]: Passing new path to controller.
[INFO] [1758702108.703245311] [controller_server]: Passing new path to controller.
[INFO] [1758702111.703194585] [controller_server]: Passing new path to controller.
[INFO] [1758702114.703664612] [controller_server]: Passing new path to controller.
[INFO] [1758702114.717498200] [controller_server]: Reached the goal!
[INFO] [1758702114.719263141] [controller_server]: Optimizer reset
[INFO] [1758702114.754077713] [bt_navigator]: Goal succeeded
[INFO] [1758702114.787089813] [rclcpp]: signal_handler(signum=2)
[INFO] [1758702114.787225754] [controller_server]: Running Nav2 LifecycleNode rcl preshutdown (controller_server)
[INFO] [1758702114.788110474] [controller_server]: Deactivating
[INFO] [1758702114.788232334] [MPPIController]: Deactivated MPPI Controller: FollowPath
[INFO] [1758702114.788280654] [local_costmap.local_costmap]: Deactivating
[INFO] [1758702114.802086233] [controller_server]: Destroying bond (controller_server) to lifecycle manager.
[INFO] [1758702114.812738309] [controller_server]: Cleaning up
[INFO] [1758702114.816287932] [MPPIController]: Cleaned up MPPI Controller: FollowPath
[INFO] [1758702114.817333102] [local_costmap.local_costmap]: Cleaning up
[INFO] [1758702114.948274574] [lifecycle_manager_navigation]: [34m[1mHave not received a heartbeat from controller_server.[0m[0m
[ERROR] [1758702114.948319494] [lifecycle_manager_navigation]: CRITICAL FAILURE: SERVER controller_server IS DOWN after not receiving a heartbeat for 4000 ms. Shutting down related nodes.
[INFO] [1758702114.948377574] [lifecycle_manager_navigation]: [34m[1mTerminating bond timer...[0m[0m
[INFO] [1758702114.948388694] [lifecycle_manager_navigation]: [34m[1mResetting managed nodes...[0m[0m
[INFO] [1758702114.948396274] [lifecycle_manager_navigation]: [34m[1mDeactivating docking_server[0m[0m
[INFO] [1758702114.948890604] [docking_server]: Deactivating docking_server
[INFO] [1758702114.989273889] [controller_server]: Destroying bond (controller_server) to lifecycle manager.
[INFO] [1758702114.989348569] [map_server]: Running Nav2 LifecycleNode rcl preshutdown (map_server)
[INFO] [1758702114.989393729] [map_server]: Deactivating
[INFO] [1758702114.989428089] [map_server]: Destroying bond (map_server) to lifecycle manager.
[INFO] [1758702115.000461626] [map_server]: Cleaning up
[INFO] [1758702115.000580216] [map_server]: Destroying bond (map_server) to lifecycle manager.
[INFO] [1758702115.000600976] [smoother_server]: Running Nav2 LifecycleNode rcl preshutdown (smoother_server)
[INFO] [1758702115.000642776] [smoother_server]: Deactivating
[INFO] [1758702115.000719426] [smoother_server]: Destroying bond (smoother_server) to lifecycle manager.
[INFO] [1758702115.015245525] [smoother_server]: Cleaning up
[INFO] [1758702115.017967637] [docking_server]: Destroying bond (docking_server) to lifecycle manager.
[INFO] [1758702115.071040130] [smoother_server]: Destroying bond (smoother_server) to lifecycle manager.
[INFO] [1758702115.071171890] [amcl]: Running Nav2 LifecycleNode rcl preshutdown (amcl)
[INFO] [1758702115.071255620] [amcl]: Deactivating
[INFO] [1758702115.071355890] [amcl]: Destroying bond (amcl) to lifecycle manager.
[INFO] [1758702115.081686606] [amcl]: Cleaning up
[INFO] [1758702115.094108154] [amcl]: Destroying bond (amcl) to lifecycle manager.
[INFO] [1758702115.094210694] [planner_server]: Running Nav2 LifecycleNode rcl preshutdown (planner_server)
[INFO] [1758702115.094243544] [planner_server]: Deactivating
[INFO] [1758702115.094295124] [global_costmap.global_costmap]: Deactivating
[INFO] [1758702115.132278758] [lifecycle_manager_navigation]: [34m[1mDeactivating waypoint_follower[0m[0m
[INFO] [1758702115.132946068] [waypoint_follower]: Deactivating
[INFO] [1758702115.133056468] [waypoint_follower]: Destroying bond (waypoint_follower) to lifecycle manager.
[INFO] [1758702115.154980062] [lifecycle_manager_localization]: [34m[1mHave not received a heartbeat from map_server.[0m[0m
[ERROR] [1758702115.155100252] [lifecycle_manager_localization]: CRITICAL FAILURE: SERVER map_server IS DOWN after not receiving a heartbeat for 4000 ms. Shutting down related nodes.
[INFO] [1758702115.155158642] [lifecycle_manager_localization]: [34m[1mTerminating bond timer...[0m[0m
[INFO] [1758702115.155169362] [lifecycle_manager_localization]: [34m[1mResetting managed nodes...[0m[0m
[INFO] [1758702115.155175252] [lifecycle_manager_localization]: [34m[1mDeactivating amcl[0m[0m
[WARN] [1758702115.160272415] [rcl_lifecycle]: No transition matching 4 found for current state unconfigured
[ERROR] [1758702115.160309625] [amcl]: Unable to start transition 4 from current state unconfigured: Transition is not registered., at ./src/rcl_lifecycle.c:355
[ERROR] [1758702115.160777615] [lifecycle_manager_localization]: Failed to change state for node: amcl
[INFO] [1758702115.160827305] [lifecycle_manager_localization]: [34m[1mDeactivating map_server[0m[0m
[WARN] [1758702115.161011725] [rcl_lifecycle]: No transition matching 4 found for current state unconfigured
[ERROR] [1758702115.161048525] [map_server]: Unable to start transition 4 from current state unconfigured: Transition is not registered., at ./src/rcl_lifecycle.c:355
[ERROR] [1758702115.161326886] [lifecycle_manager_localization]: Failed to change state for node: map_server
[INFO] [1758702115.161371866] [lifecycle_manager_localization]: [34m[1mCleaning up amcl[0m[0m
[WARN] [1758702115.161494406] [rcl_lifecycle]: No transition matching 2 found for current state unconfigured
[ERROR] [1758702115.161509516] [amcl]: Unable to start transition 2 from current state unconfigured: Transition is not registered., at ./src/rcl_lifecycle.c:355
[INFO] [1758702115.161712986] [lifecycle_manager_localization]: [34m[1mCleaning up map_server[0m[0m
[WARN] [1758702115.161816266] [rcl_lifecycle]: No transition matching 2 found for current state unconfigured
[ERROR] [1758702115.161827336] [map_server]: Unable to start transition 2 from current state unconfigured: Transition is not registered., at ./src/rcl_lifecycle.c:355
[INFO] [1758702115.162029966] [lifecycle_manager_localization]: [34m[1mManaged nodes have been reset[0m[0m
[INFO] [1758702115.245980768] [lifecycle_manager_navigation]: [34m[1mDeactivating bt_navigator[0m[0m
[INFO] [1758702115.246229008] [bt_navigator]: Deactivating
[INFO] [1758702115.246265818] [bt_navigator]: Destroying bond (bt_navigator) to lifecycle manager.
[INFO] [1758702115.359420288] [lifecycle_manager_navigation]: [34m[1mDeactivating collision_monitor[0m[0m
[INFO] [1758702115.914840743] [planner_server]: Deactivating plugin GridBased of type NavfnPlanner
[INFO] [1758702115.914909833] [planner_server]: Destroying bond (planner_server) to lifecycle manager.
[INFO] [1758702115.925140799] [planner_server]: Cleaning up
[INFO] [1758702115.939972468] [global_costmap.global_costmap]: Cleaning up
[INFO] [1758702115.946593462] [planner_server]: Cleaning up plugin GridBased of type NavfnPlanner
[INFO] [1758702115.947250733] [planner_server]: Destroying plugin GridBased of type NavfnPlanner
[INFO] [1758702115.972615059] [planner_server]: Destroying bond (planner_server) to lifecycle manager.
[INFO] [1758702115.972709569] [lifecycle_manager_localization]: Running Nav2 LifecycleManager rcl preshutdown (lifecycle_manager_localization)
[INFO] [1758702115.980195683] [behavior_server]: Running Nav2 LifecycleNode rcl preshutdown (behavior_server)
[INFO] [1758702115.980269833] [behavior_server]: Deactivating
[INFO] [1758702115.980317573] [behavior_server]: Destroying bond (behavior_server) to lifecycle manager.
[INFO] [1758702115.990875940] [behavior_server]: Cleaning up
[INFO] [1758702115.998455185] [behavior_server]: Destroying bond (behavior_server) to lifecycle manager.
[INFO] [1758702115.998505655] [bt_navigator]: Running Nav2 LifecycleNode rcl preshutdown (bt_navigator)
[INFO] [1758702115.998533405] [bt_navigator]: Cleaning up
[INFO] [1758702116.118390729] [bt_navigator]: Completed Cleaning up
[INFO] [1758702116.118461049] [bt_navigator]: Destroying bond (bt_navigator) to lifecycle manager.
[INFO] [1758702116.118478539] [waypoint_follower]: Running Nav2 LifecycleNode rcl preshutdown (waypoint_follower)
[INFO] [1758702116.118506489] [waypoint_follower]: Cleaning up
[INFO] [1758702116.126758344] [waypoint_follower]: Destroying bond (waypoint_follower) to lifecycle manager.
[INFO] [1758702116.126819254] [velocity_smoother]: Running Nav2 LifecycleNode rcl preshutdown (velocity_smoother)
[INFO] [1758702116.126858164] [velocity_smoother]: Deactivating
[INFO] [1758702116.126903094] [velocity_smoother]: Destroying bond (velocity_smoother) to lifecycle manager.
[INFO] [1758702116.137112560] [velocity_smoother]: Cleaning up
[INFO] [1758702116.137157860] [velocity_smoother]: Destroying bond (velocity_smoother) to lifecycle manager.
[INFO] [1758702116.137168640] [collision_monitor]: Running Nav2 LifecycleNode rcl preshutdown (collision_monitor)
[INFO] [1758702116.137186250] [collision_monitor]: Deactivating
[INFO] [1758702116.137218900] [collision_monitor]: Destroying bond (collision_monitor) to lifecycle manager.
[INFO] [1758702116.238958193] [collision_monitor]: Cleaning up
[INFO] [1758702116.624759822] [rclcpp]: signal_handler(signum=2)
