[INFO] [1758702054.022205607] [rosbag2_recorder]: Press SPACE for pausing/resuming
[INFO] [1758702054.027391041] [rosbag2_recorder]: Listening for topics...
[INFO] [1758702054.027408651] [rosbag2_recorder]: Event publisher thread: Starting
[INFO] [1758702054.027456031] [rosbag2_recorder]: Recording...
[INFO] [1758702054.027506251] [rosbag2_recorder]: use_sim_time set, waiting for /clock before starting recording...
[INFO] [1758702054.027532791] [rosbag2_recorder]: Sim time /clock found, starting recording.
[INFO] [1758702054.032801214] [rosbag2_recorder]: Subscribed to topic '/gazebo/real_time_factor'
[INFO] [1758702054.041752170] [rosbag2_recorder]: Subscribed to topic '/scenario_execution/snapshots'
[INFO] [1758702054.042748261] [rosbag2_recorder]: Subscribed to topic '/system/cpu_usage'
[INFO] [1758702054.043412711] [rosbag2_recorder]: Subscribed to topic '/system/memory_usage'
[INFO] [1758702054.046961884] [rosbag2_recorder]: Subscribed to topic '/tf_static'
[INFO] [1758702054.048212215] [rosbag2_recorder]: Subscribed to topic '/tf'
[INFO] [1758702054.155760108] [rosbag2_recorder]: Subscribed to topic '/amcl_pose'
[INFO] [1758702054.158909780] [rosbag2_recorder]: Subscribed to topic '/map'
[INFO] [1758702054.159754570] [rosbag2_recorder]: Subscribed to topic '/local_costmap/costmap'
[INFO] [1758702054.161311931] [rosbag2_recorder]: Subscribed to topic '/scenario_status'
[INFO] [1758702054.261399659] [rosbag2_recorder]: All requested topics are subscribed. Stopping discovery...
[INFO] [1758702119.569268331] [rosbag2_recorder]: Pausing recording.
[INFO] [1758702119.569335741] [rosbag2_cpp]: Writing remaining messages from cache to the bag. It may take a while
[INFO] [1758702119.577035026] [rosbag2_recorder]: Event publisher thread: Exiting
[INFO] [1758702119.577214096] [rosbag2_recorder]: Recording stopped
