[INFO] [1758702042.448448851] [rviz2]: Stereo is NOT SUPPORTED
[INFO] [1758702042.448589901] [rviz2]: OpenGl version: 4.5 (GLSL 4.5)
[INFO] [1758702042.514196117] [rviz2]: Stereo is NOT SUPPORTED
[INFO] [1758702042.727813194] [rviz]: Subscribing to: /mobile_base/sensors/bumper_pointcloud

[INFO] [1758702042.728315844] [rviz]: Subscribing to: /mobile_base/sensors/bumper_pointcloud

[INFO] [1758702042.775714557] [rviz]: Subscribing to: /global_costmap/voxel_marked_cloud

[INFO] [1758702042.785651384] [rviz]: Subscribing to: /local_costmap/voxel_marked_cloud

[INFO] [1758702042.815420275] [rviz]: Subscribing to: /mobile_base/sensors/bumper_pointcloud

[INFO] [1758702042.826543102] [rviz]: Subscribing to: /global_costmap/voxel_marked_cloud

[INFO] [1758702042.831229066] [rviz]: Subscribing to: /local_costmap/voxel_marked_cloud

[INFO] [1758702042.893746499] [nav2_rviz_selector_node]: Trying to load plugins...
[INFO] [1758702042.971890233] [nav2_rviz_docking_panel_node]: Loading dock plugins
[INFO] [1758702043.156409790] [rviz2]: Stereo is NOT SUPPORTED
[INFO] [1758702043.285593839] [rviz2]: Trying to create a map of size 170 x 170 using 1 swatches
[ERROR] [1758702043.294660705] [rviz2]: rviz/glsl120/indexed_8bit_image.vert
rviz/glsl120/indexed_8bit_image.frag
 GLSL link result : 
active samplers with a different type refer to the same texture image unit
[INFO] [1758702051.232109169] [rviz]: Message Filter dropping message: frame 'odom' at time 0.180 for reason 'discarding message because the queue is full'
[INFO] [1758702051.423560799] [rviz]: Message Filter dropping message: frame 'odom' at time 0.180 for reason 'discarding message because the queue is full'
[INFO] [1758702051.615633560] [rviz]: Message Filter dropping message: frame 'odom' at time 0.180 for reason 'discarding message because the queue is full'
[INFO] [1758702051.712236396] [rviz]: Message Filter dropping message: frame 'rplidar_link' at time 0.006 for reason 'discarding message because the queue is full'
[INFO] [1758702051.807626511] [rviz]: Message Filter dropping message: frame 'odom' at time 0.252 for reason 'discarding message because the queue is full'
[INFO] [1758702051.807714121] [rviz]: Message Filter dropping message: frame 'rplidar_link' at time 0.102 for reason 'discarding message because the queue is full'
[INFO] [1758702051.832999178] [rviz2]: Trying to create a map of size 60 x 60 using 1 swatches
[INFO] [1758702051.938109050] [rviz]: Message Filter dropping message: frame 'rplidar_link' at time 0.201 for reason 'discarding message because the queue is full'
[INFO] [1758702052.948937998] [rviz2]: Trying to create a map of size 170 x 170 using 1 swatches
[INFO] [1758702061.049798683] [rviz]: Message Filter dropping message: frame 'odom' at time 0.468 for reason 'the timestamp on the message is earlier than all the data in the transform cache'
[INFO] [1758702061.257754883] [rviz]: Message Filter dropping message: frame 'odom' at time 0.663 for reason 'the timestamp on the message is earlier than all the data in the transform cache'
[INFO] [1758702061.257827553] [rviz]: Message Filter dropping message: frame 'odom' at time 0.648 for reason 'the timestamp on the message is earlier than all the data in the transform cache'
[INFO] [1758702061.462418000] [rviz]: Message Filter dropping message: frame 'odom' at time 0.828 for reason 'the timestamp on the message is earlier than all the data in the transform cache'
[INFO] [1758702061.739892576] [rviz]: Message Filter dropping message: frame 'odom' at time 1.080 for reason 'the timestamp on the message is earlier than all the data in the transform cache'
[INFO] [1758702061.739993596] [rviz]: Message Filter dropping message: frame 'odom' at time 1.008 for reason 'the timestamp on the message is earlier than all the data in the transform cache'
[INFO] [1758702061.740025326] [rviz]: Message Filter dropping message: frame 'odom' at time 1.080 for reason 'the timestamp on the message is earlier than all the data in the transform cache'
[INFO] [1758702061.740053666] [rviz]: Message Filter dropping message: frame 'odom' at time 1.080 for reason 'the timestamp on the message is earlier than all the data in the transform cache'
[INFO] [1758702061.740072146] [rviz]: Message Filter dropping message: frame 'odom' at time 1.080 for reason 'the timestamp on the message is earlier than all the data in the transform cache'
[INFO] [1758702061.740090436] [rviz]: Message Filter dropping message: frame 'odom' at time 1.080 for reason 'the timestamp on the message is earlier than all the data in the transform cache'
[INFO] [1758702061.904315847] [rviz]: Message Filter dropping message: frame 'rplidar_link' at time 0.300 for reason 'the timestamp on the message is earlier than all the data in the transform cache'
[INFO] [1758702061.975038564] [rviz]: Message Filter dropping message: frame 'rplidar_link' at time 0.402 for reason 'the timestamp on the message is earlier than all the data in the transform cache'
[INFO] [1758702062.081441085] [rviz]: Message Filter dropping message: frame 'rplidar_link' at time 0.501 for reason 'the timestamp on the message is earlier than all the data in the transform cache'
[INFO] [1758702062.193177120] [rviz]: Message Filter dropping message: frame 'rplidar_link' at time 0.600 for reason 'the timestamp on the message is earlier than all the data in the transform cache'
[INFO] [1758702062.302237584] [rviz]: Message Filter dropping message: frame 'rplidar_link' at time 0.702 for reason 'the timestamp on the message is earlier than all the data in the transform cache'
[INFO] [1758702062.412625807] [rviz]: Message Filter dropping message: frame 'rplidar_link' at time 0.801 for reason 'the timestamp on the message is earlier than all the data in the transform cache'
[INFO] [1758702062.484018465] [rviz]: Message Filter dropping message: frame 'rplidar_link' at time 0.900 for reason 'the timestamp on the message is earlier than all the data in the transform cache'
[INFO] [1758702062.592097658] [rviz]: Message Filter dropping message: frame 'rplidar_link' at time 1.002 for reason 'the timestamp on the message is earlier than all the data in the transform cache'
[INFO] [1758702062.802452829] [rviz]: Message Filter dropping message: frame 'rplidar_link' at time 1.101 for reason 'the timestamp on the message is earlier than all the data in the transform cache'
[INFO] [1758702114.787052953] [rclcpp]: signal_handler(signum=2)
